11:46:01.902 [main] TRACE - Reading unresolved handles for type system org.apache.xmlbeans.metadata.system.sXMLTOOLS
11:46:01.949 [main] TRACE - Finished loading type system org.apache.xmlbeans.metadata.system.sXMLTOOLS
11:46:01.951 [main] TRACE - Reading unresolved handles for type system org.apache.xmlbeans.metadata.system.sXMLSCHEMA
11:46:01.953 [main] TRACE - Finished loading type system org.apache.xmlbeans.metadata.system.sXMLSCHEMA
11:46:01.953 [main] TRACE - Reading unresolved handles for type system org.apache.xmlbeans.metadata.system.sXMLLANG
11:46:01.953 [main] TRACE - Finished loading type system org.apache.xmlbeans.metadata.system.sXMLLANG
11:46:01.962 [main] TRACE - Reading unresolved handles for type system org.apache.xmlbeans.metadata.system.sXMLCONFIG
11:46:01.963 [main] TRACE - Finished loading type system org.apache.xmlbeans.metadata.system.sXMLCONFIG
11:46:01.963 [main] TRACE - Reading unresolved handles for type system org.apache.poi.schemas.ooxml.system.ooxml
11:46:02.017 [main] TRACE - Finished loading type system org.apache.poi.schemas.ooxml.system.ooxml
11:46:02.017 [main] TRACE - Resolving type for handle ctworkbook83c3type
11:46:02.061 [main] TRACE - Resolving type for handle ctworkbookpr03a5type
11:46:02.064 [main] TRACE - Resolving type for handle ctbookviewsb864type
11:46:02.071 [main] TRACE - Resolving type for handle ctbookviewf677type
11:46:02.079 [main] TRACE - Resolving type for handle ctsheets49fdtype
11:46:02.081 [main] TRACE - Resolving type for handle propertiesee84doctype
11:46:02.081 [main] TRACE - Resolving type for handle ctproperties3f10type
11:46:02.081 [main] TRACE - Resolving type for handle properties288cdoctype
11:46:02.091 [main] TRACE - Resolving type for handle ctproperties2c18type
11:46:02.101 [main] TRACE - Resolving type for handle sstf81fdoctype
11:46:02.101 [main] TRACE - Resolving type for handle ctsst44f3type
11:46:02.111 [main] TRACE - Resolving type for handle stylesheet5d8bdoctype
11:46:02.117 [main] TRACE - Resolving type for handle ctstylesheet4257type
11:46:02.117 [main] TRACE - Resolving type for handle ctfont14d8type
11:46:02.132 [main] TRACE - Resolving type for handle ctfontsizeb3b9type
11:46:02.141 [main] TRACE - Resolving type for handle ctcolord2c2type
11:46:02.143 [main] TRACE - Resolving type for handle ctfontname2dc3type
11:46:02.143 [main] TRACE - Resolving type for handle stxstringf179type
11:46:02.148 [main] TRACE - Resolving type for handle ctfontfamily685ctype
11:46:02.151 [main] TRACE - Resolving type for handle stfontfamily9c6ctype
11:46:02.155 [main] TRACE - Resolving type for handle ctfontschemebf5dtype
11:46:02.158 [main] TRACE - Resolving type for handle stfontschemef36dtype
11:46:02.161 [main] TRACE - Resolving type for handle ctfill550ctype
11:46:02.163 [main] TRACE - Resolving type for handle ctpatternfill7452type
11:46:02.166 [main] TRACE - Resolving type for handle stpatterntype7939type
11:46:02.169 [main] TRACE - Resolving type for handle ctborderf935type
11:46:02.171 [main] TRACE - Resolving type for handle ctborderpre497type
11:46:02.175 [main] TRACE - Resolving type for handle ctxf97f7type
11:46:02.179 [main] TRACE - Resolving type for handle stnumfmtid76fbtype
11:46:02.181 [main] TRACE - Resolving type for handle stfontid9d63type
11:46:02.181 [main] TRACE - Resolving type for handle stfillida097type
11:46:02.181 [main] TRACE - Resolving type for handle stborderid1a80type
11:46:02.181 [main] TRACE - Resolving type for handle stcellstylexfid70c7type
11:46:02.181 [main] TRACE - Resolving type for handle ctsheet4dbetype
11:46:02.193 [main] TRACE - Resolving type for handle ctworksheet530dtype
11:46:02.196 [main] TRACE - Resolving type for handle ctsheetformatprdef7type
11:46:02.203 [main] TRACE - Resolving type for handle ctsheetviewsb918type
11:46:02.203 [main] TRACE - Resolving type for handle ctsheetview0f43type
11:46:02.212 [main] TRACE - Resolving type for handle ctsheetdimensiond310type
11:46:02.217 [main] TRACE - Resolving type for handle stref90a2type
11:46:02.217 [main] TRACE - Resolving type for handle ctsheetdata8408type
11:46:02.217 [main] TRACE - Resolving type for handle ctpagemargins5455type
11:46:02.221 [main] TRACE - Resolving type for handle ctcols627ctype
11:46:02.221 [main] TRACE - Resolving type for handle strelationshipid1e94type
11:46:02.229 [main] TRACE - Resolving type for handle ctrowdd39type
11:46:02.233 [main] TRACE - Resolving type for handle ctcell842btype
11:46:02.241 [main] TRACE - Resolving type for handle stcellrefe4e0type
11:46:02.241 [main] TRACE - Resolving type for handle ctrsta472type
11:46:02.246 [main] TRACE - Resolving type for handle stcelltypebf95type
11:46:02.421 [main] DEBUG - Save core properties part
11:46:02.421 [main] DEBUG - Save content types part
11:46:02.535 [main] DEBUG - Save package relationships
11:46:02.544 [main] DEBUG - Save part 'docProps/core.xml'
11:46:02.564 [main] DEBUG - Save part 'xl/sharedStrings.xml'
11:46:02.564 [main] DEBUG - Save part 'xl/styles.xml'
11:46:02.574 [main] DEBUG - Save part 'xl/workbook.xml'
11:46:02.578 [main] DEBUG - Save part 'xl/worksheets/sheet1.xml'
12:04:41.323 [main] INFO  - Goto crm URL 
12:04:47.212 [main] TRACE - Loading type system org.apache.poi.schemas.ooxml.system.ooxml
12:04:47.216 [main] TRACE - Loading type system org.apache.xmlbeans.metadata.system.sXMLCONFIG
12:04:47.217 [main] TRACE - Loading type system org.apache.xmlbeans.metadata.system.sXMLLANG
12:04:47.217 [main] TRACE - Loading type system org.apache.xmlbeans.metadata.system.sXMLSCHEMA
12:04:47.218 [main] TRACE - Loading type system org.apache.xmlbeans.metadata.system.sXMLTOOLS
12:04:47.219 [main] TRACE - Reading unresolved handles for type system org.apache.xmlbeans.metadata.system.sXMLTOOLS
12:04:47.229 [main] TRACE - Finished loading type system org.apache.xmlbeans.metadata.system.sXMLTOOLS
12:04:47.230 [main] TRACE - Reading unresolved handles for type system org.apache.xmlbeans.metadata.system.sXMLSCHEMA
12:04:47.235 [main] TRACE - Finished loading type system org.apache.xmlbeans.metadata.system.sXMLSCHEMA
12:04:47.236 [main] TRACE - Reading unresolved handles for type system org.apache.xmlbeans.metadata.system.sXMLLANG
12:04:47.237 [main] TRACE - Finished loading type system org.apache.xmlbeans.metadata.system.sXMLLANG
12:04:47.238 [main] TRACE - Reading unresolved handles for type system org.apache.xmlbeans.metadata.system.sXMLCONFIG
12:04:47.238 [main] TRACE - Finished loading type system org.apache.xmlbeans.metadata.system.sXMLCONFIG
12:04:47.239 [main] TRACE - Reading unresolved handles for type system org.apache.poi.schemas.ooxml.system.ooxml
12:04:47.279 [main] TRACE - Finished loading type system org.apache.poi.schemas.ooxml.system.ooxml
12:04:47.280 [main] TRACE - Resolving type for handle ctworkbook83c3type
12:04:47.311 [main] TRACE - Resolving type for handle ctworkbookpr03a5type
12:04:47.315 [main] TRACE - Resolving type for handle ctbookviewsb864type
12:04:47.316 [main] TRACE - Resolving type for handle ctbookviewf677type
12:04:47.319 [main] TRACE - Resolving type for handle ctsheets49fdtype
12:04:47.320 [main] TRACE - Resolving type for handle propertiesee84doctype
12:04:47.321 [main] TRACE - Resolving type for handle ctproperties3f10type
12:04:47.323 [main] TRACE - Resolving type for handle properties288cdoctype
12:04:47.323 [main] TRACE - Resolving type for handle ctproperties2c18type
12:04:47.328 [main] TRACE - Resolving type for handle sstf81fdoctype
12:04:47.328 [main] TRACE - Resolving type for handle ctsst44f3type
12:04:47.331 [main] TRACE - Resolving type for handle stylesheet5d8bdoctype
12:04:47.332 [main] TRACE - Resolving type for handle ctstylesheet4257type
12:04:47.334 [main] TRACE - Resolving type for handle ctfont14d8type
12:04:47.339 [main] TRACE - Resolving type for handle ctfontsizeb3b9type
12:04:47.341 [main] TRACE - Resolving type for handle ctcolord2c2type
12:04:47.343 [main] TRACE - Resolving type for handle ctfontname2dc3type
12:04:47.344 [main] TRACE - Resolving type for handle stxstringf179type
12:04:47.346 [main] TRACE - Resolving type for handle ctfontfamily685ctype
12:04:47.347 [main] TRACE - Resolving type for handle stfontfamily9c6ctype
12:04:47.350 [main] TRACE - Resolving type for handle ctfontschemebf5dtype
12:04:47.351 [main] TRACE - Resolving type for handle stfontschemef36dtype
12:04:47.354 [main] TRACE - Resolving type for handle ctfill550ctype
12:04:47.354 [main] TRACE - Resolving type for handle ctpatternfill7452type
12:04:47.356 [main] TRACE - Resolving type for handle stpatterntype7939type
12:04:47.358 [main] TRACE - Resolving type for handle ctborderf935type
12:04:47.360 [main] TRACE - Resolving type for handle ctborderpre497type
12:04:47.363 [main] TRACE - Resolving type for handle ctxf97f7type
12:04:47.365 [main] TRACE - Resolving type for handle stnumfmtid76fbtype
12:04:47.366 [main] TRACE - Resolving type for handle stfontid9d63type
12:04:47.367 [main] TRACE - Resolving type for handle stfillida097type
12:04:47.368 [main] TRACE - Resolving type for handle stborderid1a80type
12:04:47.369 [main] TRACE - Resolving type for handle stcellstylexfid70c7type
12:04:47.373 [main] TRACE - Resolving type for handle ctsheet4dbetype
12:04:47.376 [main] TRACE - Resolving type for handle ctworksheet530dtype
12:04:47.379 [main] TRACE - Resolving type for handle ctsheetformatprdef7type
12:04:47.383 [main] TRACE - Resolving type for handle ctsheetviewsb918type
12:04:47.384 [main] TRACE - Resolving type for handle ctsheetview0f43type
12:04:47.386 [main] TRACE - Resolving type for handle ctsheetdimensiond310type
12:04:47.387 [main] TRACE - Resolving type for handle stref90a2type
12:04:47.389 [main] TRACE - Resolving type for handle ctsheetdata8408type
12:04:47.389 [main] TRACE - Resolving type for handle ctpagemargins5455type
12:04:47.392 [main] TRACE - Resolving type for handle ctcols627ctype
12:04:47.393 [main] TRACE - Resolving type for handle strelationshipid1e94type
12:04:47.394 [main] TRACE - Resolving type for handle ctrowdd39type
12:04:47.398 [main] TRACE - Resolving type for handle ctcell842btype
12:04:47.401 [main] TRACE - Resolving type for handle stcellrefe4e0type
12:04:47.402 [main] TRACE - Resolving type for handle ctrsta472type
12:04:47.404 [main] TRACE - Resolving type for handle stcelltypebf95type
12:04:47.480 [main] DEBUG - Save core properties part
12:04:47.480 [main] DEBUG - Save content types part
12:04:47.523 [main] DEBUG - Save package relationships
12:04:47.525 [main] DEBUG - Save part 'docProps/core.xml'
12:04:47.530 [main] DEBUG - Save part 'xl/sharedStrings.xml'
12:04:47.530 [main] DEBUG - Save part 'xl/styles.xml'
12:04:47.532 [main] DEBUG - Save part 'xl/workbook.xml'
12:04:47.533 [main] DEBUG - Save part 'xl/worksheets/sheet1.xml'
12:33:12.935 [main] INFO  - Goto crm URL 
12:33:19.403 [main] TRACE - Loading type system org.apache.poi.schemas.ooxml.system.ooxml
12:33:19.420 [main] TRACE - Loading type system org.apache.xmlbeans.metadata.system.sXMLCONFIG
12:33:19.420 [main] TRACE - Loading type system org.apache.xmlbeans.metadata.system.sXMLLANG
12:33:19.420 [main] TRACE - Loading type system org.apache.xmlbeans.metadata.system.sXMLSCHEMA
12:33:19.420 [main] TRACE - Loading type system org.apache.xmlbeans.metadata.system.sXMLTOOLS
12:33:19.420 [main] TRACE - Reading unresolved handles for type system org.apache.xmlbeans.metadata.system.sXMLTOOLS
12:33:19.451 [main] TRACE - Finished loading type system org.apache.xmlbeans.metadata.system.sXMLTOOLS
12:33:19.453 [main] TRACE - Reading unresolved handles for type system org.apache.xmlbeans.metadata.system.sXMLSCHEMA
12:33:19.469 [main] TRACE - Finished loading type system org.apache.xmlbeans.metadata.system.sXMLSCHEMA
12:33:19.470 [main] TRACE - Reading unresolved handles for type system org.apache.xmlbeans.metadata.system.sXMLLANG
12:33:19.470 [main] TRACE - Finished loading type system org.apache.xmlbeans.metadata.system.sXMLLANG
12:33:19.470 [main] TRACE - Reading unresolved handles for type system org.apache.xmlbeans.metadata.system.sXMLCONFIG
12:33:19.470 [main] TRACE - Finished loading type system org.apache.xmlbeans.metadata.system.sXMLCONFIG
12:33:19.470 [main] TRACE - Reading unresolved handles for type system org.apache.poi.schemas.ooxml.system.ooxml
12:33:19.570 [main] TRACE - Finished loading type system org.apache.poi.schemas.ooxml.system.ooxml
12:33:19.570 [main] TRACE - Resolving type for handle ctworkbook83c3type
12:33:19.603 [main] TRACE - Resolving type for handle ctworkbookpr03a5type
12:33:19.619 [main] TRACE - Resolving type for handle ctbookviewsb864type
12:33:19.619 [main] TRACE - Resolving type for handle ctbookviewf677type
12:33:19.619 [main] TRACE - Resolving type for handle ctsheets49fdtype
12:33:19.635 [main] TRACE - Resolving type for handle propertiesee84doctype
12:33:19.636 [main] TRACE - Resolving type for handle ctproperties3f10type
12:33:19.652 [main] TRACE - Resolving type for handle properties288cdoctype
12:33:19.653 [main] TRACE - Resolving type for handle ctproperties2c18type
12:33:19.653 [main] TRACE - Resolving type for handle sstf81fdoctype
12:33:19.653 [main] TRACE - Resolving type for handle ctsst44f3type
12:33:19.670 [main] TRACE - Resolving type for handle stylesheet5d8bdoctype
12:33:19.670 [main] TRACE - Resolving type for handle ctstylesheet4257type
12:33:19.685 [main] TRACE - Resolving type for handle ctfont14d8type
12:33:19.702 [main] TRACE - Resolving type for handle ctfontsizeb3b9type
12:33:19.703 [main] TRACE - Resolving type for handle ctcolord2c2type
12:33:19.703 [main] TRACE - Resolving type for handle ctfontname2dc3type
12:33:19.703 [main] TRACE - Resolving type for handle stxstringf179type
12:33:19.703 [main] TRACE - Resolving type for handle ctfontfamily685ctype
12:33:19.703 [main] TRACE - Resolving type for handle stfontfamily9c6ctype
12:33:19.718 [main] TRACE - Resolving type for handle ctfontschemebf5dtype
12:33:19.719 [main] TRACE - Resolving type for handle stfontschemef36dtype
12:33:19.719 [main] TRACE - Resolving type for handle ctfill550ctype
12:33:19.719 [main] TRACE - Resolving type for handle ctpatternfill7452type
12:33:19.719 [main] TRACE - Resolving type for handle stpatterntype7939type
12:33:19.719 [main] TRACE - Resolving type for handle ctborderf935type
12:33:19.719 [main] TRACE - Resolving type for handle ctborderpre497type
12:33:19.735 [main] TRACE - Resolving type for handle ctxf97f7type
12:33:19.736 [main] TRACE - Resolving type for handle stnumfmtid76fbtype
12:33:19.736 [main] TRACE - Resolving type for handle stfontid9d63type
12:33:19.751 [main] TRACE - Resolving type for handle stfillida097type
12:33:19.753 [main] TRACE - Resolving type for handle stborderid1a80type
12:33:19.753 [main] TRACE - Resolving type for handle stcellstylexfid70c7type
12:33:19.769 [main] TRACE - Resolving type for handle ctsheet4dbetype
12:33:19.769 [main] TRACE - Resolving type for handle ctworksheet530dtype
12:33:19.769 [main] TRACE - Resolving type for handle ctsheetformatprdef7type
12:33:19.786 [main] TRACE - Resolving type for handle ctsheetviewsb918type
12:33:19.786 [main] TRACE - Resolving type for handle ctsheetview0f43type
12:33:19.786 [main] TRACE - Resolving type for handle ctsheetdimensiond310type
12:33:19.786 [main] TRACE - Resolving type for handle stref90a2type
12:33:19.786 [main] TRACE - Resolving type for handle ctsheetdata8408type
12:33:19.786 [main] TRACE - Resolving type for handle ctpagemargins5455type
12:33:19.786 [main] TRACE - Resolving type for handle ctcols627ctype
12:33:19.802 [main] TRACE - Resolving type for handle strelationshipid1e94type
12:33:19.803 [main] TRACE - Resolving type for handle ctrowdd39type
12:33:19.803 [main] TRACE - Resolving type for handle ctcell842btype
12:33:19.819 [main] TRACE - Resolving type for handle stcellrefe4e0type
12:33:19.819 [main] TRACE - Resolving type for handle ctrsta472type
12:33:19.819 [main] TRACE - Resolving type for handle stcelltypebf95type
12:33:20.025 [main] DEBUG - Save core properties part
12:33:20.025 [main] DEBUG - Save content types part
12:33:20.136 [main] DEBUG - Save package relationships
12:33:20.153 [main] DEBUG - Save part 'docProps/core.xml'
12:33:20.170 [main] DEBUG - Save part 'xl/sharedStrings.xml'
12:33:20.170 [main] DEBUG - Save part 'xl/styles.xml'
12:33:20.186 [main] DEBUG - Save part 'xl/workbook.xml'
12:33:20.186 [main] DEBUG - Save part 'xl/worksheets/sheet1.xml'
12:55:42.624 [main] INFO  - Goto crm URL 
12:55:49.058 [main] TRACE - Loading type system org.apache.poi.schemas.ooxml.system.ooxml
12:55:49.062 [main] TRACE - Loading type system org.apache.xmlbeans.metadata.system.sXMLCONFIG
12:55:49.064 [main] TRACE - Loading type system org.apache.xmlbeans.metadata.system.sXMLLANG
12:55:49.064 [main] TRACE - Loading type system org.apache.xmlbeans.metadata.system.sXMLSCHEMA
12:55:49.068 [main] TRACE - Loading type system org.apache.xmlbeans.metadata.system.sXMLTOOLS
12:55:49.071 [main] TRACE - Reading unresolved handles for type system org.apache.xmlbeans.metadata.system.sXMLTOOLS
12:55:49.082 [main] TRACE - Finished loading type system org.apache.xmlbeans.metadata.system.sXMLTOOLS
12:55:49.082 [main] TRACE - Reading unresolved handles for type system org.apache.xmlbeans.metadata.system.sXMLSCHEMA
12:55:49.089 [main] TRACE - Finished loading type system org.apache.xmlbeans.metadata.system.sXMLSCHEMA
12:55:49.095 [main] TRACE - Reading unresolved handles for type system org.apache.xmlbeans.metadata.system.sXMLLANG
12:55:49.095 [main] TRACE - Finished loading type system org.apache.xmlbeans.metadata.system.sXMLLANG
12:55:49.095 [main] TRACE - Reading unresolved handles for type system org.apache.xmlbeans.metadata.system.sXMLCONFIG
12:55:49.098 [main] TRACE - Finished loading type system org.apache.xmlbeans.metadata.system.sXMLCONFIG
12:55:49.098 [main] TRACE - Reading unresolved handles for type system org.apache.poi.schemas.ooxml.system.ooxml
12:55:49.160 [main] TRACE - Finished loading type system org.apache.poi.schemas.ooxml.system.ooxml
12:55:49.163 [main] TRACE - Resolving type for handle ctworkbook83c3type
12:55:49.204 [main] TRACE - Resolving type for handle ctworkbookpr03a5type
12:55:49.223 [main] TRACE - Resolving type for handle ctbookviewsb864type
12:55:49.225 [main] TRACE - Resolving type for handle ctbookviewf677type
12:55:49.225 [main] TRACE - Resolving type for handle ctsheets49fdtype
12:55:49.237 [main] TRACE - Resolving type for handle propertiesee84doctype
12:55:49.249 [main] TRACE - Resolving type for handle ctproperties3f10type
12:55:49.257 [main] TRACE - Resolving type for handle properties288cdoctype
12:55:49.264 [main] TRACE - Resolving type for handle ctproperties2c18type
12:55:49.264 [main] TRACE - Resolving type for handle sstf81fdoctype
12:55:49.270 [main] TRACE - Resolving type for handle ctsst44f3type
12:55:49.274 [main] TRACE - Resolving type for handle stylesheet5d8bdoctype
12:55:49.276 [main] TRACE - Resolving type for handle ctstylesheet4257type
12:55:49.290 [main] TRACE - Resolving type for handle ctfont14d8type
12:55:49.290 [main] TRACE - Resolving type for handle ctfontsizeb3b9type
12:55:49.307 [main] TRACE - Resolving type for handle ctcolord2c2type
12:55:49.307 [main] TRACE - Resolving type for handle ctfontname2dc3type
12:55:49.310 [main] TRACE - Resolving type for handle stxstringf179type
12:55:49.313 [main] TRACE - Resolving type for handle ctfontfamily685ctype
12:55:49.313 [main] TRACE - Resolving type for handle stfontfamily9c6ctype
12:55:49.324 [main] TRACE - Resolving type for handle ctfontschemebf5dtype
12:55:49.324 [main] TRACE - Resolving type for handle stfontschemef36dtype
12:55:49.324 [main] TRACE - Resolving type for handle ctfill550ctype
12:55:49.324 [main] TRACE - Resolving type for handle ctpatternfill7452type
12:55:49.324 [main] TRACE - Resolving type for handle stpatterntype7939type
12:55:49.324 [main] TRACE - Resolving type for handle ctborderf935type
12:55:49.336 [main] TRACE - Resolving type for handle ctborderpre497type
12:55:49.341 [main] TRACE - Resolving type for handle ctxf97f7type
12:55:49.341 [main] TRACE - Resolving type for handle stnumfmtid76fbtype
12:55:49.346 [main] TRACE - Resolving type for handle stfontid9d63type
12:55:49.347 [main] TRACE - Resolving type for handle stfillida097type
12:55:49.347 [main] TRACE - Resolving type for handle stborderid1a80type
12:55:49.347 [main] TRACE - Resolving type for handle stcellstylexfid70c7type
12:55:49.354 [main] TRACE - Resolving type for handle ctsheet4dbetype
12:55:49.359 [main] TRACE - Resolving type for handle ctworksheet530dtype
12:55:49.365 [main] TRACE - Resolving type for handle ctsheetformatprdef7type
12:55:49.371 [main] TRACE - Resolving type for handle ctsheetviewsb918type
12:55:49.376 [main] TRACE - Resolving type for handle ctsheetview0f43type
12:55:49.380 [main] TRACE - Resolving type for handle ctsheetdimensiond310type
12:55:49.380 [main] TRACE - Resolving type for handle stref90a2type
12:55:49.380 [main] TRACE - Resolving type for handle ctsheetdata8408type
12:55:49.380 [main] TRACE - Resolving type for handle ctpagemargins5455type
12:55:49.387 [main] TRACE - Resolving type for handle ctcols627ctype
12:55:49.387 [main] TRACE - Resolving type for handle strelationshipid1e94type
12:55:49.387 [main] TRACE - Resolving type for handle ctrowdd39type
12:55:49.387 [main] TRACE - Resolving type for handle ctcell842btype
12:55:49.404 [main] TRACE - Resolving type for handle stcellrefe4e0type
12:55:49.408 [main] TRACE - Resolving type for handle ctrsta472type
12:55:49.412 [main] TRACE - Resolving type for handle stcelltypebf95type
12:55:49.579 [main] DEBUG - Save core properties part
12:55:49.579 [main] DEBUG - Save content types part
12:55:49.749 [main] DEBUG - Save package relationships
12:55:49.758 [main] DEBUG - Save part 'docProps/core.xml'
12:55:49.773 [main] DEBUG - Save part 'xl/sharedStrings.xml'
12:55:49.773 [main] DEBUG - Save part 'xl/styles.xml'
12:55:49.773 [main] DEBUG - Save part 'xl/workbook.xml'
12:55:49.783 [main] DEBUG - Save part 'xl/worksheets/sheet1.xml'
13:14:19.360 [main] INFO  - Goto crm URL 
13:14:26.226 [main] TRACE - Loading type system org.apache.poi.schemas.ooxml.system.ooxml
13:14:26.235 [main] TRACE - Loading type system org.apache.xmlbeans.metadata.system.sXMLCONFIG
13:14:26.239 [main] TRACE - Loading type system org.apache.xmlbeans.metadata.system.sXMLLANG
13:14:26.239 [main] TRACE - Loading type system org.apache.xmlbeans.metadata.system.sXMLSCHEMA
13:14:26.239 [main] TRACE - Loading type system org.apache.xmlbeans.metadata.system.sXMLTOOLS
13:14:26.239 [main] TRACE - Reading unresolved handles for type system org.apache.xmlbeans.metadata.system.sXMLTOOLS
13:14:26.267 [main] TRACE - Finished loading type system org.apache.xmlbeans.metadata.system.sXMLTOOLS
13:14:26.267 [main] TRACE - Reading unresolved handles for type system org.apache.xmlbeans.metadata.system.sXMLSCHEMA
13:14:26.279 [main] TRACE - Finished loading type system org.apache.xmlbeans.metadata.system.sXMLSCHEMA
13:14:26.281 [main] TRACE - Reading unresolved handles for type system org.apache.xmlbeans.metadata.system.sXMLLANG
13:14:26.283 [main] TRACE - Finished loading type system org.apache.xmlbeans.metadata.system.sXMLLANG
13:14:26.283 [main] TRACE - Reading unresolved handles for type system org.apache.xmlbeans.metadata.system.sXMLCONFIG
13:14:26.283 [main] TRACE - Finished loading type system org.apache.xmlbeans.metadata.system.sXMLCONFIG
13:14:26.283 [main] TRACE - Reading unresolved handles for type system org.apache.poi.schemas.ooxml.system.ooxml
13:14:26.378 [main] TRACE - Finished loading type system org.apache.poi.schemas.ooxml.system.ooxml
13:14:26.381 [main] TRACE - Resolving type for handle ctworkbook83c3type
13:14:26.448 [main] TRACE - Resolving type for handle ctworkbookpr03a5type
13:14:26.464 [main] TRACE - Resolving type for handle ctbookviewsb864type
13:14:26.470 [main] TRACE - Resolving type for handle ctbookviewf677type
13:14:26.482 [main] TRACE - Resolving type for handle ctsheets49fdtype
13:14:26.483 [main] TRACE - Resolving type for handle propertiesee84doctype
13:14:26.483 [main] TRACE - Resolving type for handle ctproperties3f10type
13:14:26.499 [main] TRACE - Resolving type for handle properties288cdoctype
13:14:26.499 [main] TRACE - Resolving type for handle ctproperties2c18type
13:14:26.515 [main] TRACE - Resolving type for handle sstf81fdoctype
13:14:26.516 [main] TRACE - Resolving type for handle ctsst44f3type
13:14:26.519 [main] TRACE - Resolving type for handle stylesheet5d8bdoctype
13:14:26.525 [main] TRACE - Resolving type for handle ctstylesheet4257type
13:14:26.532 [main] TRACE - Resolving type for handle ctfont14d8type
13:14:26.541 [main] TRACE - Resolving type for handle ctfontsizeb3b9type
13:14:26.551 [main] TRACE - Resolving type for handle ctcolord2c2type
13:14:26.551 [main] TRACE - Resolving type for handle ctfontname2dc3type
13:14:26.560 [main] TRACE - Resolving type for handle stxstringf179type
13:14:26.567 [main] TRACE - Resolving type for handle ctfontfamily685ctype
13:14:26.572 [main] TRACE - Resolving type for handle stfontfamily9c6ctype
13:14:26.572 [main] TRACE - Resolving type for handle ctfontschemebf5dtype
13:14:26.581 [main] TRACE - Resolving type for handle stfontschemef36dtype
13:14:26.588 [main] TRACE - Resolving type for handle ctfill550ctype
13:14:26.592 [main] TRACE - Resolving type for handle ctpatternfill7452type
13:14:26.597 [main] TRACE - Resolving type for handle stpatterntype7939type
13:14:26.603 [main] TRACE - Resolving type for handle ctborderf935type
13:14:26.607 [main] TRACE - Resolving type for handle ctborderpre497type
13:14:26.614 [main] TRACE - Resolving type for handle ctxf97f7type
13:14:26.616 [main] TRACE - Resolving type for handle stnumfmtid76fbtype
13:14:26.616 [main] TRACE - Resolving type for handle stfontid9d63type
13:14:26.625 [main] TRACE - Resolving type for handle stfillida097type
13:14:26.627 [main] TRACE - Resolving type for handle stborderid1a80type
13:14:26.629 [main] TRACE - Resolving type for handle stcellstylexfid70c7type
13:14:26.632 [main] TRACE - Resolving type for handle ctsheet4dbetype
13:14:26.645 [main] TRACE - Resolving type for handle ctworksheet530dtype
13:14:26.653 [main] TRACE - Resolving type for handle ctsheetformatprdef7type
13:14:26.661 [main] TRACE - Resolving type for handle ctsheetviewsb918type
13:14:26.667 [main] TRACE - Resolving type for handle ctsheetview0f43type
13:14:26.678 [main] TRACE - Resolving type for handle ctsheetdimensiond310type
13:14:26.683 [main] TRACE - Resolving type for handle stref90a2type
13:14:26.683 [main] TRACE - Resolving type for handle ctsheetdata8408type
13:14:26.683 [main] TRACE - Resolving type for handle ctpagemargins5455type
13:14:26.699 [main] TRACE - Resolving type for handle ctcols627ctype
13:14:26.699 [main] TRACE - Resolving type for handle strelationshipid1e94type
13:14:26.710 [main] TRACE - Resolving type for handle ctrowdd39type
13:14:26.715 [main] TRACE - Resolving type for handle ctcell842btype
13:14:26.732 [main] TRACE - Resolving type for handle stcellrefe4e0type
13:14:26.734 [main] TRACE - Resolving type for handle ctrsta472type
13:14:26.742 [main] TRACE - Resolving type for handle stcelltypebf95type
13:14:26.984 [main] DEBUG - Save core properties part
13:14:26.984 [main] DEBUG - Save content types part
13:14:27.133 [main] DEBUG - Save package relationships
13:14:27.133 [main] DEBUG - Save part 'docProps/core.xml'
13:14:27.157 [main] DEBUG - Save part 'xl/sharedStrings.xml'
13:14:27.157 [main] DEBUG - Save part 'xl/styles.xml'
13:14:27.165 [main] DEBUG - Save part 'xl/workbook.xml'
13:14:27.165 [main] DEBUG - Save part 'xl/worksheets/sheet1.xml'
13:23:45.718 [main] INFO  - Goto crm URL 
13:23:52.693 [main] TRACE - Loading type system org.apache.poi.schemas.ooxml.system.ooxml
13:23:52.696 [main] TRACE - Loading type system org.apache.xmlbeans.metadata.system.sXMLCONFIG
13:23:52.699 [main] TRACE - Loading type system org.apache.xmlbeans.metadata.system.sXMLLANG
13:23:52.700 [main] TRACE - Loading type system org.apache.xmlbeans.metadata.system.sXMLSCHEMA
13:23:52.701 [main] TRACE - Loading type system org.apache.xmlbeans.metadata.system.sXMLTOOLS
13:23:52.703 [main] TRACE - Reading unresolved handles for type system org.apache.xmlbeans.metadata.system.sXMLTOOLS
13:23:52.718 [main] TRACE - Finished loading type system org.apache.xmlbeans.metadata.system.sXMLTOOLS
13:23:52.718 [main] TRACE - Reading unresolved handles for type system org.apache.xmlbeans.metadata.system.sXMLSCHEMA
13:23:52.725 [main] TRACE - Finished loading type system org.apache.xmlbeans.metadata.system.sXMLSCHEMA
13:23:52.725 [main] TRACE - Reading unresolved handles for type system org.apache.xmlbeans.metadata.system.sXMLLANG
13:23:52.725 [main] TRACE - Finished loading type system org.apache.xmlbeans.metadata.system.sXMLLANG
13:23:52.725 [main] TRACE - Reading unresolved handles for type system org.apache.xmlbeans.metadata.system.sXMLCONFIG
13:23:52.733 [main] TRACE - Finished loading type system org.apache.xmlbeans.metadata.system.sXMLCONFIG
13:23:52.733 [main] TRACE - Reading unresolved handles for type system org.apache.poi.schemas.ooxml.system.ooxml
13:23:52.813 [main] TRACE - Finished loading type system org.apache.poi.schemas.ooxml.system.ooxml
13:23:52.813 [main] TRACE - Resolving type for handle ctworkbook83c3type
13:23:52.903 [main] TRACE - Resolving type for handle ctworkbookpr03a5type
13:23:52.917 [main] TRACE - Resolving type for handle ctbookviewsb864type
13:23:52.917 [main] TRACE - Resolving type for handle ctbookviewf677type
13:23:52.933 [main] TRACE - Resolving type for handle ctsheets49fdtype
13:23:52.939 [main] TRACE - Resolving type for handle propertiesee84doctype
13:23:52.943 [main] TRACE - Resolving type for handle ctproperties3f10type
13:23:52.953 [main] TRACE - Resolving type for handle properties288cdoctype
13:23:52.955 [main] TRACE - Resolving type for handle ctproperties2c18type
13:23:52.966 [main] TRACE - Resolving type for handle sstf81fdoctype
13:23:52.966 [main] TRACE - Resolving type for handle ctsst44f3type
13:23:52.975 [main] TRACE - Resolving type for handle stylesheet5d8bdoctype
13:23:52.975 [main] TRACE - Resolving type for handle ctstylesheet4257type
13:23:52.987 [main] TRACE - Resolving type for handle ctfont14d8type
13:23:52.999 [main] TRACE - Resolving type for handle ctfontsizeb3b9type
13:23:53.004 [main] TRACE - Resolving type for handle ctcolord2c2type
13:23:53.007 [main] TRACE - Resolving type for handle ctfontname2dc3type
13:23:53.012 [main] TRACE - Resolving type for handle stxstringf179type
13:23:53.013 [main] TRACE - Resolving type for handle ctfontfamily685ctype
13:23:53.020 [main] TRACE - Resolving type for handle stfontfamily9c6ctype
13:23:53.025 [main] TRACE - Resolving type for handle ctfontschemebf5dtype
13:23:53.029 [main] TRACE - Resolving type for handle stfontschemef36dtype
13:23:53.037 [main] TRACE - Resolving type for handle ctfill550ctype
13:23:53.040 [main] TRACE - Resolving type for handle ctpatternfill7452type
13:23:53.046 [main] TRACE - Resolving type for handle stpatterntype7939type
13:23:53.049 [main] TRACE - Resolving type for handle ctborderf935type
13:23:53.053 [main] TRACE - Resolving type for handle ctborderpre497type
13:23:53.058 [main] TRACE - Resolving type for handle ctxf97f7type
13:23:53.068 [main] TRACE - Resolving type for handle stnumfmtid76fbtype
13:23:53.068 [main] TRACE - Resolving type for handle stfontid9d63type
13:23:53.075 [main] TRACE - Resolving type for handle stfillida097type
13:23:53.077 [main] TRACE - Resolving type for handle stborderid1a80type
13:23:53.077 [main] TRACE - Resolving type for handle stcellstylexfid70c7type
13:23:53.087 [main] TRACE - Resolving type for handle ctsheet4dbetype
13:23:53.093 [main] TRACE - Resolving type for handle ctworksheet530dtype
13:23:53.105 [main] TRACE - Resolving type for handle ctsheetformatprdef7type
13:23:53.116 [main] TRACE - Resolving type for handle ctsheetviewsb918type
13:23:53.116 [main] TRACE - Resolving type for handle ctsheetview0f43type
13:23:53.129 [main] TRACE - Resolving type for handle ctsheetdimensiond310type
13:23:53.131 [main] TRACE - Resolving type for handle stref90a2type
13:23:53.135 [main] TRACE - Resolving type for handle ctsheetdata8408type
13:23:53.137 [main] TRACE - Resolving type for handle ctpagemargins5455type
13:23:53.148 [main] TRACE - Resolving type for handle ctcols627ctype
13:23:53.155 [main] TRACE - Resolving type for handle strelationshipid1e94type
13:23:53.159 [main] TRACE - Resolving type for handle ctrowdd39type
13:23:53.166 [main] TRACE - Resolving type for handle ctcell842btype
13:23:53.188 [main] TRACE - Resolving type for handle stcellrefe4e0type
13:23:53.195 [main] TRACE - Resolving type for handle ctrsta472type
13:23:53.199 [main] TRACE - Resolving type for handle stcelltypebf95type
13:23:53.493 [main] DEBUG - Save core properties part
13:23:53.493 [main] DEBUG - Save content types part
13:23:53.684 [main] DEBUG - Save package relationships
13:23:53.690 [main] DEBUG - Save part 'docProps/core.xml'
13:23:53.704 [main] DEBUG - Save part 'xl/sharedStrings.xml'
13:23:53.704 [main] DEBUG - Save part 'xl/styles.xml'
13:23:53.713 [main] DEBUG - Save part 'xl/workbook.xml'
13:23:53.716 [main] DEBUG - Save part 'xl/worksheets/sheet1.xml'
14:58:41.912 [main] INFO  - Goto crm URL 
14:58:48.976 [main] TRACE - Loading type system org.apache.poi.schemas.ooxml.system.ooxml
14:58:48.990 [main] TRACE - Loading type system org.apache.xmlbeans.metadata.system.sXMLCONFIG
14:58:48.992 [main] TRACE - Loading type system org.apache.xmlbeans.metadata.system.sXMLLANG
14:58:48.992 [main] TRACE - Loading type system org.apache.xmlbeans.metadata.system.sXMLSCHEMA
14:58:48.992 [main] TRACE - Loading type system org.apache.xmlbeans.metadata.system.sXMLTOOLS
14:58:48.992 [main] TRACE - Reading unresolved handles for type system org.apache.xmlbeans.metadata.system.sXMLTOOLS
14:58:49.016 [main] TRACE - Finished loading type system org.apache.xmlbeans.metadata.system.sXMLTOOLS
14:58:49.016 [main] TRACE - Reading unresolved handles for type system org.apache.xmlbeans.metadata.system.sXMLSCHEMA
14:58:49.030 [main] TRACE - Finished loading type system org.apache.xmlbeans.metadata.system.sXMLSCHEMA
14:58:49.032 [main] TRACE - Reading unresolved handles for type system org.apache.xmlbeans.metadata.system.sXMLLANG
14:58:49.034 [main] TRACE - Finished loading type system org.apache.xmlbeans.metadata.system.sXMLLANG
14:58:49.036 [main] TRACE - Reading unresolved handles for type system org.apache.xmlbeans.metadata.system.sXMLCONFIG
14:58:49.038 [main] TRACE - Finished loading type system org.apache.xmlbeans.metadata.system.sXMLCONFIG
14:58:49.041 [main] TRACE - Reading unresolved handles for type system org.apache.poi.schemas.ooxml.system.ooxml
14:58:49.127 [main] TRACE - Finished loading type system org.apache.poi.schemas.ooxml.system.ooxml
14:58:49.127 [main] TRACE - Resolving type for handle ctworkbook83c3type
14:58:49.204 [main] TRACE - Resolving type for handle ctworkbookpr03a5type
14:58:49.210 [main] TRACE - Resolving type for handle ctbookviewsb864type
14:58:49.223 [main] TRACE - Resolving type for handle ctbookviewf677type
14:58:49.226 [main] TRACE - Resolving type for handle ctsheets49fdtype
14:58:49.242 [main] TRACE - Resolving type for handle propertiesee84doctype
14:58:49.243 [main] TRACE - Resolving type for handle ctproperties3f10type
14:58:49.256 [main] TRACE - Resolving type for handle properties288cdoctype
14:58:49.258 [main] TRACE - Resolving type for handle ctproperties2c18type
14:58:49.262 [main] TRACE - Resolving type for handle sstf81fdoctype
14:58:49.270 [main] TRACE - Resolving type for handle ctsst44f3type
14:58:49.276 [main] TRACE - Resolving type for handle stylesheet5d8bdoctype
14:58:49.276 [main] TRACE - Resolving type for handle ctstylesheet4257type
14:58:49.286 [main] TRACE - Resolving type for handle ctfont14d8type
14:58:49.297 [main] TRACE - Resolving type for handle ctfontsizeb3b9type
14:58:49.302 [main] TRACE - Resolving type for handle ctcolord2c2type
14:58:49.308 [main] TRACE - Resolving type for handle ctfontname2dc3type
14:58:49.313 [main] TRACE - Resolving type for handle stxstringf179type
14:58:49.318 [main] TRACE - Resolving type for handle ctfontfamily685ctype
14:58:49.321 [main] TRACE - Resolving type for handle stfontfamily9c6ctype
14:58:49.326 [main] TRACE - Resolving type for handle ctfontschemebf5dtype
14:58:49.326 [main] TRACE - Resolving type for handle stfontschemef36dtype
14:58:49.326 [main] TRACE - Resolving type for handle ctfill550ctype
14:58:49.326 [main] TRACE - Resolving type for handle ctpatternfill7452type
14:58:49.343 [main] TRACE - Resolving type for handle stpatterntype7939type
14:58:49.348 [main] TRACE - Resolving type for handle ctborderf935type
14:58:49.352 [main] TRACE - Resolving type for handle ctborderpre497type
14:58:49.360 [main] TRACE - Resolving type for handle ctxf97f7type
14:58:49.364 [main] TRACE - Resolving type for handle stnumfmtid76fbtype
14:58:49.368 [main] TRACE - Resolving type for handle stfontid9d63type
14:58:49.369 [main] TRACE - Resolving type for handle stfillida097type
14:58:49.373 [main] TRACE - Resolving type for handle stborderid1a80type
14:58:49.376 [main] TRACE - Resolving type for handle stcellstylexfid70c7type
14:58:49.385 [main] TRACE - Resolving type for handle ctsheet4dbetype
14:58:49.393 [main] TRACE - Resolving type for handle ctworksheet530dtype
14:58:49.411 [main] TRACE - Resolving type for handle ctsheetformatprdef7type
14:58:49.423 [main] TRACE - Resolving type for handle ctsheetviewsb918type
14:58:49.429 [main] TRACE - Resolving type for handle ctsheetview0f43type
14:58:49.433 [main] TRACE - Resolving type for handle ctsheetdimensiond310type
14:58:49.438 [main] TRACE - Resolving type for handle stref90a2type
14:58:49.442 [main] TRACE - Resolving type for handle ctsheetdata8408type
14:58:49.442 [main] TRACE - Resolving type for handle ctpagemargins5455type
14:58:49.454 [main] TRACE - Resolving type for handle ctcols627ctype
14:58:49.458 [main] TRACE - Resolving type for handle strelationshipid1e94type
14:58:49.460 [main] TRACE - Resolving type for handle ctrowdd39type
14:58:49.469 [main] TRACE - Resolving type for handle ctcell842btype
14:58:49.475 [main] TRACE - Resolving type for handle stcellrefe4e0type
14:58:49.488 [main] TRACE - Resolving type for handle ctrsta472type
14:58:49.493 [main] TRACE - Resolving type for handle stcelltypebf95type
14:58:49.817 [main] DEBUG - Save core properties part
14:58:49.817 [main] DEBUG - Save content types part
14:58:49.976 [main] DEBUG - Save package relationships
14:58:49.990 [main] DEBUG - Save part 'docProps/core.xml'
14:58:50.006 [main] DEBUG - Save part 'xl/sharedStrings.xml'
14:58:50.006 [main] DEBUG - Save part 'xl/styles.xml'
14:58:50.013 [main] DEBUG - Save part 'xl/workbook.xml'
14:58:50.021 [main] DEBUG - Save part 'xl/worksheets/sheet1.xml'
15:47:55.617 [main] INFO  - Goto crm URL 
15:48:02.064 [main] TRACE - Loading type system org.apache.poi.schemas.ooxml.system.ooxml
15:48:02.064 [main] TRACE - Loading type system org.apache.xmlbeans.metadata.system.sXMLCONFIG
15:48:02.064 [main] TRACE - Loading type system org.apache.xmlbeans.metadata.system.sXMLLANG
15:48:02.064 [main] TRACE - Loading type system org.apache.xmlbeans.metadata.system.sXMLSCHEMA
15:48:02.082 [main] TRACE - Loading type system org.apache.xmlbeans.metadata.system.sXMLTOOLS
15:48:02.082 [main] TRACE - Reading unresolved handles for type system org.apache.xmlbeans.metadata.system.sXMLTOOLS
15:48:02.098 [main] TRACE - Finished loading type system org.apache.xmlbeans.metadata.system.sXMLTOOLS
15:48:02.098 [main] TRACE - Reading unresolved handles for type system org.apache.xmlbeans.metadata.system.sXMLSCHEMA
15:48:02.114 [main] TRACE - Finished loading type system org.apache.xmlbeans.metadata.system.sXMLSCHEMA
15:48:02.114 [main] TRACE - Reading unresolved handles for type system org.apache.xmlbeans.metadata.system.sXMLLANG
15:48:02.114 [main] TRACE - Finished loading type system org.apache.xmlbeans.metadata.system.sXMLLANG
15:48:02.114 [main] TRACE - Reading unresolved handles for type system org.apache.xmlbeans.metadata.system.sXMLCONFIG
15:48:02.114 [main] TRACE - Finished loading type system org.apache.xmlbeans.metadata.system.sXMLCONFIG
15:48:02.129 [main] TRACE - Reading unresolved handles for type system org.apache.poi.schemas.ooxml.system.ooxml
15:48:02.181 [main] TRACE - Finished loading type system org.apache.poi.schemas.ooxml.system.ooxml
15:48:02.196 [main] TRACE - Resolving type for handle ctworkbook83c3type
15:48:02.232 [main] TRACE - Resolving type for handle ctworkbookpr03a5type
15:48:02.249 [main] TRACE - Resolving type for handle ctbookviewsb864type
15:48:02.249 [main] TRACE - Resolving type for handle ctbookviewf677type
15:48:02.249 [main] TRACE - Resolving type for handle ctsheets49fdtype
15:48:02.264 [main] TRACE - Resolving type for handle propertiesee84doctype
15:48:02.264 [main] TRACE - Resolving type for handle ctproperties3f10type
15:48:02.264 [main] TRACE - Resolving type for handle properties288cdoctype
15:48:02.264 [main] TRACE - Resolving type for handle ctproperties2c18type
15:48:02.281 [main] TRACE - Resolving type for handle sstf81fdoctype
15:48:02.281 [main] TRACE - Resolving type for handle ctsst44f3type
15:48:02.281 [main] TRACE - Resolving type for handle stylesheet5d8bdoctype
15:48:02.281 [main] TRACE - Resolving type for handle ctstylesheet4257type
15:48:02.281 [main] TRACE - Resolving type for handle ctfont14d8type
15:48:02.297 [main] TRACE - Resolving type for handle ctfontsizeb3b9type
15:48:02.297 [main] TRACE - Resolving type for handle ctcolord2c2type
15:48:02.297 [main] TRACE - Resolving type for handle ctfontname2dc3type
15:48:02.314 [main] TRACE - Resolving type for handle stxstringf179type
15:48:02.314 [main] TRACE - Resolving type for handle ctfontfamily685ctype
15:48:02.314 [main] TRACE - Resolving type for handle stfontfamily9c6ctype
15:48:02.314 [main] TRACE - Resolving type for handle ctfontschemebf5dtype
15:48:02.314 [main] TRACE - Resolving type for handle stfontschemef36dtype
15:48:02.314 [main] TRACE - Resolving type for handle ctfill550ctype
15:48:02.314 [main] TRACE - Resolving type for handle ctpatternfill7452type
15:48:02.314 [main] TRACE - Resolving type for handle stpatterntype7939type
15:48:02.329 [main] TRACE - Resolving type for handle ctborderf935type
15:48:02.331 [main] TRACE - Resolving type for handle ctborderpre497type
15:48:02.331 [main] TRACE - Resolving type for handle ctxf97f7type
15:48:02.331 [main] TRACE - Resolving type for handle stnumfmtid76fbtype
15:48:02.331 [main] TRACE - Resolving type for handle stfontid9d63type
15:48:02.331 [main] TRACE - Resolving type for handle stfillida097type
15:48:02.331 [main] TRACE - Resolving type for handle stborderid1a80type
15:48:02.331 [main] TRACE - Resolving type for handle stcellstylexfid70c7type
15:48:02.349 [main] TRACE - Resolving type for handle ctsheet4dbetype
15:48:02.349 [main] TRACE - Resolving type for handle ctworksheet530dtype
15:48:02.349 [main] TRACE - Resolving type for handle ctsheetformatprdef7type
15:48:02.364 [main] TRACE - Resolving type for handle ctsheetviewsb918type
15:48:02.364 [main] TRACE - Resolving type for handle ctsheetview0f43type
15:48:02.364 [main] TRACE - Resolving type for handle ctsheetdimensiond310type
15:48:02.364 [main] TRACE - Resolving type for handle stref90a2type
15:48:02.364 [main] TRACE - Resolving type for handle ctsheetdata8408type
15:48:02.364 [main] TRACE - Resolving type for handle ctpagemargins5455type
15:48:02.384 [main] TRACE - Resolving type for handle ctcols627ctype
15:48:02.385 [main] TRACE - Resolving type for handle strelationshipid1e94type
15:48:02.387 [main] TRACE - Resolving type for handle ctrowdd39type
15:48:02.392 [main] TRACE - Resolving type for handle ctcell842btype
15:48:02.399 [main] TRACE - Resolving type for handle stcellrefe4e0type
15:48:02.403 [main] TRACE - Resolving type for handle ctrsta472type
15:48:02.412 [main] TRACE - Resolving type for handle stcelltypebf95type
15:48:02.581 [main] DEBUG - Save core properties part
15:48:02.581 [main] DEBUG - Save content types part
15:48:02.758 [main] DEBUG - Save package relationships
15:48:02.765 [main] DEBUG - Save part 'docProps/core.xml'
15:48:02.777 [main] DEBUG - Save part 'xl/sharedStrings.xml'
15:48:02.777 [main] DEBUG - Save part 'xl/styles.xml'
15:48:02.780 [main] DEBUG - Save part 'xl/workbook.xml'
15:48:02.780 [main] DEBUG - Save part 'xl/worksheets/sheet1.xml'
18:37:30.793 [main] INFO  - Goto crm URL 
18:38:25.950 [main] INFO  - Goto crm URL 
18:38:32.385 [main] TRACE - Loading type system org.apache.poi.schemas.ooxml.system.ooxml
18:38:32.385 [main] TRACE - Loading type system org.apache.xmlbeans.metadata.system.sXMLCONFIG
18:38:32.385 [main] TRACE - Loading type system org.apache.xmlbeans.metadata.system.sXMLLANG
18:38:32.385 [main] TRACE - Loading type system org.apache.xmlbeans.metadata.system.sXMLSCHEMA
18:38:32.385 [main] TRACE - Loading type system org.apache.xmlbeans.metadata.system.sXMLTOOLS
18:38:32.398 [main] TRACE - Reading unresolved handles for type system org.apache.xmlbeans.metadata.system.sXMLTOOLS
18:38:32.414 [main] TRACE - Finished loading type system org.apache.xmlbeans.metadata.system.sXMLTOOLS
18:38:32.415 [main] TRACE - Reading unresolved handles for type system org.apache.xmlbeans.metadata.system.sXMLSCHEMA
18:38:32.415 [main] TRACE - Finished loading type system org.apache.xmlbeans.metadata.system.sXMLSCHEMA
18:38:32.430 [main] TRACE - Reading unresolved handles for type system org.apache.xmlbeans.metadata.system.sXMLLANG
18:38:32.446 [main] TRACE - Finished loading type system org.apache.xmlbeans.metadata.system.sXMLLANG
18:38:32.448 [main] TRACE - Reading unresolved handles for type system org.apache.xmlbeans.metadata.system.sXMLCONFIG
18:38:32.448 [main] TRACE - Finished loading type system org.apache.xmlbeans.metadata.system.sXMLCONFIG
18:38:32.448 [main] TRACE - Reading unresolved handles for type system org.apache.poi.schemas.ooxml.system.ooxml
18:38:32.498 [main] TRACE - Finished loading type system org.apache.poi.schemas.ooxml.system.ooxml
18:38:32.498 [main] TRACE - Resolving type for handle ctworkbook83c3type
18:38:32.531 [main] TRACE - Resolving type for handle ctworkbookpr03a5type
18:38:32.553 [main] TRACE - Resolving type for handle ctbookviewsb864type
18:38:32.563 [main] TRACE - Resolving type for handle ctbookviewf677type
18:38:32.564 [main] TRACE - Resolving type for handle ctsheets49fdtype
18:38:32.564 [main] TRACE - Resolving type for handle propertiesee84doctype
18:38:32.564 [main] TRACE - Resolving type for handle ctproperties3f10type
18:38:32.587 [main] TRACE - Resolving type for handle properties288cdoctype
18:38:32.589 [main] TRACE - Resolving type for handle ctproperties2c18type
18:38:32.595 [main] TRACE - Resolving type for handle sstf81fdoctype
18:38:32.596 [main] TRACE - Resolving type for handle ctsst44f3type
18:38:32.601 [main] TRACE - Resolving type for handle stylesheet5d8bdoctype
18:38:32.602 [main] TRACE - Resolving type for handle ctstylesheet4257type
18:38:32.624 [main] TRACE - Resolving type for handle ctfont14d8type
18:38:32.653 [main] TRACE - Resolving type for handle ctfontsizeb3b9type
18:38:32.656 [main] TRACE - Resolving type for handle ctcolord2c2type
18:38:32.659 [main] TRACE - Resolving type for handle ctfontname2dc3type
18:38:32.660 [main] TRACE - Resolving type for handle stxstringf179type
18:38:32.662 [main] TRACE - Resolving type for handle ctfontfamily685ctype
18:38:32.663 [main] TRACE - Resolving type for handle stfontfamily9c6ctype
18:38:32.664 [main] TRACE - Resolving type for handle ctfontschemebf5dtype
18:38:32.664 [main] TRACE - Resolving type for handle stfontschemef36dtype
18:38:32.664 [main] TRACE - Resolving type for handle ctfill550ctype
18:38:32.682 [main] TRACE - Resolving type for handle ctpatternfill7452type
18:38:32.686 [main] TRACE - Resolving type for handle stpatterntype7939type
18:38:32.688 [main] TRACE - Resolving type for handle ctborderf935type
18:38:32.690 [main] TRACE - Resolving type for handle ctborderpre497type
18:38:32.693 [main] TRACE - Resolving type for handle ctxf97f7type
18:38:32.696 [main] TRACE - Resolving type for handle stnumfmtid76fbtype
18:38:32.697 [main] TRACE - Resolving type for handle stfontid9d63type
18:38:32.698 [main] TRACE - Resolving type for handle stfillida097type
18:38:32.699 [main] TRACE - Resolving type for handle stborderid1a80type
18:38:32.701 [main] TRACE - Resolving type for handle stcellstylexfid70c7type
18:38:32.704 [main] TRACE - Resolving type for handle ctsheet4dbetype
18:38:32.708 [main] TRACE - Resolving type for handle ctworksheet530dtype
18:38:32.712 [main] TRACE - Resolving type for handle ctsheetformatprdef7type
18:38:32.731 [main] TRACE - Resolving type for handle ctsheetviewsb918type
18:38:32.731 [main] TRACE - Resolving type for handle ctsheetview0f43type
18:38:32.731 [main] TRACE - Resolving type for handle ctsheetdimensiond310type
18:38:32.743 [main] TRACE - Resolving type for handle stref90a2type
18:38:32.747 [main] TRACE - Resolving type for handle ctsheetdata8408type
18:38:32.747 [main] TRACE - Resolving type for handle ctpagemargins5455type
18:38:32.753 [main] TRACE - Resolving type for handle ctcols627ctype
