13:15:12.723 [main] TRACE - Resolving type for handle ctxf97f7type
13:15:12.734 [main] TRACE - Resolving type for handle stnumfmtid76fbtype
13:15:12.734 [main] TRACE - Resolving type for handle stfontid9d63type
13:15:12.741 [main] TRACE - Resolving type for handle stfillida097type
13:15:12.741 [main] TRACE - Resolving type for handle stborderid1a80type
13:15:12.741 [main] TRACE - Resolving type for handle stcellstylexfid70c7type
13:15:12.750 [main] TRACE - Resolving type for handle ctsheet4dbetype
13:15:12.750 [main] TRACE - Resolving type for handle ctworksheet530dtype
13:15:12.766 [main] TRACE - Resolving type for handle ctsheetformatprdef7type
13:15:12.813 [main] TRACE - Resolving type for handle ctsheetviewsb918type
13:15:12.819 [main] TRACE - Resolving type for handle ctsheetview0f43type
13:15:12.820 [main] TRACE - Resolving type for handle ctsheetdimensiond310type
13:15:12.829 [main] TRACE - Resolving type for handle stref90a2type
13:15:12.829 [main] TRACE - Resolving type for handle ctsheetdata8408type
13:15:12.834 [main] TRACE - Resolving type for handle ctpagemargins5455type
13:15:12.834 [main] TRACE - Resolving type for handle ctcols627ctype
13:15:12.844 [main] TRACE - Resolving type for handle strelationshipid1e94type
13:15:12.844 [main] TRACE - Resolving type for handle ctrowdd39type
13:15:12.857 [main] TRACE - Resolving type for handle ctcell842btype
13:15:12.869 [main] TRACE - Resolving type for handle stcellrefe4e0type
13:15:12.869 [main] TRACE - Resolving type for handle ctrsta472type
13:15:12.877 [main] TRACE - Resolving type for handle stcelltypebf95type
13:15:13.156 [main] DEBUG - Save core properties part
13:15:13.156 [main] DEBUG - Save content types part
13:15:13.301 [main] DEBUG - Save package relationships
13:15:13.311 [main] DEBUG - Save part 'docProps/core.xml'
13:15:13.325 [main] DEBUG - Save part 'xl/sharedStrings.xml'
13:15:13.325 [main] DEBUG - Save part 'xl/styles.xml'
13:15:13.337 [main] DEBUG - Save part 'xl/workbook.xml'
13:15:13.337 [main] DEBUG - Save part 'xl/worksheets/sheet1.xml'
13:18:33.653 [main] INFO  - Goto crm URL 
13:22:49.857 [main] INFO  - Goto crm URL 
13:24:17.399 [main] INFO  - Goto crm URL 
14:26:25.476 [main] INFO  - Goto crm URL 
14:26:30.396 [main] TRACE - Loading type system org.apache.poi.schemas.ooxml.system.ooxml
14:26:30.400 [main] TRACE - Loading type system org.apache.xmlbeans.metadata.system.sXMLCONFIG
14:26:30.405 [main] TRACE - Loading type system org.apache.xmlbeans.metadata.system.sXMLLANG
14:26:30.405 [main] TRACE - Loading type system org.apache.xmlbeans.metadata.system.sXMLSCHEMA
14:26:30.405 [main] TRACE - Loading type system org.apache.xmlbeans.metadata.system.sXMLTOOLS
14:26:30.408 [main] TRACE - Reading unresolved handles for type system org.apache.xmlbeans.metadata.system.sXMLTOOLS
14:26:30.427 [main] TRACE - Finished loading type system org.apache.xmlbeans.metadata.system.sXMLTOOLS
14:26:30.433 [main] TRACE - Reading unresolved handles for type system org.apache.xmlbeans.metadata.system.sXMLSCHEMA
14:26:30.440 [main] TRACE - Finished loading type system org.apache.xmlbeans.metadata.system.sXMLSCHEMA
14:26:30.445 [main] TRACE - Reading unresolved handles for type system org.apache.xmlbeans.metadata.system.sXMLLANG
14:26:30.445 [main] TRACE - Finished loading type system org.apache.xmlbeans.metadata.system.sXMLLANG
14:26:30.448 [main] TRACE - Reading unresolved handles for type system org.apache.xmlbeans.metadata.system.sXMLCONFIG
14:26:30.448 [main] TRACE - Finished loading type system org.apache.xmlbeans.metadata.system.sXMLCONFIG
14:26:30.452 [main] TRACE - Reading unresolved handles for type system org.apache.poi.schemas.ooxml.system.ooxml
14:26:30.539 [main] TRACE - Finished loading type system org.apache.poi.schemas.ooxml.system.ooxml
14:26:30.539 [main] TRACE - Resolving type for handle ctworkbook83c3type
14:26:30.612 [main] TRACE - Resolving type for handle ctworkbookpr03a5type
14:26:30.629 [main] TRACE - Resolving type for handle ctbookviewsb864type
14:26:30.638 [main] TRACE - Resolving type for handle ctbookviewf677type
14:26:30.645 [main] TRACE - Resolving type for handle ctsheets49fdtype
14:26:30.655 [main] TRACE - Resolving type for handle propertiesee84doctype
14:26:30.657 [main] TRACE - Resolving type for handle ctproperties3f10type
14:26:30.668 [main] TRACE - Resolving type for handle properties288cdoctype
14:26:30.670 [main] TRACE - Resolving type for handle ctproperties2c18type
14:26:30.673 [main] TRACE - Resolving type for handle sstf81fdoctype
14:26:30.673 [main] TRACE - Resolving type for handle ctsst44f3type
14:26:30.694 [main] TRACE - Resolving type for handle stylesheet5d8bdoctype
14:26:30.694 [main] TRACE - Resolving type for handle ctstylesheet4257type
14:26:30.702 [main] TRACE - Resolving type for handle ctfont14d8type
14:26:30.710 [main] TRACE - Resolving type for handle ctfontsizeb3b9type
14:26:30.719 [main] TRACE - Resolving type for handle ctcolord2c2type
14:26:30.722 [main] TRACE - Resolving type for handle ctfontname2dc3type
14:26:30.726 [main] TRACE - Resolving type for handle stxstringf179type
14:26:30.728 [main] TRACE - Resolving type for handle ctfontfamily685ctype
14:26:30.728 [main] TRACE - Resolving type for handle stfontfamily9c6ctype
14:26:30.735 [main] TRACE - Resolving type for handle ctfontschemebf5dtype
14:26:30.735 [main] TRACE - Resolving type for handle stfontschemef36dtype
14:26:30.745 [main] TRACE - Resolving type for handle ctfill550ctype
14:26:30.749 [main] TRACE - Resolving type for handle ctpatternfill7452type
14:26:30.756 [main] TRACE - Resolving type for handle stpatterntype7939type
14:26:30.762 [main] TRACE - Resolving type for handle ctborderf935type
14:26:30.767 [main] TRACE - Resolving type for handle ctborderpre497type
14:26:30.773 [main] TRACE - Resolving type for handle ctxf97f7type
14:26:30.782 [main] TRACE - Resolving type for handle stnumfmtid76fbtype
14:26:30.784 [main] TRACE - Resolving type for handle stfontid9d63type
14:26:30.788 [main] TRACE - Resolving type for handle stfillida097type
14:26:30.789 [main] TRACE - Resolving type for handle stborderid1a80type
14:26:30.794 [main] TRACE - Resolving type for handle stcellstylexfid70c7type
14:26:30.803 [main] TRACE - Resolving type for handle ctsheet4dbetype
14:26:30.814 [main] TRACE - Resolving type for handle ctworksheet530dtype
14:26:30.823 [main] TRACE - Resolving type for handle ctsheetformatprdef7type
14:26:30.831 [main] TRACE - Resolving type for handle ctsheetviewsb918type
14:26:30.839 [main] TRACE - Resolving type for handle ctsheetview0f43type
14:26:30.841 [main] TRACE - Resolving type for handle ctsheetdimensiond310type
14:26:30.841 [main] TRACE - Resolving type for handle stref90a2type
14:26:30.841 [main] TRACE - Resolving type for handle ctsheetdata8408type
14:26:30.856 [main] TRACE - Resolving type for handle ctpagemargins5455type
14:26:30.865 [main] TRACE - Resolving type for handle ctcols627ctype
14:26:30.865 [main] TRACE - Resolving type for handle strelationshipid1e94type
14:26:30.871 [main] TRACE - Resolving type for handle ctrowdd39type
14:26:30.876 [main] TRACE - Resolving type for handle ctcell842btype
14:26:30.889 [main] TRACE - Resolving type for handle stcellrefe4e0type
14:26:30.893 [main] TRACE - Resolving type for handle ctrsta472type
14:26:30.902 [main] TRACE - Resolving type for handle stcelltypebf95type
14:26:31.160 [main] DEBUG - Save core properties part
14:26:31.160 [main] DEBUG - Save content types part
14:26:31.315 [main] DEBUG - Save package relationships
14:26:31.322 [main] DEBUG - Save part 'docProps/core.xml'
14:26:31.341 [main] DEBUG - Save part 'xl/sharedStrings.xml'
14:26:31.341 [main] DEBUG - Save part 'xl/styles.xml'
14:26:31.345 [main] DEBUG - Save part 'xl/workbook.xml'
14:26:31.357 [main] DEBUG - Save part 'xl/worksheets/sheet1.xml'
14:47:08.190 [main] INFO  - Goto crm URL 
14:47:13.087 [main] TRACE - Loading type system org.apache.poi.schemas.ooxml.system.ooxml
14:47:13.099 [main] TRACE - Loading type system org.apache.xmlbeans.metadata.system.sXMLCONFIG
14:47:13.099 [main] TRACE - Loading type system org.apache.xmlbeans.metadata.system.sXMLLANG
14:47:13.102 [main] TRACE - Loading type system org.apache.xmlbeans.metadata.system.sXMLSCHEMA
14:47:13.102 [main] TRACE - Loading type system org.apache.xmlbeans.metadata.system.sXMLTOOLS
14:47:13.102 [main] TRACE - Reading unresolved handles for type system org.apache.xmlbeans.metadata.system.sXMLTOOLS
14:47:13.127 [main] TRACE - Finished loading type system org.apache.xmlbeans.metadata.system.sXMLTOOLS
14:47:13.129 [main] TRACE - Reading unresolved handles for type system org.apache.xmlbeans.metadata.system.sXMLSCHEMA
14:47:13.137 [main] TRACE - Finished loading type system org.apache.xmlbeans.metadata.system.sXMLSCHEMA
14:47:13.137 [main] TRACE - Reading unresolved handles for type system org.apache.xmlbeans.metadata.system.sXMLLANG
14:47:13.137 [main] TRACE - Finished loading type system org.apache.xmlbeans.metadata.system.sXMLLANG
14:47:13.137 [main] TRACE - Reading unresolved handles for type system org.apache.xmlbeans.metadata.system.sXMLCONFIG
14:47:13.137 [main] TRACE - Finished loading type system org.apache.xmlbeans.metadata.system.sXMLCONFIG
14:47:13.137 [main] TRACE - Reading unresolved handles for type system org.apache.poi.schemas.ooxml.system.ooxml
14:47:13.243 [main] TRACE - Finished loading type system org.apache.poi.schemas.ooxml.system.ooxml
14:47:13.243 [main] TRACE - Resolving type for handle ctworkbook83c3type
14:47:13.319 [main] TRACE - Resolving type for handle ctworkbookpr03a5type
14:47:13.332 [main] TRACE - Resolving type for handle ctbookviewsb864type
14:47:13.341 [main] TRACE - Resolving type for handle ctbookviewf677type
14:47:13.351 [main] TRACE - Resolving type for handle ctsheets49fdtype
14:47:13.357 [main] TRACE - Resolving type for handle propertiesee84doctype
14:47:13.357 [main] TRACE - Resolving type for handle ctproperties3f10type
14:47:13.374 [main] TRACE - Resolving type for handle properties288cdoctype
14:47:13.376 [main] TRACE - Resolving type for handle ctproperties2c18type
14:47:13.385 [main] TRACE - Resolving type for handle sstf81fdoctype
14:47:13.385 [main] TRACE - Resolving type for handle ctsst44f3type
14:47:13.389 [main] TRACE - Resolving type for handle stylesheet5d8bdoctype
14:47:13.397 [main] TRACE - Resolving type for handle ctstylesheet4257type
14:47:13.406 [main] TRACE - Resolving type for handle ctfont14d8type
14:47:13.421 [main] TRACE - Resolving type for handle ctfontsizeb3b9type
14:47:13.430 [main] TRACE - Resolving type for handle ctcolord2c2type
14:47:13.430 [main] TRACE - Resolving type for handle ctfontname2dc3type
14:47:13.438 [main] TRACE - Resolving type for handle stxstringf179type
14:47:13.441 [main] TRACE - Resolving type for handle ctfontfamily685ctype
14:47:13.446 [main] TRACE - Resolving type for handle stfontfamily9c6ctype
14:47:13.452 [main] TRACE - Resolving type for handle ctfontschemebf5dtype
14:47:13.453 [main] TRACE - Resolving type for handle stfontschemef36dtype
14:47:13.462 [main] TRACE - Resolving type for handle ctfill550ctype
14:47:13.469 [main] TRACE - Resolving type for handle ctpatternfill7452type
14:47:13.474 [main] TRACE - Resolving type for handle stpatterntype7939type
14:47:13.478 [main] TRACE - Resolving type for handle ctborderf935type
14:47:13.486 [main] TRACE - Resolving type for handle ctborderpre497type
14:47:13.495 [main] TRACE - Resolving type for handle ctxf97f7type
14:47:13.497 [main] TRACE - Resolving type for handle stnumfmtid76fbtype
14:47:13.504 [main] TRACE - Resolving type for handle stfontid9d63type
14:47:13.506 [main] TRACE - Resolving type for handle stfillida097type
14:47:13.512 [main] TRACE - Resolving type for handle stborderid1a80type
14:47:13.512 [main] TRACE - Resolving type for handle stcellstylexfid70c7type
14:47:13.523 [main] TRACE - Resolving type for handle ctsheet4dbetype
14:47:13.532 [main] TRACE - Resolving type for handle ctworksheet530dtype
14:47:13.541 [main] TRACE - Resolving type for handle ctsheetformatprdef7type
14:47:13.552 [main] TRACE - Resolving type for handle ctsheetviewsb918type
14:47:13.554 [main] TRACE - Resolving type for handle ctsheetview0f43type
14:47:13.560 [main] TRACE - Resolving type for handle ctsheetdimensiond310type
14:47:13.560 [main] TRACE - Resolving type for handle stref90a2type
14:47:13.568 [main] TRACE - Resolving type for handle ctsheetdata8408type
14:47:13.571 [main] TRACE - Resolving type for handle ctpagemargins5455type
14:47:13.577 [main] TRACE - Resolving type for handle ctcols627ctype
14:47:13.584 [main] TRACE - Resolving type for handle strelationshipid1e94type
14:47:13.585 [main] TRACE - Resolving type for handle ctrowdd39type
14:47:13.593 [main] TRACE - Resolving type for handle ctcell842btype
14:47:13.604 [main] TRACE - Resolving type for handle stcellrefe4e0type
14:47:13.604 [main] TRACE - Resolving type for handle ctrsta472type
14:47:13.618 [main] TRACE - Resolving type for handle stcelltypebf95type
14:47:13.920 [main] DEBUG - Save core properties part
14:47:13.920 [main] DEBUG - Save content types part
14:47:14.087 [main] DEBUG - Save package relationships
14:47:14.096 [main] DEBUG - Save part 'docProps/core.xml'
14:47:14.112 [main] DEBUG - Save part 'xl/sharedStrings.xml'
14:47:14.112 [main] DEBUG - Save part 'xl/styles.xml'
14:47:14.128 [main] DEBUG - Save part 'xl/workbook.xml'
14:47:14.128 [main] DEBUG - Save part 'xl/worksheets/sheet1.xml'
14:48:09.555 [main] INFO  - Goto crm URL 
14:48:14.309 [main] TRACE - Loading type system org.apache.poi.schemas.ooxml.system.ooxml
14:48:14.310 [main] TRACE - Loading type system org.apache.xmlbeans.metadata.system.sXMLCONFIG
14:48:14.310 [main] TRACE - Loading type system org.apache.xmlbeans.metadata.system.sXMLLANG
14:48:14.310 [main] TRACE - Loading type system org.apache.xmlbeans.metadata.system.sXMLSCHEMA
14:48:14.310 [main] TRACE - Loading type system org.apache.xmlbeans.metadata.system.sXMLTOOLS
14:48:14.321 [main] TRACE - Reading unresolved handles for type system org.apache.xmlbeans.metadata.system.sXMLTOOLS
14:48:14.327 [main] TRACE - Finished loading type system org.apache.xmlbeans.metadata.system.sXMLTOOLS
14:48:14.327 [main] TRACE - Reading unresolved handles for type system org.apache.xmlbeans.metadata.system.sXMLSCHEMA
14:48:14.342 [main] TRACE - Finished loading type system org.apache.xmlbeans.metadata.system.sXMLSCHEMA
14:48:14.343 [main] TRACE - Reading unresolved handles for type system org.apache.xmlbeans.metadata.system.sXMLLANG
14:48:14.343 [main] TRACE - Finished loading type system org.apache.xmlbeans.metadata.system.sXMLLANG
14:48:14.343 [main] TRACE - Reading unresolved handles for type system org.apache.xmlbeans.metadata.system.sXMLCONFIG
14:48:14.343 [main] TRACE - Finished loading type system org.apache.xmlbeans.metadata.system.sXMLCONFIG
14:48:14.343 [main] TRACE - Reading unresolved handles for type system org.apache.poi.schemas.ooxml.system.ooxml
14:48:14.406 [main] TRACE - Finished loading type system org.apache.poi.schemas.ooxml.system.ooxml
14:48:14.406 [main] TRACE - Resolving type for handle ctworkbook83c3type
14:48:14.443 [main] TRACE - Resolving type for handle ctworkbookpr03a5type
14:48:14.447 [main] TRACE - Resolving type for handle ctbookviewsb864type
14:48:14.451 [main] TRACE - Resolving type for handle ctbookviewf677type
14:48:14.460 [main] TRACE - Resolving type for handle ctsheets49fdtype
14:48:14.463 [main] TRACE - Resolving type for handle propertiesee84doctype
14:48:14.465 [main] TRACE - Resolving type for handle ctproperties3f10type
14:48:14.475 [main] TRACE - Resolving type for handle properties288cdoctype
14:48:14.476 [main] TRACE - Resolving type for handle ctproperties2c18type
14:48:14.480 [main] TRACE - Resolving type for handle sstf81fdoctype
14:48:14.480 [main] TRACE - Resolving type for handle ctsst44f3type
14:48:14.489 [main] TRACE - Resolving type for handle stylesheet5d8bdoctype
14:48:14.491 [main] TRACE - Resolving type for handle ctstylesheet4257type
14:48:14.493 [main] TRACE - Resolving type for handle ctfont14d8type
14:48:14.504 [main] TRACE - Resolving type for handle ctfontsizeb3b9type
14:48:14.509 [main] TRACE - Resolving type for handle ctcolord2c2type
14:48:14.510 [main] TRACE - Resolving type for handle ctfontname2dc3type
14:48:14.515 [main] TRACE - Resolving type for handle stxstringf179type
14:48:14.515 [main] TRACE - Resolving type for handle ctfontfamily685ctype
14:48:14.523 [main] TRACE - Resolving type for handle stfontfamily9c6ctype
14:48:14.526 [main] TRACE - Resolving type for handle ctfontschemebf5dtype
14:48:14.526 [main] TRACE - Resolving type for handle stfontschemef36dtype
14:48:14.531 [main] TRACE - Resolving type for handle ctfill550ctype
14:48:14.531 [main] TRACE - Resolving type for handle ctpatternfill7452type
14:48:14.535 [main] TRACE - Resolving type for handle stpatterntype7939type
14:48:14.537 [main] TRACE - Resolving type for handle ctborderf935type
14:48:14.542 [main] TRACE - Resolving type for handle ctborderpre497type
14:48:14.550 [main] TRACE - Resolving type for handle ctxf97f7type
14:48:14.552 [main] TRACE - Resolving type for handle stnumfmtid76fbtype
14:48:14.552 [main] TRACE - Resolving type for handle stfontid9d63type
14:48:14.552 [main] TRACE - Resolving type for handle stfillida097type
14:48:14.552 [main] TRACE - Resolving type for handle stborderid1a80type
14:48:14.556 [main] TRACE - Resolving type for handle stcellstylexfid70c7type
14:48:14.558 [main] TRACE - Resolving type for handle ctsheet4dbetype
14:48:14.560 [main] TRACE - Resolving type for handle ctworksheet530dtype
14:48:14.567 [main] TRACE - Resolving type for handle ctsheetformatprdef7type
14:48:14.576 [main] TRACE - Resolving type for handle ctsheetviewsb918type
14:48:14.576 [main] TRACE - Resolving type for handle ctsheetview0f43type
14:48:14.580 [main] TRACE - Resolving type for handle ctsheetdimensiond310type
14:48:14.588 [main] TRACE - Resolving type for handle stref90a2type
14:48:14.593 [main] TRACE - Resolving type for handle ctsheetdata8408type
14:48:14.593 [main] TRACE - Resolving type for handle ctpagemargins5455type
14:48:14.604 [main] TRACE - Resolving type for handle ctcols627ctype
14:48:14.610 [main] TRACE - Resolving type for handle strelationshipid1e94type
14:48:14.612 [main] TRACE - Resolving type for handle ctrowdd39type
14:48:14.620 [main] TRACE - Resolving type for handle ctcell842btype
14:48:14.636 [main] TRACE - Resolving type for handle stcellrefe4e0type
14:48:14.643 [main] TRACE - Resolving type for handle ctrsta472type
14:48:14.647 [main] TRACE - Resolving type for handle stcelltypebf95type
14:48:14.909 [main] DEBUG - Save core properties part
14:48:14.917 [main] DEBUG - Save content types part
14:48:15.065 [main] DEBUG - Save package relationships
14:48:15.075 [main] DEBUG - Save part 'docProps/core.xml'
14:48:15.093 [main] DEBUG - Save part 'xl/sharedStrings.xml'
14:48:15.093 [main] DEBUG - Save part 'xl/styles.xml'
14:48:15.100 [main] DEBUG - Save part 'xl/workbook.xml'
14:48:15.104 [main] DEBUG - Save part 'xl/worksheets/sheet1.xml'
14:54:52.555 [main] INFO  - Goto crm URL 
14:54:59.162 [main] TRACE - Loading type system org.apache.poi.schemas.ooxml.system.ooxml
14:54:59.169 [main] TRACE - Loading type system org.apache.xmlbeans.metadata.system.sXMLCONFIG
14:54:59.169 [main] TRACE - Loading type system org.apache.xmlbeans.metadata.system.sXMLLANG
14:54:59.169 [main] TRACE - Loading type system org.apache.xmlbeans.metadata.system.sXMLSCHEMA
14:54:59.169 [main] TRACE - Loading type system org.apache.xmlbeans.metadata.system.sXMLTOOLS
14:54:59.178 [main] TRACE - Reading unresolved handles for type system org.apache.xmlbeans.metadata.system.sXMLTOOLS
14:54:59.201 [main] TRACE - Finished loading type system org.apache.xmlbeans.metadata.system.sXMLTOOLS
14:54:59.204 [main] TRACE - Reading unresolved handles for type system org.apache.xmlbeans.metadata.system.sXMLSCHEMA
14:54:59.213 [main] TRACE - Finished loading type system org.apache.xmlbeans.metadata.system.sXMLSCHEMA
14:54:59.217 [main] TRACE - Reading unresolved handles for type system org.apache.xmlbeans.metadata.system.sXMLLANG
14:54:59.219 [main] TRACE - Finished loading type system org.apache.xmlbeans.metadata.system.sXMLLANG
14:54:59.221 [main] TRACE - Reading unresolved handles for type system org.apache.xmlbeans.metadata.system.sXMLCONFIG
14:54:59.223 [main] TRACE - Finished loading type system org.apache.xmlbeans.metadata.system.sXMLCONFIG
14:54:59.223 [main] TRACE - Reading unresolved handles for type system org.apache.poi.schemas.ooxml.system.ooxml
14:54:59.318 [main] TRACE - Finished loading type system org.apache.poi.schemas.ooxml.system.ooxml
14:54:59.318 [main] TRACE - Resolving type for handle ctworkbook83c3type
14:54:59.389 [main] TRACE - Resolving type for handle ctworkbookpr03a5type
14:54:59.403 [main] TRACE - Resolving type for handle ctbookviewsb864type
14:54:59.410 [main] TRACE - Resolving type for handle ctbookviewf677type
14:54:59.419 [main] TRACE - Resolving type for handle ctsheets49fdtype
14:54:59.426 [main] TRACE - Resolving type for handle propertiesee84doctype
14:54:59.428 [main] TRACE - Resolving type for handle ctproperties3f10type
14:54:59.440 [main] TRACE - Resolving type for handle properties288cdoctype
14:54:59.442 [main] TRACE - Resolving type for handle ctproperties2c18type
14:54:59.454 [main] TRACE - Resolving type for handle sstf81fdoctype
14:54:59.454 [main] TRACE - Resolving type for handle ctsst44f3type
14:54:59.458 [main] TRACE - Resolving type for handle stylesheet5d8bdoctype
14:54:59.469 [main] TRACE - Resolving type for handle ctstylesheet4257type
14:54:59.469 [main] TRACE - Resolving type for handle ctfont14d8type
14:54:59.485 [main] TRACE - Resolving type for handle ctfontsizeb3b9type
14:54:59.492 [main] TRACE - Resolving type for handle ctcolord2c2type
14:54:59.492 [main] TRACE - Resolving type for handle ctfontname2dc3type
14:54:59.498 [main] TRACE - Resolving type for handle stxstringf179type
14:54:59.505 [main] TRACE - Resolving type for handle ctfontfamily685ctype
14:54:59.508 [main] TRACE - Resolving type for handle stfontfamily9c6ctype
14:54:59.514 [main] TRACE - Resolving type for handle ctfontschemebf5dtype
14:54:59.521 [main] TRACE - Resolving type for handle stfontschemef36dtype
14:54:59.526 [main] TRACE - Resolving type for handle ctfill550ctype
14:54:59.528 [main] TRACE - Resolving type for handle ctpatternfill7452type
14:54:59.532 [main] TRACE - Resolving type for handle stpatterntype7939type
14:54:59.536 [main] TRACE - Resolving type for handle ctborderf935type
14:54:59.536 [main] TRACE - Resolving type for handle ctborderpre497type
14:54:59.546 [main] TRACE - Resolving type for handle ctxf97f7type
14:54:59.552 [main] TRACE - Resolving type for handle stnumfmtid76fbtype
14:54:59.552 [main] TRACE - Resolving type for handle stfontid9d63type
14:54:59.556 [main] TRACE - Resolving type for handle stfillida097type
14:54:59.556 [main] TRACE - Resolving type for handle stborderid1a80type
14:54:59.556 [main] TRACE - Resolving type for handle stcellstylexfid70c7type
14:54:59.565 [main] TRACE - Resolving type for handle ctsheet4dbetype
14:54:59.569 [main] TRACE - Resolving type for handle ctworksheet530dtype
14:54:59.587 [main] TRACE - Resolving type for handle ctsheetformatprdef7type
14:54:59.601 [main] TRACE - Resolving type for handle ctsheetviewsb918type
14:54:59.605 [main] TRACE - Resolving type for handle ctsheetview0f43type
14:54:59.613 [main] TRACE - Resolving type for handle ctsheetdimensiond310type
14:54:59.618 [main] TRACE - Resolving type for handle stref90a2type
14:54:59.619 [main] TRACE - Resolving type for handle ctsheetdata8408type
14:54:59.619 [main] TRACE - Resolving type for handle ctpagemargins5455type
14:54:59.628 [main] TRACE - Resolving type for handle ctcols627ctype
14:54:59.635 [main] TRACE - Resolving type for handle strelationshipid1e94type
14:54:59.637 [main] TRACE - Resolving type for handle ctrowdd39type
14:54:59.647 [main] TRACE - Resolving type for handle ctcell842btype
14:54:59.653 [main] TRACE - Resolving type for handle stcellrefe4e0type
14:54:59.661 [main] TRACE - Resolving type for handle ctrsta472type
14:54:59.661 [main] TRACE - Resolving type for handle stcelltypebf95type
14:54:59.962 [main] DEBUG - Save core properties part
14:54:59.962 [main] DEBUG - Save content types part
14:55:00.135 [main] DEBUG - Save package relationships
14:55:00.138 [main] DEBUG - Save part 'docProps/core.xml'
14:55:00.151 [main] DEBUG - Save part 'xl/sharedStrings.xml'
14:55:00.151 [main] DEBUG - Save part 'xl/styles.xml'
14:55:00.168 [main] DEBUG - Save part 'xl/workbook.xml'
14:55:00.169 [main] DEBUG - Save part 'xl/worksheets/sheet1.xml'
14:57:56.323 [main] INFO  - Goto crm URL 
14:58:02.936 [main] TRACE - Loading type system org.apache.poi.schemas.ooxml.system.ooxml
14:58:02.946 [main] TRACE - Loading type system org.apache.xmlbeans.metadata.system.sXMLCONFIG
14:58:02.946 [main] TRACE - Loading type system org.apache.xmlbeans.metadata.system.sXMLLANG
14:58:02.946 [main] TRACE - Loading type system org.apache.xmlbeans.metadata.system.sXMLSCHEMA
14:58:02.946 [main] TRACE - Loading type system org.apache.xmlbeans.metadata.system.sXMLTOOLS
14:58:02.952 [main] TRACE - Reading unresolved handles for type system org.apache.xmlbeans.metadata.system.sXMLTOOLS
14:58:02.968 [main] TRACE - Finished loading type system org.apache.xmlbeans.metadata.system.sXMLTOOLS
14:58:02.978 [main] TRACE - Reading unresolved handles for type system org.apache.xmlbeans.metadata.system.sXMLSCHEMA
14:58:02.988 [main] TRACE - Finished loading type system org.apache.xmlbeans.metadata.system.sXMLSCHEMA
14:58:02.990 [main] TRACE - Reading unresolved handles for type system org.apache.xmlbeans.metadata.system.sXMLLANG
14:58:02.992 [main] TRACE - Finished loading type system org.apache.xmlbeans.metadata.system.sXMLLANG
14:58:02.994 [main] TRACE - Reading unresolved handles for type system org.apache.xmlbeans.metadata.system.sXMLCONFIG
14:58:02.994 [main] TRACE - Finished loading type system org.apache.xmlbeans.metadata.system.sXMLCONFIG
14:58:02.994 [main] TRACE - Reading unresolved handles for type system org.apache.poi.schemas.ooxml.system.ooxml
14:58:03.085 [main] TRACE - Finished loading type system org.apache.poi.schemas.ooxml.system.ooxml
14:58:03.085 [main] TRACE - Resolving type for handle ctworkbook83c3type
14:58:03.168 [main] TRACE - Resolving type for handle ctworkbookpr03a5type
14:58:03.180 [main] TRACE - Resolving type for handle ctbookviewsb864type
14:58:03.186 [main] TRACE - Resolving type for handle ctbookviewf677type
14:58:03.191 [main] TRACE - Resolving type for handle ctsheets49fdtype
14:58:03.200 [main] TRACE - Resolving type for handle propertiesee84doctype
14:58:03.204 [main] TRACE - Resolving type for handle ctproperties3f10type
14:58:03.212 [main] TRACE - Resolving type for handle properties288cdoctype
14:58:03.215 [main] TRACE - Resolving type for handle ctproperties2c18type
14:58:03.229 [main] TRACE - Resolving type for handle sstf81fdoctype
14:58:03.229 [main] TRACE - Resolving type for handle ctsst44f3type
14:58:03.237 [main] TRACE - Resolving type for handle stylesheet5d8bdoctype
14:58:03.239 [main] TRACE - Resolving type for handle ctstylesheet4257type
14:58:03.247 [main] TRACE - Resolving type for handle ctfont14d8type
14:58:03.255 [main] TRACE - Resolving type for handle ctfontsizeb3b9type
14:58:03.259 [main] TRACE - Resolving type for handle ctcolord2c2type
14:58:03.263 [main] TRACE - Resolving type for handle ctfontname2dc3type
14:58:03.265 [main] TRACE - Resolving type for handle stxstringf179type
14:58:03.269 [main] TRACE - Resolving type for handle ctfontfamily685ctype
14:58:03.269 [main] TRACE - Resolving type for handle stfontfamily9c6ctype
14:58:03.278 [main] TRACE - Resolving type for handle ctfontschemebf5dtype
14:58:03.282 [main] TRACE - Resolving type for handle stfontschemef36dtype
14:58:03.289 [main] TRACE - Resolving type for handle ctfill550ctype
14:58:03.291 [main] TRACE - Resolving type for handle ctpatternfill7452type
14:58:03.297 [main] TRACE - Resolving type for handle stpatterntype7939type
14:58:03.302 [main] TRACE - Resolving type for handle ctborderf935type
14:58:03.302 [main] TRACE - Resolving type for handle ctborderpre497type
14:58:03.309 [main] TRACE - Resolving type for handle ctxf97f7type
14:58:03.318 [main] TRACE - Resolving type for handle stnumfmtid76fbtype
14:58:03.318 [main] TRACE - Resolving type for handle stfontid9d63type
14:58:03.326 [main] TRACE - Resolving type for handle stfillida097type
14:58:03.326 [main] TRACE - Resolving type for handle stborderid1a80type
14:58:03.326 [main] TRACE - Resolving type for handle stcellstylexfid70c7type
14:58:03.335 [main] TRACE - Resolving type for handle ctsheet4dbetype
14:58:03.342 [main] TRACE - Resolving type for handle ctworksheet530dtype
14:58:03.352 [main] TRACE - Resolving type for handle ctsheetformatprdef7type
14:58:03.359 [main] TRACE - Resolving type for handle ctsheetviewsb918type
14:58:03.364 [main] TRACE - Resolving type for handle ctsheetview0f43type
14:58:03.372 [main] TRACE - Resolving type for handle ctsheetdimensiond310type
14:58:03.375 [main] TRACE - Resolving type for handle stref90a2type
14:58:03.377 [main] TRACE - Resolving type for handle ctsheetdata8408type
14:58:03.379 [main] TRACE - Resolving type for handle ctpagemargins5455type
14:58:03.386 [main] TRACE - Resolving type for handle ctcols627ctype
14:58:03.386 [main] TRACE - Resolving type for handle strelationshipid1e94type
14:58:03.386 [main] TRACE - Resolving type for handle ctrowdd39type
14:58:03.408 [main] TRACE - Resolving type for handle ctcell842btype
14:58:03.419 [main] TRACE - Resolving type for handle stcellrefe4e0type
14:58:03.425 [main] TRACE - Resolving type for handle ctrsta472type
14:58:03.425 [main] TRACE - Resolving type for handle stcelltypebf95type
14:58:03.686 [main] DEBUG - Save core properties part
14:58:03.686 [main] DEBUG - Save content types part
14:58:03.855 [main] DEBUG - Save package relationships
14:58:03.863 [main] DEBUG - Save part 'docProps/core.xml'
14:58:03.879 [main] DEBUG - Save part 'xl/sharedStrings.xml'
14:58:03.879 [main] DEBUG - Save part 'xl/styles.xml'
14:58:03.885 [main] DEBUG - Save part 'xl/workbook.xml'
14:58:03.902 [main] DEBUG - Save part 'xl/worksheets/sheet1.xml'
15:01:35.196 [main] INFO  - Goto crm URL 
15:01:41.787 [main] TRACE - Loading type system org.apache.poi.schemas.ooxml.system.ooxml
15:01:41.792 [main] TRACE - Loading type system org.apache.xmlbeans.metadata.system.sXMLCONFIG
15:01:41.792 [main] TRACE - Loading type system org.apache.xmlbeans.metadata.system.sXMLLANG
15:01:41.792 [main] TRACE - Loading type system org.apache.xmlbeans.metadata.system.sXMLSCHEMA
15:01:41.792 [main] TRACE - Loading type system org.apache.xmlbeans.metadata.system.sXMLTOOLS
15:01:41.800 [main] TRACE - Reading unresolved handles for type system org.apache.xmlbeans.metadata.system.sXMLTOOLS
15:01:41.825 [main] TRACE - Finished loading type system org.apache.xmlbeans.metadata.system.sXMLTOOLS
15:01:41.825 [main] TRACE - Reading unresolved handles for type system org.apache.xmlbeans.metadata.system.sXMLSCHEMA
15:01:41.833 [main] TRACE - Finished loading type system org.apache.xmlbeans.metadata.system.sXMLSCHEMA
15:01:41.837 [main] TRACE - Reading unresolved handles for type system org.apache.xmlbeans.metadata.system.sXMLLANG
15:01:41.839 [main] TRACE - Finished loading type system org.apache.xmlbeans.metadata.system.sXMLLANG
15:01:41.842 [main] TRACE - Reading unresolved handles for type system org.apache.xmlbeans.metadata.system.sXMLCONFIG
15:01:41.844 [main] TRACE - Finished loading type system org.apache.xmlbeans.metadata.system.sXMLCONFIG
15:01:41.844 [main] TRACE - Reading unresolved handles for type system org.apache.poi.schemas.ooxml.system.ooxml
15:01:41.939 [main] TRACE - Finished loading type system org.apache.poi.schemas.ooxml.system.ooxml
15:01:41.939 [main] TRACE - Resolving type for handle ctworkbook83c3type
15:01:42.022 [main] TRACE - Resolving type for handle ctworkbookpr03a5type
15:01:42.029 [main] TRACE - Resolving type for handle ctbookviewsb864type
15:01:42.039 [main] TRACE - Resolving type for handle ctbookviewf677type
15:01:42.050 [main] TRACE - Resolving type for handle ctsheets49fdtype
15:01:42.055 [main] TRACE - Resolving type for handle propertiesee84doctype
15:01:42.058 [main] TRACE - Resolving type for handle ctproperties3f10type
15:01:42.073 [main] TRACE - Resolving type for handle properties288cdoctype
15:01:42.073 [main] TRACE - Resolving type for handle ctproperties2c18type
15:01:42.089 [main] TRACE - Resolving type for handle sstf81fdoctype
15:01:42.091 [main] TRACE - Resolving type for handle ctsst44f3type
15:01:42.097 [main] TRACE - Resolving type for handle stylesheet5d8bdoctype
15:01:42.100 [main] TRACE - Resolving type for handle ctstylesheet4257type
15:01:42.105 [main] TRACE - Resolving type for handle ctfont14d8type
15:01:42.114 [main] TRACE - Resolving type for handle ctfontsizeb3b9type
15:01:42.124 [main] TRACE - Resolving type for handle ctcolord2c2type
15:01:42.128 [main] TRACE - Resolving type for handle ctfontname2dc3type
15:01:42.131 [main] TRACE - Resolving type for handle stxstringf179type
15:01:42.137 [main] TRACE - Resolving type for handle ctfontfamily685ctype
15:01:42.140 [main] TRACE - Resolving type for handle stfontfamily9c6ctype
15:01:42.144 [main] TRACE - Resolving type for handle ctfontschemebf5dtype
15:01:42.144 [main] TRACE - Resolving type for handle stfontschemef36dtype
15:01:42.150 [main] TRACE - Resolving type for handle ctfill550ctype
15:01:42.150 [main] TRACE - Resolving type for handle ctpatternfill7452type
15:01:42.162 [main] TRACE - Resolving type for handle stpatterntype7939type
15:01:42.162 [main] TRACE - Resolving type for handle ctborderf935type
15:01:42.166 [main] TRACE - Resolving type for handle ctborderpre497type
15:01:42.170 [main] TRACE - Resolving type for handle ctxf97f7type
15:01:42.177 [main] TRACE - Resolving type for handle stnumfmtid76fbtype
15:01:42.177 [main] TRACE - Resolving type for handle stfontid9d63type
15:01:42.183 [main] TRACE - Resolving type for handle stfillida097type
15:01:42.183 [main] TRACE - Resolving type for handle stborderid1a80type
15:01:42.191 [main] TRACE - Resolving type for handle stcellstylexfid70c7type
15:01:42.199 [main] TRACE - Resolving type for handle ctsheet4dbetype
15:01:42.207 [main] TRACE - Resolving type for handle ctworksheet530dtype
15:01:42.215 [main] TRACE - Resolving type for handle ctsheetformatprdef7type
15:01:42.226 [main] TRACE - Resolving type for handle ctsheetviewsb918type
15:01:42.228 [main] TRACE - Resolving type for handle ctsheetview0f43type
15:01:42.232 [main] TRACE - Resolving type for handle ctsheetdimensiond310type
15:01:42.240 [main] TRACE - Resolving type for handle stref90a2type
15:01:42.244 [main] TRACE - Resolving type for handle ctsheetdata8408type
15:01:42.247 [main] TRACE - Resolving type for handle ctpagemargins5455type
15:01:42.256 [main] TRACE - Resolving type for handle ctcols627ctype
15:01:42.256 [main] TRACE - Resolving type for handle strelationshipid1e94type
15:01:42.265 [main] TRACE - Resolving type for handle ctrowdd39type
15:01:42.275 [main] TRACE - Resolving type for handle ctcell842btype
15:01:42.290 [main] TRACE - Resolving type for handle stcellrefe4e0type
15:01:42.295 [main] TRACE - Resolving type for handle ctrsta472type
15:01:42.302 [main] TRACE - Resolving type for handle stcelltypebf95type
15:01:42.596 [main] DEBUG - Save core properties part
15:01:42.596 [main] DEBUG - Save content types part
15:01:42.756 [main] DEBUG - Save package relationships
15:01:42.762 [main] DEBUG - Save part 'docProps/core.xml'
15:01:42.785 [main] DEBUG - Save part 'xl/sharedStrings.xml'
15:01:42.785 [main] DEBUG - Save part 'xl/styles.xml'
15:01:42.795 [main] DEBUG - Save part 'xl/workbook.xml'
15:01:42.795 [main] DEBUG - Save part 'xl/worksheets/sheet1.xml'
17:30:03.935 [main] INFO  - Goto crm URL 
17:30:55.898 [main] INFO  - Goto crm URL 
17:31:02.239 [main] TRACE - Loading type system org.apache.poi.schemas.ooxml.system.ooxml
17:31:02.239 [main] TRACE - Loading type system org.apache.xmlbeans.metadata.system.sXMLCONFIG
17:31:02.239 [main] TRACE - Loading type system org.apache.xmlbeans.metadata.system.sXMLLANG
17:31:02.239 [main] TRACE - Loading type system org.apache.xmlbeans.metadata.system.sXMLSCHEMA
17:31:02.239 [main] TRACE - Loading type system org.apache.xmlbeans.metadata.system.sXMLTOOLS
17:31:02.239 [main] TRACE - Reading unresolved handles for type system org.apache.xmlbeans.metadata.system.sXMLTOOLS
17:31:02.261 [main] TRACE - Finished loading type system org.apache.xmlbeans.metadata.system.sXMLTOOLS
17:31:02.261 [main] TRACE - Reading unresolved handles for type system org.apache.xmlbeans.metadata.system.sXMLSCHEMA
17:31:02.261 [main] TRACE - Finished loading type system org.apache.xmlbeans.metadata.system.sXMLSCHEMA
17:31:02.272 [main] TRACE - Reading unresolved handles for type system org.apache.xmlbeans.metadata.system.sXMLLANG
17:31:02.272 [main] TRACE - Finished loading type system org.apache.xmlbeans.metadata.system.sXMLLANG
17:31:02.272 [main] TRACE - Reading unresolved handles for type system org.apache.xmlbeans.metadata.system.sXMLCONFIG
17:31:02.272 [main] TRACE - Finished loading type system org.apache.xmlbeans.metadata.system.sXMLCONFIG
17:31:02.272 [main] TRACE - Reading unresolved handles for type system org.apache.poi.schemas.ooxml.system.ooxml
17:31:02.339 [main] TRACE - Finished loading type system org.apache.poi.schemas.ooxml.system.ooxml
17:31:02.339 [main] TRACE - Resolving type for handle ctworkbook83c3type
17:31:02.372 [main] TRACE - Resolving type for handle ctworkbookpr03a5type
17:31:02.375 [main] TRACE - Resolving type for handle ctbookviewsb864type
17:31:02.390 [main] TRACE - Resolving type for handle ctbookviewf677type
17:31:02.406 [main] TRACE - Resolving type for handle ctsheets49fdtype
17:31:02.406 [main] TRACE - Resolving type for handle propertiesee84doctype
17:31:02.406 [main] TRACE - Resolving type for handle ctproperties3f10type
17:31:02.423 [main] TRACE - Resolving type for handle properties288cdoctype
17:31:02.423 [main] TRACE - Resolving type for handle ctproperties2c18type
17:31:02.438 [main] TRACE - Resolving type for handle sstf81fdoctype
17:31:02.438 [main] TRACE - Resolving type for handle ctsst44f3type
17:31:02.440 [main] TRACE - Resolving type for handle stylesheet5d8bdoctype
17:31:02.440 [main] TRACE - Resolving type for handle ctstylesheet4257type
17:31:02.461 [main] TRACE - Resolving type for handle ctfont14d8type
17:31:02.473 [main] TRACE - Resolving type for handle ctfontsizeb3b9type
17:31:02.490 [main] TRACE - Resolving type for handle ctcolord2c2type
17:31:02.490 [main] TRACE - Resolving type for handle ctfontname2dc3type
17:31:02.490 [main] TRACE - Resolving type for handle stxstringf179type
17:31:02.490 [main] TRACE - Resolving type for handle ctfontfamily685ctype
17:31:02.490 [main] TRACE - Resolving type for handle stfontfamily9c6ctype
17:31:02.490 [main] TRACE - Resolving type for handle ctfontschemebf5dtype
17:31:02.506 [main] TRACE - Resolving type for handle stfontschemef36dtype
17:31:02.506 [main] TRACE - Resolving type for handle ctfill550ctype
17:31:02.506 [main] TRACE - Resolving type for handle ctpatternfill7452type
17:31:02.506 [main] TRACE - Resolving type for handle stpatterntype7939type
17:31:02.506 [main] TRACE - Resolving type for handle ctborderf935type
17:31:02.506 [main] TRACE - Resolving type for handle ctborderpre497type
17:31:02.523 [main] TRACE - Resolving type for handle ctxf97f7type
17:31:02.523 [main] TRACE - Resolving type for handle stnumfmtid76fbtype
17:31:02.523 [main] TRACE - Resolving type for handle stfontid9d63type
17:31:02.523 [main] TRACE - Resolving type for handle stfillida097type
17:31:02.523 [main] TRACE - Resolving type for handle stborderid1a80type
17:31:02.523 [main] TRACE - Resolving type for handle stcellstylexfid70c7type
17:31:02.539 [main] TRACE - Resolving type for handle ctsheet4dbetype
17:31:02.544 [main] TRACE - Resolving type for handle ctworksheet530dtype
17:31:02.549 [main] TRACE - Resolving type for handle ctsheetformatprdef7type
17:31:02.571 [main] TRACE - Resolving type for handle ctsheetviewsb918type
17:31:02.573 [main] TRACE - Resolving type for handle ctsheetview0f43type
17:31:02.573 [main] TRACE - Resolving type for handle ctsheetdimensiond310type
17:31:02.573 [main] TRACE - Resolving type for handle stref90a2type
17:31:02.573 [main] TRACE - Resolving type for handle ctsheetdata8408type
17:31:02.573 [main] TRACE - Resolving type for handle ctpagemargins5455type
17:31:02.573 [main] TRACE - Resolving type for handle ctcols627ctype
17:31:02.573 [main] TRACE - Resolving type for handle strelationshipid1e94type
17:31:02.589 [main] TRACE - Resolving type for handle ctrowdd39type
17:31:02.589 [main] TRACE - Resolving type for handle ctcell842btype
17:31:02.609 [main] TRACE - Resolving type for handle stcellrefe4e0type
17:31:02.611 [main] TRACE - Resolving type for handle ctrsta472type
17:31:02.611 [main] TRACE - Resolving type for handle stcelltypebf95type
17:31:02.872 [main] DEBUG - Save core properties part
17:31:02.875 [main] DEBUG - Save content types part
17:31:03.039 [main] DEBUG - Save package relationships
17:31:03.039 [main] DEBUG - Save part 'docProps/core.xml'
17:31:03.058 [main] DEBUG - Save part 'xl/sharedStrings.xml'
17:31:03.058 [main] DEBUG - Save part 'xl/styles.xml'
17:31:03.063 [main] DEBUG - Save part 'xl/workbook.xml'
17:31:03.065 [main] DEBUG - Save part 'xl/worksheets/sheet1.xml'
10:53:54.619 [main] INFO  - Goto crm URL 
10:54:01.017 [main] TRACE - Loading type system org.apache.poi.schemas.ooxml.system.ooxml
10:54:01.017 [main] TRACE - Loading type system org.apache.xmlbeans.metadata.system.sXMLCONFIG
10:54:01.017 [main] TRACE - Loading type system org.apache.xmlbeans.metadata.system.sXMLLANG
10:54:01.017 [main] TRACE - Loading type system org.apache.xmlbeans.metadata.system.sXMLSCHEMA
10:54:01.017 [main] TRACE - Loading type system org.apache.xmlbeans.metadata.system.sXMLTOOLS
10:54:01.017 [main] TRACE - Reading unresolved handles for type system org.apache.xmlbeans.metadata.system.sXMLTOOLS
10:54:01.033 [main] TRACE - Finished loading type system org.apache.xmlbeans.metadata.system.sXMLTOOLS
10:54:01.033 [main] TRACE - Reading unresolved handles for type system org.apache.xmlbeans.metadata.system.sXMLSCHEMA
10:54:01.049 [main] TRACE - Finished loading type system org.apache.xmlbeans.metadata.system.sXMLSCHEMA
10:54:01.049 [main] TRACE - Reading unresolved handles for type system org.apache.xmlbeans.metadata.system.sXMLLANG
10:54:01.049 [main] TRACE - Finished loading type system org.apache.xmlbeans.metadata.system.sXMLLANG
10:54:01.049 [main] TRACE - Reading unresolved handles for type system org.apache.xmlbeans.metadata.system.sXMLCONFIG
10:54:01.049 [main] TRACE - Finished loading type system org.apache.xmlbeans.metadata.system.sXMLCONFIG
10:54:01.049 [main] TRACE - Reading unresolved handles for type system org.apache.poi.schemas.ooxml.system.ooxml
10:54:01.100 [main] TRACE - Finished loading type system org.apache.poi.schemas.ooxml.system.ooxml
10:54:01.100 [main] TRACE - Resolving type for handle ctworkbook83c3type
10:54:01.149 [main] TRACE - Resolving type for handle ctworkbookpr03a5type
10:54:01.166 [main] TRACE - Resolving type for handle ctbookviewsb864type
10:54:01.166 [main] TRACE - Resolving type for handle ctbookviewf677type
10:54:01.166 [main] TRACE - Resolving type for handle ctsheets49fdtype
10:54:01.182 [main] TRACE - Resolving type for handle propertiesee84doctype
10:54:01.182 [main] TRACE - Resolving type for handle ctproperties3f10type
10:54:01.199 [main] TRACE - Resolving type for handle properties288cdoctype
10:54:01.199 [main] TRACE - Resolving type for handle ctproperties2c18type
10:54:01.199 [main] TRACE - Resolving type for handle sstf81fdoctype
10:54:01.199 [main] TRACE - Resolving type for handle ctsst44f3type
10:54:01.199 [main] TRACE - Resolving type for handle stylesheet5d8bdoctype
10:54:01.199 [main] TRACE - Resolving type for handle ctstylesheet4257type
10:54:01.216 [main] TRACE - Resolving type for handle ctfont14d8type
10:54:01.216 [main] TRACE - Resolving type for handle ctfontsizeb3b9type
10:54:01.233 [main] TRACE - Resolving type for handle ctcolord2c2type
10:54:01.233 [main] TRACE - Resolving type for handle ctfontname2dc3type
10:54:01.233 [main] TRACE - Resolving type for handle stxstringf179type
10:54:01.233 [main] TRACE - Resolving type for handle ctfontfamily685ctype
10:54:01.233 [main] TRACE - Resolving type for handle stfontfamily9c6ctype
10:54:01.248 [main] TRACE - Resolving type for handle ctfontschemebf5dtype
10:54:01.249 [main] TRACE - Resolving type for handle stfontschemef36dtype
10:54:01.249 [main] TRACE - Resolving type for handle ctfill550ctype
10:54:01.249 [main] TRACE - Resolving type for handle ctpatternfill7452type
10:54:01.249 [main] TRACE - Resolving type for handle stpatterntype7939type
10:54:01.249 [main] TRACE - Resolving type for handle ctborderf935type
10:54:01.249 [main] TRACE - Resolving type for handle ctborderpre497type
10:54:01.266 [main] TRACE - Resolving type for handle ctxf97f7type
10:54:01.266 [main] TRACE - Resolving type for handle stnumfmtid76fbtype
10:54:01.266 [main] TRACE - Resolving type for handle stfontid9d63type
10:54:01.266 [main] TRACE - Resolving type for handle stfillida097type
10:54:01.266 [main] TRACE - Resolving type for handle stborderid1a80type
10:54:01.266 [main] TRACE - Resolving type for handle stcellstylexfid70c7type
10:54:01.282 [main] TRACE - Resolving type for handle ctsheet4dbetype
10:54:01.282 [main] TRACE - Resolving type for handle ctworksheet530dtype
10:54:01.282 [main] TRACE - Resolving type for handle ctsheetformatprdef7type
10:54:01.297 [main] TRACE - Resolving type for handle ctsheetviewsb918type
10:54:01.299 [main] TRACE - Resolving type for handle ctsheetview0f43type
10:54:01.299 [main] TRACE - Resolving type for handle ctsheetdimensiond310type
10:54:01.299 [main] TRACE - Resolving type for handle stref90a2type
10:54:01.299 [main] TRACE - Resolving type for handle ctsheetdata8408type
10:54:01.299 [main] TRACE - Resolving type for handle ctpagemargins5455type
10:54:01.314 [main] TRACE - Resolving type for handle ctcols627ctype
10:54:01.316 [main] TRACE - Resolving type for handle strelationshipid1e94type
10:54:01.316 [main] TRACE - Resolving type for handle ctrowdd39type
10:54:01.316 [main] TRACE - Resolving type for handle ctcell842btype
10:54:01.331 [main] TRACE - Resolving type for handle stcellrefe4e0type
10:54:01.333 [main] TRACE - Resolving type for handle ctrsta472type
10:54:01.333 [main] TRACE - Resolving type for handle stcelltypebf95type
10:54:01.467 [main] DEBUG - Save core properties part
10:54:01.468 [main] DEBUG - Save content types part
10:54:01.574 [main] DEBUG - Save package relationships
10:54:01.578 [main] DEBUG - Save part 'docProps/core.xml'
10:54:01.582 [main] DEBUG - Save part 'xl/sharedStrings.xml'
10:54:01.582 [main] DEBUG - Save part 'xl/styles.xml'
10:54:01.582 [main] DEBUG - Save part 'xl/workbook.xml'
10:54:01.582 [main] DEBUG - Save part 'xl/worksheets/sheet1.xml'
14:16:47.434 [main] INFO  - Goto crm URL 
14:16:54.231 [main] TRACE - Loading type system org.apache.poi.schemas.ooxml.system.ooxml
14:16:54.231 [main] TRACE - Loading type system org.apache.xmlbeans.metadata.system.sXMLCONFIG
14:16:54.231 [main] TRACE - Loading type system org.apache.xmlbeans.metadata.system.sXMLLANG
14:16:54.231 [main] TRACE - Loading type system org.apache.xmlbeans.metadata.system.sXMLSCHEMA
14:16:54.231 [main] TRACE - Loading type system org.apache.xmlbeans.metadata.system.sXMLTOOLS
14:16:54.231 [main] TRACE - Reading unresolved handles for type system org.apache.xmlbeans.metadata.system.sXMLTOOLS
14:16:54.248 [main] TRACE - Finished loading type system org.apache.xmlbeans.metadata.system.sXMLTOOLS
14:16:54.248 [main] TRACE - Reading unresolved handles for type system org.apache.xmlbeans.metadata.system.sXMLSCHEMA
14:16:54.269 [main] TRACE - Finished loading type system org.apache.xmlbeans.metadata.system.sXMLSCHEMA
14:16:54.281 [main] TRACE - Reading unresolved handles for type system org.apache.xmlbeans.metadata.system.sXMLLANG
14:16:54.281 [main] TRACE - Finished loading type system org.apache.xmlbeans.metadata.system.sXMLLANG
14:16:54.281 [main] TRACE - Reading unresolved handles for type system org.apache.xmlbeans.metadata.system.sXMLCONFIG
14:16:54.281 [main] TRACE - Finished loading type system org.apache.xmlbeans.metadata.system.sXMLCONFIG
14:16:54.281 [main] TRACE - Reading unresolved handles for type system org.apache.poi.schemas.ooxml.system.ooxml
14:16:54.347 [main] TRACE - Finished loading type system org.apache.poi.schemas.ooxml.system.ooxml
14:16:54.348 [main] TRACE - Resolving type for handle ctworkbook83c3type
14:16:54.397 [main] TRACE - Resolving type for handle ctworkbookpr03a5type
14:16:54.398 [main] TRACE - Resolving type for handle ctbookviewsb864type
14:16:54.398 [main] TRACE - Resolving type for handle ctbookviewf677type
14:16:54.415 [main] TRACE - Resolving type for handle ctsheets49fdtype
14:16:54.415 [main] TRACE - Resolving type for handle propertiesee84doctype
14:16:54.415 [main] TRACE - Resolving type for handle ctproperties3f10type
