14:47:55.430 [main] TRACE - Resolving type for handle stfontid9d63type
14:47:55.476 [main] TRACE - Resolving type for handle stfillida097type
14:47:55.478 [main] TRACE - Resolving type for handle stborderid1a80type
14:47:55.478 [main] TRACE - Resolving type for handle stcellstylexfid70c7type
14:47:55.485 [main] TRACE - Resolving type for handle ctsheet4dbetype
14:47:55.494 [main] TRACE - Resolving type for handle ctworksheet530dtype
14:47:55.502 [main] TRACE - Resolving type for handle ctsheetformatprdef7type
14:47:55.510 [main] TRACE - Resolving type for handle ctsheetviewsb918type
14:47:55.520 [main] TRACE - Resolving type for handle ctsheetview0f43type
14:47:55.529 [main] TRACE - Resolving type for handle ctsheetdimensiond310type
14:47:55.529 [main] TRACE - Resolving type for handle stref90a2type
14:47:55.535 [main] TRACE - Resolving type for handle ctsheetdata8408type
14:47:55.535 [main] TRACE - Resolving type for handle ctpagemargins5455type
14:47:55.535 [main] TRACE - Resolving type for handle ctcols627ctype
14:47:55.551 [main] TRACE - Resolving type for handle strelationshipid1e94type
14:47:55.551 [main] TRACE - Resolving type for handle ctrowdd39type
14:47:55.564 [main] TRACE - Resolving type for handle ctcell842btype
14:47:55.579 [main] TRACE - Resolving type for handle stcellrefe4e0type
14:47:55.585 [main] TRACE - Resolving type for handle ctrsta472type
14:47:55.590 [main] TRACE - Resolving type for handle stcelltypebf95type
14:47:55.646 [main] DEBUG - Save core properties part
14:47:55.652 [main] DEBUG - Save content types part
14:47:55.818 [main] DEBUG - Save package relationships
14:47:55.822 [main] DEBUG - Save part 'docProps/core.xml'
14:47:55.841 [main] DEBUG - Save part 'xl/sharedStrings.xml'
14:47:55.841 [main] DEBUG - Save part 'xl/styles.xml'
14:47:55.850 [main] DEBUG - Save part 'xl/workbook.xml'
14:47:55.851 [main] DEBUG - Save part 'xl/worksheets/sheet1.xml'
14:48:01.216 [main] DEBUG - Parsing relationship: /xl/_rels/workbook.xml.rels
14:48:01.218 [main] DEBUG - Parsing relationship: /xl/worksheets/_rels/sheet1.xml.rels
14:48:01.224 [main] DEBUG - Parsing relationship: /_rels/.rels
14:48:01.263 [main] TRACE - Resolving type for handle themefd26doctype
14:48:01.310 [main] TRACE - Resolving type for handle ctfonts6623type
14:48:01.314 [main] TRACE - Resolving type for handle ctfills2c6ftype
14:48:01.318 [main] TRACE - Resolving type for handle ctborders0d66type
14:48:01.318 [main] TRACE - Resolving type for handle ctcellxfs1322type
14:48:01.318 [main] TRACE - Resolving type for handle ctcellstylexfsa81ftype
14:48:01.326 [main] TRACE - Resolving type for handle ctdxfsb26atype
14:48:01.326 [main] TRACE - Resolving type for handle cttablestyles872ftype
14:48:01.358 [main] DEBUG - using default POIXMLDocumentPart for http://schemas.openxmlformats.org/officeDocument/2006/relationships/printerSettings
14:48:01.367 [main] TRACE - Resolving type for handle workbookec17doctype
14:48:01.375 [main] TRACE - Resolving type for handle worksheetf539doctype
14:48:01.392 [main] TRACE - Resolving type for handle ctcola95ftype
14:48:01.407 [main] TRACE - Resolving type for handle cthyperlinks6416type
14:48:01.412 [main] TRACE - Resolving type for handle cthyperlink0c85type
14:48:19.625 [main] DEBUG - Save core properties part
14:48:19.625 [main] DEBUG - Save content types part
14:48:19.625 [main] DEBUG - Save package relationships
14:48:19.633 [main] DEBUG - Save part 'docProps/core.xml'
14:48:19.633 [main] DEBUG - Save part 'xl/sharedStrings.xml'
14:48:19.633 [main] DEBUG - Save part 'xl/styles.xml'
14:48:19.633 [main] DEBUG - Save part 'xl/workbook.xml'
14:48:19.638 [main] DEBUG - Save part 'xl/worksheets/sheet1.xml'
14:48:24.931 [main] DEBUG - Parsing relationship: /xl/_rels/workbook.xml.rels
14:48:24.933 [main] DEBUG - Parsing relationship: /xl/worksheets/_rels/sheet1.xml.rels
14:48:24.936 [main] DEBUG - Parsing relationship: /_rels/.rels
14:48:24.959 [main] DEBUG - using default POIXMLDocumentPart for http://schemas.openxmlformats.org/officeDocument/2006/relationships/printerSettings
14:48:43.077 [main] DEBUG - Save core properties part
14:48:43.078 [main] DEBUG - Save content types part
14:48:43.081 [main] DEBUG - Save package relationships
14:48:43.085 [main] DEBUG - Save part 'docProps/core.xml'
14:48:43.089 [main] DEBUG - Save part 'xl/sharedStrings.xml'
14:48:43.089 [main] DEBUG - Save part 'xl/styles.xml'
14:48:43.089 [main] DEBUG - Save part 'xl/workbook.xml'
14:48:43.092 [main] DEBUG - Save part 'xl/worksheets/sheet1.xml'
14:52:52.882 [main] TRACE - Loading type system org.apache.poi.schemas.ooxml.system.ooxml
14:52:52.897 [main] TRACE - Loading type system org.apache.xmlbeans.metadata.system.sXMLCONFIG
14:52:52.897 [main] TRACE - Loading type system org.apache.xmlbeans.metadata.system.sXMLLANG
14:52:52.897 [main] TRACE - Loading type system org.apache.xmlbeans.metadata.system.sXMLSCHEMA
14:52:52.897 [main] TRACE - Loading type system org.apache.xmlbeans.metadata.system.sXMLTOOLS
14:52:52.897 [main] TRACE - Reading unresolved handles for type system org.apache.xmlbeans.metadata.system.sXMLTOOLS
14:52:52.930 [main] TRACE - Finished loading type system org.apache.xmlbeans.metadata.system.sXMLTOOLS
14:52:52.930 [main] TRACE - Reading unresolved handles for type system org.apache.xmlbeans.metadata.system.sXMLSCHEMA
14:52:52.930 [main] TRACE - Finished loading type system org.apache.xmlbeans.metadata.system.sXMLSCHEMA
14:52:52.943 [main] TRACE - Reading unresolved handles for type system org.apache.xmlbeans.metadata.system.sXMLLANG
14:52:52.943 [main] TRACE - Finished loading type system org.apache.xmlbeans.metadata.system.sXMLLANG
14:52:52.948 [main] TRACE - Reading unresolved handles for type system org.apache.xmlbeans.metadata.system.sXMLCONFIG
14:52:52.949 [main] TRACE - Finished loading type system org.apache.xmlbeans.metadata.system.sXMLCONFIG
14:52:52.949 [main] TRACE - Reading unresolved handles for type system org.apache.poi.schemas.ooxml.system.ooxml
14:52:53.046 [main] TRACE - Finished loading type system org.apache.poi.schemas.ooxml.system.ooxml
14:52:53.046 [main] TRACE - Resolving type for handle ctworkbook83c3type
14:52:53.114 [main] TRACE - Resolving type for handle ctworkbookpr03a5type
14:52:53.125 [main] TRACE - Resolving type for handle ctbookviewsb864type
14:52:53.130 [main] TRACE - Resolving type for handle ctbookviewf677type
14:52:53.146 [main] TRACE - Resolving type for handle ctsheets49fdtype
14:52:53.146 [main] TRACE - Resolving type for handle propertiesee84doctype
14:52:53.146 [main] TRACE - Resolving type for handle ctproperties3f10type
14:52:53.164 [main] TRACE - Resolving type for handle properties288cdoctype
14:52:53.164 [main] TRACE - Resolving type for handle ctproperties2c18type
14:52:53.177 [main] TRACE - Resolving type for handle sstf81fdoctype
14:52:53.180 [main] TRACE - Resolving type for handle ctsst44f3type
14:52:53.189 [main] TRACE - Resolving type for handle stylesheet5d8bdoctype
14:52:53.191 [main] TRACE - Resolving type for handle ctstylesheet4257type
14:52:53.199 [main] TRACE - Resolving type for handle ctfont14d8type
14:52:53.200 [main] TRACE - Resolving type for handle ctfontsizeb3b9type
14:52:53.214 [main] TRACE - Resolving type for handle ctcolord2c2type
14:52:53.214 [main] TRACE - Resolving type for handle ctfontname2dc3type
14:52:53.214 [main] TRACE - Resolving type for handle stxstringf179type
14:52:53.230 [main] TRACE - Resolving type for handle ctfontfamily685ctype
14:52:53.230 [main] TRACE - Resolving type for handle stfontfamily9c6ctype
14:52:53.230 [main] TRACE - Resolving type for handle ctfontschemebf5dtype
14:52:53.245 [main] TRACE - Resolving type for handle stfontschemef36dtype
14:52:53.247 [main] TRACE - Resolving type for handle ctfill550ctype
14:52:53.247 [main] TRACE - Resolving type for handle ctpatternfill7452type
14:52:53.247 [main] TRACE - Resolving type for handle stpatterntype7939type
14:52:53.247 [main] TRACE - Resolving type for handle ctborderf935type
14:52:53.263 [main] TRACE - Resolving type for handle ctborderpre497type
14:52:53.270 [main] TRACE - Resolving type for handle ctxf97f7type
14:52:53.277 [main] TRACE - Resolving type for handle stnumfmtid76fbtype
14:52:53.277 [main] TRACE - Resolving type for handle stfontid9d63type
14:52:53.280 [main] TRACE - Resolving type for handle stfillida097type
14:52:53.280 [main] TRACE - Resolving type for handle stborderid1a80type
14:52:53.280 [main] TRACE - Resolving type for handle stcellstylexfid70c7type
14:52:53.280 [main] TRACE - Resolving type for handle ctsheet4dbetype
14:52:53.297 [main] TRACE - Resolving type for handle ctworksheet530dtype
14:52:53.297 [main] TRACE - Resolving type for handle ctsheetformatprdef7type
14:52:53.316 [main] TRACE - Resolving type for handle ctsheetviewsb918type
14:52:53.318 [main] TRACE - Resolving type for handle ctsheetview0f43type
14:52:53.330 [main] TRACE - Resolving type for handle ctsheetdimensiond310type
14:52:53.334 [main] TRACE - Resolving type for handle stref90a2type
14:52:53.336 [main] TRACE - Resolving type for handle ctsheetdata8408type
14:52:53.338 [main] TRACE - Resolving type for handle ctpagemargins5455type
14:52:53.344 [main] TRACE - Resolving type for handle ctcols627ctype
14:52:53.347 [main] TRACE - Resolving type for handle strelationshipid1e94type
14:52:53.347 [main] TRACE - Resolving type for handle ctrowdd39type
14:52:53.356 [main] TRACE - Resolving type for handle ctcell842btype
14:52:53.371 [main] TRACE - Resolving type for handle stcellrefe4e0type
14:52:53.376 [main] TRACE - Resolving type for handle ctrsta472type
14:52:53.383 [main] TRACE - Resolving type for handle stcelltypebf95type
14:52:53.446 [main] DEBUG - Save core properties part
14:52:53.446 [main] DEBUG - Save content types part
14:52:53.613 [main] DEBUG - Save package relationships
14:52:53.613 [main] DEBUG - Save part 'docProps/core.xml'
14:52:53.630 [main] DEBUG - Save part 'xl/sharedStrings.xml'
14:52:53.630 [main] DEBUG - Save part 'xl/styles.xml'
14:52:53.647 [main] DEBUG - Save part 'xl/workbook.xml'
14:52:53.654 [main] DEBUG - Save part 'xl/worksheets/sheet1.xml'
14:52:59.054 [main] DEBUG - Parsing relationship: /xl/_rels/workbook.xml.rels
14:52:59.054 [main] DEBUG - Parsing relationship: /xl/worksheets/_rels/sheet1.xml.rels
14:52:59.054 [main] DEBUG - Parsing relationship: /_rels/.rels
14:52:59.094 [main] TRACE - Resolving type for handle themefd26doctype
14:52:59.128 [main] TRACE - Resolving type for handle ctfonts6623type
14:52:59.145 [main] TRACE - Resolving type for handle ctfills2c6ftype
14:52:59.145 [main] TRACE - Resolving type for handle ctborders0d66type
14:52:59.145 [main] TRACE - Resolving type for handle ctcellxfs1322type
14:52:59.145 [main] TRACE - Resolving type for handle ctcellstylexfsa81ftype
14:52:59.162 [main] TRACE - Resolving type for handle ctdxfsb26atype
14:52:59.163 [main] TRACE - Resolving type for handle cttablestyles872ftype
14:52:59.196 [main] DEBUG - using default POIXMLDocumentPart for http://schemas.openxmlformats.org/officeDocument/2006/relationships/printerSettings
14:52:59.203 [main] TRACE - Resolving type for handle workbookec17doctype
14:52:59.212 [main] TRACE - Resolving type for handle worksheetf539doctype
14:52:59.229 [main] TRACE - Resolving type for handle ctcola95ftype
14:52:59.248 [main] TRACE - Resolving type for handle cthyperlinks6416type
14:52:59.253 [main] TRACE - Resolving type for handle cthyperlink0c85type
14:53:17.589 [main] DEBUG - Save core properties part
14:53:17.592 [main] DEBUG - Save content types part
14:53:17.594 [main] DEBUG - Save package relationships
14:53:17.594 [main] DEBUG - Save part 'docProps/core.xml'
14:53:17.594 [main] DEBUG - Save part 'xl/sharedStrings.xml'
14:53:17.594 [main] DEBUG - Save part 'xl/styles.xml'
14:53:17.594 [main] DEBUG - Save part 'xl/workbook.xml'
14:53:17.594 [main] DEBUG - Save part 'xl/worksheets/sheet1.xml'
14:54:03.464 [main] TRACE - Loading type system org.apache.poi.schemas.ooxml.system.ooxml
14:54:03.474 [main] TRACE - Loading type system org.apache.xmlbeans.metadata.system.sXMLCONFIG
14:54:03.476 [main] TRACE - Loading type system org.apache.xmlbeans.metadata.system.sXMLLANG
14:54:03.478 [main] TRACE - Loading type system org.apache.xmlbeans.metadata.system.sXMLSCHEMA
14:54:03.480 [main] TRACE - Loading type system org.apache.xmlbeans.metadata.system.sXMLTOOLS
14:54:03.480 [main] TRACE - Reading unresolved handles for type system org.apache.xmlbeans.metadata.system.sXMLTOOLS
14:54:03.501 [main] TRACE - Finished loading type system org.apache.xmlbeans.metadata.system.sXMLTOOLS
14:54:03.501 [main] TRACE - Reading unresolved handles for type system org.apache.xmlbeans.metadata.system.sXMLSCHEMA
14:54:03.512 [main] TRACE - Finished loading type system org.apache.xmlbeans.metadata.system.sXMLSCHEMA
14:54:03.517 [main] TRACE - Reading unresolved handles for type system org.apache.xmlbeans.metadata.system.sXMLLANG
14:54:03.519 [main] TRACE - Finished loading type system org.apache.xmlbeans.metadata.system.sXMLLANG
14:54:03.521 [main] TRACE - Reading unresolved handles for type system org.apache.xmlbeans.metadata.system.sXMLCONFIG
14:54:03.523 [main] TRACE - Finished loading type system org.apache.xmlbeans.metadata.system.sXMLCONFIG
14:54:03.525 [main] TRACE - Reading unresolved handles for type system org.apache.poi.schemas.ooxml.system.ooxml
14:54:03.617 [main] TRACE - Finished loading type system org.apache.poi.schemas.ooxml.system.ooxml
14:54:03.624 [main] TRACE - Resolving type for handle ctworkbook83c3type
14:54:03.684 [main] TRACE - Resolving type for handle ctworkbookpr03a5type
14:54:03.701 [main] TRACE - Resolving type for handle ctbookviewsb864type
14:54:03.701 [main] TRACE - Resolving type for handle ctbookviewf677type
14:54:03.718 [main] TRACE - Resolving type for handle ctsheets49fdtype
14:54:03.718 [main] TRACE - Resolving type for handle propertiesee84doctype
14:54:03.718 [main] TRACE - Resolving type for handle ctproperties3f10type
14:54:03.734 [main] TRACE - Resolving type for handle properties288cdoctype
14:54:03.738 [main] TRACE - Resolving type for handle ctproperties2c18type
14:54:03.744 [main] TRACE - Resolving type for handle sstf81fdoctype
14:54:03.750 [main] TRACE - Resolving type for handle ctsst44f3type
14:54:03.751 [main] TRACE - Resolving type for handle stylesheet5d8bdoctype
14:54:03.751 [main] TRACE - Resolving type for handle ctstylesheet4257type
14:54:03.765 [main] TRACE - Resolving type for handle ctfont14d8type
14:54:03.777 [main] TRACE - Resolving type for handle ctfontsizeb3b9type
14:54:03.784 [main] TRACE - Resolving type for handle ctcolord2c2type
14:54:03.784 [main] TRACE - Resolving type for handle ctfontname2dc3type
14:54:03.784 [main] TRACE - Resolving type for handle stxstringf179type
14:54:03.784 [main] TRACE - Resolving type for handle ctfontfamily685ctype
14:54:03.797 [main] TRACE - Resolving type for handle stfontfamily9c6ctype
14:54:03.801 [main] TRACE - Resolving type for handle ctfontschemebf5dtype
14:54:03.801 [main] TRACE - Resolving type for handle stfontschemef36dtype
14:54:03.812 [main] TRACE - Resolving type for handle ctfill550ctype
14:54:03.812 [main] TRACE - Resolving type for handle ctpatternfill7452type
14:54:03.817 [main] TRACE - Resolving type for handle stpatterntype7939type
14:54:03.817 [main] TRACE - Resolving type for handle ctborderf935type
14:54:03.828 [main] TRACE - Resolving type for handle ctborderpre497type
14:54:03.837 [main] TRACE - Resolving type for handle ctxf97f7type
14:54:03.839 [main] TRACE - Resolving type for handle stnumfmtid76fbtype
14:54:03.844 [main] TRACE - Resolving type for handle stfontid9d63type
14:54:03.844 [main] TRACE - Resolving type for handle stfillida097type
14:54:03.844 [main] TRACE - Resolving type for handle stborderid1a80type
14:54:03.851 [main] TRACE - Resolving type for handle stcellstylexfid70c7type
14:54:03.851 [main] TRACE - Resolving type for handle ctsheet4dbetype
14:54:03.860 [main] TRACE - Resolving type for handle ctworksheet530dtype
14:54:03.873 [main] TRACE - Resolving type for handle ctsheetformatprdef7type
14:54:03.884 [main] TRACE - Resolving type for handle ctsheetviewsb918type
14:54:03.884 [main] TRACE - Resolving type for handle ctsheetview0f43type
14:54:03.884 [main] TRACE - Resolving type for handle ctsheetdimensiond310type
14:54:03.901 [main] TRACE - Resolving type for handle stref90a2type
14:54:03.901 [main] TRACE - Resolving type for handle ctsheetdata8408type
14:54:03.901 [main] TRACE - Resolving type for handle ctpagemargins5455type
14:54:03.901 [main] TRACE - Resolving type for handle ctcols627ctype
14:54:03.917 [main] TRACE - Resolving type for handle strelationshipid1e94type
14:54:03.922 [main] TRACE - Resolving type for handle ctrowdd39type
14:54:03.924 [main] TRACE - Resolving type for handle ctcell842btype
14:54:03.934 [main] TRACE - Resolving type for handle stcellrefe4e0type
14:54:03.951 [main] TRACE - Resolving type for handle ctrsta472type
14:54:03.957 [main] TRACE - Resolving type for handle stcelltypebf95type
14:54:04.011 [main] DEBUG - Save core properties part
14:54:04.011 [main] DEBUG - Save content types part
14:54:04.167 [main] DEBUG - Save package relationships
14:54:04.167 [main] DEBUG - Save part 'docProps/core.xml'
14:54:04.190 [main] DEBUG - Save part 'xl/sharedStrings.xml'
14:54:04.193 [main] DEBUG - Save part 'xl/styles.xml'
14:54:04.200 [main] DEBUG - Save part 'xl/workbook.xml'
14:54:04.203 [main] DEBUG - Save part 'xl/worksheets/sheet1.xml'
14:54:09.601 [main] DEBUG - Parsing relationship: /xl/_rels/workbook.xml.rels
14:54:09.603 [main] DEBUG - Parsing relationship: /xl/worksheets/_rels/sheet1.xml.rels
14:54:09.607 [main] DEBUG - Parsing relationship: /_rels/.rels
14:54:09.641 [main] TRACE - Resolving type for handle themefd26doctype
14:54:09.686 [main] TRACE - Resolving type for handle ctfonts6623type
14:54:09.689 [main] TRACE - Resolving type for handle ctfills2c6ftype
14:54:09.696 [main] TRACE - Resolving type for handle ctborders0d66type
14:54:09.698 [main] TRACE - Resolving type for handle ctcellxfs1322type
14:54:09.698 [main] TRACE - Resolving type for handle ctcellstylexfsa81ftype
14:54:09.698 [main] TRACE - Resolving type for handle ctdxfsb26atype
14:54:09.712 [main] TRACE - Resolving type for handle cttablestyles872ftype
14:54:09.745 [main] DEBUG - using default POIXMLDocumentPart for http://schemas.openxmlformats.org/officeDocument/2006/relationships/printerSettings
14:54:09.748 [main] TRACE - Resolving type for handle workbookec17doctype
14:54:09.758 [main] TRACE - Resolving type for handle worksheetf539doctype
14:54:09.768 [main] TRACE - Resolving type for handle ctcola95ftype
14:54:09.783 [main] TRACE - Resolving type for handle cthyperlinks6416type
14:54:09.792 [main] TRACE - Resolving type for handle cthyperlink0c85type
15:00:10.839 [main] TRACE - Loading type system org.apache.poi.schemas.ooxml.system.ooxml
15:00:10.846 [main] TRACE - Loading type system org.apache.xmlbeans.metadata.system.sXMLCONFIG
15:00:10.849 [main] TRACE - Loading type system org.apache.xmlbeans.metadata.system.sXMLLANG
15:00:10.849 [main] TRACE - Loading type system org.apache.xmlbeans.metadata.system.sXMLSCHEMA
15:00:10.849 [main] TRACE - Loading type system org.apache.xmlbeans.metadata.system.sXMLTOOLS
15:00:10.849 [main] TRACE - Reading unresolved handles for type system org.apache.xmlbeans.metadata.system.sXMLTOOLS
15:00:10.868 [main] TRACE - Finished loading type system org.apache.xmlbeans.metadata.system.sXMLTOOLS
15:00:10.877 [main] TRACE - Reading unresolved handles for type system org.apache.xmlbeans.metadata.system.sXMLSCHEMA
15:00:10.882 [main] TRACE - Finished loading type system org.apache.xmlbeans.metadata.system.sXMLSCHEMA
15:00:10.882 [main] TRACE - Reading unresolved handles for type system org.apache.xmlbeans.metadata.system.sXMLLANG
15:00:10.882 [main] TRACE - Finished loading type system org.apache.xmlbeans.metadata.system.sXMLLANG
15:00:10.882 [main] TRACE - Reading unresolved handles for type system org.apache.xmlbeans.metadata.system.sXMLCONFIG
15:00:10.894 [main] TRACE - Finished loading type system org.apache.xmlbeans.metadata.system.sXMLCONFIG
15:00:10.894 [main] TRACE - Reading unresolved handles for type system org.apache.poi.schemas.ooxml.system.ooxml
15:00:11.000 [main] TRACE - Finished loading type system org.apache.poi.schemas.ooxml.system.ooxml
15:00:11.007 [main] TRACE - Resolving type for handle ctworkbook83c3type
15:00:11.077 [main] TRACE - Resolving type for handle ctworkbookpr03a5type
15:00:11.093 [main] TRACE - Resolving type for handle ctbookviewsb864type
15:00:11.098 [main] TRACE - Resolving type for handle ctbookviewf677type
15:00:11.112 [main] TRACE - Resolving type for handle ctsheets49fdtype
15:00:11.115 [main] TRACE - Resolving type for handle propertiesee84doctype
15:00:11.115 [main] TRACE - Resolving type for handle ctproperties3f10type
15:00:11.137 [main] TRACE - Resolving type for handle properties288cdoctype
15:00:11.141 [main] TRACE - Resolving type for handle ctproperties2c18type
15:00:11.149 [main] TRACE - Resolving type for handle sstf81fdoctype
15:00:11.149 [main] TRACE - Resolving type for handle ctsst44f3type
15:00:11.158 [main] TRACE - Resolving type for handle stylesheet5d8bdoctype
15:00:11.164 [main] TRACE - Resolving type for handle ctstylesheet4257type
15:00:11.170 [main] TRACE - Resolving type for handle ctfont14d8type
15:00:11.185 [main] TRACE - Resolving type for handle ctfontsizeb3b9type
15:00:11.191 [main] TRACE - Resolving type for handle ctcolord2c2type
15:00:11.196 [main] TRACE - Resolving type for handle ctfontname2dc3type
15:00:11.199 [main] TRACE - Resolving type for handle stxstringf179type
15:00:11.199 [main] TRACE - Resolving type for handle ctfontfamily685ctype
15:00:11.199 [main] TRACE - Resolving type for handle stfontfamily9c6ctype
15:00:11.199 [main] TRACE - Resolving type for handle ctfontschemebf5dtype
15:00:11.215 [main] TRACE - Resolving type for handle stfontschemef36dtype
15:00:11.215 [main] TRACE - Resolving type for handle ctfill550ctype
15:00:11.222 [main] TRACE - Resolving type for handle ctpatternfill7452type
15:00:11.226 [main] TRACE - Resolving type for handle stpatterntype7939type
15:00:11.231 [main] TRACE - Resolving type for handle ctborderf935type
15:00:11.232 [main] TRACE - Resolving type for handle ctborderpre497type
15:00:11.232 [main] TRACE - Resolving type for handle ctxf97f7type
15:00:11.247 [main] TRACE - Resolving type for handle stnumfmtid76fbtype
15:00:11.249 [main] TRACE - Resolving type for handle stfontid9d63type
15:00:11.252 [main] TRACE - Resolving type for handle stfillida097type
15:00:11.254 [main] TRACE - Resolving type for handle stborderid1a80type
15:00:11.256 [main] TRACE - Resolving type for handle stcellstylexfid70c7type
15:00:11.264 [main] TRACE - Resolving type for handle ctsheet4dbetype
15:00:11.272 [main] TRACE - Resolving type for handle ctworksheet530dtype
15:00:11.276 [main] TRACE - Resolving type for handle ctsheetformatprdef7type
15:00:11.290 [main] TRACE - Resolving type for handle ctsheetviewsb918type
15:00:11.296 [main] TRACE - Resolving type for handle ctsheetview0f43type
15:00:11.308 [main] TRACE - Resolving type for handle ctsheetdimensiond310type
15:00:11.308 [main] TRACE - Resolving type for handle stref90a2type
15:00:11.308 [main] TRACE - Resolving type for handle ctsheetdata8408type
15:00:11.315 [main] TRACE - Resolving type for handle ctpagemargins5455type
15:00:11.324 [main] TRACE - Resolving type for handle ctcols627ctype
15:00:11.332 [main] TRACE - Resolving type for handle strelationshipid1e94type
15:00:11.335 [main] TRACE - Resolving type for handle ctrowdd39type
15:00:11.346 [main] TRACE - Resolving type for handle ctcell842btype
15:00:11.358 [main] TRACE - Resolving type for handle stcellrefe4e0type
15:00:11.362 [main] TRACE - Resolving type for handle ctrsta472type
15:00:11.365 [main] TRACE - Resolving type for handle stcelltypebf95type
15:00:11.426 [main] DEBUG - Save core properties part
15:00:11.426 [main] DEBUG - Save content types part
15:00:11.582 [main] DEBUG - Save package relationships
15:00:11.589 [main] DEBUG - Save part 'docProps/core.xml'
15:00:11.598 [main] DEBUG - Save part 'xl/sharedStrings.xml'
15:00:11.608 [main] DEBUG - Save part 'xl/styles.xml'
15:00:11.615 [main] DEBUG - Save part 'xl/workbook.xml'
15:00:11.615 [main] DEBUG - Save part 'xl/worksheets/sheet1.xml'
15:00:16.979 [main] DEBUG - Parsing relationship: /xl/_rels/workbook.xml.rels
15:00:16.979 [main] DEBUG - Parsing relationship: /xl/worksheets/_rels/sheet1.xml.rels
15:00:16.979 [main] DEBUG - Parsing relationship: /_rels/.rels
15:00:17.013 [main] TRACE - Resolving type for handle themefd26doctype
15:00:17.063 [main] TRACE - Resolving type for handle ctfonts6623type
15:00:17.073 [main] TRACE - Resolving type for handle ctfills2c6ftype
15:00:17.073 [main] TRACE - Resolving type for handle ctborders0d66type
15:00:17.079 [main] TRACE - Resolving type for handle ctcellxfs1322type
15:00:17.079 [main] TRACE - Resolving type for handle ctcellstylexfsa81ftype
15:00:17.089 [main] TRACE - Resolving type for handle ctdxfsb26atype
15:00:17.090 [main] TRACE - Resolving type for handle cttablestyles872ftype
15:00:17.130 [main] DEBUG - using default POIXMLDocumentPart for http://schemas.openxmlformats.org/officeDocument/2006/relationships/printerSettings
15:00:17.130 [main] TRACE - Resolving type for handle workbookec17doctype
15:00:17.136 [main] TRACE - Resolving type for handle worksheetf539doctype
15:00:17.149 [main] TRACE - Resolving type for handle ctcola95ftype
15:00:17.163 [main] TRACE - Resolving type for handle cthyperlinks6416type
15:00:17.176 [main] TRACE - Resolving type for handle cthyperlink0c85type
15:00:47.360 [main] DEBUG - Save core properties part
15:00:47.360 [main] DEBUG - Save content types part
15:00:47.362 [main] DEBUG - Save package relationships
15:00:47.364 [main] DEBUG - Save part 'docProps/core.xml'
15:00:47.367 [main] DEBUG - Save part 'xl/sharedStrings.xml'
15:00:47.367 [main] DEBUG - Save part 'xl/styles.xml'
15:00:47.368 [main] DEBUG - Save part 'xl/workbook.xml'
15:00:47.371 [main] DEBUG - Save part 'xl/worksheets/sheet1.xml'
15:02:59.054 [main] TRACE - Loading type system org.apache.poi.schemas.ooxml.system.ooxml
15:02:59.062 [main] TRACE - Loading type system org.apache.xmlbeans.metadata.system.sXMLCONFIG
15:02:59.062 [main] TRACE - Loading type system org.apache.xmlbeans.metadata.system.sXMLLANG
15:02:59.062 [main] TRACE - Loading type system org.apache.xmlbeans.metadata.system.sXMLSCHEMA
15:02:59.062 [main] TRACE - Loading type system org.apache.xmlbeans.metadata.system.sXMLTOOLS
15:02:59.062 [main] TRACE - Reading unresolved handles for type system org.apache.xmlbeans.metadata.system.sXMLTOOLS
15:02:59.084 [main] TRACE - Finished loading type system org.apache.xmlbeans.metadata.system.sXMLTOOLS
15:02:59.084 [main] TRACE - Reading unresolved handles for type system org.apache.xmlbeans.metadata.system.sXMLSCHEMA
15:02:59.096 [main] TRACE - Finished loading type system org.apache.xmlbeans.metadata.system.sXMLSCHEMA
15:02:59.096 [main] TRACE - Reading unresolved handles for type system org.apache.xmlbeans.metadata.system.sXMLLANG
15:02:59.096 [main] TRACE - Finished loading type system org.apache.xmlbeans.metadata.system.sXMLLANG
15:02:59.096 [main] TRACE - Reading unresolved handles for type system org.apache.xmlbeans.metadata.system.sXMLCONFIG
15:02:59.107 [main] TRACE - Finished loading type system org.apache.xmlbeans.metadata.system.sXMLCONFIG
15:02:59.107 [main] TRACE - Reading unresolved handles for type system org.apache.poi.schemas.ooxml.system.ooxml
15:02:59.195 [main] TRACE - Finished loading type system org.apache.poi.schemas.ooxml.system.ooxml
15:02:59.209 [main] TRACE - Resolving type for handle ctworkbook83c3type
15:02:59.279 [main] TRACE - Resolving type for handle ctworkbookpr03a5type
15:02:59.289 [main] TRACE - Resolving type for handle ctbookviewsb864type
15:02:59.296 [main] TRACE - Resolving type for handle ctbookviewf677type
15:02:59.305 [main] TRACE - Resolving type for handle ctsheets49fdtype
15:02:59.312 [main] TRACE - Resolving type for handle propertiesee84doctype
15:02:59.312 [main] TRACE - Resolving type for handle ctproperties3f10type
15:02:59.328 [main] TRACE - Resolving type for handle properties288cdoctype
15:02:59.333 [main] TRACE - Resolving type for handle ctproperties2c18type
15:02:59.345 [main] TRACE - Resolving type for handle sstf81fdoctype
15:02:59.348 [main] TRACE - Resolving type for handle ctsst44f3type
15:02:59.354 [main] TRACE - Resolving type for handle stylesheet5d8bdoctype
15:02:59.354 [main] TRACE - Resolving type for handle ctstylesheet4257type
15:02:59.365 [main] TRACE - Resolving type for handle ctfont14d8type
15:02:59.377 [main] TRACE - Resolving type for handle ctfontsizeb3b9type
15:02:59.385 [main] TRACE - Resolving type for handle ctcolord2c2type
15:02:59.385 [main] TRACE - Resolving type for handle ctfontname2dc3type
15:02:59.392 [main] TRACE - Resolving type for handle stxstringf179type
15:02:59.396 [main] TRACE - Resolving type for handle ctfontfamily685ctype
15:02:59.399 [main] TRACE - Resolving type for handle stfontfamily9c6ctype
15:02:59.403 [main] TRACE - Resolving type for handle ctfontschemebf5dtype
15:02:59.407 [main] TRACE - Resolving type for handle stfontschemef36dtype
15:02:59.412 [main] TRACE - Resolving type for handle ctfill550ctype
15:02:59.412 [main] TRACE - Resolving type for handle ctpatternfill7452type
15:02:59.412 [main] TRACE - Resolving type for handle stpatterntype7939type
15:02:59.424 [main] TRACE - Resolving type for handle ctborderf935type
15:02:59.429 [main] TRACE - Resolving type for handle ctborderpre497type
15:02:59.436 [main] TRACE - Resolving type for handle ctxf97f7type
15:02:59.440 [main] TRACE - Resolving type for handle stnumfmtid76fbtype
15:02:59.442 [main] TRACE - Resolving type for handle stfontid9d63type
15:02:59.445 [main] TRACE - Resolving type for handle stfillida097type
15:02:59.445 [main] TRACE - Resolving type for handle stborderid1a80type
15:02:59.445 [main] TRACE - Resolving type for handle stcellstylexfid70c7type
15:02:59.456 [main] TRACE - Resolving type for handle ctsheet4dbetype
15:02:59.462 [main] TRACE - Resolving type for handle ctworksheet530dtype
15:02:59.474 [main] TRACE - Resolving type for handle ctsheetformatprdef7type
15:02:59.485 [main] TRACE - Resolving type for handle ctsheetviewsb918type
15:02:59.488 [main] TRACE - Resolving type for handle ctsheetview0f43type
15:02:59.497 [main] TRACE - Resolving type for handle ctsheetdimensiond310type
15:02:59.497 [main] TRACE - Resolving type for handle stref90a2type
15:02:59.497 [main] TRACE - Resolving type for handle ctsheetdata8408type
15:02:59.504 [main] TRACE - Resolving type for handle ctpagemargins5455type
15:02:59.512 [main] TRACE - Resolving type for handle ctcols627ctype
15:02:59.512 [main] TRACE - Resolving type for handle strelationshipid1e94type
15:02:59.512 [main] TRACE - Resolving type for handle ctrowdd39type
15:02:59.529 [main] TRACE - Resolving type for handle ctcell842btype
15:02:59.547 [main] TRACE - Resolving type for handle stcellrefe4e0type
15:02:59.549 [main] TRACE - Resolving type for handle ctrsta472type
15:02:59.549 [main] TRACE - Resolving type for handle stcelltypebf95type
15:02:59.608 [main] DEBUG - Save core properties part
15:02:59.608 [main] DEBUG - Save content types part
15:02:59.766 [main] DEBUG - Save package relationships
15:02:59.774 [main] DEBUG - Save part 'docProps/core.xml'
15:02:59.791 [main] DEBUG - Save part 'xl/sharedStrings.xml'
15:02:59.791 [main] DEBUG - Save part 'xl/styles.xml'
15:02:59.795 [main] DEBUG - Save part 'xl/workbook.xml'
15:02:59.806 [main] DEBUG - Save part 'xl/worksheets/sheet1.xml'
15:03:05.159 [main] DEBUG - Parsing relationship: /xl/_rels/workbook.xml.rels
15:03:05.162 [main] DEBUG - Parsing relationship: /xl/worksheets/_rels/sheet1.xml.rels
15:03:05.166 [main] DEBUG - Parsing relationship: /_rels/.rels
15:03:05.199 [main] TRACE - Resolving type for handle themefd26doctype
15:03:05.246 [main] TRACE - Resolving type for handle ctfonts6623type
15:03:05.248 [main] TRACE - Resolving type for handle ctfills2c6ftype
15:03:05.250 [main] TRACE - Resolving type for handle ctborders0d66type
15:03:05.250 [main] TRACE - Resolving type for handle ctcellxfs1322type
15:03:05.259 [main] TRACE - Resolving type for handle ctcellstylexfsa81ftype
15:03:05.260 [main] TRACE - Resolving type for handle ctdxfsb26atype
15:03:05.260 [main] TRACE - Resolving type for handle cttablestyles872ftype
15:03:05.299 [main] DEBUG - using default POIXMLDocumentPart for http://schemas.openxmlformats.org/officeDocument/2006/relationships/printerSettings
15:03:05.299 [main] TRACE - Resolving type for handle workbookec17doctype
15:03:05.310 [main] TRACE - Resolving type for handle worksheetf539doctype
15:03:05.331 [main] TRACE - Resolving type for handle ctcola95ftype
15:03:05.348 [main] TRACE - Resolving type for handle cthyperlinks6416type
15:03:05.348 [main] TRACE - Resolving type for handle cthyperlink0c85type
15:03:35.584 [main] DEBUG - Save core properties part
15:03:35.584 [main] DEBUG - Save content types part
15:03:35.584 [main] DEBUG - Save package relationships
15:03:35.598 [main] DEBUG - Save part 'docProps/core.xml'
15:03:35.600 [main] DEBUG - Save part 'xl/sharedStrings.xml'
15:03:35.600 [main] DEBUG - Save part 'xl/styles.xml'
15:03:35.600 [main] DEBUG - Save part 'xl/workbook.xml'
15:03:35.600 [main] DEBUG - Save part 'xl/worksheets/sheet1.xml'
15:03:40.914 [main] DEBUG - Parsing relationship: /xl/_rels/workbook.xml.rels
15:03:40.916 [main] DEBUG - Parsing relationship: /xl/worksheets/_rels/sheet1.xml.rels
15:03:40.918 [main] DEBUG - Parsing relationship: /_rels/.rels
15:03:40.940 [main] DEBUG - using default POIXMLDocumentPart for http://schemas.openxmlformats.org/officeDocument/2006/relationships/printerSettings
15:04:08.050 [main] DEBUG - Save core properties part
15:04:08.050 [main] DEBUG - Save content types part
15:04:08.063 [main] DEBUG - Save package relationships
15:04:08.068 [main] DEBUG - Save part 'docProps/core.xml'
15:04:08.070 [main] DEBUG - Save part 'xl/sharedStrings.xml'
15:04:08.070 [main] DEBUG - Save part 'xl/styles.xml'
15:04:08.070 [main] DEBUG - Save part 'xl/workbook.xml'
15:04:08.070 [main] DEBUG - Save part 'xl/worksheets/sheet1.xml'
15:04:14.186 [main] DEBUG - Save core properties part
15:04:14.194 [main] DEBUG - Save content types part
15:04:14.203 [main] DEBUG - Save package relationships
15:04:14.207 [main] DEBUG - Save part 'docProps/core.xml'
15:04:14.216 [main] DEBUG - Save part 'xl/sharedStrings.xml'
15:04:14.218 [main] DEBUG - Save part 'xl/styles.xml'
15:04:14.218 [main] DEBUG - Save part 'xl/workbook.xml'
15:04:14.220 [main] DEBUG - Save part 'xl/worksheets/sheet1.xml'
15:09:04.666 [main] TRACE - Loading type system org.apache.poi.schemas.ooxml.system.ooxml
15:09:04.678 [main] TRACE - Loading type system org.apache.xmlbeans.metadata.system.sXMLCONFIG
15:09:04.678 [main] TRACE - Loading type system org.apache.xmlbeans.metadata.system.sXMLLANG
15:09:04.678 [main] TRACE - Loading type system org.apache.xmlbeans.metadata.system.sXMLSCHEMA
15:09:04.678 [main] TRACE - Loading type system org.apache.xmlbeans.metadata.system.sXMLTOOLS
15:09:04.678 [main] TRACE - Reading unresolved handles for type system org.apache.xmlbeans.metadata.system.sXMLTOOLS
15:09:04.702 [main] TRACE - Finished loading type system org.apache.xmlbeans.metadata.system.sXMLTOOLS
15:09:04.702 [main] TRACE - Reading unresolved handles for type system org.apache.xmlbeans.metadata.system.sXMLSCHEMA
15:09:04.712 [main] TRACE - Finished loading type system org.apache.xmlbeans.metadata.system.sXMLSCHEMA
15:09:04.712 [main] TRACE - Reading unresolved handles for type system org.apache.xmlbeans.metadata.system.sXMLLANG
15:09:04.712 [main] TRACE - Finished loading type system org.apache.xmlbeans.metadata.system.sXMLLANG
15:09:04.712 [main] TRACE - Reading unresolved handles for type system org.apache.xmlbeans.metadata.system.sXMLCONFIG
15:09:04.712 [main] TRACE - Finished loading type system org.apache.xmlbeans.metadata.system.sXMLCONFIG
15:09:04.725 [main] TRACE - Reading unresolved handles for type system org.apache.poi.schemas.ooxml.system.ooxml
15:09:04.821 [main] TRACE - Finished loading type system org.apache.poi.schemas.ooxml.system.ooxml
15:09:04.821 [main] TRACE - Resolving type for handle ctworkbook83c3type
15:09:04.900 [main] TRACE - Resolving type for handle ctworkbookpr03a5type
15:09:04.913 [main] TRACE - Resolving type for handle ctbookviewsb864type
15:09:04.921 [main] TRACE - Resolving type for handle ctbookviewf677type
15:09:04.927 [main] TRACE - Resolving type for handle ctsheets49fdtype
15:09:04.927 [main] TRACE - Resolving type for handle propertiesee84doctype
15:09:04.939 [main] TRACE - Resolving type for handle ctproperties3f10type
15:09:04.944 [main] TRACE - Resolving type for handle properties288cdoctype
15:09:04.955 [main] TRACE - Resolving type for handle ctproperties2c18type
15:09:04.960 [main] TRACE - Resolving type for handle sstf81fdoctype
15:09:04.960 [main] TRACE - Resolving type for handle ctsst44f3type
15:09:04.971 [main] TRACE - Resolving type for handle stylesheet5d8bdoctype
15:09:04.977 [main] TRACE - Resolving type for handle ctstylesheet4257type
15:09:04.977 [main] TRACE - Resolving type for handle ctfont14d8type
15:09:04.995 [main] TRACE - Resolving type for handle ctfontsizeb3b9type
15:09:04.995 [main] TRACE - Resolving type for handle ctcolord2c2type
15:09:05.003 [main] TRACE - Resolving type for handle ctfontname2dc3type
15:09:05.003 [main] TRACE - Resolving type for handle stxstringf179type
15:09:05.011 [main] TRACE - Resolving type for handle ctfontfamily685ctype
15:09:05.011 [main] TRACE - Resolving type for handle stfontfamily9c6ctype
15:09:05.019 [main] TRACE - Resolving type for handle ctfontschemebf5dtype
15:09:05.019 [main] TRACE - Resolving type for handle stfontschemef36dtype
15:09:05.027 [main] TRACE - Resolving type for handle ctfill550ctype
15:09:05.027 [main] TRACE - Resolving type for handle ctpatternfill7452type
15:09:05.027 [main] TRACE - Resolving type for handle stpatterntype7939type
15:09:05.038 [main] TRACE - Resolving type for handle ctborderf935type
15:09:05.042 [main] TRACE - Resolving type for handle ctborderpre497type
15:09:05.044 [main] TRACE - Resolving type for handle ctxf97f7type
15:09:05.044 [main] TRACE - Resolving type for handle stnumfmtid76fbtype
15:09:05.044 [main] TRACE - Resolving type for handle stfontid9d63type
15:09:05.044 [main] TRACE - Resolving type for handle stfillida097type
15:09:05.060 [main] TRACE - Resolving type for handle stborderid1a80type
15:09:05.061 [main] TRACE - Resolving type for handle stcellstylexfid70c7type
15:09:05.068 [main] TRACE - Resolving type for handle ctsheet4dbetype
15:09:05.080 [main] TRACE - Resolving type for handle ctworksheet530dtype
15:09:05.095 [main] TRACE - Resolving type for handle ctsheetformatprdef7type
15:09:05.104 [main] TRACE - Resolving type for handle ctsheetviewsb918type
15:09:05.106 [main] TRACE - Resolving type for handle ctsheetview0f43type
15:09:05.110 [main] TRACE - Resolving type for handle ctsheetdimensiond310type
15:09:05.110 [main] TRACE - Resolving type for handle stref90a2type
15:09:05.122 [main] TRACE - Resolving type for handle ctsheetdata8408type
15:09:05.124 [main] TRACE - Resolving type for handle ctpagemargins5455type
15:09:05.132 [main] TRACE - Resolving type for handle ctcols627ctype
15:09:05.136 [main] TRACE - Resolving type for handle strelationshipid1e94type
15:09:05.138 [main] TRACE - Resolving type for handle ctrowdd39type
15:09:05.144 [main] TRACE - Resolving type for handle ctcell842btype
15:09:05.161 [main] TRACE - Resolving type for handle stcellrefe4e0type
15:09:05.161 [main] TRACE - Resolving type for handle ctrsta472type
15:09:05.170 [main] TRACE - Resolving type for handle stcelltypebf95type
15:09:05.227 [main] DEBUG - Save core properties part
15:09:05.227 [main] DEBUG - Save content types part
15:09:05.389 [main] DEBUG - Save package relationships
15:09:05.396 [main] DEBUG - Save part 'docProps/core.xml'
15:09:05.411 [main] DEBUG - Save part 'xl/sharedStrings.xml'
15:09:05.411 [main] DEBUG - Save part 'xl/styles.xml'
15:09:05.421 [main] DEBUG - Save part 'xl/workbook.xml'
15:09:05.424 [main] DEBUG - Save part 'xl/worksheets/sheet1.xml'
15:09:10.741 [main] DEBUG - Parsing relationship: /xl/_rels/workbook.xml.rels
15:09:10.741 [main] DEBUG - Parsing relationship: /xl/worksheets/_rels/sheet1.xml.rels
15:09:10.752 [main] DEBUG - Parsing relationship: /_rels/.rels
15:09:10.784 [main] TRACE - Resolving type for handle themefd26doctype
15:09:10.825 [main] TRACE - Resolving type for handle ctfonts6623type
15:09:10.825 [main] TRACE - Resolving type for handle ctfills2c6ftype
15:09:10.825 [main] TRACE - Resolving type for handle ctborders0d66type
15:09:10.825 [main] TRACE - Resolving type for handle ctcellxfs1322type
15:09:10.841 [main] TRACE - Resolving type for handle ctcellstylexfsa81ftype
15:09:10.841 [main] TRACE - Resolving type for handle ctdxfsb26atype
15:09:10.849 [main] TRACE - Resolving type for handle cttablestyles872ftype
15:09:10.882 [main] DEBUG - using default POIXMLDocumentPart for http://schemas.openxmlformats.org/officeDocument/2006/relationships/printerSettings
15:09:10.884 [main] TRACE - Resolving type for handle workbookec17doctype
15:09:10.891 [main] TRACE - Resolving type for handle worksheetf539doctype
15:09:10.908 [main] TRACE - Resolving type for handle ctcola95ftype
15:09:10.924 [main] TRACE - Resolving type for handle cthyperlinks6416type
15:09:10.928 [main] TRACE - Resolving type for handle cthyperlink0c85type
15:09:41.211 [main] DEBUG - Save core properties part
15:09:41.211 [main] DEBUG - Save content types part
15:09:41.216 [main] DEBUG - Save package relationships
15:09:41.219 [main] DEBUG - Save part 'docProps/core.xml'
15:09:41.222 [main] DEBUG - Save part 'xl/sharedStrings.xml'
15:09:41.222 [main] DEBUG - Save part 'xl/styles.xml'
15:09:41.222 [main] DEBUG - Save part 'xl/workbook.xml'
15:09:41.224 [main] DEBUG - Save part 'xl/worksheets/sheet1.xml'
15:19:45.654 [main] TRACE - Loading type system org.apache.poi.schemas.ooxml.system.ooxml
15:19:45.664 [main] TRACE - Loading type system org.apache.xmlbeans.metadata.system.sXMLCONFIG
15:19:45.666 [main] TRACE - Loading type system org.apache.xmlbeans.metadata.system.sXMLLANG
15:19:45.668 [main] TRACE - Loading type system org.apache.xmlbeans.metadata.system.sXMLSCHEMA
15:19:45.668 [main] TRACE - Loading type system org.apache.xmlbeans.metadata.system.sXMLTOOLS
15:19:45.672 [main] TRACE - Reading unresolved handles for type system org.apache.xmlbeans.metadata.system.sXMLTOOLS
15:19:45.693 [main] TRACE - Finished loading type system org.apache.xmlbeans.metadata.system.sXMLTOOLS
15:19:45.695 [main] TRACE - Reading unresolved handles for type system org.apache.xmlbeans.metadata.system.sXMLSCHEMA
15:19:45.705 [main] TRACE - Finished loading type system org.apache.xmlbeans.metadata.system.sXMLSCHEMA
15:19:45.706 [main] TRACE - Reading unresolved handles for type system org.apache.xmlbeans.metadata.system.sXMLLANG
15:19:45.710 [main] TRACE - Finished loading type system org.apache.xmlbeans.metadata.system.sXMLLANG
15:19:45.711 [main] TRACE - Reading unresolved handles for type system org.apache.xmlbeans.metadata.system.sXMLCONFIG
15:19:45.714 [main] TRACE - Finished loading type system org.apache.xmlbeans.metadata.system.sXMLCONFIG
15:19:45.716 [main] TRACE - Reading unresolved handles for type system org.apache.poi.schemas.ooxml.system.ooxml
15:19:45.809 [main] TRACE - Finished loading type system org.apache.poi.schemas.ooxml.system.ooxml
15:19:45.813 [main] TRACE - Resolving type for handle ctworkbook83c3type
15:19:45.888 [main] TRACE - Resolving type for handle ctworkbookpr03a5type
15:19:45.904 [main] TRACE - Resolving type for handle ctbookviewsb864type
15:19:45.908 [main] TRACE - Resolving type for handle ctbookviewf677type
15:19:45.919 [main] TRACE - Resolving type for handle ctsheets49fdtype
15:19:45.925 [main] TRACE - Resolving type for handle propertiesee84doctype
15:19:45.928 [main] TRACE - Resolving type for handle ctproperties3f10type
15:19:45.940 [main] TRACE - Resolving type for handle properties288cdoctype
15:19:45.943 [main] TRACE - Resolving type for handle ctproperties2c18type
15:19:45.953 [main] TRACE - Resolving type for handle sstf81fdoctype
15:19:45.956 [main] TRACE - Resolving type for handle ctsst44f3type
15:19:45.964 [main] TRACE - Resolving type for handle stylesheet5d8bdoctype
15:19:45.967 [main] TRACE - Resolving type for handle ctstylesheet4257type
15:19:45.972 [main] TRACE - Resolving type for handle ctfont14d8type
15:19:45.986 [main] TRACE - Resolving type for handle ctfontsizeb3b9type
15:19:45.992 [main] TRACE - Resolving type for handle ctcolord2c2type
15:19:45.996 [main] TRACE - Resolving type for handle ctfontname2dc3type
15:19:45.998 [main] TRACE - Resolving type for handle stxstringf179type
15:19:46.001 [main] TRACE - Resolving type for handle ctfontfamily685ctype
15:19:46.004 [main] TRACE - Resolving type for handle stfontfamily9c6ctype
15:19:46.008 [main] TRACE - Resolving type for handle ctfontschemebf5dtype
15:19:46.011 [main] TRACE - Resolving type for handle stfontschemef36dtype
15:19:46.017 [main] TRACE - Resolving type for handle ctfill550ctype
15:19:46.019 [main] TRACE - Resolving type for handle ctpatternfill7452type
15:19:46.023 [main] TRACE - Resolving type for handle stpatterntype7939type
15:19:46.027 [main] TRACE - Resolving type for handle ctborderf935type
15:19:46.032 [main] TRACE - Resolving type for handle ctborderpre497type
15:19:46.039 [main] TRACE - Resolving type for handle ctxf97f7type
15:19:46.045 [main] TRACE - Resolving type for handle stnumfmtid76fbtype
15:19:46.047 [main] TRACE - Resolving type for handle stfontid9d63type
15:19:46.048 [main] TRACE - Resolving type for handle stfillida097type
15:19:46.051 [main] TRACE - Resolving type for handle stborderid1a80type
15:19:46.053 [main] TRACE - Resolving type for handle stcellstylexfid70c7type
15:19:46.061 [main] TRACE - Resolving type for handle ctsheet4dbetype
15:19:46.069 [main] TRACE - Resolving type for handle ctworksheet530dtype
15:19:46.079 [main] TRACE - Resolving type for handle ctsheetformatprdef7type
15:19:46.089 [main] TRACE - Resolving type for handle ctsheetviewsb918type
15:19:46.094 [main] TRACE - Resolving type for handle ctsheetview0f43type
15:19:46.103 [main] TRACE - Resolving type for handle ctsheetdimensiond310type
15:19:46.107 [main] TRACE - Resolving type for handle stref90a2type
15:19:46.109 [main] TRACE - Resolving type for handle ctsheetdata8408type
15:19:46.114 [main] TRACE - Resolving type for handle ctpagemargins5455type
15:19:46.123 [main] TRACE - Resolving type for handle ctcols627ctype
15:19:46.128 [main] TRACE - Resolving type for handle strelationshipid1e94type
15:19:46.130 [main] TRACE - Resolving type for handle ctrowdd39type
15:19:46.141 [main] TRACE - Resolving type for handle ctcell842btype
15:19:46.155 [main] TRACE - Resolving type for handle stcellrefe4e0type
15:19:46.160 [main] TRACE - Resolving type for handle ctrsta472type
15:19:46.165 [main] TRACE - Resolving type for handle stcelltypebf95type
15:19:46.218 [main] DEBUG - Save core properties part
15:19:46.220 [main] DEBUG - Save content types part
15:19:46.378 [main] DEBUG - Save package relationships
15:19:46.388 [main] DEBUG - Save part 'docProps/core.xml'
15:19:46.406 [main] DEBUG - Save part 'xl/sharedStrings.xml'
15:19:46.406 [main] DEBUG - Save part 'xl/styles.xml'
15:19:46.424 [main] DEBUG - Save part 'xl/workbook.xml'
15:19:46.428 [main] DEBUG - Save part 'xl/worksheets/sheet1.xml'
15:19:51.865 [main] DEBUG - Parsing relationship: /xl/_rels/workbook.xml.rels
15:19:51.868 [main] DEBUG - Parsing relationship: /xl/worksheets/_rels/sheet1.xml.rels
15:19:51.870 [main] DEBUG - Parsing relationship: /_rels/.rels
15:19:51.909 [main] TRACE - Resolving type for handle themefd26doctype
15:19:51.952 [main] TRACE - Resolving type for handle ctfonts6623type
15:19:51.956 [main] TRACE - Resolving type for handle ctfills2c6ftype
15:19:51.960 [main] TRACE - Resolving type for handle ctborders0d66type
15:19:51.963 [main] TRACE - Resolving type for handle ctcellxfs1322type
15:19:51.967 [main] TRACE - Resolving type for handle ctcellstylexfsa81ftype
15:19:51.971 [main] TRACE - Resolving type for handle ctdxfsb26atype
15:19:51.975 [main] TRACE - Resolving type for handle cttablestyles872ftype
15:19:52.011 [main] DEBUG - using default POIXMLDocumentPart for http://schemas.openxmlformats.org/officeDocument/2006/relationships/printerSettings
15:19:52.013 [main] TRACE - Resolving type for handle workbookec17doctype
15:19:52.022 [main] TRACE - Resolving type for handle worksheetf539doctype
15:19:52.040 [main] TRACE - Resolving type for handle ctcola95ftype
15:19:52.055 [main] TRACE - Resolving type for handle cthyperlinks6416type
15:19:52.059 [main] TRACE - Resolving type for handle cthyperlink0c85type
15:20:22.458 [main] DEBUG - Save core properties part
15:20:22.460 [main] DEBUG - Save content types part
15:20:22.464 [main] DEBUG - Save package relationships
15:20:22.466 [main] DEBUG - Save part 'docProps/core.xml'
15:20:22.470 [main] DEBUG - Save part 'xl/sharedStrings.xml'
