17:29:02.570 [main] TRACE - Resolving type for handle stref90a2type
17:29:02.587 [main] TRACE - Resolving type for handle ctsheetdata8408type
17:29:02.587 [main] TRACE - Resolving type for handle ctpagemargins5455type
17:29:02.587 [main] TRACE - Resolving type for handle ctcols627ctype
17:29:02.587 [main] TRACE - Resolving type for handle strelationshipid1e94type
17:29:02.587 [main] TRACE - Resolving type for handle ctrowdd39type
17:29:02.587 [main] TRACE - Resolving type for handle ctcell842btype
17:29:02.604 [main] TRACE - Resolving type for handle stcellrefe4e0type
17:29:02.604 [main] TRACE - Resolving type for handle ctrsta472type
17:29:02.604 [main] TRACE - Resolving type for handle stcelltypebf95type
17:29:02.770 [main] DEBUG - Save core properties part
17:29:02.770 [main] DEBUG - Save content types part
17:29:02.936 [main] DEBUG - Save package relationships
17:29:02.941 [main] DEBUG - Save part 'docProps/core.xml'
17:29:02.954 [main] DEBUG - Save part 'xl/sharedStrings.xml'
17:29:02.954 [main] DEBUG - Save part 'xl/styles.xml'
17:29:02.970 [main] DEBUG - Save part 'xl/workbook.xml'
17:29:02.970 [main] DEBUG - Save part 'xl/worksheets/sheet1.xml'
14:02:40.773 [main] INFO  - Goto crm URL 
14:02:47.690 [main] TRACE - Loading type system org.apache.poi.schemas.ooxml.system.ooxml
14:02:47.699 [main] TRACE - Loading type system org.apache.xmlbeans.metadata.system.sXMLCONFIG
14:02:47.699 [main] TRACE - Loading type system org.apache.xmlbeans.metadata.system.sXMLLANG
14:02:47.699 [main] TRACE - Loading type system org.apache.xmlbeans.metadata.system.sXMLSCHEMA
14:02:47.708 [main] TRACE - Loading type system org.apache.xmlbeans.metadata.system.sXMLTOOLS
14:02:47.708 [main] TRACE - Reading unresolved handles for type system org.apache.xmlbeans.metadata.system.sXMLTOOLS
14:02:47.732 [main] TRACE - Finished loading type system org.apache.xmlbeans.metadata.system.sXMLTOOLS
14:02:47.732 [main] TRACE - Reading unresolved handles for type system org.apache.xmlbeans.metadata.system.sXMLSCHEMA
14:02:47.743 [main] TRACE - Finished loading type system org.apache.xmlbeans.metadata.system.sXMLSCHEMA
14:02:47.745 [main] TRACE - Reading unresolved handles for type system org.apache.xmlbeans.metadata.system.sXMLLANG
14:02:47.748 [main] TRACE - Finished loading type system org.apache.xmlbeans.metadata.system.sXMLLANG
14:02:47.753 [main] TRACE - Reading unresolved handles for type system org.apache.xmlbeans.metadata.system.sXMLCONFIG
14:02:47.756 [main] TRACE - Finished loading type system org.apache.xmlbeans.metadata.system.sXMLCONFIG
14:02:47.757 [main] TRACE - Reading unresolved handles for type system org.apache.poi.schemas.ooxml.system.ooxml
14:02:47.852 [main] TRACE - Finished loading type system org.apache.poi.schemas.ooxml.system.ooxml
14:02:47.859 [main] TRACE - Resolving type for handle ctworkbook83c3type
14:02:47.950 [main] TRACE - Resolving type for handle ctworkbookpr03a5type
14:02:47.970 [main] TRACE - Resolving type for handle ctbookviewsb864type
14:02:47.975 [main] TRACE - Resolving type for handle ctbookviewf677type
14:02:47.987 [main] TRACE - Resolving type for handle ctsheets49fdtype
14:02:47.997 [main] TRACE - Resolving type for handle propertiesee84doctype
14:02:48.003 [main] TRACE - Resolving type for handle ctproperties3f10type
14:02:48.011 [main] TRACE - Resolving type for handle properties288cdoctype
14:02:48.011 [main] TRACE - Resolving type for handle ctproperties2c18type
14:02:48.030 [main] TRACE - Resolving type for handle sstf81fdoctype
14:02:48.030 [main] TRACE - Resolving type for handle ctsst44f3type
14:02:48.039 [main] TRACE - Resolving type for handle stylesheet5d8bdoctype
14:02:48.044 [main] TRACE - Resolving type for handle ctstylesheet4257type
14:02:48.053 [main] TRACE - Resolving type for handle ctfont14d8type
14:02:48.068 [main] TRACE - Resolving type for handle ctfontsizeb3b9type
14:02:48.069 [main] TRACE - Resolving type for handle ctcolord2c2type
14:02:48.083 [main] TRACE - Resolving type for handle ctfontname2dc3type
14:02:48.086 [main] TRACE - Resolving type for handle stxstringf179type
14:02:48.086 [main] TRACE - Resolving type for handle ctfontfamily685ctype
14:02:48.096 [main] TRACE - Resolving type for handle stfontfamily9c6ctype
14:02:48.102 [main] TRACE - Resolving type for handle ctfontschemebf5dtype
14:02:48.109 [main] TRACE - Resolving type for handle stfontschemef36dtype
14:02:48.113 [main] TRACE - Resolving type for handle ctfill550ctype
14:02:48.118 [main] TRACE - Resolving type for handle ctpatternfill7452type
14:02:48.124 [main] TRACE - Resolving type for handle stpatterntype7939type
14:02:48.129 [main] TRACE - Resolving type for handle ctborderf935type
14:02:48.134 [main] TRACE - Resolving type for handle ctborderpre497type
14:02:48.144 [main] TRACE - Resolving type for handle ctxf97f7type
14:02:48.146 [main] TRACE - Resolving type for handle stnumfmtid76fbtype
14:02:48.152 [main] TRACE - Resolving type for handle stfontid9d63type
14:02:48.154 [main] TRACE - Resolving type for handle stfillida097type
14:02:48.157 [main] TRACE - Resolving type for handle stborderid1a80type
14:02:48.162 [main] TRACE - Resolving type for handle stcellstylexfid70c7type
14:02:48.173 [main] TRACE - Resolving type for handle ctsheet4dbetype
14:02:48.185 [main] TRACE - Resolving type for handle ctworksheet530dtype
14:02:48.196 [main] TRACE - Resolving type for handle ctsheetformatprdef7type
14:02:48.202 [main] TRACE - Resolving type for handle ctsheetviewsb918type
14:02:48.207 [main] TRACE - Resolving type for handle ctsheetview0f43type
14:02:48.217 [main] TRACE - Resolving type for handle ctsheetdimensiond310type
14:02:48.218 [main] TRACE - Resolving type for handle stref90a2type
14:02:48.218 [main] TRACE - Resolving type for handle ctsheetdata8408type
14:02:48.227 [main] TRACE - Resolving type for handle ctpagemargins5455type
14:02:48.235 [main] TRACE - Resolving type for handle ctcols627ctype
14:02:48.244 [main] TRACE - Resolving type for handle strelationshipid1e94type
14:02:48.244 [main] TRACE - Resolving type for handle ctrowdd39type
14:02:48.258 [main] TRACE - Resolving type for handle ctcell842btype
14:02:48.268 [main] TRACE - Resolving type for handle stcellrefe4e0type
14:02:48.278 [main] TRACE - Resolving type for handle ctrsta472type
14:02:48.286 [main] TRACE - Resolving type for handle stcelltypebf95type
14:02:48.574 [main] DEBUG - Save core properties part
14:02:48.574 [main] DEBUG - Save content types part
14:02:48.741 [main] DEBUG - Save package relationships
14:02:48.750 [main] DEBUG - Save part 'docProps/core.xml'
14:02:48.765 [main] DEBUG - Save part 'xl/sharedStrings.xml'
14:02:48.765 [main] DEBUG - Save part 'xl/styles.xml'
14:02:48.773 [main] DEBUG - Save part 'xl/workbook.xml'
14:02:48.776 [main] DEBUG - Save part 'xl/worksheets/sheet1.xml'
15:16:11.346 [main] INFO  - Goto crm URL 
15:16:18.010 [main] TRACE - Loading type system org.apache.poi.schemas.ooxml.system.ooxml
15:16:18.026 [main] TRACE - Loading type system org.apache.xmlbeans.metadata.system.sXMLCONFIG
15:16:18.027 [main] TRACE - Loading type system org.apache.xmlbeans.metadata.system.sXMLLANG
15:16:18.027 [main] TRACE - Loading type system org.apache.xmlbeans.metadata.system.sXMLSCHEMA
15:16:18.027 [main] TRACE - Loading type system org.apache.xmlbeans.metadata.system.sXMLTOOLS
15:16:18.027 [main] TRACE - Reading unresolved handles for type system org.apache.xmlbeans.metadata.system.sXMLTOOLS
15:16:18.027 [main] TRACE - Finished loading type system org.apache.xmlbeans.metadata.system.sXMLTOOLS
15:16:18.043 [main] TRACE - Reading unresolved handles for type system org.apache.xmlbeans.metadata.system.sXMLSCHEMA
15:16:18.043 [main] TRACE - Finished loading type system org.apache.xmlbeans.metadata.system.sXMLSCHEMA
15:16:18.043 [main] TRACE - Reading unresolved handles for type system org.apache.xmlbeans.metadata.system.sXMLLANG
15:16:18.043 [main] TRACE - Finished loading type system org.apache.xmlbeans.metadata.system.sXMLLANG
15:16:18.043 [main] TRACE - Reading unresolved handles for type system org.apache.xmlbeans.metadata.system.sXMLCONFIG
15:16:18.043 [main] TRACE - Finished loading type system org.apache.xmlbeans.metadata.system.sXMLCONFIG
15:16:18.043 [main] TRACE - Reading unresolved handles for type system org.apache.poi.schemas.ooxml.system.ooxml
15:16:18.126 [main] TRACE - Finished loading type system org.apache.poi.schemas.ooxml.system.ooxml
15:16:18.126 [main] TRACE - Resolving type for handle ctworkbook83c3type
15:16:18.176 [main] TRACE - Resolving type for handle ctworkbookpr03a5type
15:16:18.200 [main] TRACE - Resolving type for handle ctbookviewsb864type
15:16:18.200 [main] TRACE - Resolving type for handle ctbookviewf677type
15:16:18.210 [main] TRACE - Resolving type for handle ctsheets49fdtype
15:16:18.210 [main] TRACE - Resolving type for handle propertiesee84doctype
15:16:18.210 [main] TRACE - Resolving type for handle ctproperties3f10type
15:16:18.226 [main] TRACE - Resolving type for handle properties288cdoctype
15:16:18.226 [main] TRACE - Resolving type for handle ctproperties2c18type
15:16:18.226 [main] TRACE - Resolving type for handle sstf81fdoctype
15:16:18.226 [main] TRACE - Resolving type for handle ctsst44f3type
15:16:18.243 [main] TRACE - Resolving type for handle stylesheet5d8bdoctype
15:16:18.243 [main] TRACE - Resolving type for handle ctstylesheet4257type
15:16:18.243 [main] TRACE - Resolving type for handle ctfont14d8type
15:16:18.260 [main] TRACE - Resolving type for handle ctfontsizeb3b9type
15:16:18.260 [main] TRACE - Resolving type for handle ctcolord2c2type
15:16:18.260 [main] TRACE - Resolving type for handle ctfontname2dc3type
15:16:18.276 [main] TRACE - Resolving type for handle stxstringf179type
15:16:18.276 [main] TRACE - Resolving type for handle ctfontfamily685ctype
15:16:18.276 [main] TRACE - Resolving type for handle stfontfamily9c6ctype
15:16:18.292 [main] TRACE - Resolving type for handle ctfontschemebf5dtype
15:16:18.293 [main] TRACE - Resolving type for handle stfontschemef36dtype
15:16:18.293 [main] TRACE - Resolving type for handle ctfill550ctype
15:16:18.301 [main] TRACE - Resolving type for handle ctpatternfill7452type
15:16:18.301 [main] TRACE - Resolving type for handle stpatterntype7939type
15:16:18.301 [main] TRACE - Resolving type for handle ctborderf935type
15:16:18.310 [main] TRACE - Resolving type for handle ctborderpre497type
15:16:18.310 [main] TRACE - Resolving type for handle ctxf97f7type
15:16:18.310 [main] TRACE - Resolving type for handle stnumfmtid76fbtype
15:16:18.310 [main] TRACE - Resolving type for handle stfontid9d63type
15:16:18.310 [main] TRACE - Resolving type for handle stfillida097type
15:16:18.310 [main] TRACE - Resolving type for handle stborderid1a80type
15:16:18.325 [main] TRACE - Resolving type for handle stcellstylexfid70c7type
15:16:18.326 [main] TRACE - Resolving type for handle ctsheet4dbetype
15:16:18.326 [main] TRACE - Resolving type for handle ctworksheet530dtype
15:16:18.343 [main] TRACE - Resolving type for handle ctsheetformatprdef7type
15:16:18.343 [main] TRACE - Resolving type for handle ctsheetviewsb918type
15:16:18.343 [main] TRACE - Resolving type for handle ctsheetview0f43type
15:16:18.359 [main] TRACE - Resolving type for handle ctsheetdimensiond310type
15:16:18.359 [main] TRACE - Resolving type for handle stref90a2type
15:16:18.359 [main] TRACE - Resolving type for handle ctsheetdata8408type
15:16:18.359 [main] TRACE - Resolving type for handle ctpagemargins5455type
15:16:18.359 [main] TRACE - Resolving type for handle ctcols627ctype
15:16:18.359 [main] TRACE - Resolving type for handle strelationshipid1e94type
15:16:18.375 [main] TRACE - Resolving type for handle ctrowdd39type
15:16:18.376 [main] TRACE - Resolving type for handle ctcell842btype
15:16:18.376 [main] TRACE - Resolving type for handle stcellrefe4e0type
15:16:18.376 [main] TRACE - Resolving type for handle ctrsta472type
15:16:18.392 [main] TRACE - Resolving type for handle stcelltypebf95type
15:16:18.577 [main] DEBUG - Save core properties part
15:16:18.577 [main] DEBUG - Save content types part
15:16:18.710 [main] DEBUG - Save package relationships
15:16:18.710 [main] DEBUG - Save part 'docProps/core.xml'
15:16:18.732 [main] DEBUG - Save part 'xl/sharedStrings.xml'
15:16:18.732 [main] DEBUG - Save part 'xl/styles.xml'
15:16:18.737 [main] DEBUG - Save part 'xl/workbook.xml'
15:16:18.741 [main] DEBUG - Save part 'xl/worksheets/sheet1.xml'
15:30:24.745 [main] INFO  - Goto crm URL 
15:30:30.905 [main] TRACE - Loading type system org.apache.poi.schemas.ooxml.system.ooxml
15:30:30.905 [main] TRACE - Loading type system org.apache.xmlbeans.metadata.system.sXMLCONFIG
15:30:30.905 [main] TRACE - Loading type system org.apache.xmlbeans.metadata.system.sXMLLANG
15:30:30.905 [main] TRACE - Loading type system org.apache.xmlbeans.metadata.system.sXMLSCHEMA
15:30:30.905 [main] TRACE - Loading type system org.apache.xmlbeans.metadata.system.sXMLTOOLS
15:30:30.905 [main] TRACE - Reading unresolved handles for type system org.apache.xmlbeans.metadata.system.sXMLTOOLS
15:30:30.917 [main] TRACE - Finished loading type system org.apache.xmlbeans.metadata.system.sXMLTOOLS
15:30:30.917 [main] TRACE - Reading unresolved handles for type system org.apache.xmlbeans.metadata.system.sXMLSCHEMA
15:30:30.934 [main] TRACE - Finished loading type system org.apache.xmlbeans.metadata.system.sXMLSCHEMA
15:30:30.934 [main] TRACE - Reading unresolved handles for type system org.apache.xmlbeans.metadata.system.sXMLLANG
15:30:30.934 [main] TRACE - Finished loading type system org.apache.xmlbeans.metadata.system.sXMLLANG
15:30:30.934 [main] TRACE - Reading unresolved handles for type system org.apache.xmlbeans.metadata.system.sXMLCONFIG
15:30:30.934 [main] TRACE - Finished loading type system org.apache.xmlbeans.metadata.system.sXMLCONFIG
15:30:30.934 [main] TRACE - Reading unresolved handles for type system org.apache.poi.schemas.ooxml.system.ooxml
15:30:31.017 [main] TRACE - Finished loading type system org.apache.poi.schemas.ooxml.system.ooxml
15:30:31.017 [main] TRACE - Resolving type for handle ctworkbook83c3type
15:30:31.051 [main] TRACE - Resolving type for handle ctworkbookpr03a5type
15:30:31.067 [main] TRACE - Resolving type for handle ctbookviewsb864type
15:30:31.067 [main] TRACE - Resolving type for handle ctbookviewf677type
15:30:31.067 [main] TRACE - Resolving type for handle ctsheets49fdtype
15:30:31.084 [main] TRACE - Resolving type for handle propertiesee84doctype
15:30:31.084 [main] TRACE - Resolving type for handle ctproperties3f10type
15:30:31.106 [main] TRACE - Resolving type for handle properties288cdoctype
15:30:31.115 [main] TRACE - Resolving type for handle ctproperties2c18type
15:30:31.119 [main] TRACE - Resolving type for handle sstf81fdoctype
15:30:31.119 [main] TRACE - Resolving type for handle ctsst44f3type
15:30:31.134 [main] TRACE - Resolving type for handle stylesheet5d8bdoctype
15:30:31.134 [main] TRACE - Resolving type for handle ctstylesheet4257type
15:30:31.151 [main] TRACE - Resolving type for handle ctfont14d8type
15:30:31.167 [main] TRACE - Resolving type for handle ctfontsizeb3b9type
15:30:31.167 [main] TRACE - Resolving type for handle ctcolord2c2type
15:30:31.184 [main] TRACE - Resolving type for handle ctfontname2dc3type
15:30:31.184 [main] TRACE - Resolving type for handle stxstringf179type
15:30:31.184 [main] TRACE - Resolving type for handle ctfontfamily685ctype
15:30:31.184 [main] TRACE - Resolving type for handle stfontfamily9c6ctype
15:30:31.184 [main] TRACE - Resolving type for handle ctfontschemebf5dtype
15:30:31.184 [main] TRACE - Resolving type for handle stfontschemef36dtype
15:30:31.184 [main] TRACE - Resolving type for handle ctfill550ctype
15:30:31.184 [main] TRACE - Resolving type for handle ctpatternfill7452type
15:30:31.200 [main] TRACE - Resolving type for handle stpatterntype7939type
15:30:31.200 [main] TRACE - Resolving type for handle ctborderf935type
15:30:31.200 [main] TRACE - Resolving type for handle ctborderpre497type
15:30:31.206 [main] TRACE - Resolving type for handle ctxf97f7type
15:30:31.206 [main] TRACE - Resolving type for handle stnumfmtid76fbtype
15:30:31.206 [main] TRACE - Resolving type for handle stfontid9d63type
15:30:31.206 [main] TRACE - Resolving type for handle stfillida097type
15:30:31.206 [main] TRACE - Resolving type for handle stborderid1a80type
15:30:31.215 [main] TRACE - Resolving type for handle stcellstylexfid70c7type
15:30:31.218 [main] TRACE - Resolving type for handle ctsheet4dbetype
15:30:31.218 [main] TRACE - Resolving type for handle ctworksheet530dtype
15:30:31.234 [main] TRACE - Resolving type for handle ctsheetformatprdef7type
15:30:31.250 [main] TRACE - Resolving type for handle ctsheetviewsb918type
15:30:31.250 [main] TRACE - Resolving type for handle ctsheetview0f43type
15:30:31.267 [main] TRACE - Resolving type for handle ctsheetdimensiond310type
15:30:31.267 [main] TRACE - Resolving type for handle stref90a2type
15:30:31.267 [main] TRACE - Resolving type for handle ctsheetdata8408type
15:30:31.267 [main] TRACE - Resolving type for handle ctpagemargins5455type
15:30:31.267 [main] TRACE - Resolving type for handle ctcols627ctype
15:30:31.267 [main] TRACE - Resolving type for handle strelationshipid1e94type
15:30:31.284 [main] TRACE - Resolving type for handle ctrowdd39type
15:30:31.284 [main] TRACE - Resolving type for handle ctcell842btype
15:30:31.284 [main] TRACE - Resolving type for handle stcellrefe4e0type
15:30:31.284 [main] TRACE - Resolving type for handle ctrsta472type
15:30:31.301 [main] TRACE - Resolving type for handle stcelltypebf95type
15:30:31.467 [main] DEBUG - Save core properties part
15:30:31.467 [main] DEBUG - Save content types part
15:30:31.640 [main] DEBUG - Save package relationships
15:30:31.650 [main] DEBUG - Save part 'docProps/core.xml'
15:30:31.667 [main] DEBUG - Save part 'xl/sharedStrings.xml'
15:30:31.667 [main] DEBUG - Save part 'xl/styles.xml'
15:30:31.667 [main] DEBUG - Save part 'xl/workbook.xml'
15:30:31.667 [main] DEBUG - Save part 'xl/worksheets/sheet1.xml'
15:32:00.254 [main] INFO  - Goto crm URL 
15:32:06.697 [main] TRACE - Loading type system org.apache.poi.schemas.ooxml.system.ooxml
15:32:06.700 [main] TRACE - Loading type system org.apache.xmlbeans.metadata.system.sXMLCONFIG
15:32:06.701 [main] TRACE - Loading type system org.apache.xmlbeans.metadata.system.sXMLLANG
15:32:06.701 [main] TRACE - Loading type system org.apache.xmlbeans.metadata.system.sXMLSCHEMA
15:32:06.702 [main] TRACE - Loading type system org.apache.xmlbeans.metadata.system.sXMLTOOLS
15:32:06.703 [main] TRACE - Reading unresolved handles for type system org.apache.xmlbeans.metadata.system.sXMLTOOLS
15:32:06.707 [main] TRACE - Finished loading type system org.apache.xmlbeans.metadata.system.sXMLTOOLS
15:32:06.707 [main] TRACE - Reading unresolved handles for type system org.apache.xmlbeans.metadata.system.sXMLSCHEMA
15:32:06.723 [main] TRACE - Finished loading type system org.apache.xmlbeans.metadata.system.sXMLSCHEMA
15:32:06.724 [main] TRACE - Reading unresolved handles for type system org.apache.xmlbeans.metadata.system.sXMLLANG
15:32:06.724 [main] TRACE - Finished loading type system org.apache.xmlbeans.metadata.system.sXMLLANG
15:32:06.724 [main] TRACE - Reading unresolved handles for type system org.apache.xmlbeans.metadata.system.sXMLCONFIG
15:32:06.724 [main] TRACE - Finished loading type system org.apache.xmlbeans.metadata.system.sXMLCONFIG
15:32:06.724 [main] TRACE - Reading unresolved handles for type system org.apache.poi.schemas.ooxml.system.ooxml
15:32:06.791 [main] TRACE - Finished loading type system org.apache.poi.schemas.ooxml.system.ooxml
15:32:06.791 [main] TRACE - Resolving type for handle ctworkbook83c3type
15:32:06.807 [main] TRACE - Resolving type for handle ctworkbookpr03a5type
15:32:06.828 [main] TRACE - Resolving type for handle ctbookviewsb864type
15:32:06.831 [main] TRACE - Resolving type for handle ctbookviewf677type
15:32:06.836 [main] TRACE - Resolving type for handle ctsheets49fdtype
15:32:06.838 [main] TRACE - Resolving type for handle propertiesee84doctype
15:32:06.839 [main] TRACE - Resolving type for handle ctproperties3f10type
15:32:06.841 [main] TRACE - Resolving type for handle properties288cdoctype
15:32:06.841 [main] TRACE - Resolving type for handle ctproperties2c18type
15:32:06.859 [main] TRACE - Resolving type for handle sstf81fdoctype
15:32:06.863 [main] TRACE - Resolving type for handle ctsst44f3type
15:32:06.875 [main] TRACE - Resolving type for handle stylesheet5d8bdoctype
15:32:06.875 [main] TRACE - Resolving type for handle ctstylesheet4257type
15:32:06.891 [main] TRACE - Resolving type for handle ctfont14d8type
15:32:06.929 [main] TRACE - Resolving type for handle ctfontsizeb3b9type
15:32:06.936 [main] TRACE - Resolving type for handle ctcolord2c2type
15:32:06.941 [main] TRACE - Resolving type for handle ctfontname2dc3type
15:32:06.941 [main] TRACE - Resolving type for handle stxstringf179type
15:32:06.941 [main] TRACE - Resolving type for handle ctfontfamily685ctype
15:32:06.941 [main] TRACE - Resolving type for handle stfontfamily9c6ctype
15:32:06.941 [main] TRACE - Resolving type for handle ctfontschemebf5dtype
15:32:06.959 [main] TRACE - Resolving type for handle stfontschemef36dtype
15:32:06.962 [main] TRACE - Resolving type for handle ctfill550ctype
15:32:06.963 [main] TRACE - Resolving type for handle ctpatternfill7452type
15:32:06.966 [main] TRACE - Resolving type for handle stpatterntype7939type
15:32:06.967 [main] TRACE - Resolving type for handle ctborderf935type
15:32:06.974 [main] TRACE - Resolving type for handle ctborderpre497type
15:32:06.974 [main] TRACE - Resolving type for handle ctxf97f7type
15:32:06.974 [main] TRACE - Resolving type for handle stnumfmtid76fbtype
15:32:06.974 [main] TRACE - Resolving type for handle stfontid9d63type
15:32:06.990 [main] TRACE - Resolving type for handle stfillida097type
15:32:06.991 [main] TRACE - Resolving type for handle stborderid1a80type
15:32:06.992 [main] TRACE - Resolving type for handle stcellstylexfid70c7type
15:32:06.995 [main] TRACE - Resolving type for handle ctsheet4dbetype
15:32:06.999 [main] TRACE - Resolving type for handle ctworksheet530dtype
15:32:07.012 [main] TRACE - Resolving type for handle ctsheetformatprdef7type
15:32:07.030 [main] TRACE - Resolving type for handle ctsheetviewsb918type
15:32:07.030 [main] TRACE - Resolving type for handle ctsheetview0f43type
15:32:07.041 [main] TRACE - Resolving type for handle ctsheetdimensiond310type
15:32:07.042 [main] TRACE - Resolving type for handle stref90a2type
15:32:07.044 [main] TRACE - Resolving type for handle ctsheetdata8408type
15:32:07.046 [main] TRACE - Resolving type for handle ctpagemargins5455type
15:32:07.053 [main] TRACE - Resolving type for handle ctcols627ctype
15:32:07.057 [main] TRACE - Resolving type for handle strelationshipid1e94type
15:32:07.058 [main] TRACE - Resolving type for handle ctrowdd39type
15:32:07.070 [main] TRACE - Resolving type for handle ctcell842btype
15:32:07.074 [main] TRACE - Resolving type for handle stcellrefe4e0type
15:32:07.074 [main] TRACE - Resolving type for handle ctrsta472type
15:32:07.090 [main] TRACE - Resolving type for handle stcelltypebf95type
15:32:07.241 [main] DEBUG - Save core properties part
15:32:07.241 [main] DEBUG - Save content types part
15:32:07.457 [main] DEBUG - Save package relationships
15:32:07.457 [main] DEBUG - Save part 'docProps/core.xml'
15:32:07.473 [main] DEBUG - Save part 'xl/sharedStrings.xml'
15:32:07.473 [main] DEBUG - Save part 'xl/styles.xml'
15:32:07.474 [main] DEBUG - Save part 'xl/workbook.xml'
15:32:07.474 [main] DEBUG - Save part 'xl/worksheets/sheet1.xml'
15:44:08.919 [main] INFO  - Goto crm URL 
15:44:15.217 [main] TRACE - Loading type system org.apache.poi.schemas.ooxml.system.ooxml
15:44:15.234 [main] TRACE - Loading type system org.apache.xmlbeans.metadata.system.sXMLCONFIG
15:44:15.234 [main] TRACE - Loading type system org.apache.xmlbeans.metadata.system.sXMLLANG
15:44:15.234 [main] TRACE - Loading type system org.apache.xmlbeans.metadata.system.sXMLSCHEMA
15:44:15.234 [main] TRACE - Loading type system org.apache.xmlbeans.metadata.system.sXMLTOOLS
15:44:15.234 [main] TRACE - Reading unresolved handles for type system org.apache.xmlbeans.metadata.system.sXMLTOOLS
15:44:15.234 [main] TRACE - Finished loading type system org.apache.xmlbeans.metadata.system.sXMLTOOLS
15:44:15.234 [main] TRACE - Reading unresolved handles for type system org.apache.xmlbeans.metadata.system.sXMLSCHEMA
15:44:15.250 [main] TRACE - Finished loading type system org.apache.xmlbeans.metadata.system.sXMLSCHEMA
15:44:15.250 [main] TRACE - Reading unresolved handles for type system org.apache.xmlbeans.metadata.system.sXMLLANG
15:44:15.250 [main] TRACE - Finished loading type system org.apache.xmlbeans.metadata.system.sXMLLANG
15:44:15.250 [main] TRACE - Reading unresolved handles for type system org.apache.xmlbeans.metadata.system.sXMLCONFIG
15:44:15.250 [main] TRACE - Finished loading type system org.apache.xmlbeans.metadata.system.sXMLCONFIG
15:44:15.250 [main] TRACE - Reading unresolved handles for type system org.apache.poi.schemas.ooxml.system.ooxml
15:44:15.300 [main] TRACE - Finished loading type system org.apache.poi.schemas.ooxml.system.ooxml
15:44:15.300 [main] TRACE - Resolving type for handle ctworkbook83c3type
15:44:15.367 [main] TRACE - Resolving type for handle ctworkbookpr03a5type
15:44:15.382 [main] TRACE - Resolving type for handle ctbookviewsb864type
15:44:15.384 [main] TRACE - Resolving type for handle ctbookviewf677type
15:44:15.384 [main] TRACE - Resolving type for handle ctsheets49fdtype
15:44:15.384 [main] TRACE - Resolving type for handle propertiesee84doctype
15:44:15.401 [main] TRACE - Resolving type for handle ctproperties3f10type
15:44:15.401 [main] TRACE - Resolving type for handle properties288cdoctype
15:44:15.401 [main] TRACE - Resolving type for handle ctproperties2c18type
15:44:15.434 [main] TRACE - Resolving type for handle sstf81fdoctype
15:44:15.434 [main] TRACE - Resolving type for handle ctsst44f3type
15:44:15.450 [main] TRACE - Resolving type for handle stylesheet5d8bdoctype
15:44:15.450 [main] TRACE - Resolving type for handle ctstylesheet4257type
15:44:15.467 [main] TRACE - Resolving type for handle ctfont14d8type
15:44:15.479 [main] TRACE - Resolving type for handle ctfontsizeb3b9type
15:44:15.483 [main] TRACE - Resolving type for handle ctcolord2c2type
15:44:15.489 [main] TRACE - Resolving type for handle ctfontname2dc3type
15:44:15.491 [main] TRACE - Resolving type for handle stxstringf179type
15:44:15.494 [main] TRACE - Resolving type for handle ctfontfamily685ctype
15:44:15.495 [main] TRACE - Resolving type for handle stfontfamily9c6ctype
15:44:15.499 [main] TRACE - Resolving type for handle ctfontschemebf5dtype
15:44:15.499 [main] TRACE - Resolving type for handle stfontschemef36dtype
15:44:15.499 [main] TRACE - Resolving type for handle ctfill550ctype
15:44:15.499 [main] TRACE - Resolving type for handle ctpatternfill7452type
15:44:15.499 [main] TRACE - Resolving type for handle stpatterntype7939type
15:44:15.516 [main] TRACE - Resolving type for handle ctborderf935type
15:44:15.516 [main] TRACE - Resolving type for handle ctborderpre497type
15:44:15.516 [main] TRACE - Resolving type for handle ctxf97f7type
15:44:15.516 [main] TRACE - Resolving type for handle stnumfmtid76fbtype
15:44:15.516 [main] TRACE - Resolving type for handle stfontid9d63type
15:44:15.533 [main] TRACE - Resolving type for handle stfillida097type
15:44:15.534 [main] TRACE - Resolving type for handle stborderid1a80type
15:44:15.549 [main] TRACE - Resolving type for handle stcellstylexfid70c7type
15:44:15.555 [main] TRACE - Resolving type for handle ctsheet4dbetype
15:44:15.558 [main] TRACE - Resolving type for handle ctworksheet530dtype
15:44:15.562 [main] TRACE - Resolving type for handle ctsheetformatprdef7type
15:44:15.567 [main] TRACE - Resolving type for handle ctsheetviewsb918type
15:44:15.569 [main] TRACE - Resolving type for handle ctsheetview0f43type
15:44:15.572 [main] TRACE - Resolving type for handle ctsheetdimensiond310type
15:44:15.573 [main] TRACE - Resolving type for handle stref90a2type
15:44:15.575 [main] TRACE - Resolving type for handle ctsheetdata8408type
15:44:15.576 [main] TRACE - Resolving type for handle ctpagemargins5455type
15:44:15.581 [main] TRACE - Resolving type for handle ctcols627ctype
15:44:15.583 [main] TRACE - Resolving type for handle strelationshipid1e94type
15:44:15.583 [main] TRACE - Resolving type for handle ctrowdd39type
15:44:15.583 [main] TRACE - Resolving type for handle ctcell842btype
15:44:15.599 [main] TRACE - Resolving type for handle stcellrefe4e0type
15:44:15.599 [main] TRACE - Resolving type for handle ctrsta472type
15:44:15.599 [main] TRACE - Resolving type for handle stcelltypebf95type
15:44:15.767 [main] DEBUG - Save core properties part
15:44:15.767 [main] DEBUG - Save content types part
15:44:15.913 [main] DEBUG - Save package relationships
15:44:15.917 [main] DEBUG - Save part 'docProps/core.xml'
15:44:15.929 [main] DEBUG - Save part 'xl/sharedStrings.xml'
15:44:15.929 [main] DEBUG - Save part 'xl/styles.xml'
15:44:15.933 [main] DEBUG - Save part 'xl/workbook.xml'
15:44:15.935 [main] DEBUG - Save part 'xl/worksheets/sheet1.xml'
15:45:47.457 [main] INFO  - Goto crm URL 
15:45:53.959 [main] TRACE - Loading type system org.apache.poi.schemas.ooxml.system.ooxml
15:45:53.962 [main] TRACE - Loading type system org.apache.xmlbeans.metadata.system.sXMLCONFIG
15:45:53.964 [main] TRACE - Loading type system org.apache.xmlbeans.metadata.system.sXMLLANG
15:45:53.964 [main] TRACE - Loading type system org.apache.xmlbeans.metadata.system.sXMLSCHEMA
15:45:53.965 [main] TRACE - Loading type system org.apache.xmlbeans.metadata.system.sXMLTOOLS
15:45:53.967 [main] TRACE - Reading unresolved handles for type system org.apache.xmlbeans.metadata.system.sXMLTOOLS
15:45:53.980 [main] TRACE - Finished loading type system org.apache.xmlbeans.metadata.system.sXMLTOOLS
15:45:53.981 [main] TRACE - Reading unresolved handles for type system org.apache.xmlbeans.metadata.system.sXMLSCHEMA
15:45:53.993 [main] TRACE - Finished loading type system org.apache.xmlbeans.metadata.system.sXMLSCHEMA
15:45:53.994 [main] TRACE - Reading unresolved handles for type system org.apache.xmlbeans.metadata.system.sXMLLANG
15:45:53.996 [main] TRACE - Finished loading type system org.apache.xmlbeans.metadata.system.sXMLLANG
15:45:53.997 [main] TRACE - Reading unresolved handles for type system org.apache.xmlbeans.metadata.system.sXMLCONFIG
15:45:53.998 [main] TRACE - Finished loading type system org.apache.xmlbeans.metadata.system.sXMLCONFIG
15:45:53.998 [main] TRACE - Reading unresolved handles for type system org.apache.poi.schemas.ooxml.system.ooxml
15:45:54.063 [main] TRACE - Finished loading type system org.apache.poi.schemas.ooxml.system.ooxml
15:45:54.065 [main] TRACE - Resolving type for handle ctworkbook83c3type
15:45:54.111 [main] TRACE - Resolving type for handle ctworkbookpr03a5type
15:45:54.121 [main] TRACE - Resolving type for handle ctbookviewsb864type
15:45:54.125 [main] TRACE - Resolving type for handle ctbookviewf677type
15:45:54.133 [main] TRACE - Resolving type for handle ctsheets49fdtype
15:45:54.145 [main] TRACE - Resolving type for handle propertiesee84doctype
15:45:54.148 [main] TRACE - Resolving type for handle ctproperties3f10type
15:45:54.166 [main] TRACE - Resolving type for handle properties288cdoctype
15:45:54.168 [main] TRACE - Resolving type for handle ctproperties2c18type
15:45:54.182 [main] TRACE - Resolving type for handle sstf81fdoctype
15:45:54.187 [main] TRACE - Resolving type for handle ctsst44f3type
15:45:54.201 [main] TRACE - Resolving type for handle stylesheet5d8bdoctype
15:45:54.207 [main] TRACE - Resolving type for handle ctstylesheet4257type
15:45:54.218 [main] TRACE - Resolving type for handle ctfont14d8type
15:45:54.237 [main] TRACE - Resolving type for handle ctfontsizeb3b9type
15:45:54.242 [main] TRACE - Resolving type for handle ctcolord2c2type
15:45:54.244 [main] TRACE - Resolving type for handle ctfontname2dc3type
15:45:54.246 [main] TRACE - Resolving type for handle stxstringf179type
15:45:54.248 [main] TRACE - Resolving type for handle ctfontfamily685ctype
15:45:54.254 [main] TRACE - Resolving type for handle stfontfamily9c6ctype
15:45:54.261 [main] TRACE - Resolving type for handle ctfontschemebf5dtype
15:45:54.267 [main] TRACE - Resolving type for handle stfontschemef36dtype
15:45:54.269 [main] TRACE - Resolving type for handle ctfill550ctype
15:45:54.270 [main] TRACE - Resolving type for handle ctpatternfill7452type
15:45:54.272 [main] TRACE - Resolving type for handle stpatterntype7939type
15:45:54.274 [main] TRACE - Resolving type for handle ctborderf935type
15:45:54.275 [main] TRACE - Resolving type for handle ctborderpre497type
15:45:54.278 [main] TRACE - Resolving type for handle ctxf97f7type
15:45:54.281 [main] TRACE - Resolving type for handle stnumfmtid76fbtype
15:45:54.281 [main] TRACE - Resolving type for handle stfontid9d63type
15:45:54.283 [main] TRACE - Resolving type for handle stfillida097type
15:45:54.284 [main] TRACE - Resolving type for handle stborderid1a80type
15:45:54.294 [main] TRACE - Resolving type for handle stcellstylexfid70c7type
15:45:54.308 [main] TRACE - Resolving type for handle ctsheet4dbetype
15:45:54.312 [main] TRACE - Resolving type for handle ctworksheet530dtype
15:45:54.317 [main] TRACE - Resolving type for handle ctsheetformatprdef7type
15:45:54.329 [main] TRACE - Resolving type for handle ctsheetviewsb918type
15:45:54.331 [main] TRACE - Resolving type for handle ctsheetview0f43type
15:45:54.334 [main] TRACE - Resolving type for handle ctsheetdimensiond310type
15:45:54.335 [main] TRACE - Resolving type for handle stref90a2type
15:45:54.336 [main] TRACE - Resolving type for handle ctsheetdata8408type
15:45:54.338 [main] TRACE - Resolving type for handle ctpagemargins5455type
15:45:54.344 [main] TRACE - Resolving type for handle ctcols627ctype
15:45:54.345 [main] TRACE - Resolving type for handle strelationshipid1e94type
15:45:54.346 [main] TRACE - Resolving type for handle ctrowdd39type
15:45:54.351 [main] TRACE - Resolving type for handle ctcell842btype
15:45:54.358 [main] TRACE - Resolving type for handle stcellrefe4e0type
15:45:54.361 [main] TRACE - Resolving type for handle ctrsta472type
15:45:54.364 [main] TRACE - Resolving type for handle stcelltypebf95type
15:45:54.521 [main] DEBUG - Save core properties part
15:45:54.521 [main] DEBUG - Save content types part
15:45:54.642 [main] DEBUG - Save package relationships
15:45:54.645 [main] DEBUG - Save part 'docProps/core.xml'
15:45:54.669 [main] DEBUG - Save part 'xl/sharedStrings.xml'
15:45:54.669 [main] DEBUG - Save part 'xl/styles.xml'
15:45:54.673 [main] DEBUG - Save part 'xl/workbook.xml'
15:45:54.680 [main] DEBUG - Save part 'xl/worksheets/sheet1.xml'
18:20:43.967 [main] INFO  - Goto crm URL 
12:13:54.640 [main] INFO  - Goto crm URL 
12:14:00.932 [main] TRACE - Loading type system org.apache.poi.schemas.ooxml.system.ooxml
12:14:00.948 [main] TRACE - Loading type system org.apache.xmlbeans.metadata.system.sXMLCONFIG
12:14:00.948 [main] TRACE - Loading type system org.apache.xmlbeans.metadata.system.sXMLLANG
12:14:00.948 [main] TRACE - Loading type system org.apache.xmlbeans.metadata.system.sXMLSCHEMA
12:14:00.948 [main] TRACE - Loading type system org.apache.xmlbeans.metadata.system.sXMLTOOLS
12:14:00.948 [main] TRACE - Reading unresolved handles for type system org.apache.xmlbeans.metadata.system.sXMLTOOLS
12:14:00.981 [main] TRACE - Finished loading type system org.apache.xmlbeans.metadata.system.sXMLTOOLS
12:14:00.981 [main] TRACE - Reading unresolved handles for type system org.apache.xmlbeans.metadata.system.sXMLSCHEMA
12:14:00.998 [main] TRACE - Finished loading type system org.apache.xmlbeans.metadata.system.sXMLSCHEMA
12:14:00.998 [main] TRACE - Reading unresolved handles for type system org.apache.xmlbeans.metadata.system.sXMLLANG
12:14:00.998 [main] TRACE - Finished loading type system org.apache.xmlbeans.metadata.system.sXMLLANG
12:14:00.998 [main] TRACE - Reading unresolved handles for type system org.apache.xmlbeans.metadata.system.sXMLCONFIG
12:14:00.998 [main] TRACE - Finished loading type system org.apache.xmlbeans.metadata.system.sXMLCONFIG
12:14:00.998 [main] TRACE - Reading unresolved handles for type system org.apache.poi.schemas.ooxml.system.ooxml
12:14:01.065 [main] TRACE - Finished loading type system org.apache.poi.schemas.ooxml.system.ooxml
12:14:01.065 [main] TRACE - Resolving type for handle ctworkbook83c3type
12:14:01.118 [main] TRACE - Resolving type for handle ctworkbookpr03a5type
12:14:01.131 [main] TRACE - Resolving type for handle ctbookviewsb864type
12:14:01.131 [main] TRACE - Resolving type for handle ctbookviewf677type
12:14:01.148 [main] TRACE - Resolving type for handle ctsheets49fdtype
12:14:01.148 [main] TRACE - Resolving type for handle propertiesee84doctype
12:14:01.164 [main] TRACE - Resolving type for handle ctproperties3f10type
12:14:01.164 [main] TRACE - Resolving type for handle properties288cdoctype
12:14:01.181 [main] TRACE - Resolving type for handle ctproperties2c18type
12:14:01.198 [main] TRACE - Resolving type for handle sstf81fdoctype
12:14:01.198 [main] TRACE - Resolving type for handle ctsst44f3type
12:14:01.198 [main] TRACE - Resolving type for handle stylesheet5d8bdoctype
12:14:01.198 [main] TRACE - Resolving type for handle ctstylesheet4257type
12:14:01.198 [main] TRACE - Resolving type for handle ctfont14d8type
12:14:01.218 [main] TRACE - Resolving type for handle ctfontsizeb3b9type
12:14:01.231 [main] TRACE - Resolving type for handle ctcolord2c2type
12:14:01.231 [main] TRACE - Resolving type for handle ctfontname2dc3type
12:14:01.231 [main] TRACE - Resolving type for handle stxstringf179type
12:14:01.248 [main] TRACE - Resolving type for handle ctfontfamily685ctype
12:14:01.248 [main] TRACE - Resolving type for handle stfontfamily9c6ctype
12:14:01.248 [main] TRACE - Resolving type for handle ctfontschemebf5dtype
12:14:01.248 [main] TRACE - Resolving type for handle stfontschemef36dtype
12:14:01.264 [main] TRACE - Resolving type for handle ctfill550ctype
12:14:01.264 [main] TRACE - Resolving type for handle ctpatternfill7452type
12:14:01.264 [main] TRACE - Resolving type for handle stpatterntype7939type
12:14:01.264 [main] TRACE - Resolving type for handle ctborderf935type
12:14:01.281 [main] TRACE - Resolving type for handle ctborderpre497type
12:14:01.287 [main] TRACE - Resolving type for handle ctxf97f7type
12:14:01.292 [main] TRACE - Resolving type for handle stnumfmtid76fbtype
12:14:01.293 [main] TRACE - Resolving type for handle stfontid9d63type
12:14:01.295 [main] TRACE - Resolving type for handle stfillida097type
12:14:01.297 [main] TRACE - Resolving type for handle stborderid1a80type
12:14:01.300 [main] TRACE - Resolving type for handle stcellstylexfid70c7type
12:14:01.309 [main] TRACE - Resolving type for handle ctsheet4dbetype
12:14:01.318 [main] TRACE - Resolving type for handle ctworksheet530dtype
12:14:01.331 [main] TRACE - Resolving type for handle ctsheetformatprdef7type
12:14:01.351 [main] TRACE - Resolving type for handle ctsheetviewsb918type
12:14:01.354 [main] TRACE - Resolving type for handle ctsheetview0f43type
12:14:01.364 [main] TRACE - Resolving type for handle ctsheetdimensiond310type
12:14:01.370 [main] TRACE - Resolving type for handle stref90a2type
12:14:01.373 [main] TRACE - Resolving type for handle ctsheetdata8408type
12:14:01.376 [main] TRACE - Resolving type for handle ctpagemargins5455type
12:14:01.381 [main] TRACE - Resolving type for handle ctcols627ctype
12:14:01.381 [main] TRACE - Resolving type for handle strelationshipid1e94type
12:14:01.381 [main] TRACE - Resolving type for handle ctrowdd39type
12:14:01.381 [main] TRACE - Resolving type for handle ctcell842btype
12:14:01.398 [main] TRACE - Resolving type for handle stcellrefe4e0type
12:14:01.398 [main] TRACE - Resolving type for handle ctrsta472type
12:14:01.398 [main] TRACE - Resolving type for handle stcelltypebf95type
12:14:01.538 [main] DEBUG - Save core properties part
12:14:01.538 [main] DEBUG - Save content types part
12:14:01.681 [main] DEBUG - Save package relationships
12:14:01.681 [main] DEBUG - Save part 'docProps/core.xml'
12:14:01.711 [main] DEBUG - Save part 'xl/sharedStrings.xml'
12:14:01.711 [main] DEBUG - Save part 'xl/styles.xml'
12:14:01.724 [main] DEBUG - Save part 'xl/workbook.xml'
12:14:01.733 [main] DEBUG - Save part 'xl/worksheets/sheet1.xml'
12:20:35.605 [main] INFO  - Goto crm URL 
12:20:42.625 [main] TRACE - Loading type system org.apache.poi.schemas.ooxml.system.ooxml
12:20:42.646 [main] TRACE - Loading type system org.apache.xmlbeans.metadata.system.sXMLCONFIG
12:20:42.648 [main] TRACE - Loading type system org.apache.xmlbeans.metadata.system.sXMLLANG
12:20:42.648 [main] TRACE - Loading type system org.apache.xmlbeans.metadata.system.sXMLSCHEMA
12:20:42.649 [main] TRACE - Loading type system org.apache.xmlbeans.metadata.system.sXMLTOOLS
12:20:42.651 [main] TRACE - Reading unresolved handles for type system org.apache.xmlbeans.metadata.system.sXMLTOOLS
12:20:42.673 [main] TRACE - Finished loading type system org.apache.xmlbeans.metadata.system.sXMLTOOLS
12:20:42.675 [main] TRACE - Reading unresolved handles for type system org.apache.xmlbeans.metadata.system.sXMLSCHEMA
12:20:42.675 [main] TRACE - Finished loading type system org.apache.xmlbeans.metadata.system.sXMLSCHEMA
12:20:42.675 [main] TRACE - Reading unresolved handles for type system org.apache.xmlbeans.metadata.system.sXMLLANG
12:20:42.675 [main] TRACE - Finished loading type system org.apache.xmlbeans.metadata.system.sXMLLANG
12:20:42.692 [main] TRACE - Reading unresolved handles for type system org.apache.xmlbeans.metadata.system.sXMLCONFIG
12:20:42.694 [main] TRACE - Finished loading type system org.apache.xmlbeans.metadata.system.sXMLCONFIG
12:20:42.698 [main] TRACE - Reading unresolved handles for type system org.apache.poi.schemas.ooxml.system.ooxml
12:20:42.775 [main] TRACE - Finished loading type system org.apache.poi.schemas.ooxml.system.ooxml
12:20:42.777 [main] TRACE - Resolving type for handle ctworkbook83c3type
12:20:42.811 [main] TRACE - Resolving type for handle ctworkbookpr03a5type
12:20:42.852 [main] TRACE - Resolving type for handle ctbookviewsb864type
12:20:42.858 [main] TRACE - Resolving type for handle ctbookviewf677type
12:20:42.870 [main] TRACE - Resolving type for handle ctsheets49fdtype
12:20:42.874 [main] TRACE - Resolving type for handle propertiesee84doctype
12:20:42.879 [main] TRACE - Resolving type for handle ctproperties3f10type
12:20:42.897 [main] TRACE - Resolving type for handle properties288cdoctype
12:20:42.899 [main] TRACE - Resolving type for handle ctproperties2c18type
12:20:42.908 [main] TRACE - Resolving type for handle sstf81fdoctype
12:20:42.908 [main] TRACE - Resolving type for handle ctsst44f3type
12:20:42.908 [main] TRACE - Resolving type for handle stylesheet5d8bdoctype
12:20:42.908 [main] TRACE - Resolving type for handle ctstylesheet4257type
12:20:42.926 [main] TRACE - Resolving type for handle ctfont14d8type
12:20:42.955 [main] TRACE - Resolving type for handle ctfontsizeb3b9type
12:20:42.961 [main] TRACE - Resolving type for handle ctcolord2c2type
12:20:42.970 [main] TRACE - Resolving type for handle ctfontname2dc3type
12:20:42.972 [main] TRACE - Resolving type for handle stxstringf179type
12:20:42.975 [main] TRACE - Resolving type for handle ctfontfamily685ctype
12:20:42.975 [main] TRACE - Resolving type for handle stfontfamily9c6ctype
12:20:42.975 [main] TRACE - Resolving type for handle ctfontschemebf5dtype
12:20:42.975 [main] TRACE - Resolving type for handle stfontschemef36dtype
12:20:42.975 [main] TRACE - Resolving type for handle ctfill550ctype
12:20:42.975 [main] TRACE - Resolving type for handle ctpatternfill7452type
12:20:42.975 [main] TRACE - Resolving type for handle stpatterntype7939type
12:20:42.991 [main] TRACE - Resolving type for handle ctborderf935type
12:20:42.991 [main] TRACE - Resolving type for handle ctborderpre497type
12:20:42.991 [main] TRACE - Resolving type for handle ctxf97f7type
12:20:42.991 [main] TRACE - Resolving type for handle stnumfmtid76fbtype
12:20:42.991 [main] TRACE - Resolving type for handle stfontid9d63type
12:20:42.991 [main] TRACE - Resolving type for handle stfillida097type
12:20:43.007 [main] TRACE - Resolving type for handle stborderid1a80type
12:20:43.008 [main] TRACE - Resolving type for handle stcellstylexfid70c7type
12:20:43.008 [main] TRACE - Resolving type for handle ctsheet4dbetype
12:20:43.008 [main] TRACE - Resolving type for handle ctworksheet530dtype
12:20:43.008 [main] TRACE - Resolving type for handle ctsheetformatprdef7type
12:20:43.025 [main] TRACE - Resolving type for handle ctsheetviewsb918type
12:20:43.025 [main] TRACE - Resolving type for handle ctsheetview0f43type
12:20:43.041 [main] TRACE - Resolving type for handle ctsheetdimensiond310type
12:20:43.041 [main] TRACE - Resolving type for handle stref90a2type
12:20:43.041 [main] TRACE - Resolving type for handle ctsheetdata8408type
12:20:43.041 [main] TRACE - Resolving type for handle ctpagemargins5455type
12:20:43.074 [main] TRACE - Resolving type for handle ctcols627ctype
12:20:43.075 [main] TRACE - Resolving type for handle strelationshipid1e94type
12:20:43.075 [main] TRACE - Resolving type for handle ctrowdd39type
12:20:43.075 [main] TRACE - Resolving type for handle ctcell842btype
12:20:43.091 [main] TRACE - Resolving type for handle stcellrefe4e0type
12:20:43.091 [main] TRACE - Resolving type for handle ctrsta472type
12:20:43.091 [main] TRACE - Resolving type for handle stcelltypebf95type
12:20:43.240 [main] DEBUG - Save core properties part
12:20:43.241 [main] DEBUG - Save content types part
12:20:43.409 [main] DEBUG - Save package relationships
12:20:43.425 [main] DEBUG - Save part 'docProps/core.xml'
12:20:43.441 [main] DEBUG - Save part 'xl/sharedStrings.xml'
12:20:43.441 [main] DEBUG - Save part 'xl/styles.xml'
12:20:43.441 [main] DEBUG - Save part 'xl/workbook.xml'
12:20:43.441 [main] DEBUG - Save part 'xl/worksheets/sheet1.xml'
18:54:29.504 [main] INFO  - Goto crm URL 
18:54:36.221 [main] TRACE - Loading type system org.apache.poi.schemas.ooxml.system.ooxml
18:54:36.221 [main] TRACE - Loading type system org.apache.xmlbeans.metadata.system.sXMLCONFIG
18:54:36.238 [main] TRACE - Loading type system org.apache.xmlbeans.metadata.system.sXMLLANG
18:54:36.238 [main] TRACE - Loading type system org.apache.xmlbeans.metadata.system.sXMLSCHEMA
18:54:36.238 [main] TRACE - Loading type system org.apache.xmlbeans.metadata.system.sXMLTOOLS
18:54:36.238 [main] TRACE - Reading unresolved handles for type system org.apache.xmlbeans.metadata.system.sXMLTOOLS
18:54:36.263 [main] TRACE - Finished loading type system org.apache.xmlbeans.metadata.system.sXMLTOOLS
18:54:36.265 [main] TRACE - Reading unresolved handles for type system org.apache.xmlbeans.metadata.system.sXMLSCHEMA
18:54:36.272 [main] TRACE - Finished loading type system org.apache.xmlbeans.metadata.system.sXMLSCHEMA
18:54:36.277 [main] TRACE - Reading unresolved handles for type system org.apache.xmlbeans.metadata.system.sXMLLANG
18:54:36.277 [main] TRACE - Finished loading type system org.apache.xmlbeans.metadata.system.sXMLLANG
18:54:36.277 [main] TRACE - Reading unresolved handles for type system org.apache.xmlbeans.metadata.system.sXMLCONFIG
18:54:36.277 [main] TRACE - Finished loading type system org.apache.xmlbeans.metadata.system.sXMLCONFIG
18:54:36.277 [main] TRACE - Reading unresolved handles for type system org.apache.poi.schemas.ooxml.system.ooxml
18:54:36.387 [main] TRACE - Finished loading type system org.apache.poi.schemas.ooxml.system.ooxml
18:54:36.387 [main] TRACE - Resolving type for handle ctworkbook83c3type
18:54:36.457 [main] TRACE - Resolving type for handle ctworkbookpr03a5type
18:54:36.474 [main] TRACE - Resolving type for handle ctbookviewsb864type
18:54:36.477 [main] TRACE - Resolving type for handle ctbookviewf677type
18:54:36.487 [main] TRACE - Resolving type for handle ctsheets49fdtype
18:54:36.488 [main] TRACE - Resolving type for handle propertiesee84doctype
18:54:36.495 [main] TRACE - Resolving type for handle ctproperties3f10type
18:54:36.505 [main] TRACE - Resolving type for handle properties288cdoctype
18:54:36.510 [main] TRACE - Resolving type for handle ctproperties2c18type
18:54:36.521 [main] TRACE - Resolving type for handle sstf81fdoctype
18:54:36.521 [main] TRACE - Resolving type for handle ctsst44f3type
18:54:36.528 [main] TRACE - Resolving type for handle stylesheet5d8bdoctype
18:54:36.536 [main] TRACE - Resolving type for handle ctstylesheet4257type
18:54:36.544 [main] TRACE - Resolving type for handle ctfont14d8type
18:54:36.556 [main] TRACE - Resolving type for handle ctfontsizeb3b9type
18:54:36.556 [main] TRACE - Resolving type for handle ctcolord2c2type
18:54:36.566 [main] TRACE - Resolving type for handle ctfontname2dc3type
18:54:36.570 [main] TRACE - Resolving type for handle stxstringf179type
18:54:36.572 [main] TRACE - Resolving type for handle ctfontfamily685ctype
18:54:36.577 [main] TRACE - Resolving type for handle stfontfamily9c6ctype
18:54:36.581 [main] TRACE - Resolving type for handle ctfontschemebf5dtype
