17:44:40.262 [main] TRACE - Finished loading type system org.apache.xmlbeans.metadata.system.sXMLTOOLS
17:44:40.276 [main] TRACE - Reading unresolved handles for type system org.apache.xmlbeans.metadata.system.sXMLSCHEMA
17:44:40.286 [main] TRACE - Finished loading type system org.apache.xmlbeans.metadata.system.sXMLSCHEMA
17:44:40.286 [main] TRACE - Reading unresolved handles for type system org.apache.xmlbeans.metadata.system.sXMLLANG
17:44:40.290 [main] TRACE - Finished loading type system org.apache.xmlbeans.metadata.system.sXMLLANG
17:44:40.294 [main] TRACE - Reading unresolved handles for type system org.apache.xmlbeans.metadata.system.sXMLCONFIG
17:44:40.328 [main] TRACE - Finished loading type system org.apache.xmlbeans.metadata.system.sXMLCONFIG
17:44:40.328 [main] TRACE - Reading unresolved handles for type system org.apache.poi.schemas.ooxml.system.ooxml
17:44:40.426 [main] TRACE - Finished loading type system org.apache.poi.schemas.ooxml.system.ooxml
17:44:40.426 [main] TRACE - Resolving type for handle ctworkbook83c3type
17:44:40.505 [main] TRACE - Resolving type for handle ctworkbookpr03a5type
17:44:40.522 [main] TRACE - Resolving type for handle ctbookviewsb864type
17:44:40.526 [main] TRACE - Resolving type for handle ctbookviewf677type
17:44:40.538 [main] TRACE - Resolving type for handle ctsheets49fdtype
17:44:40.543 [main] TRACE - Resolving type for handle propertiesee84doctype
17:44:40.543 [main] TRACE - Resolving type for handle ctproperties3f10type
17:44:40.556 [main] TRACE - Resolving type for handle properties288cdoctype
17:44:40.559 [main] TRACE - Resolving type for handle ctproperties2c18type
17:44:40.559 [main] TRACE - Resolving type for handle sstf81fdoctype
17:44:40.572 [main] TRACE - Resolving type for handle ctsst44f3type
17:44:40.576 [main] TRACE - Resolving type for handle stylesheet5d8bdoctype
17:44:40.576 [main] TRACE - Resolving type for handle ctstylesheet4257type
17:44:40.588 [main] TRACE - Resolving type for handle ctfont14d8type
17:44:40.593 [main] TRACE - Resolving type for handle ctfontsizeb3b9type
17:44:40.602 [main] TRACE - Resolving type for handle ctcolord2c2type
17:44:40.609 [main] TRACE - Resolving type for handle ctfontname2dc3type
17:44:40.609 [main] TRACE - Resolving type for handle stxstringf179type
17:44:40.618 [main] TRACE - Resolving type for handle ctfontfamily685ctype
17:44:40.618 [main] TRACE - Resolving type for handle stfontfamily9c6ctype
17:44:40.618 [main] TRACE - Resolving type for handle ctfontschemebf5dtype
17:44:40.618 [main] TRACE - Resolving type for handle stfontschemef36dtype
17:44:40.634 [main] TRACE - Resolving type for handle ctfill550ctype
17:44:40.634 [main] TRACE - Resolving type for handle ctpatternfill7452type
17:44:40.634 [main] TRACE - Resolving type for handle stpatterntype7939type
17:44:40.634 [main] TRACE - Resolving type for handle ctborderf935type
17:44:40.634 [main] TRACE - Resolving type for handle ctborderpre497type
17:44:40.650 [main] TRACE - Resolving type for handle ctxf97f7type
17:44:40.650 [main] TRACE - Resolving type for handle stnumfmtid76fbtype
17:44:40.650 [main] TRACE - Resolving type for handle stfontid9d63type
17:44:40.666 [main] TRACE - Resolving type for handle stfillida097type
17:44:40.666 [main] TRACE - Resolving type for handle stborderid1a80type
17:44:40.671 [main] TRACE - Resolving type for handle stcellstylexfid70c7type
17:44:40.671 [main] TRACE - Resolving type for handle ctsheet4dbetype
17:44:40.689 [main] TRACE - Resolving type for handle ctworksheet530dtype
17:44:40.700 [main] TRACE - Resolving type for handle ctsheetformatprdef7type
17:44:40.709 [main] TRACE - Resolving type for handle ctsheetviewsb918type
17:44:40.714 [main] TRACE - Resolving type for handle ctsheetview0f43type
17:44:40.717 [main] TRACE - Resolving type for handle ctsheetdimensiond310type
17:44:40.717 [main] TRACE - Resolving type for handle stref90a2type
17:44:40.717 [main] TRACE - Resolving type for handle ctsheetdata8408type
17:44:40.730 [main] TRACE - Resolving type for handle ctpagemargins5455type
17:44:40.730 [main] TRACE - Resolving type for handle ctcols627ctype
17:44:40.743 [main] TRACE - Resolving type for handle strelationshipid1e94type
17:44:40.746 [main] TRACE - Resolving type for handle ctrowdd39type
17:44:40.746 [main] TRACE - Resolving type for handle ctcell842btype
17:44:40.765 [main] TRACE - Resolving type for handle stcellrefe4e0type
17:44:40.772 [main] TRACE - Resolving type for handle ctrsta472type
17:44:40.778 [main] TRACE - Resolving type for handle stcelltypebf95type
17:44:41.093 [main] DEBUG - Save core properties part
17:44:41.093 [main] DEBUG - Save content types part
17:44:41.234 [main] DEBUG - Save package relationships
17:44:41.244 [main] DEBUG - Save part 'docProps/core.xml'
17:44:41.262 [main] DEBUG - Save part 'xl/sharedStrings.xml'
17:44:41.262 [main] DEBUG - Save part 'xl/styles.xml'
17:44:41.262 [main] DEBUG - Save part 'xl/workbook.xml'
17:44:41.275 [main] DEBUG - Save part 'xl/worksheets/sheet1.xml'
17:44:41.361 [main] DEBUG - Parsing relationship: /xl/_rels/workbook.xml.rels
17:44:41.361 [main] DEBUG - Parsing relationship: /xl/worksheets/_rels/sheet1.xml.rels
17:44:41.368 [main] DEBUG - Parsing relationship: /_rels/.rels
17:44:41.404 [main] TRACE - Resolving type for handle themefd26doctype
17:44:41.448 [main] TRACE - Resolving type for handle ctfonts6623type
17:44:41.448 [main] TRACE - Resolving type for handle ctfills2c6ftype
17:44:41.460 [main] TRACE - Resolving type for handle ctborders0d66type
17:44:41.460 [main] TRACE - Resolving type for handle ctcellxfs1322type
17:44:41.471 [main] TRACE - Resolving type for handle ctcellstylexfsa81ftype
17:44:41.475 [main] TRACE - Resolving type for handle ctdxfsb26atype
17:44:41.480 [main] TRACE - Resolving type for handle cttablestyles872ftype
17:44:41.519 [main] DEBUG - using default POIXMLDocumentPart for http://schemas.openxmlformats.org/officeDocument/2006/relationships/printerSettings
17:44:41.519 [main] TRACE - Resolving type for handle workbookec17doctype
17:44:41.525 [main] TRACE - Resolving type for handle worksheetf539doctype
17:44:41.551 [main] TRACE - Resolving type for handle ctcola95ftype
17:44:41.569 [main] TRACE - Resolving type for handle cthyperlinks6416type
17:44:41.576 [main] TRACE - Resolving type for handle cthyperlink0c85type
17:58:12.225 [main] TRACE - Loading type system org.apache.poi.schemas.ooxml.system.ooxml
17:58:12.241 [main] TRACE - Loading type system org.apache.xmlbeans.metadata.system.sXMLCONFIG
17:58:12.241 [main] TRACE - Loading type system org.apache.xmlbeans.metadata.system.sXMLLANG
17:58:12.241 [main] TRACE - Loading type system org.apache.xmlbeans.metadata.system.sXMLSCHEMA
17:58:12.241 [main] TRACE - Loading type system org.apache.xmlbeans.metadata.system.sXMLTOOLS
17:58:12.241 [main] TRACE - Reading unresolved handles for type system org.apache.xmlbeans.metadata.system.sXMLTOOLS
17:58:12.259 [main] TRACE - Finished loading type system org.apache.xmlbeans.metadata.system.sXMLTOOLS
17:58:12.259 [main] TRACE - Reading unresolved handles for type system org.apache.xmlbeans.metadata.system.sXMLSCHEMA
17:58:12.275 [main] TRACE - Finished loading type system org.apache.xmlbeans.metadata.system.sXMLSCHEMA
17:58:12.280 [main] TRACE - Reading unresolved handles for type system org.apache.xmlbeans.metadata.system.sXMLLANG
17:58:12.280 [main] TRACE - Finished loading type system org.apache.xmlbeans.metadata.system.sXMLLANG
17:58:12.280 [main] TRACE - Reading unresolved handles for type system org.apache.xmlbeans.metadata.system.sXMLCONFIG
17:58:12.280 [main] TRACE - Finished loading type system org.apache.xmlbeans.metadata.system.sXMLCONFIG
17:58:12.280 [main] TRACE - Reading unresolved handles for type system org.apache.poi.schemas.ooxml.system.ooxml
17:58:12.376 [main] TRACE - Finished loading type system org.apache.poi.schemas.ooxml.system.ooxml
17:58:12.376 [main] TRACE - Resolving type for handle ctworkbook83c3type
17:58:12.442 [main] TRACE - Resolving type for handle ctworkbookpr03a5type
17:58:12.466 [main] TRACE - Resolving type for handle ctbookviewsb864type
17:58:12.469 [main] TRACE - Resolving type for handle ctbookviewf677type
17:58:12.484 [main] TRACE - Resolving type for handle ctsheets49fdtype
17:58:12.487 [main] TRACE - Resolving type for handle propertiesee84doctype
17:58:12.491 [main] TRACE - Resolving type for handle ctproperties3f10type
17:58:12.503 [main] TRACE - Resolving type for handle properties288cdoctype
17:58:12.505 [main] TRACE - Resolving type for handle ctproperties2c18type
17:58:12.511 [main] TRACE - Resolving type for handle sstf81fdoctype
17:58:12.518 [main] TRACE - Resolving type for handle ctsst44f3type
17:58:12.526 [main] TRACE - Resolving type for handle stylesheet5d8bdoctype
17:58:12.526 [main] TRACE - Resolving type for handle ctstylesheet4257type
17:58:12.526 [main] TRACE - Resolving type for handle ctfont14d8type
17:58:12.549 [main] TRACE - Resolving type for handle ctfontsizeb3b9type
17:58:12.549 [main] TRACE - Resolving type for handle ctcolord2c2type
17:58:12.560 [main] TRACE - Resolving type for handle ctfontname2dc3type
17:58:12.562 [main] TRACE - Resolving type for handle stxstringf179type
17:58:12.562 [main] TRACE - Resolving type for handle ctfontfamily685ctype
17:58:12.562 [main] TRACE - Resolving type for handle stfontfamily9c6ctype
17:58:12.575 [main] TRACE - Resolving type for handle ctfontschemebf5dtype
17:58:12.576 [main] TRACE - Resolving type for handle stfontschemef36dtype
17:58:12.576 [main] TRACE - Resolving type for handle ctfill550ctype
17:58:12.576 [main] TRACE - Resolving type for handle ctpatternfill7452type
17:58:12.592 [main] TRACE - Resolving type for handle stpatterntype7939type
17:58:12.595 [main] TRACE - Resolving type for handle ctborderf935type
17:58:12.599 [main] TRACE - Resolving type for handle ctborderpre497type
17:58:12.605 [main] TRACE - Resolving type for handle ctxf97f7type
17:58:12.607 [main] TRACE - Resolving type for handle stnumfmtid76fbtype
17:58:12.612 [main] TRACE - Resolving type for handle stfontid9d63type
17:58:12.614 [main] TRACE - Resolving type for handle stfillida097type
17:58:12.616 [main] TRACE - Resolving type for handle stborderid1a80type
17:58:12.616 [main] TRACE - Resolving type for handle stcellstylexfid70c7type
17:58:12.624 [main] TRACE - Resolving type for handle ctsheet4dbetype
17:58:12.624 [main] TRACE - Resolving type for handle ctworksheet530dtype
17:58:12.636 [main] TRACE - Resolving type for handle ctsheetformatprdef7type
17:58:12.652 [main] TRACE - Resolving type for handle ctsheetviewsb918type
17:58:12.652 [main] TRACE - Resolving type for handle ctsheetview0f43type
17:58:12.652 [main] TRACE - Resolving type for handle ctsheetdimensiond310type
17:58:12.668 [main] TRACE - Resolving type for handle stref90a2type
17:58:12.668 [main] TRACE - Resolving type for handle ctsheetdata8408type
17:58:12.674 [main] TRACE - Resolving type for handle ctpagemargins5455type
17:58:12.684 [main] TRACE - Resolving type for handle ctcols627ctype
17:58:12.684 [main] TRACE - Resolving type for handle strelationshipid1e94type
17:58:12.693 [main] TRACE - Resolving type for handle ctrowdd39type
17:58:12.700 [main] TRACE - Resolving type for handle ctcell842btype
17:58:12.714 [main] TRACE - Resolving type for handle stcellrefe4e0type
17:58:12.716 [main] TRACE - Resolving type for handle ctrsta472type
17:58:12.716 [main] TRACE - Resolving type for handle stcelltypebf95type
17:58:13.060 [main] DEBUG - Save core properties part
17:58:13.060 [main] DEBUG - Save content types part
17:58:13.208 [main] DEBUG - Save package relationships
17:58:13.208 [main] DEBUG - Save part 'docProps/core.xml'
17:58:13.232 [main] DEBUG - Save part 'xl/sharedStrings.xml'
17:58:13.232 [main] DEBUG - Save part 'xl/styles.xml'
17:58:13.243 [main] DEBUG - Save part 'xl/workbook.xml'
17:58:13.245 [main] DEBUG - Save part 'xl/worksheets/sheet1.xml'
17:58:13.349 [main] DEBUG - Parsing relationship: /xl/_rels/workbook.xml.rels
17:58:13.354 [main] DEBUG - Parsing relationship: /xl/worksheets/_rels/sheet1.xml.rels
17:58:13.358 [main] DEBUG - Parsing relationship: /_rels/.rels
17:58:13.390 [main] TRACE - Resolving type for handle themefd26doctype
17:58:13.438 [main] TRACE - Resolving type for handle ctfonts6623type
17:58:13.442 [main] TRACE - Resolving type for handle ctfills2c6ftype
17:58:13.442 [main] TRACE - Resolving type for handle ctborders0d66type
17:58:13.442 [main] TRACE - Resolving type for handle ctcellxfs1322type
17:58:13.454 [main] TRACE - Resolving type for handle ctcellstylexfsa81ftype
17:58:13.458 [main] TRACE - Resolving type for handle ctdxfsb26atype
17:58:13.458 [main] TRACE - Resolving type for handle cttablestyles872ftype
17:58:13.501 [main] DEBUG - using default POIXMLDocumentPart for http://schemas.openxmlformats.org/officeDocument/2006/relationships/printerSettings
17:58:13.501 [main] TRACE - Resolving type for handle workbookec17doctype
17:58:13.516 [main] TRACE - Resolving type for handle worksheetf539doctype
17:58:13.532 [main] TRACE - Resolving type for handle ctcola95ftype
17:58:13.548 [main] TRACE - Resolving type for handle cthyperlinks6416type
17:58:13.561 [main] TRACE - Resolving type for handle cthyperlink0c85type
17:59:57.575 [main] TRACE - Loading type system org.apache.poi.schemas.ooxml.system.ooxml
17:59:57.579 [main] TRACE - Loading type system org.apache.xmlbeans.metadata.system.sXMLCONFIG
17:59:57.579 [main] TRACE - Loading type system org.apache.xmlbeans.metadata.system.sXMLLANG
17:59:57.579 [main] TRACE - Loading type system org.apache.xmlbeans.metadata.system.sXMLSCHEMA
17:59:57.579 [main] TRACE - Loading type system org.apache.xmlbeans.metadata.system.sXMLTOOLS
17:59:57.579 [main] TRACE - Reading unresolved handles for type system org.apache.xmlbeans.metadata.system.sXMLTOOLS
17:59:57.610 [main] TRACE - Finished loading type system org.apache.xmlbeans.metadata.system.sXMLTOOLS
17:59:57.610 [main] TRACE - Reading unresolved handles for type system org.apache.xmlbeans.metadata.system.sXMLSCHEMA
17:59:57.619 [main] TRACE - Finished loading type system org.apache.xmlbeans.metadata.system.sXMLSCHEMA
17:59:57.619 [main] TRACE - Reading unresolved handles for type system org.apache.xmlbeans.metadata.system.sXMLLANG
17:59:57.625 [main] TRACE - Finished loading type system org.apache.xmlbeans.metadata.system.sXMLLANG
17:59:57.625 [main] TRACE - Reading unresolved handles for type system org.apache.xmlbeans.metadata.system.sXMLCONFIG
17:59:57.629 [main] TRACE - Finished loading type system org.apache.xmlbeans.metadata.system.sXMLCONFIG
17:59:57.630 [main] TRACE - Reading unresolved handles for type system org.apache.poi.schemas.ooxml.system.ooxml
17:59:57.728 [main] TRACE - Finished loading type system org.apache.poi.schemas.ooxml.system.ooxml
17:59:57.730 [main] TRACE - Resolving type for handle ctworkbook83c3type
17:59:57.808 [main] TRACE - Resolving type for handle ctworkbookpr03a5type
17:59:57.830 [main] TRACE - Resolving type for handle ctbookviewsb864type
17:59:57.838 [main] TRACE - Resolving type for handle ctbookviewf677type
17:59:57.847 [main] TRACE - Resolving type for handle ctsheets49fdtype
17:59:57.854 [main] TRACE - Resolving type for handle propertiesee84doctype
17:59:57.856 [main] TRACE - Resolving type for handle ctproperties3f10type
17:59:57.863 [main] TRACE - Resolving type for handle properties288cdoctype
17:59:57.863 [main] TRACE - Resolving type for handle ctproperties2c18type
17:59:57.880 [main] TRACE - Resolving type for handle sstf81fdoctype
17:59:57.880 [main] TRACE - Resolving type for handle ctsst44f3type
17:59:57.880 [main] TRACE - Resolving type for handle stylesheet5d8bdoctype
17:59:57.880 [main] TRACE - Resolving type for handle ctstylesheet4257type
17:59:57.897 [main] TRACE - Resolving type for handle ctfont14d8type
17:59:57.913 [main] TRACE - Resolving type for handle ctfontsizeb3b9type
17:59:57.913 [main] TRACE - Resolving type for handle ctcolord2c2type
17:59:57.925 [main] TRACE - Resolving type for handle ctfontname2dc3type
17:59:57.930 [main] TRACE - Resolving type for handle stxstringf179type
17:59:57.930 [main] TRACE - Resolving type for handle ctfontfamily685ctype
17:59:57.930 [main] TRACE - Resolving type for handle stfontfamily9c6ctype
17:59:57.941 [main] TRACE - Resolving type for handle ctfontschemebf5dtype
17:59:57.947 [main] TRACE - Resolving type for handle stfontschemef36dtype
17:59:57.949 [main] TRACE - Resolving type for handle ctfill550ctype
17:59:57.949 [main] TRACE - Resolving type for handle ctpatternfill7452type
17:59:57.959 [main] TRACE - Resolving type for handle stpatterntype7939type
17:59:57.963 [main] TRACE - Resolving type for handle ctborderf935type
17:59:57.963 [main] TRACE - Resolving type for handle ctborderpre497type
17:59:57.973 [main] TRACE - Resolving type for handle ctxf97f7type
17:59:57.980 [main] TRACE - Resolving type for handle stnumfmtid76fbtype
17:59:57.980 [main] TRACE - Resolving type for handle stfontid9d63type
17:59:57.980 [main] TRACE - Resolving type for handle stfillida097type
17:59:57.980 [main] TRACE - Resolving type for handle stborderid1a80type
17:59:57.989 [main] TRACE - Resolving type for handle stcellstylexfid70c7type
17:59:57.996 [main] TRACE - Resolving type for handle ctsheet4dbetype
17:59:58.005 [main] TRACE - Resolving type for handle ctworksheet530dtype
17:59:58.015 [main] TRACE - Resolving type for handle ctsheetformatprdef7type
17:59:58.021 [main] TRACE - Resolving type for handle ctsheetviewsb918type
17:59:58.027 [main] TRACE - Resolving type for handle ctsheetview0f43type
17:59:58.029 [main] TRACE - Resolving type for handle ctsheetdimensiond310type
17:59:58.037 [main] TRACE - Resolving type for handle stref90a2type
17:59:58.040 [main] TRACE - Resolving type for handle ctsheetdata8408type
17:59:58.044 [main] TRACE - Resolving type for handle ctpagemargins5455type
17:59:58.053 [main] TRACE - Resolving type for handle ctcols627ctype
17:59:58.053 [main] TRACE - Resolving type for handle strelationshipid1e94type
17:59:58.062 [main] TRACE - Resolving type for handle ctrowdd39type
17:59:58.068 [main] TRACE - Resolving type for handle ctcell842btype
17:59:58.084 [main] TRACE - Resolving type for handle stcellrefe4e0type
17:59:58.084 [main] TRACE - Resolving type for handle ctrsta472type
17:59:58.084 [main] TRACE - Resolving type for handle stcelltypebf95type
17:59:58.448 [main] DEBUG - Save core properties part
17:59:58.448 [main] DEBUG - Save content types part
17:59:58.602 [main] DEBUG - Save package relationships
17:59:58.612 [main] DEBUG - Save part 'docProps/core.xml'
17:59:58.622 [main] DEBUG - Save part 'xl/sharedStrings.xml'
17:59:58.622 [main] DEBUG - Save part 'xl/styles.xml'
17:59:58.629 [main] DEBUG - Save part 'xl/workbook.xml'
17:59:58.629 [main] DEBUG - Save part 'xl/worksheets/sheet1.xml'
17:59:58.729 [main] DEBUG - Parsing relationship: /xl/_rels/workbook.xml.rels
17:59:58.755 [main] DEBUG - Parsing relationship: /xl/worksheets/_rels/sheet1.xml.rels
17:59:58.762 [main] DEBUG - Parsing relationship: /_rels/.rels
17:59:58.799 [main] TRACE - Resolving type for handle themefd26doctype
17:59:58.845 [main] TRACE - Resolving type for handle ctfonts6623type
17:59:58.849 [main] TRACE - Resolving type for handle ctfills2c6ftype
17:59:58.849 [main] TRACE - Resolving type for handle ctborders0d66type
17:59:58.856 [main] TRACE - Resolving type for handle ctcellxfs1322type
17:59:58.859 [main] TRACE - Resolving type for handle ctcellstylexfsa81ftype
17:59:58.862 [main] TRACE - Resolving type for handle ctdxfsb26atype
17:59:58.866 [main] TRACE - Resolving type for handle cttablestyles872ftype
17:59:58.890 [main] DEBUG - using default POIXMLDocumentPart for http://schemas.openxmlformats.org/officeDocument/2006/relationships/printerSettings
17:59:58.890 [main] TRACE - Resolving type for handle workbookec17doctype
17:59:58.903 [main] TRACE - Resolving type for handle worksheetf539doctype
17:59:58.913 [main] TRACE - Resolving type for handle ctcola95ftype
17:59:58.934 [main] TRACE - Resolving type for handle cthyperlinks6416type
17:59:58.934 [main] TRACE - Resolving type for handle cthyperlink0c85type
18:15:02.783 [main] TRACE - Loading type system org.apache.poi.schemas.ooxml.system.ooxml
18:15:02.783 [main] TRACE - Loading type system org.apache.xmlbeans.metadata.system.sXMLCONFIG
18:15:02.783 [main] TRACE - Loading type system org.apache.xmlbeans.metadata.system.sXMLLANG
18:15:02.783 [main] TRACE - Loading type system org.apache.xmlbeans.metadata.system.sXMLSCHEMA
18:15:02.799 [main] TRACE - Loading type system org.apache.xmlbeans.metadata.system.sXMLTOOLS
18:15:02.799 [main] TRACE - Reading unresolved handles for type system org.apache.xmlbeans.metadata.system.sXMLTOOLS
18:15:02.815 [main] TRACE - Finished loading type system org.apache.xmlbeans.metadata.system.sXMLTOOLS
18:15:02.815 [main] TRACE - Reading unresolved handles for type system org.apache.xmlbeans.metadata.system.sXMLSCHEMA
18:15:02.830 [main] TRACE - Finished loading type system org.apache.xmlbeans.metadata.system.sXMLSCHEMA
18:15:02.830 [main] TRACE - Reading unresolved handles for type system org.apache.xmlbeans.metadata.system.sXMLLANG
18:15:02.830 [main] TRACE - Finished loading type system org.apache.xmlbeans.metadata.system.sXMLLANG
18:15:02.830 [main] TRACE - Reading unresolved handles for type system org.apache.xmlbeans.metadata.system.sXMLCONFIG
18:15:02.830 [main] TRACE - Finished loading type system org.apache.xmlbeans.metadata.system.sXMLCONFIG
18:15:02.839 [main] TRACE - Reading unresolved handles for type system org.apache.poi.schemas.ooxml.system.ooxml
18:15:02.942 [main] TRACE - Finished loading type system org.apache.poi.schemas.ooxml.system.ooxml
18:15:02.945 [main] TRACE - Resolving type for handle ctworkbook83c3type
18:15:03.021 [main] TRACE - Resolving type for handle ctworkbookpr03a5type
18:15:03.022 [main] TRACE - Resolving type for handle ctbookviewsb864type
18:15:03.038 [main] TRACE - Resolving type for handle ctbookviewf677type
18:15:03.041 [main] TRACE - Resolving type for handle ctsheets49fdtype
18:15:03.053 [main] TRACE - Resolving type for handle propertiesee84doctype
18:15:03.055 [main] TRACE - Resolving type for handle ctproperties3f10type
18:15:03.055 [main] TRACE - Resolving type for handle properties288cdoctype
18:15:03.072 [main] TRACE - Resolving type for handle ctproperties2c18type
18:15:03.086 [main] TRACE - Resolving type for handle sstf81fdoctype
18:15:03.088 [main] TRACE - Resolving type for handle ctsst44f3type
18:15:03.094 [main] TRACE - Resolving type for handle stylesheet5d8bdoctype
18:15:03.094 [main] TRACE - Resolving type for handle ctstylesheet4257type
18:15:03.106 [main] TRACE - Resolving type for handle ctfont14d8type
18:15:03.120 [main] TRACE - Resolving type for handle ctfontsizeb3b9type
18:15:03.122 [main] TRACE - Resolving type for handle ctcolord2c2type
18:15:03.122 [main] TRACE - Resolving type for handle ctfontname2dc3type
18:15:03.122 [main] TRACE - Resolving type for handle stxstringf179type
18:15:03.138 [main] TRACE - Resolving type for handle ctfontfamily685ctype
18:15:03.141 [main] TRACE - Resolving type for handle stfontfamily9c6ctype
18:15:03.146 [main] TRACE - Resolving type for handle ctfontschemebf5dtype
18:15:03.152 [main] TRACE - Resolving type for handle stfontschemef36dtype
18:15:03.159 [main] TRACE - Resolving type for handle ctfill550ctype
18:15:03.160 [main] TRACE - Resolving type for handle ctpatternfill7452type
18:15:03.167 [main] TRACE - Resolving type for handle stpatterntype7939type
18:15:03.172 [main] TRACE - Resolving type for handle ctborderf935type
18:15:03.172 [main] TRACE - Resolving type for handle ctborderpre497type
18:15:03.181 [main] TRACE - Resolving type for handle ctxf97f7type
18:15:03.188 [main] TRACE - Resolving type for handle stnumfmtid76fbtype
18:15:03.189 [main] TRACE - Resolving type for handle stfontid9d63type
18:15:03.189 [main] TRACE - Resolving type for handle stfillida097type
18:15:03.189 [main] TRACE - Resolving type for handle stborderid1a80type
18:15:03.189 [main] TRACE - Resolving type for handle stcellstylexfid70c7type
18:15:03.205 [main] TRACE - Resolving type for handle ctsheet4dbetype
18:15:03.205 [main] TRACE - Resolving type for handle ctworksheet530dtype
18:15:03.224 [main] TRACE - Resolving type for handle ctsheetformatprdef7type
18:15:03.240 [main] TRACE - Resolving type for handle ctsheetviewsb918type
18:15:03.240 [main] TRACE - Resolving type for handle ctsheetview0f43type
18:15:03.255 [main] TRACE - Resolving type for handle ctsheetdimensiond310type
18:15:03.256 [main] TRACE - Resolving type for handle stref90a2type
18:15:03.256 [main] TRACE - Resolving type for handle ctsheetdata8408type
18:15:03.256 [main] TRACE - Resolving type for handle ctpagemargins5455type
18:15:03.272 [main] TRACE - Resolving type for handle ctcols627ctype
18:15:03.272 [main] TRACE - Resolving type for handle strelationshipid1e94type
18:15:03.272 [main] TRACE - Resolving type for handle ctrowdd39type
18:15:03.288 [main] TRACE - Resolving type for handle ctcell842btype
18:15:03.300 [main] TRACE - Resolving type for handle stcellrefe4e0type
18:15:03.305 [main] TRACE - Resolving type for handle ctrsta472type
18:15:03.305 [main] TRACE - Resolving type for handle stcelltypebf95type
18:15:03.641 [main] DEBUG - Save core properties part
18:15:03.641 [main] DEBUG - Save content types part
18:15:03.788 [main] DEBUG - Save package relationships
18:15:03.788 [main] DEBUG - Save part 'docProps/core.xml'
18:15:03.804 [main] DEBUG - Save part 'xl/sharedStrings.xml'
18:15:03.804 [main] DEBUG - Save part 'xl/styles.xml'
18:15:03.819 [main] DEBUG - Save part 'xl/workbook.xml'
18:15:03.822 [main] DEBUG - Save part 'xl/worksheets/sheet1.xml'
18:15:03.905 [main] DEBUG - Parsing relationship: /xl/_rels/workbook.xml.rels
18:15:03.905 [main] DEBUG - Parsing relationship: /xl/worksheets/_rels/sheet1.xml.rels
18:15:03.913 [main] DEBUG - Parsing relationship: /_rels/.rels
18:15:03.945 [main] TRACE - Resolving type for handle themefd26doctype
18:15:03.988 [main] TRACE - Resolving type for handle ctfonts6623type
18:15:03.988 [main] TRACE - Resolving type for handle ctfills2c6ftype
18:15:04.001 [main] TRACE - Resolving type for handle ctborders0d66type
18:15:04.004 [main] TRACE - Resolving type for handle ctcellxfs1322type
18:15:04.004 [main] TRACE - Resolving type for handle ctcellstylexfsa81ftype
18:15:04.004 [main] TRACE - Resolving type for handle ctdxfsb26atype
18:15:04.017 [main] TRACE - Resolving type for handle cttablestyles872ftype
18:15:04.055 [main] DEBUG - using default POIXMLDocumentPart for http://schemas.openxmlformats.org/officeDocument/2006/relationships/printerSettings
18:15:04.061 [main] TRACE - Resolving type for handle workbookec17doctype
18:15:04.071 [main] TRACE - Resolving type for handle worksheetf539doctype
18:15:04.087 [main] TRACE - Resolving type for handle ctcola95ftype
18:15:04.090 [main] TRACE - Resolving type for handle cthyperlinks6416type
18:15:04.104 [main] TRACE - Resolving type for handle cthyperlink0c85type
18:47:52.103 [main] TRACE - Loading type system org.apache.poi.schemas.ooxml.system.ooxml
18:47:52.120 [main] TRACE - Loading type system org.apache.xmlbeans.metadata.system.sXMLCONFIG
18:47:52.120 [main] TRACE - Loading type system org.apache.xmlbeans.metadata.system.sXMLLANG
18:47:52.120 [main] TRACE - Loading type system org.apache.xmlbeans.metadata.system.sXMLSCHEMA
18:47:52.120 [main] TRACE - Loading type system org.apache.xmlbeans.metadata.system.sXMLTOOLS
18:47:52.120 [main] TRACE - Reading unresolved handles for type system org.apache.xmlbeans.metadata.system.sXMLTOOLS
18:47:52.154 [main] TRACE - Finished loading type system org.apache.xmlbeans.metadata.system.sXMLTOOLS
18:47:52.154 [main] TRACE - Reading unresolved handles for type system org.apache.xmlbeans.metadata.system.sXMLSCHEMA
18:47:52.168 [main] TRACE - Finished loading type system org.apache.xmlbeans.metadata.system.sXMLSCHEMA
18:47:52.170 [main] TRACE - Reading unresolved handles for type system org.apache.xmlbeans.metadata.system.sXMLLANG
18:47:52.170 [main] TRACE - Finished loading type system org.apache.xmlbeans.metadata.system.sXMLLANG
18:47:52.176 [main] TRACE - Reading unresolved handles for type system org.apache.xmlbeans.metadata.system.sXMLCONFIG
18:47:52.176 [main] TRACE - Finished loading type system org.apache.xmlbeans.metadata.system.sXMLCONFIG
18:47:52.180 [main] TRACE - Reading unresolved handles for type system org.apache.poi.schemas.ooxml.system.ooxml
18:47:52.283 [main] TRACE - Finished loading type system org.apache.poi.schemas.ooxml.system.ooxml
18:47:52.286 [main] TRACE - Resolving type for handle ctworkbook83c3type
18:47:52.352 [main] TRACE - Resolving type for handle ctworkbookpr03a5type
18:47:52.373 [main] TRACE - Resolving type for handle ctbookviewsb864type
18:47:52.405 [main] TRACE - Resolving type for handle ctbookviewf677type
18:47:52.412 [main] TRACE - Resolving type for handle ctsheets49fdtype
18:47:52.419 [main] TRACE - Resolving type for handle propertiesee84doctype
18:47:52.424 [main] TRACE - Resolving type for handle ctproperties3f10type
18:47:52.436 [main] TRACE - Resolving type for handle properties288cdoctype
18:47:52.441 [main] TRACE - Resolving type for handle ctproperties2c18type
18:47:52.446 [main] TRACE - Resolving type for handle sstf81fdoctype
18:47:52.453 [main] TRACE - Resolving type for handle ctsst44f3type
18:47:52.459 [main] TRACE - Resolving type for handle stylesheet5d8bdoctype
18:47:52.459 [main] TRACE - Resolving type for handle ctstylesheet4257type
18:47:52.469 [main] TRACE - Resolving type for handle ctfont14d8type
18:47:52.483 [main] TRACE - Resolving type for handle ctfontsizeb3b9type
18:47:52.486 [main] TRACE - Resolving type for handle ctcolord2c2type
18:47:52.495 [main] TRACE - Resolving type for handle ctfontname2dc3type
18:47:52.495 [main] TRACE - Resolving type for handle stxstringf179type
18:47:52.503 [main] TRACE - Resolving type for handle ctfontfamily685ctype
18:47:52.503 [main] TRACE - Resolving type for handle stfontfamily9c6ctype
18:47:52.503 [main] TRACE - Resolving type for handle ctfontschemebf5dtype
18:47:52.514 [main] TRACE - Resolving type for handle stfontschemef36dtype
18:47:52.519 [main] TRACE - Resolving type for handle ctfill550ctype
18:47:52.519 [main] TRACE - Resolving type for handle ctpatternfill7452type
18:47:52.529 [main] TRACE - Resolving type for handle stpatterntype7939type
18:47:52.530 [main] TRACE - Resolving type for handle ctborderf935type
18:47:52.538 [main] TRACE - Resolving type for handle ctborderpre497type
18:47:52.542 [main] TRACE - Resolving type for handle ctxf97f7type
18:47:52.552 [main] TRACE - Resolving type for handle stnumfmtid76fbtype
18:47:52.553 [main] TRACE - Resolving type for handle stfontid9d63type
18:47:52.553 [main] TRACE - Resolving type for handle stfillida097type
18:47:52.553 [main] TRACE - Resolving type for handle stborderid1a80type
18:47:52.561 [main] TRACE - Resolving type for handle stcellstylexfid70c7type
18:47:52.569 [main] TRACE - Resolving type for handle ctsheet4dbetype
18:47:52.578 [main] TRACE - Resolving type for handle ctworksheet530dtype
18:47:52.586 [main] TRACE - Resolving type for handle ctsheetformatprdef7type
18:47:52.586 [main] TRACE - Resolving type for handle ctsheetviewsb918type
18:47:52.599 [main] TRACE - Resolving type for handle ctsheetview0f43type
18:47:52.602 [main] TRACE - Resolving type for handle ctsheetdimensiond310type
18:47:52.602 [main] TRACE - Resolving type for handle stref90a2type
18:47:52.602 [main] TRACE - Resolving type for handle ctsheetdata8408type
18:47:52.602 [main] TRACE - Resolving type for handle ctpagemargins5455type
18:47:52.619 [main] TRACE - Resolving type for handle ctcols627ctype
18:47:52.619 [main] TRACE - Resolving type for handle strelationshipid1e94type
18:47:52.619 [main] TRACE - Resolving type for handle ctrowdd39type
18:47:52.636 [main] TRACE - Resolving type for handle ctcell842btype
18:47:52.649 [main] TRACE - Resolving type for handle stcellrefe4e0type
18:47:52.653 [main] TRACE - Resolving type for handle ctrsta472type
18:47:52.658 [main] TRACE - Resolving type for handle stcelltypebf95type
18:47:53.037 [main] DEBUG - Save core properties part
18:47:53.037 [main] DEBUG - Save content types part
18:47:53.186 [main] DEBUG - Save package relationships
18:47:53.186 [main] DEBUG - Save part 'docProps/core.xml'
18:47:53.216 [main] DEBUG - Save part 'xl/sharedStrings.xml'
18:47:53.216 [main] DEBUG - Save part 'xl/styles.xml'
18:47:53.220 [main] DEBUG - Save part 'xl/workbook.xml'
18:47:53.220 [main] DEBUG - Save part 'xl/worksheets/sheet1.xml'
18:47:53.311 [main] DEBUG - Parsing relationship: /xl/_rels/workbook.xml.rels
18:47:53.319 [main] DEBUG - Parsing relationship: /xl/worksheets/_rels/sheet1.xml.rels
18:47:53.319 [main] DEBUG - Parsing relationship: /_rels/.rels
18:47:53.358 [main] TRACE - Resolving type for handle themefd26doctype
18:47:53.407 [main] TRACE - Resolving type for handle ctfonts6623type
18:47:53.410 [main] TRACE - Resolving type for handle ctfills2c6ftype
18:47:53.415 [main] TRACE - Resolving type for handle ctborders0d66type
18:47:53.421 [main] TRACE - Resolving type for handle ctcellxfs1322type
18:47:53.425 [main] TRACE - Resolving type for handle ctcellstylexfsa81ftype
18:47:53.428 [main] TRACE - Resolving type for handle ctdxfsb26atype
18:47:53.431 [main] TRACE - Resolving type for handle cttablestyles872ftype
18:47:53.478 [main] DEBUG - using default POIXMLDocumentPart for http://schemas.openxmlformats.org/officeDocument/2006/relationships/printerSettings
18:47:53.478 [main] TRACE - Resolving type for handle workbookec17doctype
18:47:53.486 [main] TRACE - Resolving type for handle worksheetf539doctype
18:47:53.507 [main] TRACE - Resolving type for handle ctcola95ftype
18:47:53.519 [main] TRACE - Resolving type for handle cthyperlinks6416type
18:47:53.519 [main] TRACE - Resolving type for handle cthyperlink0c85type
18:58:51.986 [main] TRACE - Loading type system org.apache.poi.schemas.ooxml.system.ooxml
18:58:52.002 [main] TRACE - Loading type system org.apache.xmlbeans.metadata.system.sXMLCONFIG
18:58:52.002 [main] TRACE - Loading type system org.apache.xmlbeans.metadata.system.sXMLLANG
18:58:52.002 [main] TRACE - Loading type system org.apache.xmlbeans.metadata.system.sXMLSCHEMA
18:58:52.002 [main] TRACE - Loading type system org.apache.xmlbeans.metadata.system.sXMLTOOLS
18:58:52.002 [main] TRACE - Reading unresolved handles for type system org.apache.xmlbeans.metadata.system.sXMLTOOLS
18:58:52.018 [main] TRACE - Finished loading type system org.apache.xmlbeans.metadata.system.sXMLTOOLS
18:58:52.018 [main] TRACE - Reading unresolved handles for type system org.apache.xmlbeans.metadata.system.sXMLSCHEMA
18:58:52.035 [main] TRACE - Finished loading type system org.apache.xmlbeans.metadata.system.sXMLSCHEMA
18:58:52.042 [main] TRACE - Reading unresolved handles for type system org.apache.xmlbeans.metadata.system.sXMLLANG
18:58:52.044 [main] TRACE - Finished loading type system org.apache.xmlbeans.metadata.system.sXMLLANG
18:58:52.046 [main] TRACE - Reading unresolved handles for type system org.apache.xmlbeans.metadata.system.sXMLCONFIG
18:58:52.048 [main] TRACE - Finished loading type system org.apache.xmlbeans.metadata.system.sXMLCONFIG
18:58:52.048 [main] TRACE - Reading unresolved handles for type system org.apache.poi.schemas.ooxml.system.ooxml
18:58:52.144 [main] TRACE - Finished loading type system org.apache.poi.schemas.ooxml.system.ooxml
18:58:52.144 [main] TRACE - Resolving type for handle ctworkbook83c3type
18:58:52.214 [main] TRACE - Resolving type for handle ctworkbookpr03a5type
18:58:52.233 [main] TRACE - Resolving type for handle ctbookviewsb864type
18:58:52.240 [main] TRACE - Resolving type for handle ctbookviewf677type
18:58:52.244 [main] TRACE - Resolving type for handle ctsheets49fdtype
18:58:52.250 [main] TRACE - Resolving type for handle propertiesee84doctype
18:58:52.255 [main] TRACE - Resolving type for handle ctproperties3f10type
18:58:52.261 [main] TRACE - Resolving type for handle properties288cdoctype
18:58:52.261 [main] TRACE - Resolving type for handle ctproperties2c18type
18:58:52.272 [main] TRACE - Resolving type for handle sstf81fdoctype
18:58:52.277 [main] TRACE - Resolving type for handle ctsst44f3type
18:58:52.283 [main] TRACE - Resolving type for handle stylesheet5d8bdoctype
18:58:52.285 [main] TRACE - Resolving type for handle ctstylesheet4257type
18:58:52.291 [main] TRACE - Resolving type for handle ctfont14d8type
18:58:52.300 [main] TRACE - Resolving type for handle ctfontsizeb3b9type
18:58:52.303 [main] TRACE - Resolving type for handle ctcolord2c2type
18:58:52.311 [main] TRACE - Resolving type for handle ctfontname2dc3type
18:58:52.311 [main] TRACE - Resolving type for handle stxstringf179type
18:58:52.311 [main] TRACE - Resolving type for handle ctfontfamily685ctype
18:58:52.311 [main] TRACE - Resolving type for handle stfontfamily9c6ctype
18:58:52.319 [main] TRACE - Resolving type for handle ctfontschemebf5dtype
18:58:52.319 [main] TRACE - Resolving type for handle stfontschemef36dtype
18:58:52.328 [main] TRACE - Resolving type for handle ctfill550ctype
18:58:52.328 [main] TRACE - Resolving type for handle ctpatternfill7452type
18:58:52.328 [main] TRACE - Resolving type for handle stpatterntype7939type
18:58:52.328 [main] TRACE - Resolving type for handle ctborderf935type
18:58:52.344 [main] TRACE - Resolving type for handle ctborderpre497type
18:58:52.344 [main] TRACE - Resolving type for handle ctxf97f7type
18:58:52.344 [main] TRACE - Resolving type for handle stnumfmtid76fbtype
18:58:52.360 [main] TRACE - Resolving type for handle stfontid9d63type
18:58:52.361 [main] TRACE - Resolving type for handle stfillida097type
18:58:52.364 [main] TRACE - Resolving type for handle stborderid1a80type
18:58:52.366 [main] TRACE - Resolving type for handle stcellstylexfid70c7type
18:58:52.377 [main] TRACE - Resolving type for handle ctsheet4dbetype
18:58:52.378 [main] TRACE - Resolving type for handle ctworksheet530dtype
18:58:52.391 [main] TRACE - Resolving type for handle ctsheetformatprdef7type
18:58:52.399 [main] TRACE - Resolving type for handle ctsheetviewsb918type
18:58:52.399 [main] TRACE - Resolving type for handle ctsheetview0f43type
18:58:52.413 [main] TRACE - Resolving type for handle ctsheetdimensiond310type
18:58:52.413 [main] TRACE - Resolving type for handle stref90a2type
18:58:52.413 [main] TRACE - Resolving type for handle ctsheetdata8408type
18:58:52.423 [main] TRACE - Resolving type for handle ctpagemargins5455type
18:58:52.428 [main] TRACE - Resolving type for handle ctcols627ctype
18:58:52.428 [main] TRACE - Resolving type for handle strelationshipid1e94type
18:58:52.428 [main] TRACE - Resolving type for handle ctrowdd39type
18:58:52.445 [main] TRACE - Resolving type for handle ctcell842btype
18:58:52.463 [main] TRACE - Resolving type for handle stcellrefe4e0type
18:58:52.470 [main] TRACE - Resolving type for handle ctrsta472type
18:58:52.477 [main] TRACE - Resolving type for handle stcelltypebf95type
18:58:52.832 [main] DEBUG - Save core properties part
18:58:52.832 [main] DEBUG - Save content types part
18:58:52.977 [main] DEBUG - Save package relationships
18:58:52.994 [main] DEBUG - Save part 'docProps/core.xml'
18:58:53.010 [main] DEBUG - Save part 'xl/sharedStrings.xml'
18:58:53.010 [main] DEBUG - Save part 'xl/styles.xml'
18:58:53.010 [main] DEBUG - Save part 'xl/workbook.xml'
18:58:53.021 [main] DEBUG - Save part 'xl/worksheets/sheet1.xml'
18:58:53.111 [main] DEBUG - Parsing relationship: /xl/_rels/workbook.xml.rels
18:58:53.111 [main] DEBUG - Parsing relationship: /xl/worksheets/_rels/sheet1.xml.rels
18:58:53.111 [main] DEBUG - Parsing relationship: /_rels/.rels
18:58:53.151 [main] TRACE - Resolving type for handle themefd26doctype
18:58:53.207 [main] TRACE - Resolving type for handle ctfonts6623type
18:58:53.214 [main] TRACE - Resolving type for handle ctfills2c6ftype
18:58:53.218 [main] TRACE - Resolving type for handle ctborders0d66type
18:58:53.221 [main] TRACE - Resolving type for handle ctcellxfs1322type
18:58:53.221 [main] TRACE - Resolving type for handle ctcellstylexfsa81ftype
18:58:53.229 [main] TRACE - Resolving type for handle ctdxfsb26atype
18:58:53.229 [main] TRACE - Resolving type for handle cttablestyles872ftype
18:58:53.283 [main] DEBUG - using default POIXMLDocumentPart for http://schemas.openxmlformats.org/officeDocument/2006/relationships/printerSettings
18:58:53.284 [main] TRACE - Resolving type for handle workbookec17doctype
18:58:53.294 [main] TRACE - Resolving type for handle worksheetf539doctype
18:58:53.312 [main] TRACE - Resolving type for handle ctcola95ftype
18:58:53.328 [main] TRACE - Resolving type for handle cthyperlinks6416type
18:58:53.328 [main] TRACE - Resolving type for handle cthyperlink0c85type
19:16:36.951 [main] TRACE - Loading type system org.apache.poi.schemas.ooxml.system.ooxml
19:16:36.967 [main] TRACE - Loading type system org.apache.xmlbeans.metadata.system.sXMLCONFIG
19:16:36.967 [main] TRACE - Loading type system org.apache.xmlbeans.metadata.system.sXMLLANG
19:16:36.967 [main] TRACE - Loading type system org.apache.xmlbeans.metadata.system.sXMLSCHEMA
19:16:36.967 [main] TRACE - Loading type system org.apache.xmlbeans.metadata.system.sXMLTOOLS
19:16:36.967 [main] TRACE - Reading unresolved handles for type system org.apache.xmlbeans.metadata.system.sXMLTOOLS
19:16:36.995 [main] TRACE - Finished loading type system org.apache.xmlbeans.metadata.system.sXMLTOOLS
19:16:37.000 [main] TRACE - Reading unresolved handles for type system org.apache.xmlbeans.metadata.system.sXMLSCHEMA
19:16:37.000 [main] TRACE - Finished loading type system org.apache.xmlbeans.metadata.system.sXMLSCHEMA
19:16:37.011 [main] TRACE - Reading unresolved handles for type system org.apache.xmlbeans.metadata.system.sXMLLANG
19:16:37.015 [main] TRACE - Finished loading type system org.apache.xmlbeans.metadata.system.sXMLLANG
19:16:37.017 [main] TRACE - Reading unresolved handles for type system org.apache.xmlbeans.metadata.system.sXMLCONFIG
19:16:37.017 [main] TRACE - Finished loading type system org.apache.xmlbeans.metadata.system.sXMLCONFIG
19:16:37.020 [main] TRACE - Reading unresolved handles for type system org.apache.poi.schemas.ooxml.system.ooxml
19:16:37.116 [main] TRACE - Finished loading type system org.apache.poi.schemas.ooxml.system.ooxml
19:16:37.123 [main] TRACE - Resolving type for handle ctworkbook83c3type
19:16:37.183 [main] TRACE - Resolving type for handle ctworkbookpr03a5type
19:16:37.200 [main] TRACE - Resolving type for handle ctbookviewsb864type
19:16:37.207 [main] TRACE - Resolving type for handle ctbookviewf677type
19:16:37.217 [main] TRACE - Resolving type for handle ctsheets49fdtype
19:16:37.223 [main] TRACE - Resolving type for handle propertiesee84doctype
19:16:37.227 [main] TRACE - Resolving type for handle ctproperties3f10type
19:16:37.233 [main] TRACE - Resolving type for handle properties288cdoctype
19:16:37.243 [main] TRACE - Resolving type for handle ctproperties2c18type
19:16:37.254 [main] TRACE - Resolving type for handle sstf81fdoctype
19:16:37.254 [main] TRACE - Resolving type for handle ctsst44f3type
19:16:37.259 [main] TRACE - Resolving type for handle stylesheet5d8bdoctype
19:16:37.259 [main] TRACE - Resolving type for handle ctstylesheet4257type
19:16:37.271 [main] TRACE - Resolving type for handle ctfont14d8type
19:16:37.283 [main] TRACE - Resolving type for handle ctfontsizeb3b9type
19:16:37.283 [main] TRACE - Resolving type for handle ctcolord2c2type
19:16:37.300 [main] TRACE - Resolving type for handle ctfontname2dc3type
19:16:37.300 [main] TRACE - Resolving type for handle stxstringf179type
19:16:37.300 [main] TRACE - Resolving type for handle ctfontfamily685ctype
19:16:37.300 [main] TRACE - Resolving type for handle stfontfamily9c6ctype
19:16:37.300 [main] TRACE - Resolving type for handle ctfontschemebf5dtype
19:16:37.317 [main] TRACE - Resolving type for handle stfontschemef36dtype
19:16:37.322 [main] TRACE - Resolving type for handle ctfill550ctype
19:16:37.324 [main] TRACE - Resolving type for handle ctpatternfill7452type
19:16:37.330 [main] TRACE - Resolving type for handle stpatterntype7939type
19:16:37.333 [main] TRACE - Resolving type for handle ctborderf935type
19:16:37.333 [main] TRACE - Resolving type for handle ctborderpre497type
19:16:37.346 [main] TRACE - Resolving type for handle ctxf97f7type
19:16:37.350 [main] TRACE - Resolving type for handle stnumfmtid76fbtype
19:16:37.353 [main] TRACE - Resolving type for handle stfontid9d63type
19:16:37.355 [main] TRACE - Resolving type for handle stfillida097type
19:16:37.355 [main] TRACE - Resolving type for handle stborderid1a80type
19:16:37.361 [main] TRACE - Resolving type for handle stcellstylexfid70c7type
19:16:37.367 [main] TRACE - Resolving type for handle ctsheet4dbetype
19:16:37.367 [main] TRACE - Resolving type for handle ctworksheet530dtype
19:16:37.383 [main] TRACE - Resolving type for handle ctsheetformatprdef7type
19:16:37.393 [main] TRACE - Resolving type for handle ctsheetviewsb918type
19:16:37.399 [main] TRACE - Resolving type for handle ctsheetview0f43type
19:16:37.409 [main] TRACE - Resolving type for handle ctsheetdimensiond310type
19:16:37.409 [main] TRACE - Resolving type for handle stref90a2type
19:16:37.409 [main] TRACE - Resolving type for handle ctsheetdata8408type
19:16:37.418 [main] TRACE - Resolving type for handle ctpagemargins5455type
19:16:37.418 [main] TRACE - Resolving type for handle ctcols627ctype
19:16:37.418 [main] TRACE - Resolving type for handle strelationshipid1e94type
19:16:37.434 [main] TRACE - Resolving type for handle ctrowdd39type
19:16:37.441 [main] TRACE - Resolving type for handle ctcell842btype
19:16:37.457 [main] TRACE - Resolving type for handle stcellrefe4e0type
19:16:37.461 [main] TRACE - Resolving type for handle ctrsta472type
19:16:37.467 [main] TRACE - Resolving type for handle stcelltypebf95type
19:16:37.825 [main] DEBUG - Save core properties part
19:16:37.825 [main] DEBUG - Save content types part
19:16:37.988 [main] DEBUG - Save package relationships
19:16:38.000 [main] DEBUG - Save part 'docProps/core.xml'
19:16:38.016 [main] DEBUG - Save part 'xl/sharedStrings.xml'
19:16:38.016 [main] DEBUG - Save part 'xl/styles.xml'
19:16:38.016 [main] DEBUG - Save part 'xl/workbook.xml'
19:16:38.030 [main] DEBUG - Save part 'xl/worksheets/sheet1.xml'
19:16:38.121 [main] DEBUG - Parsing relationship: /xl/_rels/workbook.xml.rels
19:16:38.121 [main] DEBUG - Parsing relationship: /xl/worksheets/_rels/sheet1.xml.rels
19:16:38.125 [main] DEBUG - Parsing relationship: /_rels/.rels
19:16:38.153 [main] TRACE - Resolving type for handle themefd26doctype
19:16:38.186 [main] TRACE - Resolving type for handle ctfonts6623type
19:16:38.188 [main] TRACE - Resolving type for handle ctfills2c6ftype
19:16:38.188 [main] TRACE - Resolving type for handle ctborders0d66type
19:16:38.188 [main] TRACE - Resolving type for handle ctcellxfs1322type
19:16:38.197 [main] TRACE - Resolving type for handle ctcellstylexfsa81ftype
19:16:38.201 [main] TRACE - Resolving type for handle ctdxfsb26atype
19:16:38.201 [main] TRACE - Resolving type for handle cttablestyles872ftype
19:16:38.244 [main] DEBUG - using default POIXMLDocumentPart for http://schemas.openxmlformats.org/officeDocument/2006/relationships/printerSettings
19:16:38.244 [main] TRACE - Resolving type for handle workbookec17doctype
19:16:38.250 [main] TRACE - Resolving type for handle worksheetf539doctype
19:16:38.276 [main] TRACE - Resolving type for handle ctcola95ftype
19:16:38.292 [main] TRACE - Resolving type for handle cthyperlinks6416type
19:16:38.300 [main] TRACE - Resolving type for handle cthyperlink0c85type
19:20:14.995 [main] TRACE - Loading type system org.apache.poi.schemas.ooxml.system.ooxml
19:20:14.995 [main] TRACE - Loading type system org.apache.xmlbeans.metadata.system.sXMLCONFIG
19:20:14.995 [main] TRACE - Loading type system org.apache.xmlbeans.metadata.system.sXMLLANG
19:20:14.995 [main] TRACE - Loading type system org.apache.xmlbeans.metadata.system.sXMLSCHEMA
19:20:14.995 [main] TRACE - Loading type system org.apache.xmlbeans.metadata.system.sXMLTOOLS
19:20:15.011 [main] TRACE - Reading unresolved handles for type system org.apache.xmlbeans.metadata.system.sXMLTOOLS
19:20:15.029 [main] TRACE - Finished loading type system org.apache.xmlbeans.metadata.system.sXMLTOOLS
19:20:15.029 [main] TRACE - Reading unresolved handles for type system org.apache.xmlbeans.metadata.system.sXMLSCHEMA
19:20:15.029 [main] TRACE - Finished loading type system org.apache.xmlbeans.metadata.system.sXMLSCHEMA
19:20:15.044 [main] TRACE - Reading unresolved handles for type system org.apache.xmlbeans.metadata.system.sXMLLANG
19:20:15.045 [main] TRACE - Finished loading type system org.apache.xmlbeans.metadata.system.sXMLLANG
19:20:15.046 [main] TRACE - Reading unresolved handles for type system org.apache.xmlbeans.metadata.system.sXMLCONFIG
19:20:15.048 [main] TRACE - Finished loading type system org.apache.xmlbeans.metadata.system.sXMLCONFIG
19:20:15.048 [main] TRACE - Reading unresolved handles for type system org.apache.poi.schemas.ooxml.system.ooxml
19:20:15.137 [main] TRACE - Finished loading type system org.apache.poi.schemas.ooxml.system.ooxml
19:20:15.145 [main] TRACE - Resolving type for handle ctworkbook83c3type
