17:36:06.025 [main] TRACE - Reading unresolved handles for type system org.apache.xmlbeans.metadata.system.sXMLLANG
17:36:06.033 [main] TRACE - Finished loading type system org.apache.xmlbeans.metadata.system.sXMLLANG
17:36:06.033 [main] TRACE - Reading unresolved handles for type system org.apache.xmlbeans.metadata.system.sXMLCONFIG
17:36:06.035 [main] TRACE - Finished loading type system org.apache.xmlbeans.metadata.system.sXMLCONFIG
17:36:06.037 [main] TRACE - Reading unresolved handles for type system org.apache.poi.schemas.ooxml.system.ooxml
17:36:06.093 [main] TRACE - Finished loading type system org.apache.poi.schemas.ooxml.system.ooxml
17:36:06.093 [main] TRACE - Resolving type for handle ctworkbook83c3type
17:36:06.129 [main] TRACE - Resolving type for handle ctworkbookpr03a5type
17:36:06.131 [main] TRACE - Resolving type for handle ctbookviewsb864type
17:36:06.136 [main] TRACE - Resolving type for handle ctbookviewf677type
17:36:06.141 [main] TRACE - Resolving type for handle ctsheets49fdtype
17:36:06.141 [main] TRACE - Resolving type for handle propertiesee84doctype
17:36:06.141 [main] TRACE - Resolving type for handle ctproperties3f10type
17:36:06.149 [main] TRACE - Resolving type for handle properties288cdoctype
17:36:06.149 [main] TRACE - Resolving type for handle ctproperties2c18type
17:36:06.154 [main] TRACE - Resolving type for handle sstf81fdoctype
17:36:06.154 [main] TRACE - Resolving type for handle ctsst44f3type
17:36:06.161 [main] TRACE - Resolving type for handle stylesheet5d8bdoctype
17:36:06.164 [main] TRACE - Resolving type for handle ctstylesheet4257type
17:36:06.164 [main] TRACE - Resolving type for handle ctfont14d8type
17:36:06.171 [main] TRACE - Resolving type for handle ctfontsizeb3b9type
17:36:06.176 [main] TRACE - Resolving type for handle ctcolord2c2type
17:36:06.179 [main] TRACE - Resolving type for handle ctfontname2dc3type
17:36:06.180 [main] TRACE - Resolving type for handle stxstringf179type
17:36:06.180 [main] TRACE - Resolving type for handle ctfontfamily685ctype
17:36:06.184 [main] TRACE - Resolving type for handle stfontfamily9c6ctype
17:36:06.186 [main] TRACE - Resolving type for handle ctfontschemebf5dtype
17:36:06.186 [main] TRACE - Resolving type for handle stfontschemef36dtype
17:36:06.189 [main] TRACE - Resolving type for handle ctfill550ctype
17:36:06.192 [main] TRACE - Resolving type for handle ctpatternfill7452type
17:36:06.195 [main] TRACE - Resolving type for handle stpatterntype7939type
17:36:06.195 [main] TRACE - Resolving type for handle ctborderf935type
17:36:06.199 [main] TRACE - Resolving type for handle ctborderpre497type
17:36:06.204 [main] TRACE - Resolving type for handle ctxf97f7type
17:36:06.205 [main] TRACE - Resolving type for handle stnumfmtid76fbtype
17:36:06.207 [main] TRACE - Resolving type for handle stfontid9d63type
17:36:06.209 [main] TRACE - Resolving type for handle stfillida097type
17:36:06.211 [main] TRACE - Resolving type for handle stborderid1a80type
17:36:06.211 [main] TRACE - Resolving type for handle stcellstylexfid70c7type
17:36:06.211 [main] TRACE - Resolving type for handle ctsheet4dbetype
17:36:06.219 [main] TRACE - Resolving type for handle ctworksheet530dtype
17:36:06.224 [main] TRACE - Resolving type for handle ctsheetformatprdef7type
17:36:06.229 [main] TRACE - Resolving type for handle ctsheetviewsb918type
17:36:06.231 [main] TRACE - Resolving type for handle ctsheetview0f43type
17:36:06.235 [main] TRACE - Resolving type for handle ctsheetdimensiond310type
17:36:06.235 [main] TRACE - Resolving type for handle stref90a2type
17:36:06.237 [main] TRACE - Resolving type for handle ctsheetdata8408type
17:36:06.239 [main] TRACE - Resolving type for handle ctpagemargins5455type
17:36:06.244 [main] TRACE - Resolving type for handle ctcols627ctype
17:36:06.244 [main] TRACE - Resolving type for handle strelationshipid1e94type
17:36:06.244 [main] TRACE - Resolving type for handle ctrowdd39type
17:36:06.254 [main] TRACE - Resolving type for handle ctcell842btype
17:36:06.260 [main] TRACE - Resolving type for handle stcellrefe4e0type
17:36:06.264 [main] TRACE - Resolving type for handle ctrsta472type
17:36:06.268 [main] TRACE - Resolving type for handle stcelltypebf95type
17:36:06.401 [main] DEBUG - Save core properties part
17:36:06.401 [main] DEBUG - Save content types part
17:36:06.540 [main] DEBUG - Save package relationships
17:36:06.542 [main] DEBUG - Save part 'docProps/core.xml'
17:36:06.559 [main] DEBUG - Save part 'xl/sharedStrings.xml'
17:36:06.559 [main] DEBUG - Save part 'xl/styles.xml'
17:36:06.559 [main] DEBUG - Save part 'xl/workbook.xml'
17:36:06.559 [main] DEBUG - Save part 'xl/worksheets/sheet1.xml'
17:36:18.463 [main] DEBUG - Parsing relationship: /xl/_rels/workbook.xml.rels
17:36:18.466 [main] DEBUG - Parsing relationship: /xl/worksheets/_rels/sheet1.xml.rels
17:36:18.469 [main] DEBUG - Parsing relationship: /_rels/.rels
17:36:18.499 [main] TRACE - Resolving type for handle themefd26doctype
17:36:18.541 [main] TRACE - Resolving type for handle ctfonts6623type
17:36:18.543 [main] TRACE - Resolving type for handle ctfills2c6ftype
17:36:18.543 [main] TRACE - Resolving type for handle ctborders0d66type
17:36:18.552 [main] TRACE - Resolving type for handle ctcellxfs1322type
17:36:18.552 [main] TRACE - Resolving type for handle ctcellstylexfsa81ftype
17:36:18.552 [main] TRACE - Resolving type for handle ctdxfsb26atype
17:36:18.559 [main] TRACE - Resolving type for handle cttablestyles872ftype
17:36:18.585 [main] TRACE - Resolving type for handle workbookec17doctype
17:36:18.589 [main] TRACE - Resolving type for handle worksheetf539doctype
17:36:18.604 [main] TRACE - Resolving type for handle ctcola95ftype
17:36:18.619 [main] TRACE - Resolving type for handle cthyperlinks6416type
17:36:18.621 [main] TRACE - Resolving type for handle cthyperlink0c85type
17:37:08.797 [main] DEBUG - Save core properties part
17:37:08.799 [main] DEBUG - Save content types part
17:37:08.801 [main] DEBUG - Save package relationships
17:37:08.803 [main] DEBUG - Save part 'docProps/core.xml'
17:37:08.804 [main] DEBUG - Save part 'xl/sharedStrings.xml'
17:37:08.804 [main] DEBUG - Save part 'xl/styles.xml'
17:37:08.805 [main] DEBUG - Save part 'xl/workbook.xml'
17:37:08.806 [main] DEBUG - Save part 'xl/worksheets/sheet1.xml'
17:48:11.496 [main] TRACE - Loading type system org.apache.poi.schemas.ooxml.system.ooxml
17:48:11.496 [main] TRACE - Loading type system org.apache.xmlbeans.metadata.system.sXMLCONFIG
17:48:11.496 [main] TRACE - Loading type system org.apache.xmlbeans.metadata.system.sXMLLANG
17:48:11.496 [main] TRACE - Loading type system org.apache.xmlbeans.metadata.system.sXMLSCHEMA
17:48:11.496 [main] TRACE - Loading type system org.apache.xmlbeans.metadata.system.sXMLTOOLS
17:48:11.505 [main] TRACE - Reading unresolved handles for type system org.apache.xmlbeans.metadata.system.sXMLTOOLS
17:48:11.516 [main] TRACE - Finished loading type system org.apache.xmlbeans.metadata.system.sXMLTOOLS
17:48:11.516 [main] TRACE - Reading unresolved handles for type system org.apache.xmlbeans.metadata.system.sXMLSCHEMA
17:48:11.526 [main] TRACE - Finished loading type system org.apache.xmlbeans.metadata.system.sXMLSCHEMA
17:48:11.527 [main] TRACE - Reading unresolved handles for type system org.apache.xmlbeans.metadata.system.sXMLLANG
17:48:11.530 [main] TRACE - Finished loading type system org.apache.xmlbeans.metadata.system.sXMLLANG
17:48:11.530 [main] TRACE - Reading unresolved handles for type system org.apache.xmlbeans.metadata.system.sXMLCONFIG
17:48:11.530 [main] TRACE - Finished loading type system org.apache.xmlbeans.metadata.system.sXMLCONFIG
17:48:11.530 [main] TRACE - Reading unresolved handles for type system org.apache.poi.schemas.ooxml.system.ooxml
17:48:11.586 [main] TRACE - Finished loading type system org.apache.poi.schemas.ooxml.system.ooxml
17:48:11.586 [main] TRACE - Resolving type for handle ctworkbook83c3type
17:48:11.641 [main] TRACE - Resolving type for handle ctworkbookpr03a5type
17:48:11.646 [main] TRACE - Resolving type for handle ctbookviewsb864type
17:48:11.646 [main] TRACE - Resolving type for handle ctbookviewf677type
17:48:11.656 [main] TRACE - Resolving type for handle ctsheets49fdtype
17:48:11.660 [main] TRACE - Resolving type for handle propertiesee84doctype
17:48:11.665 [main] TRACE - Resolving type for handle ctproperties3f10type
17:48:11.666 [main] TRACE - Resolving type for handle properties288cdoctype
17:48:11.676 [main] TRACE - Resolving type for handle ctproperties2c18type
17:48:11.678 [main] TRACE - Resolving type for handle sstf81fdoctype
17:48:11.678 [main] TRACE - Resolving type for handle ctsst44f3type
17:48:11.686 [main] TRACE - Resolving type for handle stylesheet5d8bdoctype
17:48:11.686 [main] TRACE - Resolving type for handle ctstylesheet4257type
17:48:11.691 [main] TRACE - Resolving type for handle ctfont14d8type
17:48:11.696 [main] TRACE - Resolving type for handle ctfontsizeb3b9type
17:48:11.696 [main] TRACE - Resolving type for handle ctcolord2c2type
17:48:11.705 [main] TRACE - Resolving type for handle ctfontname2dc3type
17:48:11.706 [main] TRACE - Resolving type for handle stxstringf179type
17:48:11.706 [main] TRACE - Resolving type for handle ctfontfamily685ctype
17:48:11.710 [main] TRACE - Resolving type for handle stfontfamily9c6ctype
17:48:11.711 [main] TRACE - Resolving type for handle ctfontschemebf5dtype
17:48:11.716 [main] TRACE - Resolving type for handle stfontschemef36dtype
17:48:11.716 [main] TRACE - Resolving type for handle ctfill550ctype
17:48:11.716 [main] TRACE - Resolving type for handle ctpatternfill7452type
17:48:11.716 [main] TRACE - Resolving type for handle stpatterntype7939type
17:48:11.726 [main] TRACE - Resolving type for handle ctborderf935type
17:48:11.727 [main] TRACE - Resolving type for handle ctborderpre497type
17:48:11.731 [main] TRACE - Resolving type for handle ctxf97f7type
17:48:11.736 [main] TRACE - Resolving type for handle stnumfmtid76fbtype
17:48:11.736 [main] TRACE - Resolving type for handle stfontid9d63type
17:48:11.736 [main] TRACE - Resolving type for handle stfillida097type
17:48:11.736 [main] TRACE - Resolving type for handle stborderid1a80type
17:48:11.736 [main] TRACE - Resolving type for handle stcellstylexfid70c7type
17:48:11.746 [main] TRACE - Resolving type for handle ctsheet4dbetype
17:48:11.746 [main] TRACE - Resolving type for handle ctworksheet530dtype
17:48:11.761 [main] TRACE - Resolving type for handle ctsheetformatprdef7type
17:48:11.766 [main] TRACE - Resolving type for handle ctsheetviewsb918type
17:48:11.766 [main] TRACE - Resolving type for handle ctsheetview0f43type
17:48:11.777 [main] TRACE - Resolving type for handle ctsheetdimensiond310type
17:48:11.781 [main] TRACE - Resolving type for handle stref90a2type
17:48:11.781 [main] TRACE - Resolving type for handle ctsheetdata8408type
17:48:11.786 [main] TRACE - Resolving type for handle ctpagemargins5455type
17:48:11.786 [main] TRACE - Resolving type for handle ctcols627ctype
17:48:11.786 [main] TRACE - Resolving type for handle strelationshipid1e94type
17:48:11.786 [main] TRACE - Resolving type for handle ctrowdd39type
17:48:11.796 [main] TRACE - Resolving type for handle ctcell842btype
17:48:11.806 [main] TRACE - Resolving type for handle stcellrefe4e0type
17:48:11.810 [main] TRACE - Resolving type for handle ctrsta472type
17:48:11.811 [main] TRACE - Resolving type for handle stcelltypebf95type
17:48:11.996 [main] DEBUG - Save core properties part
17:48:11.996 [main] DEBUG - Save content types part
17:48:12.106 [main] DEBUG - Save package relationships
17:48:12.112 [main] DEBUG - Save part 'docProps/core.xml'
17:48:12.116 [main] DEBUG - Save part 'xl/sharedStrings.xml'
17:48:12.116 [main] DEBUG - Save part 'xl/styles.xml'
17:48:12.116 [main] DEBUG - Save part 'xl/workbook.xml'
17:48:12.127 [main] DEBUG - Save part 'xl/worksheets/sheet1.xml'
17:48:26.516 [main] DEBUG - Save core properties part
17:48:26.516 [main] DEBUG - Save content types part
17:48:26.516 [main] DEBUG - Save package relationships
17:48:26.516 [main] DEBUG - Save part 'docProps/core.xml'
17:48:26.521 [main] DEBUG - Save part 'xl/sharedStrings.xml'
17:48:26.521 [main] DEBUG - Save part 'xl/styles.xml'
17:48:26.521 [main] DEBUG - Save part 'xl/workbook.xml'
17:48:26.523 [main] DEBUG - Save part 'xl/worksheets/sheet1.xml'
17:53:01.676 [main] TRACE - Loading type system org.apache.poi.schemas.ooxml.system.ooxml
17:53:01.676 [main] TRACE - Loading type system org.apache.xmlbeans.metadata.system.sXMLCONFIG
17:53:01.676 [main] TRACE - Loading type system org.apache.xmlbeans.metadata.system.sXMLLANG
17:53:01.676 [main] TRACE - Loading type system org.apache.xmlbeans.metadata.system.sXMLSCHEMA
17:53:01.676 [main] TRACE - Loading type system org.apache.xmlbeans.metadata.system.sXMLTOOLS
17:53:01.686 [main] TRACE - Reading unresolved handles for type system org.apache.xmlbeans.metadata.system.sXMLTOOLS
17:53:01.698 [main] TRACE - Finished loading type system org.apache.xmlbeans.metadata.system.sXMLTOOLS
17:53:01.700 [main] TRACE - Reading unresolved handles for type system org.apache.xmlbeans.metadata.system.sXMLSCHEMA
17:53:01.706 [main] TRACE - Finished loading type system org.apache.xmlbeans.metadata.system.sXMLSCHEMA
17:53:01.706 [main] TRACE - Reading unresolved handles for type system org.apache.xmlbeans.metadata.system.sXMLLANG
17:53:01.708 [main] TRACE - Finished loading type system org.apache.xmlbeans.metadata.system.sXMLLANG
17:53:01.709 [main] TRACE - Reading unresolved handles for type system org.apache.xmlbeans.metadata.system.sXMLCONFIG
17:53:01.710 [main] TRACE - Finished loading type system org.apache.xmlbeans.metadata.system.sXMLCONFIG
17:53:01.710 [main] TRACE - Reading unresolved handles for type system org.apache.poi.schemas.ooxml.system.ooxml
17:53:01.764 [main] TRACE - Finished loading type system org.apache.poi.schemas.ooxml.system.ooxml
17:53:01.766 [main] TRACE - Resolving type for handle ctworkbook83c3type
17:53:01.805 [main] TRACE - Resolving type for handle ctworkbookpr03a5type
17:53:01.814 [main] TRACE - Resolving type for handle ctbookviewsb864type
17:53:01.816 [main] TRACE - Resolving type for handle ctbookviewf677type
17:53:01.822 [main] TRACE - Resolving type for handle ctsheets49fdtype
17:53:01.824 [main] TRACE - Resolving type for handle propertiesee84doctype
17:53:01.826 [main] TRACE - Resolving type for handle ctproperties3f10type
17:53:01.831 [main] TRACE - Resolving type for handle properties288cdoctype
17:53:01.833 [main] TRACE - Resolving type for handle ctproperties2c18type
17:53:01.838 [main] TRACE - Resolving type for handle sstf81fdoctype
17:53:01.840 [main] TRACE - Resolving type for handle ctsst44f3type
17:53:01.844 [main] TRACE - Resolving type for handle stylesheet5d8bdoctype
17:53:01.845 [main] TRACE - Resolving type for handle ctstylesheet4257type
17:53:01.848 [main] TRACE - Resolving type for handle ctfont14d8type
17:53:01.856 [main] TRACE - Resolving type for handle ctfontsizeb3b9type
17:53:01.860 [main] TRACE - Resolving type for handle ctcolord2c2type
17:53:01.862 [main] TRACE - Resolving type for handle ctfontname2dc3type
17:53:01.864 [main] TRACE - Resolving type for handle stxstringf179type
17:53:01.867 [main] TRACE - Resolving type for handle ctfontfamily685ctype
17:53:01.870 [main] TRACE - Resolving type for handle stfontfamily9c6ctype
17:53:01.873 [main] TRACE - Resolving type for handle ctfontschemebf5dtype
17:53:01.875 [main] TRACE - Resolving type for handle stfontschemef36dtype
17:53:01.877 [main] TRACE - Resolving type for handle ctfill550ctype
17:53:01.879 [main] TRACE - Resolving type for handle ctpatternfill7452type
17:53:01.882 [main] TRACE - Resolving type for handle stpatterntype7939type
17:53:01.884 [main] TRACE - Resolving type for handle ctborderf935type
17:53:01.886 [main] TRACE - Resolving type for handle ctborderpre497type
17:53:01.890 [main] TRACE - Resolving type for handle ctxf97f7type
17:53:01.893 [main] TRACE - Resolving type for handle stnumfmtid76fbtype
17:53:01.893 [main] TRACE - Resolving type for handle stfontid9d63type
17:53:01.896 [main] TRACE - Resolving type for handle stfillida097type
17:53:01.898 [main] TRACE - Resolving type for handle stborderid1a80type
17:53:01.900 [main] TRACE - Resolving type for handle stcellstylexfid70c7type
17:53:01.904 [main] TRACE - Resolving type for handle ctsheet4dbetype
17:53:01.911 [main] TRACE - Resolving type for handle ctworksheet530dtype
17:53:01.914 [main] TRACE - Resolving type for handle ctsheetformatprdef7type
17:53:01.919 [main] TRACE - Resolving type for handle ctsheetviewsb918type
17:53:01.922 [main] TRACE - Resolving type for handle ctsheetview0f43type
17:53:01.926 [main] TRACE - Resolving type for handle ctsheetdimensiond310type
17:53:01.928 [main] TRACE - Resolving type for handle stref90a2type
17:53:01.930 [main] TRACE - Resolving type for handle ctsheetdata8408type
17:53:01.932 [main] TRACE - Resolving type for handle ctpagemargins5455type
17:53:01.936 [main] TRACE - Resolving type for handle ctcols627ctype
17:53:01.939 [main] TRACE - Resolving type for handle strelationshipid1e94type
17:53:01.940 [main] TRACE - Resolving type for handle ctrowdd39type
17:53:01.946 [main] TRACE - Resolving type for handle ctcell842btype
17:53:01.953 [main] TRACE - Resolving type for handle stcellrefe4e0type
17:53:01.956 [main] TRACE - Resolving type for handle ctrsta472type
17:53:01.959 [main] TRACE - Resolving type for handle stcelltypebf95type
17:53:02.116 [main] DEBUG - Save core properties part
17:53:02.116 [main] DEBUG - Save content types part
17:53:02.214 [main] DEBUG - Save package relationships
17:53:02.217 [main] DEBUG - Save part 'docProps/core.xml'
17:53:02.228 [main] DEBUG - Save part 'xl/sharedStrings.xml'
17:53:02.229 [main] DEBUG - Save part 'xl/styles.xml'
17:53:02.231 [main] DEBUG - Save part 'xl/workbook.xml'
17:53:02.233 [main] DEBUG - Save part 'xl/worksheets/sheet1.xml'
17:53:14.112 [main] DEBUG - Parsing relationship: /xl/_rels/workbook.xml.rels
17:53:14.117 [main] DEBUG - Parsing relationship: /xl/worksheets/_rels/sheet1.xml.rels
17:53:14.117 [main] DEBUG - Parsing relationship: /_rels/.rels
17:53:14.156 [main] TRACE - Resolving type for handle themefd26doctype
17:53:14.198 [main] TRACE - Resolving type for handle ctfonts6623type
17:53:14.206 [main] TRACE - Resolving type for handle ctfills2c6ftype
17:53:14.206 [main] TRACE - Resolving type for handle ctborders0d66type
17:53:14.206 [main] TRACE - Resolving type for handle ctcellxfs1322type
17:53:14.214 [main] TRACE - Resolving type for handle ctcellstylexfsa81ftype
17:53:14.216 [main] TRACE - Resolving type for handle ctdxfsb26atype
17:53:14.216 [main] TRACE - Resolving type for handle cttablestyles872ftype
17:53:14.249 [main] TRACE - Resolving type for handle workbookec17doctype
17:53:14.253 [main] TRACE - Resolving type for handle worksheetf539doctype
17:53:14.262 [main] TRACE - Resolving type for handle ctcola95ftype
17:53:14.270 [main] TRACE - Resolving type for handle cthyperlinks6416type
17:53:14.272 [main] TRACE - Resolving type for handle cthyperlink0c85type
17:53:39.628 [main] DEBUG - Save core properties part
17:53:39.628 [main] DEBUG - Save content types part
17:53:39.628 [main] DEBUG - Save package relationships
17:53:39.628 [main] DEBUG - Save part 'docProps/core.xml'
17:53:39.628 [main] DEBUG - Save part 'xl/sharedStrings.xml'
17:53:39.628 [main] DEBUG - Save part 'xl/styles.xml'
17:53:39.628 [main] DEBUG - Save part 'xl/workbook.xml'
17:53:39.628 [main] DEBUG - Save part 'xl/worksheets/sheet1.xml'
17:53:51.261 [main] DEBUG - Parsing relationship: /xl/_rels/workbook.xml.rels
17:53:51.261 [main] DEBUG - Parsing relationship: /xl/worksheets/_rels/sheet1.xml.rels
17:53:51.262 [main] DEBUG - Parsing relationship: /_rels/.rels
17:59:03.847 [main] TRACE - Loading type system org.apache.poi.schemas.ooxml.system.ooxml
17:59:03.856 [main] TRACE - Loading type system org.apache.xmlbeans.metadata.system.sXMLCONFIG
17:59:03.856 [main] TRACE - Loading type system org.apache.xmlbeans.metadata.system.sXMLLANG
17:59:03.856 [main] TRACE - Loading type system org.apache.xmlbeans.metadata.system.sXMLSCHEMA
17:59:03.856 [main] TRACE - Loading type system org.apache.xmlbeans.metadata.system.sXMLTOOLS
17:59:03.862 [main] TRACE - Reading unresolved handles for type system org.apache.xmlbeans.metadata.system.sXMLTOOLS
17:59:03.874 [main] TRACE - Finished loading type system org.apache.xmlbeans.metadata.system.sXMLTOOLS
17:59:03.876 [main] TRACE - Reading unresolved handles for type system org.apache.xmlbeans.metadata.system.sXMLSCHEMA
17:59:03.892 [main] TRACE - Finished loading type system org.apache.xmlbeans.metadata.system.sXMLSCHEMA
17:59:03.894 [main] TRACE - Reading unresolved handles for type system org.apache.xmlbeans.metadata.system.sXMLLANG
17:59:03.895 [main] TRACE - Finished loading type system org.apache.xmlbeans.metadata.system.sXMLLANG
17:59:03.896 [main] TRACE - Reading unresolved handles for type system org.apache.xmlbeans.metadata.system.sXMLCONFIG
17:59:03.896 [main] TRACE - Finished loading type system org.apache.xmlbeans.metadata.system.sXMLCONFIG
17:59:03.896 [main] TRACE - Reading unresolved handles for type system org.apache.poi.schemas.ooxml.system.ooxml
17:59:03.959 [main] TRACE - Finished loading type system org.apache.poi.schemas.ooxml.system.ooxml
17:59:03.966 [main] TRACE - Resolving type for handle ctworkbook83c3type
17:59:04.006 [main] TRACE - Resolving type for handle ctworkbookpr03a5type
17:59:04.011 [main] TRACE - Resolving type for handle ctbookviewsb864type
17:59:04.016 [main] TRACE - Resolving type for handle ctbookviewf677type
17:59:04.021 [main] TRACE - Resolving type for handle ctsheets49fdtype
17:59:04.022 [main] TRACE - Resolving type for handle propertiesee84doctype
17:59:04.022 [main] TRACE - Resolving type for handle ctproperties3f10type
17:59:04.026 [main] TRACE - Resolving type for handle properties288cdoctype
17:59:04.026 [main] TRACE - Resolving type for handle ctproperties2c18type
17:59:04.038 [main] TRACE - Resolving type for handle sstf81fdoctype
17:59:04.038 [main] TRACE - Resolving type for handle ctsst44f3type
17:59:04.038 [main] TRACE - Resolving type for handle stylesheet5d8bdoctype
17:59:04.038 [main] TRACE - Resolving type for handle ctstylesheet4257type
17:59:04.046 [main] TRACE - Resolving type for handle ctfont14d8type
17:59:04.056 [main] TRACE - Resolving type for handle ctfontsizeb3b9type
17:59:04.056 [main] TRACE - Resolving type for handle ctcolord2c2type
17:59:04.066 [main] TRACE - Resolving type for handle ctfontname2dc3type
17:59:04.070 [main] TRACE - Resolving type for handle stxstringf179type
17:59:04.070 [main] TRACE - Resolving type for handle ctfontfamily685ctype
17:59:04.070 [main] TRACE - Resolving type for handle stfontfamily9c6ctype
17:59:04.076 [main] TRACE - Resolving type for handle ctfontschemebf5dtype
17:59:04.076 [main] TRACE - Resolving type for handle stfontschemef36dtype
17:59:04.076 [main] TRACE - Resolving type for handle ctfill550ctype
17:59:04.076 [main] TRACE - Resolving type for handle ctpatternfill7452type
17:59:04.076 [main] TRACE - Resolving type for handle stpatterntype7939type
17:59:04.086 [main] TRACE - Resolving type for handle ctborderf935type
17:59:04.086 [main] TRACE - Resolving type for handle ctborderpre497type
17:59:04.086 [main] TRACE - Resolving type for handle ctxf97f7type
17:59:04.086 [main] TRACE - Resolving type for handle stnumfmtid76fbtype
17:59:04.086 [main] TRACE - Resolving type for handle stfontid9d63type
17:59:04.086 [main] TRACE - Resolving type for handle stfillida097type
17:59:04.096 [main] TRACE - Resolving type for handle stborderid1a80type
17:59:04.096 [main] TRACE - Resolving type for handle stcellstylexfid70c7type
17:59:04.102 [main] TRACE - Resolving type for handle ctsheet4dbetype
17:59:04.106 [main] TRACE - Resolving type for handle ctworksheet530dtype
17:59:04.106 [main] TRACE - Resolving type for handle ctsheetformatprdef7type
17:59:04.118 [main] TRACE - Resolving type for handle ctsheetviewsb918type
17:59:04.119 [main] TRACE - Resolving type for handle ctsheetview0f43type
17:59:04.126 [main] TRACE - Resolving type for handle ctsheetdimensiond310type
17:59:04.126 [main] TRACE - Resolving type for handle stref90a2type
17:59:04.126 [main] TRACE - Resolving type for handle ctsheetdata8408type
17:59:04.136 [main] TRACE - Resolving type for handle ctpagemargins5455type
17:59:04.136 [main] TRACE - Resolving type for handle ctcols627ctype
17:59:04.136 [main] TRACE - Resolving type for handle strelationshipid1e94type
17:59:04.136 [main] TRACE - Resolving type for handle ctrowdd39type
17:59:04.164 [main] TRACE - Resolving type for handle ctcell842btype
17:59:04.191 [main] TRACE - Resolving type for handle stcellrefe4e0type
17:59:04.198 [main] TRACE - Resolving type for handle ctrsta472type
17:59:04.201 [main] TRACE - Resolving type for handle stcelltypebf95type
17:59:04.386 [main] DEBUG - Save core properties part
17:59:04.386 [main] DEBUG - Save content types part
17:59:04.536 [main] DEBUG - Save package relationships
17:59:04.536 [main] DEBUG - Save part 'docProps/core.xml'
17:59:04.550 [main] DEBUG - Save part 'xl/sharedStrings.xml'
17:59:04.556 [main] DEBUG - Save part 'xl/styles.xml'
17:59:04.556 [main] DEBUG - Save part 'xl/workbook.xml'
17:59:04.563 [main] DEBUG - Save part 'xl/worksheets/sheet1.xml'
17:59:16.608 [main] DEBUG - Parsing relationship: /xl/_rels/workbook.xml.rels
17:59:16.616 [main] DEBUG - Parsing relationship: /xl/worksheets/_rels/sheet1.xml.rels
17:59:16.616 [main] DEBUG - Parsing relationship: /_rels/.rels
17:59:16.658 [main] TRACE - Resolving type for handle themefd26doctype
17:59:16.700 [main] TRACE - Resolving type for handle ctfonts6623type
17:59:16.702 [main] TRACE - Resolving type for handle ctfills2c6ftype
17:59:16.702 [main] TRACE - Resolving type for handle ctborders0d66type
17:59:16.706 [main] TRACE - Resolving type for handle ctcellxfs1322type
17:59:16.709 [main] TRACE - Resolving type for handle ctcellstylexfsa81ftype
17:59:16.713 [main] TRACE - Resolving type for handle ctdxfsb26atype
17:59:16.716 [main] TRACE - Resolving type for handle cttablestyles872ftype
17:59:16.733 [main] TRACE - Resolving type for handle workbookec17doctype
17:59:16.736 [main] TRACE - Resolving type for handle worksheetf539doctype
17:59:16.746 [main] TRACE - Resolving type for handle ctcola95ftype
17:59:16.758 [main] TRACE - Resolving type for handle cthyperlinks6416type
17:59:16.758 [main] TRACE - Resolving type for handle cthyperlink0c85type
05:47:18.002 [main] TRACE - Loading type system org.apache.poi.schemas.ooxml.system.ooxml
05:47:18.019 [main] TRACE - Loading type system org.apache.xmlbeans.metadata.system.sXMLCONFIG
05:47:18.024 [main] TRACE - Loading type system org.apache.xmlbeans.metadata.system.sXMLLANG
05:47:18.024 [main] TRACE - Loading type system org.apache.xmlbeans.metadata.system.sXMLSCHEMA
05:47:18.026 [main] TRACE - Loading type system org.apache.xmlbeans.metadata.system.sXMLTOOLS
05:47:18.026 [main] TRACE - Reading unresolved handles for type system org.apache.xmlbeans.metadata.system.sXMLTOOLS
05:47:18.035 [main] TRACE - Finished loading type system org.apache.xmlbeans.metadata.system.sXMLTOOLS
05:47:18.049 [main] TRACE - Reading unresolved handles for type system org.apache.xmlbeans.metadata.system.sXMLSCHEMA
05:47:18.053 [main] TRACE - Finished loading type system org.apache.xmlbeans.metadata.system.sXMLSCHEMA
05:47:18.061 [main] TRACE - Reading unresolved handles for type system org.apache.xmlbeans.metadata.system.sXMLLANG
05:47:18.061 [main] TRACE - Finished loading type system org.apache.xmlbeans.metadata.system.sXMLLANG
05:47:18.065 [main] TRACE - Reading unresolved handles for type system org.apache.xmlbeans.metadata.system.sXMLCONFIG
05:47:18.067 [main] TRACE - Finished loading type system org.apache.xmlbeans.metadata.system.sXMLCONFIG
05:47:18.069 [main] TRACE - Reading unresolved handles for type system org.apache.poi.schemas.ooxml.system.ooxml
05:47:18.169 [main] TRACE - Finished loading type system org.apache.poi.schemas.ooxml.system.ooxml
05:47:18.169 [main] TRACE - Resolving type for handle ctworkbook83c3type
05:47:18.252 [main] TRACE - Resolving type for handle ctworkbookpr03a5type
05:47:18.269 [main] TRACE - Resolving type for handle ctbookviewsb864type
05:47:18.279 [main] TRACE - Resolving type for handle ctbookviewf677type
05:47:18.285 [main] TRACE - Resolving type for handle ctsheets49fdtype
05:47:18.295 [main] TRACE - Resolving type for handle propertiesee84doctype
05:47:18.302 [main] TRACE - Resolving type for handle ctproperties3f10type
05:47:18.311 [main] TRACE - Resolving type for handle properties288cdoctype
05:47:18.311 [main] TRACE - Resolving type for handle ctproperties2c18type
05:47:18.327 [main] TRACE - Resolving type for handle sstf81fdoctype
05:47:18.327 [main] TRACE - Resolving type for handle ctsst44f3type
05:47:18.335 [main] TRACE - Resolving type for handle stylesheet5d8bdoctype
05:47:18.335 [main] TRACE - Resolving type for handle ctstylesheet4257type
05:47:18.335 [main] TRACE - Resolving type for handle ctfont14d8type
05:47:18.352 [main] TRACE - Resolving type for handle ctfontsizeb3b9type
05:47:18.368 [main] TRACE - Resolving type for handle ctcolord2c2type
05:47:18.368 [main] TRACE - Resolving type for handle ctfontname2dc3type
05:47:18.368 [main] TRACE - Resolving type for handle stxstringf179type
05:47:18.382 [main] TRACE - Resolving type for handle ctfontfamily685ctype
05:47:18.385 [main] TRACE - Resolving type for handle stfontfamily9c6ctype
05:47:18.385 [main] TRACE - Resolving type for handle ctfontschemebf5dtype
05:47:18.385 [main] TRACE - Resolving type for handle stfontschemef36dtype
05:47:18.398 [main] TRACE - Resolving type for handle ctfill550ctype
05:47:18.402 [main] TRACE - Resolving type for handle ctpatternfill7452type
05:47:18.402 [main] TRACE - Resolving type for handle stpatterntype7939type
05:47:18.402 [main] TRACE - Resolving type for handle ctborderf935type
05:47:18.414 [main] TRACE - Resolving type for handle ctborderpre497type
05:47:18.420 [main] TRACE - Resolving type for handle ctxf97f7type
05:47:18.430 [main] TRACE - Resolving type for handle stnumfmtid76fbtype
05:47:18.430 [main] TRACE - Resolving type for handle stfontid9d63type
05:47:18.430 [main] TRACE - Resolving type for handle stfillida097type
05:47:18.435 [main] TRACE - Resolving type for handle stborderid1a80type
05:47:18.435 [main] TRACE - Resolving type for handle stcellstylexfid70c7type
05:47:18.446 [main] TRACE - Resolving type for handle ctsheet4dbetype
05:47:18.452 [main] TRACE - Resolving type for handle ctworksheet530dtype
05:47:18.469 [main] TRACE - Resolving type for handle ctsheetformatprdef7type
05:47:18.477 [main] TRACE - Resolving type for handle ctsheetviewsb918type
05:47:18.477 [main] TRACE - Resolving type for handle ctsheetview0f43type
05:47:18.493 [main] TRACE - Resolving type for handle ctsheetdimensiond310type
05:47:18.493 [main] TRACE - Resolving type for handle stref90a2type
05:47:18.493 [main] TRACE - Resolving type for handle ctsheetdata8408type
05:47:18.502 [main] TRACE - Resolving type for handle ctpagemargins5455type
05:47:18.502 [main] TRACE - Resolving type for handle ctcols627ctype
05:47:18.502 [main] TRACE - Resolving type for handle strelationshipid1e94type
05:47:18.518 [main] TRACE - Resolving type for handle ctrowdd39type
05:47:18.519 [main] TRACE - Resolving type for handle ctcell842btype
05:47:18.535 [main] TRACE - Resolving type for handle stcellrefe4e0type
05:47:18.552 [main] TRACE - Resolving type for handle ctrsta472type
05:47:18.552 [main] TRACE - Resolving type for handle stcelltypebf95type
05:47:18.954 [main] DEBUG - Save core properties part
05:47:18.954 [main] DEBUG - Save content types part
05:47:19.222 [main] DEBUG - Save package relationships
05:47:19.242 [main] DEBUG - Save part 'docProps/core.xml'
05:47:19.285 [main] DEBUG - Save part 'xl/sharedStrings.xml'
05:47:19.285 [main] DEBUG - Save part 'xl/styles.xml'
05:47:19.303 [main] DEBUG - Save part 'xl/workbook.xml'
05:47:19.303 [main] DEBUG - Save part 'xl/worksheets/sheet1.xml'
05:47:30.778 [main] DEBUG - Parsing relationship: /xl/_rels/workbook.xml.rels
05:47:30.778 [main] DEBUG - Parsing relationship: /xl/worksheets/_rels/sheet1.xml.rels
05:47:30.787 [main] DEBUG - Parsing relationship: /_rels/.rels
05:47:30.822 [main] TRACE - Resolving type for handle themefd26doctype
05:47:30.861 [main] TRACE - Resolving type for handle ctfonts6623type
05:47:30.870 [main] TRACE - Resolving type for handle ctfills2c6ftype
05:47:30.870 [main] TRACE - Resolving type for handle ctborders0d66type
05:47:30.870 [main] TRACE - Resolving type for handle ctcellxfs1322type
05:47:30.878 [main] TRACE - Resolving type for handle ctcellstylexfsa81ftype
05:47:30.882 [main] TRACE - Resolving type for handle ctdxfsb26atype
05:47:30.885 [main] TRACE - Resolving type for handle cttablestyles872ftype
05:47:30.906 [main] TRACE - Resolving type for handle workbookec17doctype
05:47:30.913 [main] TRACE - Resolving type for handle worksheetf539doctype
05:47:30.929 [main] TRACE - Resolving type for handle ctcola95ftype
05:47:30.945 [main] TRACE - Resolving type for handle cthyperlinks6416type
05:47:30.947 [main] TRACE - Resolving type for handle cthyperlink0c85type
05:49:02.366 [main] TRACE - Loading type system org.apache.poi.schemas.ooxml.system.ooxml
05:49:02.374 [main] TRACE - Loading type system org.apache.xmlbeans.metadata.system.sXMLCONFIG
05:49:02.377 [main] TRACE - Loading type system org.apache.xmlbeans.metadata.system.sXMLLANG
05:49:02.379 [main] TRACE - Loading type system org.apache.xmlbeans.metadata.system.sXMLSCHEMA
05:49:02.379 [main] TRACE - Loading type system org.apache.xmlbeans.metadata.system.sXMLTOOLS
05:49:02.381 [main] TRACE - Reading unresolved handles for type system org.apache.xmlbeans.metadata.system.sXMLTOOLS
05:49:02.402 [main] TRACE - Finished loading type system org.apache.xmlbeans.metadata.system.sXMLTOOLS
05:49:02.404 [main] TRACE - Reading unresolved handles for type system org.apache.xmlbeans.metadata.system.sXMLSCHEMA
05:49:02.414 [main] TRACE - Finished loading type system org.apache.xmlbeans.metadata.system.sXMLSCHEMA
05:49:02.414 [main] TRACE - Reading unresolved handles for type system org.apache.xmlbeans.metadata.system.sXMLLANG
05:49:02.414 [main] TRACE - Finished loading type system org.apache.xmlbeans.metadata.system.sXMLLANG
05:49:02.421 [main] TRACE - Reading unresolved handles for type system org.apache.xmlbeans.metadata.system.sXMLCONFIG
05:49:02.422 [main] TRACE - Finished loading type system org.apache.xmlbeans.metadata.system.sXMLCONFIG
05:49:02.424 [main] TRACE - Reading unresolved handles for type system org.apache.poi.schemas.ooxml.system.ooxml
05:49:02.524 [main] TRACE - Finished loading type system org.apache.poi.schemas.ooxml.system.ooxml
05:49:02.524 [main] TRACE - Resolving type for handle ctworkbook83c3type
05:49:02.591 [main] TRACE - Resolving type for handle ctworkbookpr03a5type
05:49:02.607 [main] TRACE - Resolving type for handle ctbookviewsb864type
05:49:02.607 [main] TRACE - Resolving type for handle ctbookviewf677type
05:49:02.627 [main] TRACE - Resolving type for handle ctsheets49fdtype
05:49:02.631 [main] TRACE - Resolving type for handle propertiesee84doctype
05:49:02.637 [main] TRACE - Resolving type for handle ctproperties3f10type
05:49:02.653 [main] TRACE - Resolving type for handle properties288cdoctype
05:49:02.657 [main] TRACE - Resolving type for handle ctproperties2c18type
05:49:02.668 [main] TRACE - Resolving type for handle sstf81fdoctype
05:49:02.668 [main] TRACE - Resolving type for handle ctsst44f3type
05:49:02.674 [main] TRACE - Resolving type for handle stylesheet5d8bdoctype
05:49:02.674 [main] TRACE - Resolving type for handle ctstylesheet4257type
05:49:02.684 [main] TRACE - Resolving type for handle ctfont14d8type
05:49:02.700 [main] TRACE - Resolving type for handle ctfontsizeb3b9type
05:49:02.704 [main] TRACE - Resolving type for handle ctcolord2c2type
05:49:02.711 [main] TRACE - Resolving type for handle ctfontname2dc3type
05:49:02.713 [main] TRACE - Resolving type for handle stxstringf179type
05:49:02.719 [main] TRACE - Resolving type for handle ctfontfamily685ctype
05:49:02.721 [main] TRACE - Resolving type for handle stfontfamily9c6ctype
05:49:02.729 [main] TRACE - Resolving type for handle ctfontschemebf5dtype
05:49:02.731 [main] TRACE - Resolving type for handle stfontschemef36dtype
05:49:02.740 [main] TRACE - Resolving type for handle ctfill550ctype
05:49:02.740 [main] TRACE - Resolving type for handle ctpatternfill7452type
05:49:02.740 [main] TRACE - Resolving type for handle stpatterntype7939type
05:49:02.753 [main] TRACE - Resolving type for handle ctborderf935type
05:49:02.757 [main] TRACE - Resolving type for handle ctborderpre497type
05:49:02.764 [main] TRACE - Resolving type for handle ctxf97f7type
05:49:02.768 [main] TRACE - Resolving type for handle stnumfmtid76fbtype
05:49:02.770 [main] TRACE - Resolving type for handle stfontid9d63type
05:49:02.774 [main] TRACE - Resolving type for handle stfillida097type
05:49:02.774 [main] TRACE - Resolving type for handle stborderid1a80type
05:49:02.780 [main] TRACE - Resolving type for handle stcellstylexfid70c7type
05:49:02.791 [main] TRACE - Resolving type for handle ctsheet4dbetype
05:49:02.802 [main] TRACE - Resolving type for handle ctworksheet530dtype
05:49:02.815 [main] TRACE - Resolving type for handle ctsheetformatprdef7type
05:49:02.824 [main] TRACE - Resolving type for handle ctsheetviewsb918type
05:49:02.831 [main] TRACE - Resolving type for handle ctsheetview0f43type
05:49:02.841 [main] TRACE - Resolving type for handle ctsheetdimensiond310type
05:49:02.841 [main] TRACE - Resolving type for handle stref90a2type
05:49:02.841 [main] TRACE - Resolving type for handle ctsheetdata8408type
05:49:02.841 [main] TRACE - Resolving type for handle ctpagemargins5455type
05:49:02.857 [main] TRACE - Resolving type for handle ctcols627ctype
05:49:02.857 [main] TRACE - Resolving type for handle strelationshipid1e94type
05:49:02.857 [main] TRACE - Resolving type for handle ctrowdd39type
05:49:02.875 [main] TRACE - Resolving type for handle ctcell842btype
05:49:02.882 [main] TRACE - Resolving type for handle stcellrefe4e0type
05:49:02.892 [main] TRACE - Resolving type for handle ctrsta472type
05:49:02.898 [main] TRACE - Resolving type for handle stcelltypebf95type
05:49:03.241 [main] DEBUG - Save core properties part
05:49:03.241 [main] DEBUG - Save content types part
05:49:03.407 [main] DEBUG - Save package relationships
05:49:03.407 [main] DEBUG - Save part 'docProps/core.xml'
05:49:03.440 [main] DEBUG - Save part 'xl/sharedStrings.xml'
05:49:03.440 [main] DEBUG - Save part 'xl/styles.xml'
05:49:03.447 [main] DEBUG - Save part 'xl/workbook.xml'
05:49:03.451 [main] DEBUG - Save part 'xl/worksheets/sheet1.xml'
05:49:08.472 [main] DEBUG - Parsing relationship: /xl/_rels/workbook.xml.rels
05:49:08.472 [main] DEBUG - Parsing relationship: /_rels/.rels
05:49:08.524 [main] TRACE - Resolving type for handle themefd26doctype
05:49:08.567 [main] TRACE - Resolving type for handle ctfonts6623type
05:49:08.573 [main] TRACE - Resolving type for handle ctfills2c6ftype
05:49:08.575 [main] TRACE - Resolving type for handle ctborders0d66type
05:49:08.582 [main] TRACE - Resolving type for handle ctcellxfs1322type
05:49:08.582 [main] TRACE - Resolving type for handle ctcellstylexfsa81ftype
05:49:08.586 [main] TRACE - Resolving type for handle ctdxfsb26atype
05:49:08.591 [main] TRACE - Resolving type for handle cttablestyles872ftype
05:49:08.780 [main] TRACE - Resolving type for handle workbookec17doctype
05:49:08.788 [main] TRACE - Resolving type for handle worksheetf539doctype
05:49:08.848 [main] TRACE - Resolving type for handle ctcola95ftype
05:49:38.890 [main] DEBUG - Save core properties part
05:49:38.891 [main] DEBUG - Save content types part
05:49:38.891 [main] DEBUG - Save package relationships
05:49:38.895 [main] DEBUG - Save part 'docProps/core.xml'
05:49:38.895 [main] DEBUG - Save part 'xl/sharedStrings.xml'
05:49:38.895 [main] DEBUG - Save part 'xl/styles.xml'
05:49:38.895 [main] DEBUG - Save part 'xl/workbook.xml'
05:49:38.895 [main] DEBUG - Save part 'xl/worksheets/sheet1.xml'
05:49:44.006 [main] DEBUG - Parsing relationship: /xl/_rels/workbook.xml.rels
05:49:44.006 [main] DEBUG - Parsing relationship: /_rels/.rels
05:50:14.003 [main] DEBUG - Save core properties part
05:50:14.008 [main] DEBUG - Save content types part
05:50:14.010 [main] DEBUG - Save package relationships
05:50:14.013 [main] DEBUG - Save part 'docProps/core.xml'
05:50:14.013 [main] DEBUG - Save part 'xl/sharedStrings.xml'
05:50:14.013 [main] DEBUG - Save part 'xl/styles.xml'
05:50:14.013 [main] DEBUG - Save part 'xl/workbook.xml'
05:50:14.013 [main] DEBUG - Save part 'xl/worksheets/sheet1.xml'
05:50:19.203 [main] DEBUG - Parsing relationship: /xl/_rels/workbook.xml.rels
05:50:19.205 [main] DEBUG - Parsing relationship: /_rels/.rels
05:51:13.701 [main] DEBUG - Save core properties part
05:51:13.701 [main] DEBUG - Save content types part
05:51:13.718 [main] DEBUG - Save package relationships
05:51:13.718 [main] DEBUG - Save part 'docProps/core.xml'
05:51:13.718 [main] DEBUG - Save part 'xl/sharedStrings.xml'
05:51:13.718 [main] DEBUG - Save part 'xl/styles.xml'
05:51:13.718 [main] DEBUG - Save part 'xl/workbook.xml'
05:51:13.718 [main] DEBUG - Save part 'xl/worksheets/sheet1.xml'
05:55:10.383 [main] TRACE - Loading type system org.apache.poi.schemas.ooxml.system.ooxml
05:55:10.399 [main] TRACE - Loading type system org.apache.xmlbeans.metadata.system.sXMLCONFIG
05:55:10.399 [main] TRACE - Loading type system org.apache.xmlbeans.metadata.system.sXMLLANG
05:55:10.399 [main] TRACE - Loading type system org.apache.xmlbeans.metadata.system.sXMLSCHEMA
05:55:10.399 [main] TRACE - Loading type system org.apache.xmlbeans.metadata.system.sXMLTOOLS
05:55:10.399 [main] TRACE - Reading unresolved handles for type system org.apache.xmlbeans.metadata.system.sXMLTOOLS
05:55:10.426 [main] TRACE - Finished loading type system org.apache.xmlbeans.metadata.system.sXMLTOOLS
05:55:10.426 [main] TRACE - Reading unresolved handles for type system org.apache.xmlbeans.metadata.system.sXMLSCHEMA
05:55:10.434 [main] TRACE - Finished loading type system org.apache.xmlbeans.metadata.system.sXMLSCHEMA
05:55:10.434 [main] TRACE - Reading unresolved handles for type system org.apache.xmlbeans.metadata.system.sXMLLANG
05:55:10.441 [main] TRACE - Finished loading type system org.apache.xmlbeans.metadata.system.sXMLLANG
05:55:10.443 [main] TRACE - Reading unresolved handles for type system org.apache.xmlbeans.metadata.system.sXMLCONFIG
05:55:10.445 [main] TRACE - Finished loading type system org.apache.xmlbeans.metadata.system.sXMLCONFIG
05:55:10.445 [main] TRACE - Reading unresolved handles for type system org.apache.poi.schemas.ooxml.system.ooxml
05:55:10.536 [main] TRACE - Finished loading type system org.apache.poi.schemas.ooxml.system.ooxml
05:55:10.536 [main] TRACE - Resolving type for handle ctworkbook83c3type
05:55:10.616 [main] TRACE - Resolving type for handle ctworkbookpr03a5type
05:55:10.633 [main] TRACE - Resolving type for handle ctbookviewsb864type
05:55:10.638 [main] TRACE - Resolving type for handle ctbookviewf677type
05:55:10.649 [main] TRACE - Resolving type for handle ctsheets49fdtype
05:55:10.652 [main] TRACE - Resolving type for handle propertiesee84doctype
05:55:10.658 [main] TRACE - Resolving type for handle ctproperties3f10type
05:55:10.666 [main] TRACE - Resolving type for handle properties288cdoctype
05:55:10.666 [main] TRACE - Resolving type for handle ctproperties2c18type
05:55:10.680 [main] TRACE - Resolving type for handle sstf81fdoctype
05:55:10.682 [main] TRACE - Resolving type for handle ctsst44f3type
05:55:10.691 [main] TRACE - Resolving type for handle stylesheet5d8bdoctype
05:55:10.691 [main] TRACE - Resolving type for handle ctstylesheet4257type
05:55:10.701 [main] TRACE - Resolving type for handle ctfont14d8type
05:55:10.718 [main] TRACE - Resolving type for handle ctfontsizeb3b9type
05:55:10.724 [main] TRACE - Resolving type for handle ctcolord2c2type
05:55:10.729 [main] TRACE - Resolving type for handle ctfontname2dc3type
05:55:10.733 [main] TRACE - Resolving type for handle stxstringf179type
05:55:10.733 [main] TRACE - Resolving type for handle ctfontfamily685ctype
05:55:10.733 [main] TRACE - Resolving type for handle stfontfamily9c6ctype
05:55:10.733 [main] TRACE - Resolving type for handle ctfontschemebf5dtype
05:55:10.747 [main] TRACE - Resolving type for handle stfontschemef36dtype
05:55:10.749 [main] TRACE - Resolving type for handle ctfill550ctype
05:55:10.749 [main] TRACE - Resolving type for handle ctpatternfill7452type
05:55:10.749 [main] TRACE - Resolving type for handle stpatterntype7939type
05:55:10.762 [main] TRACE - Resolving type for handle ctborderf935type
05:55:10.766 [main] TRACE - Resolving type for handle ctborderpre497type
05:55:10.766 [main] TRACE - Resolving type for handle ctxf97f7type
05:55:10.779 [main] TRACE - Resolving type for handle stnumfmtid76fbtype
05:55:10.783 [main] TRACE - Resolving type for handle stfontid9d63type
05:55:10.783 [main] TRACE - Resolving type for handle stfillida097type
05:55:10.783 [main] TRACE - Resolving type for handle stborderid1a80type
05:55:10.783 [main] TRACE - Resolving type for handle stcellstylexfid70c7type
05:55:10.795 [main] TRACE - Resolving type for handle ctsheet4dbetype
05:55:10.799 [main] TRACE - Resolving type for handle ctworksheet530dtype
05:55:10.814 [main] TRACE - Resolving type for handle ctsheetformatprdef7type
05:55:10.822 [main] TRACE - Resolving type for handle ctsheetviewsb918type
05:55:10.826 [main] TRACE - Resolving type for handle ctsheetview0f43type
05:55:10.837 [main] TRACE - Resolving type for handle ctsheetdimensiond310type
05:55:10.839 [main] TRACE - Resolving type for handle stref90a2type
05:55:10.842 [main] TRACE - Resolving type for handle ctsheetdata8408type
05:55:10.842 [main] TRACE - Resolving type for handle ctpagemargins5455type
05:55:10.854 [main] TRACE - Resolving type for handle ctcols627ctype
05:55:10.858 [main] TRACE - Resolving type for handle strelationshipid1e94type
05:55:10.858 [main] TRACE - Resolving type for handle ctrowdd39type
05:55:10.866 [main] TRACE - Resolving type for handle ctcell842btype
05:55:10.882 [main] TRACE - Resolving type for handle stcellrefe4e0type
05:55:10.882 [main] TRACE - Resolving type for handle ctrsta472type
05:55:10.882 [main] TRACE - Resolving type for handle stcelltypebf95type
05:55:11.269 [main] DEBUG - Save core properties part
05:55:11.271 [main] DEBUG - Save content types part
05:55:11.433 [main] DEBUG - Save package relationships
05:55:11.442 [main] DEBUG - Save part 'docProps/core.xml'
05:55:11.457 [main] DEBUG - Save part 'xl/sharedStrings.xml'
05:55:11.457 [main] DEBUG - Save part 'xl/styles.xml'
05:55:11.465 [main] DEBUG - Save part 'xl/workbook.xml'
05:55:11.465 [main] DEBUG - Save part 'xl/worksheets/sheet1.xml'
05:55:11.601 [main] DEBUG - Parsing relationship: /xl/_rels/workbook.xml.rels
05:55:11.601 [main] DEBUG - Parsing relationship: /xl/worksheets/_rels/sheet1.xml.rels
05:55:11.601 [main] DEBUG - Parsing relationship: /_rels/.rels
05:55:11.647 [main] TRACE - Resolving type for handle themefd26doctype
05:55:11.694 [main] TRACE - Resolving type for handle ctfonts6623type
05:55:11.700 [main] TRACE - Resolving type for handle ctfills2c6ftype
05:55:11.702 [main] TRACE - Resolving type for handle ctborders0d66type
05:55:11.702 [main] TRACE - Resolving type for handle ctcellxfs1322type
05:55:11.711 [main] TRACE - Resolving type for handle ctcellstylexfsa81ftype
05:55:11.716 [main] TRACE - Resolving type for handle ctdxfsb26atype
05:55:11.716 [main] TRACE - Resolving type for handle cttablestyles872ftype
05:55:11.758 [main] DEBUG - using default POIXMLDocumentPart for http://schemas.openxmlformats.org/officeDocument/2006/relationships/printerSettings
05:55:11.758 [main] TRACE - Resolving type for handle workbookec17doctype
05:55:11.767 [main] TRACE - Resolving type for handle worksheetf539doctype
05:55:11.786 [main] TRACE - Resolving type for handle ctcola95ftype
05:55:11.803 [main] TRACE - Resolving type for handle cthyperlinks6416type
05:55:11.803 [main] TRACE - Resolving type for handle cthyperlink0c85type
05:56:56.465 [main] DEBUG - Save core properties part
05:56:56.470 [main] DEBUG - Save content types part
05:56:56.474 [main] DEBUG - Save package relationships
05:56:56.474 [main] DEBUG - Save part 'docProps/core.xml'
05:56:56.474 [main] DEBUG - Save part 'xl/sharedStrings.xml'
05:56:56.474 [main] DEBUG - Save part 'xl/styles.xml'
05:56:56.474 [main] DEBUG - Save part 'xl/workbook.xml'
05:56:56.480 [main] DEBUG - Save part 'xl/worksheets/sheet1.xml'
05:56:56.506 [main] DEBUG - Parsing relationship: /xl/_rels/workbook.xml.rels
05:56:56.506 [main] DEBUG - Parsing relationship: /xl/worksheets/_rels/sheet1.xml.rels
05:56:56.506 [main] DEBUG - Parsing relationship: /_rels/.rels
05:56:56.523 [main] DEBUG - using default POIXMLDocumentPart for http://schemas.openxmlformats.org/officeDocument/2006/relationships/printerSettings
05:58:53.715 [main] DEBUG - Save core properties part
05:58:53.715 [main] DEBUG - Save content types part
