12:20:53.880 [main] TRACE - Resolving type for handle ctstylesheet4257type
12:20:53.895 [main] TRACE - Resolving type for handle ctfont14d8type
12:20:53.902 [main] TRACE - Resolving type for handle ctfontsizeb3b9type
12:20:53.913 [main] TRACE - Resolving type for handle ctcolord2c2type
12:20:53.921 [main] TRACE - Resolving type for handle ctfontname2dc3type
12:20:53.921 [main] TRACE - Resolving type for handle stxstringf179type
12:20:53.921 [main] TRACE - Resolving type for handle ctfontfamily685ctype
12:20:53.935 [main] TRACE - Resolving type for handle stfontfamily9c6ctype
12:20:53.940 [main] TRACE - Resolving type for handle ctfontschemebf5dtype
12:20:53.975 [main] TRACE - Resolving type for handle stfontschemef36dtype
12:20:53.983 [main] TRACE - Resolving type for handle ctfill550ctype
12:20:53.985 [main] TRACE - Resolving type for handle ctpatternfill7452type
12:20:53.985 [main] TRACE - Resolving type for handle stpatterntype7939type
12:20:53.985 [main] TRACE - Resolving type for handle ctborderf935type
12:20:53.985 [main] TRACE - Resolving type for handle ctborderpre497type
12:20:54.001 [main] TRACE - Resolving type for handle ctxf97f7type
12:20:54.001 [main] TRACE - Resolving type for handle stnumfmtid76fbtype
12:20:54.001 [main] TRACE - Resolving type for handle stfontid9d63type
12:20:54.015 [main] TRACE - Resolving type for handle stfillida097type
12:20:54.018 [main] TRACE - Resolving type for handle stborderid1a80type
12:20:54.018 [main] TRACE - Resolving type for handle stcellstylexfid70c7type
12:20:54.018 [main] TRACE - Resolving type for handle ctsheet4dbetype
12:20:54.035 [main] TRACE - Resolving type for handle ctworksheet530dtype
12:20:54.035 [main] TRACE - Resolving type for handle ctsheetformatprdef7type
12:20:54.052 [main] TRACE - Resolving type for handle ctsheetviewsb918type
12:20:54.052 [main] TRACE - Resolving type for handle ctsheetview0f43type
12:20:54.062 [main] TRACE - Resolving type for handle ctsheetdimensiond310type
12:20:54.068 [main] TRACE - Resolving type for handle stref90a2type
12:20:54.068 [main] TRACE - Resolving type for handle ctsheetdata8408type
12:20:54.068 [main] TRACE - Resolving type for handle ctpagemargins5455type
12:20:54.084 [main] TRACE - Resolving type for handle ctcols627ctype
12:20:54.085 [main] TRACE - Resolving type for handle strelationshipid1e94type
12:20:54.085 [main] TRACE - Resolving type for handle ctrowdd39type
12:20:54.101 [main] TRACE - Resolving type for handle ctcell842btype
12:20:54.118 [main] TRACE - Resolving type for handle stcellrefe4e0type
12:20:54.126 [main] TRACE - Resolving type for handle ctrsta472type
12:20:54.130 [main] TRACE - Resolving type for handle stcelltypebf95type
12:20:54.536 [main] DEBUG - Save core properties part
12:20:54.536 [main] DEBUG - Save content types part
12:20:54.687 [main] DEBUG - Save package relationships
12:20:54.702 [main] DEBUG - Save part 'docProps/core.xml'
12:20:54.718 [main] DEBUG - Save part 'xl/sharedStrings.xml'
12:20:54.718 [main] DEBUG - Save part 'xl/styles.xml'
12:20:54.729 [main] DEBUG - Save part 'xl/workbook.xml'
12:20:54.735 [main] DEBUG - Save part 'xl/worksheets/sheet1.xml'
12:24:40.766 [main] INFO  - Goto crm URL 
15:35:12.029 [main] INFO  - Goto crm URL 
15:35:12.175 [main] DEBUG - Parsing relationship: /xl/_rels/workbook.xml.rels
15:35:12.177 [main] DEBUG - Parsing relationship: /_rels/.rels
15:35:12.255 [main] TRACE - Loading type system org.apache.poi.schemas.ooxml.system.ooxml
15:35:12.258 [main] TRACE - Loading type system org.apache.xmlbeans.metadata.system.sXMLCONFIG
15:35:12.258 [main] TRACE - Loading type system org.apache.xmlbeans.metadata.system.sXMLLANG
15:35:12.259 [main] TRACE - Loading type system org.apache.xmlbeans.metadata.system.sXMLSCHEMA
15:35:12.259 [main] TRACE - Loading type system org.apache.xmlbeans.metadata.system.sXMLTOOLS
15:35:12.260 [main] TRACE - Reading unresolved handles for type system org.apache.xmlbeans.metadata.system.sXMLTOOLS
15:35:12.269 [main] TRACE - Finished loading type system org.apache.xmlbeans.metadata.system.sXMLTOOLS
15:35:12.269 [main] TRACE - Reading unresolved handles for type system org.apache.xmlbeans.metadata.system.sXMLSCHEMA
15:35:12.272 [main] TRACE - Finished loading type system org.apache.xmlbeans.metadata.system.sXMLSCHEMA
15:35:12.274 [main] TRACE - Reading unresolved handles for type system org.apache.xmlbeans.metadata.system.sXMLLANG
15:35:12.274 [main] TRACE - Finished loading type system org.apache.xmlbeans.metadata.system.sXMLLANG
15:35:12.274 [main] TRACE - Reading unresolved handles for type system org.apache.xmlbeans.metadata.system.sXMLCONFIG
15:35:12.275 [main] TRACE - Finished loading type system org.apache.xmlbeans.metadata.system.sXMLCONFIG
15:35:12.275 [main] TRACE - Reading unresolved handles for type system org.apache.poi.schemas.ooxml.system.ooxml
15:35:12.307 [main] TRACE - Finished loading type system org.apache.poi.schemas.ooxml.system.ooxml
15:35:12.309 [main] TRACE - Resolving type for handle themefd26doctype
15:35:12.335 [main] TRACE - Resolving type for handle stylesheet5d8bdoctype
15:35:12.338 [main] TRACE - Resolving type for handle ctstylesheet4257type
15:35:12.342 [main] TRACE - Resolving type for handle ctfonts6623type
15:35:12.344 [main] TRACE - Resolving type for handle ctfont14d8type
15:35:12.347 [main] TRACE - Resolving type for handle ctfills2c6ftype
15:35:12.348 [main] TRACE - Resolving type for handle ctfill550ctype
15:35:12.349 [main] TRACE - Resolving type for handle ctborders0d66type
15:35:12.350 [main] TRACE - Resolving type for handle ctborderf935type
15:35:12.351 [main] TRACE - Resolving type for handle ctcellxfs1322type
15:35:12.352 [main] TRACE - Resolving type for handle ctxf97f7type
15:35:12.354 [main] TRACE - Resolving type for handle ctcellstylexfsa81ftype
15:35:12.354 [main] TRACE - Resolving type for handle ctdxfsb26atype
15:35:12.355 [main] TRACE - Resolving type for handle cttablestyles872ftype
15:35:12.358 [main] TRACE - Resolving type for handle sstf81fdoctype
15:35:12.360 [main] TRACE - Resolving type for handle ctsst44f3type
15:35:12.364 [main] TRACE - Resolving type for handle ctrsta472type
15:35:12.370 [main] TRACE - Resolving type for handle workbookec17doctype
15:35:12.378 [main] TRACE - Resolving type for handle ctworkbook83c3type
15:35:12.380 [main] TRACE - Resolving type for handle ctsheets49fdtype
15:35:12.380 [main] TRACE - Resolving type for handle ctsheet4dbetype
15:35:12.381 [main] TRACE - Resolving type for handle strelationshipid1e94type
15:35:12.383 [main] TRACE - Resolving type for handle worksheetf539doctype
15:35:12.386 [main] TRACE - Resolving type for handle ctworksheet530dtype
15:35:12.389 [main] TRACE - Resolving type for handle ctcols627ctype
15:35:12.392 [main] TRACE - Resolving type for handle ctcola95ftype
15:35:12.400 [main] TRACE - Resolving type for handle ctsheetdata8408type
15:35:12.402 [main] TRACE - Resolving type for handle ctrowdd39type
15:35:12.404 [main] TRACE - Resolving type for handle ctcell842btype
15:35:12.407 [main] TRACE - Resolving type for handle stcellrefe4e0type
15:35:12.411 [main] TRACE - Resolving type for handle stxstringf179type
15:35:12.412 [main] TRACE - Resolving type for handle stcelltypebf95type
15:35:12.427 [main] INFO  - Goto crm URL 
15:35:12.433 [main] DEBUG - Parsing relationship: /xl/_rels/workbook.xml.rels
15:35:12.434 [main] DEBUG - Parsing relationship: /_rels/.rels
15:35:12.450 [main] INFO  - Goto crm URL 
15:35:12.454 [main] DEBUG - Parsing relationship: /xl/_rels/workbook.xml.rels
15:35:12.455 [main] DEBUG - Parsing relationship: /_rels/.rels
15:35:12.469 [main] INFO  - Goto crm URL 
15:35:12.474 [main] DEBUG - Parsing relationship: /xl/_rels/workbook.xml.rels
15:35:12.474 [main] DEBUG - Parsing relationship: /_rels/.rels
15:37:19.779 [main] INFO  - Goto crm URL 
15:37:19.903 [main] DEBUG - Parsing relationship: /xl/_rels/workbook.xml.rels
15:37:19.905 [main] DEBUG - Parsing relationship: /_rels/.rels
15:37:20.000 [main] TRACE - Loading type system org.apache.poi.schemas.ooxml.system.ooxml
15:37:20.002 [main] TRACE - Loading type system org.apache.xmlbeans.metadata.system.sXMLCONFIG
15:37:20.004 [main] TRACE - Loading type system org.apache.xmlbeans.metadata.system.sXMLLANG
15:37:20.004 [main] TRACE - Loading type system org.apache.xmlbeans.metadata.system.sXMLSCHEMA
15:37:20.004 [main] TRACE - Loading type system org.apache.xmlbeans.metadata.system.sXMLTOOLS
15:37:20.006 [main] TRACE - Reading unresolved handles for type system org.apache.xmlbeans.metadata.system.sXMLTOOLS
15:37:20.014 [main] TRACE - Finished loading type system org.apache.xmlbeans.metadata.system.sXMLTOOLS
15:37:20.015 [main] TRACE - Reading unresolved handles for type system org.apache.xmlbeans.metadata.system.sXMLSCHEMA
15:37:20.017 [main] TRACE - Finished loading type system org.apache.xmlbeans.metadata.system.sXMLSCHEMA
15:37:20.019 [main] TRACE - Reading unresolved handles for type system org.apache.xmlbeans.metadata.system.sXMLLANG
15:37:20.020 [main] TRACE - Finished loading type system org.apache.xmlbeans.metadata.system.sXMLLANG
15:37:20.020 [main] TRACE - Reading unresolved handles for type system org.apache.xmlbeans.metadata.system.sXMLCONFIG
15:37:20.021 [main] TRACE - Finished loading type system org.apache.xmlbeans.metadata.system.sXMLCONFIG
15:37:20.021 [main] TRACE - Reading unresolved handles for type system org.apache.poi.schemas.ooxml.system.ooxml
15:37:20.058 [main] TRACE - Finished loading type system org.apache.poi.schemas.ooxml.system.ooxml
15:37:20.059 [main] TRACE - Resolving type for handle themefd26doctype
15:37:20.090 [main] TRACE - Resolving type for handle stylesheet5d8bdoctype
15:37:20.093 [main] TRACE - Resolving type for handle ctstylesheet4257type
15:37:20.095 [main] TRACE - Resolving type for handle ctfonts6623type
15:37:20.096 [main] TRACE - Resolving type for handle ctfont14d8type
15:37:20.099 [main] TRACE - Resolving type for handle ctfills2c6ftype
15:37:20.100 [main] TRACE - Resolving type for handle ctfill550ctype
15:37:20.101 [main] TRACE - Resolving type for handle ctborders0d66type
15:37:20.103 [main] TRACE - Resolving type for handle ctborderf935type
15:37:20.105 [main] TRACE - Resolving type for handle ctcellxfs1322type
15:37:20.106 [main] TRACE - Resolving type for handle ctxf97f7type
15:37:20.107 [main] TRACE - Resolving type for handle ctcellstylexfsa81ftype
15:37:20.108 [main] TRACE - Resolving type for handle ctdxfsb26atype
15:37:20.109 [main] TRACE - Resolving type for handle cttablestyles872ftype
15:37:20.110 [main] TRACE - Resolving type for handle sstf81fdoctype
15:37:20.112 [main] TRACE - Resolving type for handle ctsst44f3type
15:37:20.116 [main] TRACE - Resolving type for handle ctrsta472type
15:37:20.125 [main] TRACE - Resolving type for handle workbookec17doctype
15:37:20.127 [main] TRACE - Resolving type for handle ctworkbook83c3type
15:37:20.128 [main] TRACE - Resolving type for handle ctsheets49fdtype
15:37:20.129 [main] TRACE - Resolving type for handle ctsheet4dbetype
15:37:20.130 [main] TRACE - Resolving type for handle strelationshipid1e94type
15:37:20.131 [main] TRACE - Resolving type for handle worksheetf539doctype
15:37:20.134 [main] TRACE - Resolving type for handle ctworksheet530dtype
15:37:20.139 [main] TRACE - Resolving type for handle ctcols627ctype
15:37:20.141 [main] TRACE - Resolving type for handle ctcola95ftype
15:37:20.148 [main] TRACE - Resolving type for handle ctsheetdata8408type
15:37:20.149 [main] TRACE - Resolving type for handle ctrowdd39type
15:37:20.153 [main] TRACE - Resolving type for handle ctcell842btype
15:37:20.156 [main] TRACE - Resolving type for handle stcellrefe4e0type
15:37:20.161 [main] TRACE - Resolving type for handle stxstringf179type
15:37:20.162 [main] TRACE - Resolving type for handle stcelltypebf95type
15:37:20.177 [main] INFO  - Goto crm URL 
15:37:20.186 [main] DEBUG - Parsing relationship: /xl/_rels/workbook.xml.rels
15:37:20.186 [main] DEBUG - Parsing relationship: /_rels/.rels
15:37:20.203 [main] INFO  - Goto crm URL 
15:37:20.208 [main] DEBUG - Parsing relationship: /xl/_rels/workbook.xml.rels
15:37:20.209 [main] DEBUG - Parsing relationship: /_rels/.rels
15:37:20.227 [main] INFO  - Goto crm URL 
15:37:20.232 [main] DEBUG - Parsing relationship: /xl/_rels/workbook.xml.rels
15:37:20.232 [main] DEBUG - Parsing relationship: /_rels/.rels
15:38:31.883 [main] INFO  - Goto crm URL 
15:38:32.010 [main] DEBUG - Parsing relationship: /xl/_rels/workbook.xml.rels
15:38:32.012 [main] DEBUG - Parsing relationship: /_rels/.rels
15:38:32.091 [main] TRACE - Loading type system org.apache.poi.schemas.ooxml.system.ooxml
15:38:32.093 [main] TRACE - Loading type system org.apache.xmlbeans.metadata.system.sXMLCONFIG
15:38:32.094 [main] TRACE - Loading type system org.apache.xmlbeans.metadata.system.sXMLLANG
15:38:32.094 [main] TRACE - Loading type system org.apache.xmlbeans.metadata.system.sXMLSCHEMA
15:38:32.094 [main] TRACE - Loading type system org.apache.xmlbeans.metadata.system.sXMLTOOLS
15:38:32.095 [main] TRACE - Reading unresolved handles for type system org.apache.xmlbeans.metadata.system.sXMLTOOLS
15:38:32.102 [main] TRACE - Finished loading type system org.apache.xmlbeans.metadata.system.sXMLTOOLS
15:38:32.103 [main] TRACE - Reading unresolved handles for type system org.apache.xmlbeans.metadata.system.sXMLSCHEMA
15:38:32.107 [main] TRACE - Finished loading type system org.apache.xmlbeans.metadata.system.sXMLSCHEMA
15:38:32.108 [main] TRACE - Reading unresolved handles for type system org.apache.xmlbeans.metadata.system.sXMLLANG
15:38:32.109 [main] TRACE - Finished loading type system org.apache.xmlbeans.metadata.system.sXMLLANG
15:38:32.109 [main] TRACE - Reading unresolved handles for type system org.apache.xmlbeans.metadata.system.sXMLCONFIG
15:38:32.109 [main] TRACE - Finished loading type system org.apache.xmlbeans.metadata.system.sXMLCONFIG
15:38:32.110 [main] TRACE - Reading unresolved handles for type system org.apache.poi.schemas.ooxml.system.ooxml
15:38:32.139 [main] TRACE - Finished loading type system org.apache.poi.schemas.ooxml.system.ooxml
15:38:32.140 [main] TRACE - Resolving type for handle themefd26doctype
15:38:32.166 [main] TRACE - Resolving type for handle stylesheet5d8bdoctype
15:38:32.170 [main] TRACE - Resolving type for handle ctstylesheet4257type
15:38:32.173 [main] TRACE - Resolving type for handle ctfonts6623type
15:38:32.174 [main] TRACE - Resolving type for handle ctfont14d8type
15:38:32.177 [main] TRACE - Resolving type for handle ctfills2c6ftype
15:38:32.178 [main] TRACE - Resolving type for handle ctfill550ctype
15:38:32.179 [main] TRACE - Resolving type for handle ctborders0d66type
15:38:32.179 [main] TRACE - Resolving type for handle ctborderf935type
15:38:32.181 [main] TRACE - Resolving type for handle ctcellxfs1322type
15:38:32.182 [main] TRACE - Resolving type for handle ctxf97f7type
15:38:32.183 [main] TRACE - Resolving type for handle ctcellstylexfsa81ftype
15:38:32.184 [main] TRACE - Resolving type for handle ctdxfsb26atype
15:38:32.186 [main] TRACE - Resolving type for handle cttablestyles872ftype
15:38:32.188 [main] TRACE - Resolving type for handle sstf81fdoctype
15:38:32.190 [main] TRACE - Resolving type for handle ctsst44f3type
15:38:32.193 [main] TRACE - Resolving type for handle ctrsta472type
15:38:32.200 [main] TRACE - Resolving type for handle workbookec17doctype
15:38:32.202 [main] TRACE - Resolving type for handle ctworkbook83c3type
15:38:32.204 [main] TRACE - Resolving type for handle ctsheets49fdtype
15:38:32.206 [main] TRACE - Resolving type for handle ctsheet4dbetype
15:38:32.206 [main] TRACE - Resolving type for handle strelationshipid1e94type
15:38:32.208 [main] TRACE - Resolving type for handle worksheetf539doctype
15:38:32.210 [main] TRACE - Resolving type for handle ctworksheet530dtype
15:38:32.215 [main] TRACE - Resolving type for handle ctcols627ctype
15:38:32.217 [main] TRACE - Resolving type for handle ctcola95ftype
15:38:32.225 [main] TRACE - Resolving type for handle ctsheetdata8408type
15:38:32.227 [main] TRACE - Resolving type for handle ctrowdd39type
15:38:32.229 [main] TRACE - Resolving type for handle ctcell842btype
15:38:32.232 [main] TRACE - Resolving type for handle stcellrefe4e0type
15:38:32.235 [main] TRACE - Resolving type for handle stxstringf179type
15:38:32.236 [main] TRACE - Resolving type for handle stcelltypebf95type
15:38:32.253 [main] INFO  - Goto crm URL 
15:38:32.261 [main] DEBUG - Parsing relationship: /xl/_rels/workbook.xml.rels
15:38:32.261 [main] DEBUG - Parsing relationship: /_rels/.rels
15:38:32.277 [main] INFO  - Goto crm URL 
15:38:32.283 [main] DEBUG - Parsing relationship: /xl/_rels/workbook.xml.rels
15:38:32.283 [main] DEBUG - Parsing relationship: /_rels/.rels
15:38:32.297 [main] INFO  - Goto crm URL 
15:38:32.301 [main] DEBUG - Parsing relationship: /xl/_rels/workbook.xml.rels
15:38:32.301 [main] DEBUG - Parsing relationship: /_rels/.rels
15:39:46.987 [main] INFO  - Goto crm URL 
15:39:47.125 [main] DEBUG - Parsing relationship: /xl/_rels/workbook.xml.rels
15:39:47.127 [main] DEBUG - Parsing relationship: /_rels/.rels
15:39:47.204 [main] TRACE - Loading type system org.apache.poi.schemas.ooxml.system.ooxml
15:39:47.207 [main] TRACE - Loading type system org.apache.xmlbeans.metadata.system.sXMLCONFIG
15:39:47.208 [main] TRACE - Loading type system org.apache.xmlbeans.metadata.system.sXMLLANG
15:39:47.208 [main] TRACE - Loading type system org.apache.xmlbeans.metadata.system.sXMLSCHEMA
15:39:47.209 [main] TRACE - Loading type system org.apache.xmlbeans.metadata.system.sXMLTOOLS
15:39:47.210 [main] TRACE - Reading unresolved handles for type system org.apache.xmlbeans.metadata.system.sXMLTOOLS
15:39:47.217 [main] TRACE - Finished loading type system org.apache.xmlbeans.metadata.system.sXMLTOOLS
15:39:47.218 [main] TRACE - Reading unresolved handles for type system org.apache.xmlbeans.metadata.system.sXMLSCHEMA
15:39:47.220 [main] TRACE - Finished loading type system org.apache.xmlbeans.metadata.system.sXMLSCHEMA
15:39:47.221 [main] TRACE - Reading unresolved handles for type system org.apache.xmlbeans.metadata.system.sXMLLANG
15:39:47.222 [main] TRACE - Finished loading type system org.apache.xmlbeans.metadata.system.sXMLLANG
15:39:47.223 [main] TRACE - Reading unresolved handles for type system org.apache.xmlbeans.metadata.system.sXMLCONFIG
15:39:47.223 [main] TRACE - Finished loading type system org.apache.xmlbeans.metadata.system.sXMLCONFIG
15:39:47.224 [main] TRACE - Reading unresolved handles for type system org.apache.poi.schemas.ooxml.system.ooxml
15:39:47.254 [main] TRACE - Finished loading type system org.apache.poi.schemas.ooxml.system.ooxml
15:39:47.254 [main] TRACE - Resolving type for handle themefd26doctype
15:39:47.280 [main] TRACE - Resolving type for handle stylesheet5d8bdoctype
15:39:47.284 [main] TRACE - Resolving type for handle ctstylesheet4257type
15:39:47.286 [main] TRACE - Resolving type for handle ctfonts6623type
15:39:47.287 [main] TRACE - Resolving type for handle ctfont14d8type
15:39:47.290 [main] TRACE - Resolving type for handle ctfills2c6ftype
15:39:47.291 [main] TRACE - Resolving type for handle ctfill550ctype
15:39:47.292 [main] TRACE - Resolving type for handle ctborders0d66type
15:39:47.293 [main] TRACE - Resolving type for handle ctborderf935type
15:39:47.294 [main] TRACE - Resolving type for handle ctcellxfs1322type
15:39:47.295 [main] TRACE - Resolving type for handle ctxf97f7type
15:39:47.296 [main] TRACE - Resolving type for handle ctcellstylexfsa81ftype
15:39:47.297 [main] TRACE - Resolving type for handle ctdxfsb26atype
15:39:47.298 [main] TRACE - Resolving type for handle cttablestyles872ftype
15:39:47.299 [main] TRACE - Resolving type for handle sstf81fdoctype
15:39:47.302 [main] TRACE - Resolving type for handle ctsst44f3type
15:39:47.306 [main] TRACE - Resolving type for handle ctrsta472type
15:39:47.313 [main] TRACE - Resolving type for handle workbookec17doctype
15:39:47.315 [main] TRACE - Resolving type for handle ctworkbook83c3type
15:39:47.317 [main] TRACE - Resolving type for handle ctsheets49fdtype
15:39:47.318 [main] TRACE - Resolving type for handle ctsheet4dbetype
15:39:47.319 [main] TRACE - Resolving type for handle strelationshipid1e94type
15:39:47.319 [main] TRACE - Resolving type for handle worksheetf539doctype
15:39:47.323 [main] TRACE - Resolving type for handle ctworksheet530dtype
15:39:47.327 [main] TRACE - Resolving type for handle ctcols627ctype
15:39:47.329 [main] TRACE - Resolving type for handle ctcola95ftype
15:39:47.337 [main] TRACE - Resolving type for handle ctsheetdata8408type
15:39:47.339 [main] TRACE - Resolving type for handle ctrowdd39type
15:39:47.341 [main] TRACE - Resolving type for handle ctcell842btype
15:39:47.345 [main] TRACE - Resolving type for handle stcellrefe4e0type
15:39:47.349 [main] TRACE - Resolving type for handle stxstringf179type
15:39:47.350 [main] TRACE - Resolving type for handle stcelltypebf95type
15:39:47.366 [main] INFO  - Goto crm URL 
15:39:47.374 [main] DEBUG - Parsing relationship: /xl/_rels/workbook.xml.rels
15:39:47.375 [main] DEBUG - Parsing relationship: /_rels/.rels
15:39:47.392 [main] INFO  - Goto crm URL 
15:39:47.397 [main] DEBUG - Parsing relationship: /xl/_rels/workbook.xml.rels
15:39:47.398 [main] DEBUG - Parsing relationship: /_rels/.rels
15:39:47.412 [main] INFO  - Goto crm URL 
15:39:47.418 [main] DEBUG - Parsing relationship: /xl/_rels/workbook.xml.rels
15:39:47.418 [main] DEBUG - Parsing relationship: /_rels/.rels
15:40:40.691 [main] INFO  - Goto crm URL 
15:40:40.826 [main] DEBUG - Parsing relationship: /xl/_rels/workbook.xml.rels
15:40:40.827 [main] DEBUG - Parsing relationship: /_rels/.rels
15:40:40.906 [main] TRACE - Loading type system org.apache.poi.schemas.ooxml.system.ooxml
15:40:40.908 [main] TRACE - Loading type system org.apache.xmlbeans.metadata.system.sXMLCONFIG
15:40:40.909 [main] TRACE - Loading type system org.apache.xmlbeans.metadata.system.sXMLLANG
15:40:40.909 [main] TRACE - Loading type system org.apache.xmlbeans.metadata.system.sXMLSCHEMA
15:40:40.909 [main] TRACE - Loading type system org.apache.xmlbeans.metadata.system.sXMLTOOLS
15:40:40.911 [main] TRACE - Reading unresolved handles for type system org.apache.xmlbeans.metadata.system.sXMLTOOLS
15:40:40.920 [main] TRACE - Finished loading type system org.apache.xmlbeans.metadata.system.sXMLTOOLS
15:40:40.920 [main] TRACE - Reading unresolved handles for type system org.apache.xmlbeans.metadata.system.sXMLSCHEMA
15:40:40.926 [main] TRACE - Finished loading type system org.apache.xmlbeans.metadata.system.sXMLSCHEMA
15:40:40.927 [main] TRACE - Reading unresolved handles for type system org.apache.xmlbeans.metadata.system.sXMLLANG
15:40:40.927 [main] TRACE - Finished loading type system org.apache.xmlbeans.metadata.system.sXMLLANG
15:40:40.929 [main] TRACE - Reading unresolved handles for type system org.apache.xmlbeans.metadata.system.sXMLCONFIG
15:40:40.929 [main] TRACE - Finished loading type system org.apache.xmlbeans.metadata.system.sXMLCONFIG
15:40:40.930 [main] TRACE - Reading unresolved handles for type system org.apache.poi.schemas.ooxml.system.ooxml
15:40:40.957 [main] TRACE - Finished loading type system org.apache.poi.schemas.ooxml.system.ooxml
15:40:40.958 [main] TRACE - Resolving type for handle themefd26doctype
15:40:40.983 [main] TRACE - Resolving type for handle stylesheet5d8bdoctype
15:40:40.988 [main] TRACE - Resolving type for handle ctstylesheet4257type
15:40:40.990 [main] TRACE - Resolving type for handle ctfonts6623type
15:40:40.991 [main] TRACE - Resolving type for handle ctfont14d8type
15:40:40.994 [main] TRACE - Resolving type for handle ctfills2c6ftype
15:40:40.995 [main] TRACE - Resolving type for handle ctfill550ctype
15:40:40.996 [main] TRACE - Resolving type for handle ctborders0d66type
15:40:40.997 [main] TRACE - Resolving type for handle ctborderf935type
15:40:40.998 [main] TRACE - Resolving type for handle ctcellxfs1322type
15:40:41.000 [main] TRACE - Resolving type for handle ctxf97f7type
15:40:41.001 [main] TRACE - Resolving type for handle ctcellstylexfsa81ftype
15:40:41.002 [main] TRACE - Resolving type for handle ctdxfsb26atype
15:40:41.003 [main] TRACE - Resolving type for handle cttablestyles872ftype
15:40:41.004 [main] TRACE - Resolving type for handle sstf81fdoctype
15:40:41.006 [main] TRACE - Resolving type for handle ctsst44f3type
15:40:41.010 [main] TRACE - Resolving type for handle ctrsta472type
15:40:41.017 [main] TRACE - Resolving type for handle workbookec17doctype
15:40:41.025 [main] TRACE - Resolving type for handle ctworkbook83c3type
15:40:41.027 [main] TRACE - Resolving type for handle ctsheets49fdtype
15:40:41.028 [main] TRACE - Resolving type for handle ctsheet4dbetype
15:40:41.029 [main] TRACE - Resolving type for handle strelationshipid1e94type
15:40:41.030 [main] TRACE - Resolving type for handle worksheetf539doctype
15:40:41.034 [main] TRACE - Resolving type for handle ctworksheet530dtype
15:40:41.039 [main] TRACE - Resolving type for handle ctcols627ctype
15:40:41.042 [main] TRACE - Resolving type for handle ctcola95ftype
15:40:41.050 [main] TRACE - Resolving type for handle ctsheetdata8408type
15:40:41.051 [main] TRACE - Resolving type for handle ctrowdd39type
15:40:41.054 [main] TRACE - Resolving type for handle ctcell842btype
15:40:41.057 [main] TRACE - Resolving type for handle stcellrefe4e0type
15:40:41.060 [main] TRACE - Resolving type for handle stxstringf179type
15:40:41.061 [main] TRACE - Resolving type for handle stcelltypebf95type
15:40:41.076 [main] INFO  - Goto crm URL 
15:40:41.084 [main] DEBUG - Parsing relationship: /xl/_rels/workbook.xml.rels
15:40:41.084 [main] DEBUG - Parsing relationship: /_rels/.rels
15:40:41.100 [main] INFO  - Goto crm URL 
15:40:41.105 [main] DEBUG - Parsing relationship: /xl/_rels/workbook.xml.rels
15:40:41.105 [main] DEBUG - Parsing relationship: /_rels/.rels
15:40:41.120 [main] INFO  - Goto crm URL 
15:40:41.126 [main] DEBUG - Parsing relationship: /xl/_rels/workbook.xml.rels
15:40:41.126 [main] DEBUG - Parsing relationship: /_rels/.rels
15:48:37.156 [main] INFO  - Goto crm URL 
15:48:37.302 [main] DEBUG - Parsing relationship: /xl/_rels/workbook.xml.rels
15:48:37.303 [main] DEBUG - Parsing relationship: /_rels/.rels
15:48:37.393 [main] TRACE - Loading type system org.apache.poi.schemas.ooxml.system.ooxml
15:48:37.396 [main] TRACE - Loading type system org.apache.xmlbeans.metadata.system.sXMLCONFIG
15:48:37.396 [main] TRACE - Loading type system org.apache.xmlbeans.metadata.system.sXMLLANG
15:48:37.397 [main] TRACE - Loading type system org.apache.xmlbeans.metadata.system.sXMLSCHEMA
15:48:37.397 [main] TRACE - Loading type system org.apache.xmlbeans.metadata.system.sXMLTOOLS
15:48:37.398 [main] TRACE - Reading unresolved handles for type system org.apache.xmlbeans.metadata.system.sXMLTOOLS
15:48:37.405 [main] TRACE - Finished loading type system org.apache.xmlbeans.metadata.system.sXMLTOOLS
15:48:37.406 [main] TRACE - Reading unresolved handles for type system org.apache.xmlbeans.metadata.system.sXMLSCHEMA
15:48:37.408 [main] TRACE - Finished loading type system org.apache.xmlbeans.metadata.system.sXMLSCHEMA
15:48:37.409 [main] TRACE - Reading unresolved handles for type system org.apache.xmlbeans.metadata.system.sXMLLANG
15:48:37.410 [main] TRACE - Finished loading type system org.apache.xmlbeans.metadata.system.sXMLLANG
15:48:37.413 [main] TRACE - Reading unresolved handles for type system org.apache.xmlbeans.metadata.system.sXMLCONFIG
15:48:37.414 [main] TRACE - Finished loading type system org.apache.xmlbeans.metadata.system.sXMLCONFIG
15:48:37.415 [main] TRACE - Reading unresolved handles for type system org.apache.poi.schemas.ooxml.system.ooxml
15:48:37.447 [main] TRACE - Finished loading type system org.apache.poi.schemas.ooxml.system.ooxml
15:48:37.447 [main] TRACE - Resolving type for handle themefd26doctype
15:48:37.479 [main] TRACE - Resolving type for handle stylesheet5d8bdoctype
15:48:37.482 [main] TRACE - Resolving type for handle ctstylesheet4257type
15:48:37.484 [main] TRACE - Resolving type for handle ctfonts6623type
15:48:37.485 [main] TRACE - Resolving type for handle ctfont14d8type
15:48:37.488 [main] TRACE - Resolving type for handle ctfills2c6ftype
15:48:37.489 [main] TRACE - Resolving type for handle ctfill550ctype
15:48:37.490 [main] TRACE - Resolving type for handle ctborders0d66type
15:48:37.491 [main] TRACE - Resolving type for handle ctborderf935type
15:48:37.492 [main] TRACE - Resolving type for handle ctcellxfs1322type
15:48:37.494 [main] TRACE - Resolving type for handle ctxf97f7type
15:48:37.496 [main] TRACE - Resolving type for handle ctcellstylexfsa81ftype
15:48:37.497 [main] TRACE - Resolving type for handle ctdxfsb26atype
15:48:37.498 [main] TRACE - Resolving type for handle cttablestyles872ftype
15:48:37.499 [main] TRACE - Resolving type for handle sstf81fdoctype
15:48:37.501 [main] TRACE - Resolving type for handle ctsst44f3type
15:48:37.505 [main] TRACE - Resolving type for handle ctrsta472type
15:48:37.512 [main] TRACE - Resolving type for handle workbookec17doctype
15:48:37.514 [main] TRACE - Resolving type for handle ctworkbook83c3type
15:48:37.517 [main] TRACE - Resolving type for handle ctsheets49fdtype
15:48:37.518 [main] TRACE - Resolving type for handle ctsheet4dbetype
15:48:37.518 [main] TRACE - Resolving type for handle strelationshipid1e94type
15:48:37.520 [main] TRACE - Resolving type for handle worksheetf539doctype
15:48:37.524 [main] TRACE - Resolving type for handle ctworksheet530dtype
15:48:37.528 [main] TRACE - Resolving type for handle ctcols627ctype
15:48:37.531 [main] TRACE - Resolving type for handle ctcola95ftype
15:48:37.539 [main] TRACE - Resolving type for handle ctsheetdata8408type
15:48:37.541 [main] TRACE - Resolving type for handle ctrowdd39type
15:48:37.543 [main] TRACE - Resolving type for handle ctcell842btype
15:48:37.546 [main] TRACE - Resolving type for handle stcellrefe4e0type
15:48:37.549 [main] TRACE - Resolving type for handle stxstringf179type
15:48:37.550 [main] TRACE - Resolving type for handle stcelltypebf95type
15:48:37.572 [main] INFO  - Goto crm URL 
15:48:37.582 [main] DEBUG - Parsing relationship: /xl/_rels/workbook.xml.rels
15:48:37.586 [main] DEBUG - Parsing relationship: /_rels/.rels
15:48:37.611 [main] INFO  - Goto crm URL 
15:48:37.616 [main] DEBUG - Parsing relationship: /xl/_rels/workbook.xml.rels
15:48:37.618 [main] DEBUG - Parsing relationship: /_rels/.rels
15:48:37.636 [main] INFO  - Goto crm URL 
15:48:37.641 [main] DEBUG - Parsing relationship: /xl/_rels/workbook.xml.rels
15:48:37.641 [main] DEBUG - Parsing relationship: /_rels/.rels
15:53:10.574 [main] INFO  - Goto crm URL 
15:53:10.669 [main] DEBUG - Parsing relationship: /xl/_rels/workbook.xml.rels
15:53:10.670 [main] DEBUG - Parsing relationship: /_rels/.rels
15:53:10.752 [main] TRACE - Loading type system org.apache.poi.schemas.ooxml.system.ooxml
15:53:10.754 [main] TRACE - Loading type system org.apache.xmlbeans.metadata.system.sXMLCONFIG
15:53:10.754 [main] TRACE - Loading type system org.apache.xmlbeans.metadata.system.sXMLLANG
15:53:10.755 [main] TRACE - Loading type system org.apache.xmlbeans.metadata.system.sXMLSCHEMA
15:53:10.755 [main] TRACE - Loading type system org.apache.xmlbeans.metadata.system.sXMLTOOLS
15:53:10.755 [main] TRACE - Reading unresolved handles for type system org.apache.xmlbeans.metadata.system.sXMLTOOLS
15:53:10.763 [main] TRACE - Finished loading type system org.apache.xmlbeans.metadata.system.sXMLTOOLS
15:53:10.763 [main] TRACE - Reading unresolved handles for type system org.apache.xmlbeans.metadata.system.sXMLSCHEMA
15:53:10.767 [main] TRACE - Finished loading type system org.apache.xmlbeans.metadata.system.sXMLSCHEMA
15:53:10.767 [main] TRACE - Reading unresolved handles for type system org.apache.xmlbeans.metadata.system.sXMLLANG
15:53:10.768 [main] TRACE - Finished loading type system org.apache.xmlbeans.metadata.system.sXMLLANG
15:53:10.768 [main] TRACE - Reading unresolved handles for type system org.apache.xmlbeans.metadata.system.sXMLCONFIG
15:53:10.769 [main] TRACE - Finished loading type system org.apache.xmlbeans.metadata.system.sXMLCONFIG
15:53:10.769 [main] TRACE - Reading unresolved handles for type system org.apache.poi.schemas.ooxml.system.ooxml
15:53:10.802 [main] TRACE - Finished loading type system org.apache.poi.schemas.ooxml.system.ooxml
15:53:10.803 [main] TRACE - Resolving type for handle themefd26doctype
15:53:10.831 [main] TRACE - Resolving type for handle stylesheet5d8bdoctype
15:53:10.834 [main] TRACE - Resolving type for handle ctstylesheet4257type
15:53:10.837 [main] TRACE - Resolving type for handle ctfonts6623type
15:53:10.838 [main] TRACE - Resolving type for handle ctfont14d8type
15:53:10.841 [main] TRACE - Resolving type for handle ctfills2c6ftype
15:53:10.843 [main] TRACE - Resolving type for handle ctfill550ctype
15:53:10.843 [main] TRACE - Resolving type for handle ctborders0d66type
15:53:10.845 [main] TRACE - Resolving type for handle ctborderf935type
15:53:10.847 [main] TRACE - Resolving type for handle ctcellxfs1322type
15:53:10.848 [main] TRACE - Resolving type for handle ctxf97f7type
15:53:10.850 [main] TRACE - Resolving type for handle ctcellstylexfsa81ftype
15:53:10.851 [main] TRACE - Resolving type for handle ctdxfsb26atype
15:53:10.852 [main] TRACE - Resolving type for handle cttablestyles872ftype
15:53:10.853 [main] TRACE - Resolving type for handle sstf81fdoctype
15:53:10.855 [main] TRACE - Resolving type for handle ctsst44f3type
15:53:10.860 [main] TRACE - Resolving type for handle ctrsta472type
15:53:10.871 [main] TRACE - Resolving type for handle workbookec17doctype
15:53:10.877 [main] TRACE - Resolving type for handle ctworkbook83c3type
15:53:10.880 [main] TRACE - Resolving type for handle ctsheets49fdtype
15:53:10.882 [main] TRACE - Resolving type for handle ctsheet4dbetype
15:53:10.883 [main] TRACE - Resolving type for handle strelationshipid1e94type
15:53:10.884 [main] TRACE - Resolving type for handle worksheetf539doctype
15:53:10.890 [main] TRACE - Resolving type for handle ctworksheet530dtype
15:53:10.895 [main] TRACE - Resolving type for handle ctcols627ctype
15:53:10.897 [main] TRACE - Resolving type for handle ctcola95ftype
15:53:10.905 [main] TRACE - Resolving type for handle ctsheetdata8408type
15:53:10.907 [main] TRACE - Resolving type for handle ctrowdd39type
15:53:10.909 [main] TRACE - Resolving type for handle ctcell842btype
15:53:10.914 [main] TRACE - Resolving type for handle stcellrefe4e0type
15:53:10.920 [main] TRACE - Resolving type for handle stxstringf179type
15:53:10.921 [main] TRACE - Resolving type for handle stcelltypebf95type
15:53:14.665 [main] TRACE - Resolving type for handle ctworkbookpr03a5type
15:53:14.681 [main] TRACE - Resolving type for handle ctbookviewsb864type
15:53:14.681 [main] TRACE - Resolving type for handle ctbookviewf677type
15:53:14.694 [main] TRACE - Resolving type for handle propertiesee84doctype
15:53:14.698 [main] TRACE - Resolving type for handle ctproperties3f10type
15:53:14.698 [main] TRACE - Resolving type for handle properties288cdoctype
15:53:14.698 [main] TRACE - Resolving type for handle ctproperties2c18type
15:53:14.698 [main] TRACE - Resolving type for handle ctfontsizeb3b9type
15:53:14.714 [main] TRACE - Resolving type for handle ctcolord2c2type
15:53:14.714 [main] TRACE - Resolving type for handle ctfontname2dc3type
15:53:14.727 [main] TRACE - Resolving type for handle ctfontfamily685ctype
15:53:14.727 [main] TRACE - Resolving type for handle stfontfamily9c6ctype
15:53:14.727 [main] TRACE - Resolving type for handle ctfontschemebf5dtype
15:53:14.727 [main] TRACE - Resolving type for handle stfontschemef36dtype
15:53:14.742 [main] TRACE - Resolving type for handle ctpatternfill7452type
15:53:14.742 [main] TRACE - Resolving type for handle stpatterntype7939type
15:53:14.742 [main] TRACE - Resolving type for handle ctborderpre497type
15:53:14.742 [main] TRACE - Resolving type for handle stnumfmtid76fbtype
15:53:14.742 [main] TRACE - Resolving type for handle stfontid9d63type
15:53:14.758 [main] TRACE - Resolving type for handle stfillida097type
15:53:14.774 [main] TRACE - Resolving type for handle stborderid1a80type
15:53:14.774 [main] TRACE - Resolving type for handle stcellstylexfid70c7type
15:53:14.790 [main] TRACE - Resolving type for handle ctsheetformatprdef7type
15:53:14.790 [main] TRACE - Resolving type for handle ctsheetviewsb918type
15:53:14.795 [main] TRACE - Resolving type for handle ctsheetview0f43type
15:53:14.795 [main] TRACE - Resolving type for handle ctsheetdimensiond310type
15:53:14.795 [main] TRACE - Resolving type for handle stref90a2type
15:53:14.806 [main] TRACE - Resolving type for handle ctpagemargins5455type
15:53:27.333 [main] INFO  - Goto crm URL 
15:53:27.364 [main] DEBUG - Parsing relationship: /xl/_rels/workbook.xml.rels
15:53:27.366 [main] DEBUG - Parsing relationship: /_rels/.rels
15:53:43.690 [main] INFO  - Goto crm URL 
15:53:43.709 [main] DEBUG - Parsing relationship: /xl/_rels/workbook.xml.rels
15:53:43.712 [main] DEBUG - Parsing relationship: /_rels/.rels
15:53:59.775 [main] INFO  - Goto crm URL 
15:53:59.800 [main] DEBUG - Parsing relationship: /xl/_rels/workbook.xml.rels
15:53:59.802 [main] DEBUG - Parsing relationship: /_rels/.rels
16:26:05.238 [main] TRACE - Loading type system org.apache.poi.schemas.ooxml.system.ooxml
16:26:05.238 [main] TRACE - Loading type system org.apache.xmlbeans.metadata.system.sXMLCONFIG
16:26:05.238 [main] TRACE - Loading type system org.apache.xmlbeans.metadata.system.sXMLLANG
16:26:05.238 [main] TRACE - Loading type system org.apache.xmlbeans.metadata.system.sXMLSCHEMA
16:26:05.246 [main] TRACE - Loading type system org.apache.xmlbeans.metadata.system.sXMLTOOLS
16:26:05.246 [main] TRACE - Reading unresolved handles for type system org.apache.xmlbeans.metadata.system.sXMLTOOLS
16:26:05.251 [main] TRACE - Finished loading type system org.apache.xmlbeans.metadata.system.sXMLTOOLS
16:26:05.253 [main] TRACE - Reading unresolved handles for type system org.apache.xmlbeans.metadata.system.sXMLSCHEMA
16:26:05.255 [main] TRACE - Finished loading type system org.apache.xmlbeans.metadata.system.sXMLSCHEMA
16:26:05.255 [main] TRACE - Reading unresolved handles for type system org.apache.xmlbeans.metadata.system.sXMLLANG
16:26:05.255 [main] TRACE - Finished loading type system org.apache.xmlbeans.metadata.system.sXMLLANG
16:26:05.255 [main] TRACE - Reading unresolved handles for type system org.apache.xmlbeans.metadata.system.sXMLCONFIG
16:26:05.255 [main] TRACE - Finished loading type system org.apache.xmlbeans.metadata.system.sXMLCONFIG
16:26:05.255 [main] TRACE - Reading unresolved handles for type system org.apache.poi.schemas.ooxml.system.ooxml
16:26:05.284 [main] TRACE - Finished loading type system org.apache.poi.schemas.ooxml.system.ooxml
16:26:05.292 [main] TRACE - Resolving type for handle ctworkbook83c3type
16:26:05.309 [main] TRACE - Resolving type for handle ctworkbookpr03a5type
16:26:05.316 [main] TRACE - Resolving type for handle ctbookviewsb864type
16:26:05.316 [main] TRACE - Resolving type for handle ctbookviewf677type
16:26:05.316 [main] TRACE - Resolving type for handle ctsheets49fdtype
16:26:05.316 [main] TRACE - Resolving type for handle propertiesee84doctype
16:26:05.325 [main] TRACE - Resolving type for handle ctproperties3f10type
16:26:05.325 [main] TRACE - Resolving type for handle properties288cdoctype
16:26:05.325 [main] TRACE - Resolving type for handle ctproperties2c18type
16:26:05.333 [main] TRACE - Resolving type for handle sstf81fdoctype
16:26:05.333 [main] TRACE - Resolving type for handle ctsst44f3type
16:26:05.333 [main] TRACE - Resolving type for handle stylesheet5d8bdoctype
16:26:05.333 [main] TRACE - Resolving type for handle ctstylesheet4257type
16:26:05.333 [main] TRACE - Resolving type for handle ctfont14d8type
16:26:05.341 [main] TRACE - Resolving type for handle ctfontsizeb3b9type
16:26:05.341 [main] TRACE - Resolving type for handle ctcolord2c2type
16:26:05.341 [main] TRACE - Resolving type for handle ctfontname2dc3type
16:26:05.341 [main] TRACE - Resolving type for handle stxstringf179type
16:26:05.341 [main] TRACE - Resolving type for handle ctfontfamily685ctype
16:26:05.349 [main] TRACE - Resolving type for handle stfontfamily9c6ctype
16:26:05.349 [main] TRACE - Resolving type for handle ctfontschemebf5dtype
16:26:05.349 [main] TRACE - Resolving type for handle stfontschemef36dtype
16:26:05.349 [main] TRACE - Resolving type for handle ctfill550ctype
16:26:05.349 [main] TRACE - Resolving type for handle ctpatternfill7452type
16:26:05.356 [main] TRACE - Resolving type for handle stpatterntype7939type
16:26:05.356 [main] TRACE - Resolving type for handle ctborderf935type
16:26:05.356 [main] TRACE - Resolving type for handle ctborderpre497type
16:26:05.356 [main] TRACE - Resolving type for handle ctxf97f7type
16:26:05.356 [main] TRACE - Resolving type for handle stnumfmtid76fbtype
16:26:05.356 [main] TRACE - Resolving type for handle stfontid9d63type
16:26:05.356 [main] TRACE - Resolving type for handle stfillida097type
16:26:05.356 [main] TRACE - Resolving type for handle stborderid1a80type
16:26:05.356 [main] TRACE - Resolving type for handle stcellstylexfid70c7type
16:26:05.366 [main] TRACE - Resolving type for handle ctsheet4dbetype
16:26:05.366 [main] TRACE - Resolving type for handle ctworksheet530dtype
16:26:05.366 [main] TRACE - Resolving type for handle ctsheetformatprdef7type
16:26:05.366 [main] TRACE - Resolving type for handle ctsheetviewsb918type
16:26:05.366 [main] TRACE - Resolving type for handle ctsheetview0f43type
16:26:05.366 [main] TRACE - Resolving type for handle ctsheetdimensiond310type
16:26:05.366 [main] TRACE - Resolving type for handle stref90a2type
16:26:05.366 [main] TRACE - Resolving type for handle ctsheetdata8408type
16:26:05.366 [main] TRACE - Resolving type for handle ctpagemargins5455type
16:26:05.382 [main] TRACE - Resolving type for handle ctcols627ctype
16:26:05.382 [main] TRACE - Resolving type for handle strelationshipid1e94type
16:26:05.382 [main] TRACE - Resolving type for handle ctrowdd39type
16:26:05.382 [main] TRACE - Resolving type for handle ctcell842btype
16:26:05.382 [main] TRACE - Resolving type for handle stcellrefe4e0type
16:26:05.382 [main] TRACE - Resolving type for handle ctrsta472type
16:26:05.382 [main] TRACE - Resolving type for handle stcelltypebf95type
16:26:05.412 [main] DEBUG - Save core properties part
16:26:05.412 [main] DEBUG - Save content types part
16:26:05.466 [main] DEBUG - Save package relationships
16:26:05.475 [main] DEBUG - Save part 'docProps/core.xml'
16:26:05.475 [main] DEBUG - Save part 'xl/sharedStrings.xml'
16:26:05.475 [main] DEBUG - Save part 'xl/styles.xml'
16:26:05.482 [main] DEBUG - Save part 'xl/workbook.xml'
16:26:05.482 [main] DEBUG - Save part 'xl/worksheets/sheet1.xml'
17:10:13.694 [main] TRACE - Loading type system org.apache.poi.schemas.ooxml.system.ooxml
17:10:13.708 [main] TRACE - Loading type system org.apache.xmlbeans.metadata.system.sXMLCONFIG
17:10:13.711 [main] TRACE - Loading type system org.apache.xmlbeans.metadata.system.sXMLLANG
17:10:13.711 [main] TRACE - Loading type system org.apache.xmlbeans.metadata.system.sXMLSCHEMA
17:10:13.711 [main] TRACE - Loading type system org.apache.xmlbeans.metadata.system.sXMLTOOLS
17:10:13.711 [main] TRACE - Reading unresolved handles for type system org.apache.xmlbeans.metadata.system.sXMLTOOLS
17:10:13.727 [main] TRACE - Finished loading type system org.apache.xmlbeans.metadata.system.sXMLTOOLS
17:10:13.727 [main] TRACE - Reading unresolved handles for type system org.apache.xmlbeans.metadata.system.sXMLSCHEMA
17:10:13.746 [main] TRACE - Finished loading type system org.apache.xmlbeans.metadata.system.sXMLSCHEMA
17:10:13.749 [main] TRACE - Reading unresolved handles for type system org.apache.xmlbeans.metadata.system.sXMLLANG
17:10:13.749 [main] TRACE - Finished loading type system org.apache.xmlbeans.metadata.system.sXMLLANG
17:10:13.749 [main] TRACE - Reading unresolved handles for type system org.apache.xmlbeans.metadata.system.sXMLCONFIG
17:10:13.749 [main] TRACE - Finished loading type system org.apache.xmlbeans.metadata.system.sXMLCONFIG
17:10:13.749 [main] TRACE - Reading unresolved handles for type system org.apache.poi.schemas.ooxml.system.ooxml
17:10:13.860 [main] TRACE - Finished loading type system org.apache.poi.schemas.ooxml.system.ooxml
17:10:13.862 [main] TRACE - Resolving type for handle ctworkbook83c3type
17:10:13.949 [main] TRACE - Resolving type for handle ctworkbookpr03a5type
17:10:13.961 [main] TRACE - Resolving type for handle ctbookviewsb864type
17:10:13.961 [main] TRACE - Resolving type for handle ctbookviewf677type
17:10:13.977 [main] TRACE - Resolving type for handle ctsheets49fdtype
17:10:13.985 [main] TRACE - Resolving type for handle propertiesee84doctype
17:10:13.990 [main] TRACE - Resolving type for handle ctproperties3f10type
17:10:13.998 [main] TRACE - Resolving type for handle properties288cdoctype
17:10:13.998 [main] TRACE - Resolving type for handle ctproperties2c18type
17:10:14.010 [main] TRACE - Resolving type for handle sstf81fdoctype
17:10:14.014 [main] TRACE - Resolving type for handle ctsst44f3type
17:10:14.025 [main] TRACE - Resolving type for handle stylesheet5d8bdoctype
17:10:14.027 [main] TRACE - Resolving type for handle ctstylesheet4257type
17:10:14.031 [main] TRACE - Resolving type for handle ctfont14d8type
17:10:14.043 [main] TRACE - Resolving type for handle ctfontsizeb3b9type
17:10:14.049 [main] TRACE - Resolving type for handle ctcolord2c2type
17:10:14.054 [main] TRACE - Resolving type for handle ctfontname2dc3type
17:10:14.056 [main] TRACE - Resolving type for handle stxstringf179type
17:10:14.060 [main] TRACE - Resolving type for handle ctfontfamily685ctype
17:10:14.060 [main] TRACE - Resolving type for handle stfontfamily9c6ctype
17:10:14.060 [main] TRACE - Resolving type for handle ctfontschemebf5dtype
17:10:14.073 [main] TRACE - Resolving type for handle stfontschemef36dtype
17:10:14.077 [main] TRACE - Resolving type for handle ctfill550ctype
17:10:14.077 [main] TRACE - Resolving type for handle ctpatternfill7452type
17:10:14.088 [main] TRACE - Resolving type for handle stpatterntype7939type
17:10:14.088 [main] TRACE - Resolving type for handle ctborderf935type
17:10:14.093 [main] TRACE - Resolving type for handle ctborderpre497type
17:10:14.104 [main] TRACE - Resolving type for handle ctxf97f7type
17:10:14.104 [main] TRACE - Resolving type for handle stnumfmtid76fbtype
17:10:14.110 [main] TRACE - Resolving type for handle stfontid9d63type
17:10:14.114 [main] TRACE - Resolving type for handle stfillida097type
17:10:14.114 [main] TRACE - Resolving type for handle stborderid1a80type
17:10:14.120 [main] TRACE - Resolving type for handle stcellstylexfid70c7type
17:10:14.127 [main] TRACE - Resolving type for handle ctsheet4dbetype
17:10:14.136 [main] TRACE - Resolving type for handle ctworksheet530dtype
17:10:14.143 [main] TRACE - Resolving type for handle ctsheetformatprdef7type
17:10:14.151 [main] TRACE - Resolving type for handle ctsheetviewsb918type
17:10:14.151 [main] TRACE - Resolving type for handle ctsheetview0f43type
17:10:14.166 [main] TRACE - Resolving type for handle ctsheetdimensiond310type
17:10:14.166 [main] TRACE - Resolving type for handle stref90a2type
17:10:14.166 [main] TRACE - Resolving type for handle ctsheetdata8408type
17:10:14.177 [main] TRACE - Resolving type for handle ctpagemargins5455type
17:10:14.181 [main] TRACE - Resolving type for handle ctcols627ctype
17:10:14.194 [main] TRACE - Resolving type for handle strelationshipid1e94type
17:10:14.194 [main] TRACE - Resolving type for handle ctrowdd39type
17:10:14.210 [main] TRACE - Resolving type for handle ctcell842btype
17:10:14.235 [main] TRACE - Resolving type for handle stcellrefe4e0type
17:10:14.243 [main] TRACE - Resolving type for handle ctrsta472type
17:10:14.255 [main] TRACE - Resolving type for handle stcelltypebf95type
17:10:14.327 [main] DEBUG - Save core properties part
17:10:14.327 [main] DEBUG - Save content types part
17:10:14.487 [main] DEBUG - Save package relationships
17:10:14.493 [main] DEBUG - Save part 'docProps/core.xml'
17:10:14.511 [main] DEBUG - Save part 'xl/sharedStrings.xml'
17:10:14.511 [main] DEBUG - Save part 'xl/styles.xml'
17:10:14.520 [main] DEBUG - Save part 'xl/workbook.xml'
17:10:14.522 [main] DEBUG - Save part 'xl/worksheets/sheet1.xml'
17:10:26.458 [main] DEBUG - Save core properties part
17:10:26.460 [main] DEBUG - Save content types part
17:10:26.462 [main] DEBUG - Save package relationships
17:10:26.464 [main] DEBUG - Save part 'docProps/core.xml'
17:10:26.466 [main] DEBUG - Save part 'xl/sharedStrings.xml'
17:10:26.466 [main] DEBUG - Save part 'xl/styles.xml'
17:10:26.468 [main] DEBUG - Save part 'xl/workbook.xml'
17:10:26.470 [main] DEBUG - Save part 'xl/worksheets/sheet1.xml'
17:10:38.343 [main] DEBUG - Save core properties part
17:10:38.343 [main] DEBUG - Save content types part
17:10:38.345 [main] DEBUG - Save package relationships
17:10:38.346 [main] DEBUG - Save part 'docProps/core.xml'
17:10:38.348 [main] DEBUG - Save part 'xl/sharedStrings.xml'
17:10:38.349 [main] DEBUG - Save part 'xl/styles.xml'
17:10:38.349 [main] DEBUG - Save part 'xl/workbook.xml'
