10:18:10.309 [main] TRACE - Resolving type for handle ctbookviewsb864type
10:18:10.360 [main] TRACE - Resolving type for handle stfontschemef36dtype
10:18:10.377 [main] TRACE - Resolving type for handle ctbookviewf677type
10:18:10.377 [main] TRACE - Resolving type for handle ctfill550ctype
10:18:10.391 [main] TRACE - Resolving type for handle ctsheets49fdtype
10:18:10.399 [main] TRACE - Resolving type for handle ctpatternfill7452type
10:18:10.399 [main] TRACE - Resolving type for handle propertiesee84doctype
10:18:10.410 [main] TRACE - Resolving type for handle ctproperties3f10type
10:18:10.410 [main] TRACE - Resolving type for handle stpatterntype7939type
10:18:10.431 [main] TRACE - Resolving type for handle ctborderf935type
10:18:10.431 [main] TRACE - Resolving type for handle properties288cdoctype
10:18:10.431 [main] TRACE - Resolving type for handle ctborderpre497type
10:18:10.444 [main] TRACE - Resolving type for handle ctproperties2c18type
10:18:10.444 [main] TRACE - Resolving type for handle ctxf97f7type
10:18:10.464 [main] TRACE - Resolving type for handle stnumfmtid76fbtype
10:18:10.464 [main] TRACE - Resolving type for handle sstf81fdoctype
10:18:10.472 [main] TRACE - Resolving type for handle stfontid9d63type
10:18:10.477 [main] TRACE - Resolving type for handle ctsst44f3type
10:18:10.477 [main] TRACE - Resolving type for handle stfillida097type
10:18:10.488 [main] TRACE - Resolving type for handle stborderid1a80type
10:18:10.491 [main] TRACE - Resolving type for handle stylesheet5d8bdoctype
10:18:10.505 [main] TRACE - Resolving type for handle ctstylesheet4257type
10:18:10.505 [main] TRACE - Resolving type for handle stcellstylexfid70c7type
10:18:10.521 [main] TRACE - Resolving type for handle ctfont14d8type
10:18:10.526 [main] TRACE - Resolving type for handle ctsheet4dbetype
10:18:10.553 [main] TRACE - Resolving type for handle ctfontsizeb3b9type
10:18:10.562 [main] TRACE - Resolving type for handle ctworksheet530dtype
10:18:10.562 [main] TRACE - Resolving type for handle ctcolord2c2type
10:18:10.570 [main] TRACE - Resolving type for handle ctfontname2dc3type
10:18:10.578 [main] TRACE - Resolving type for handle stxstringf179type
10:18:10.578 [main] TRACE - Resolving type for handle ctsheetformatprdef7type
10:18:10.591 [main] TRACE - Resolving type for handle ctfontfamily685ctype
10:18:10.593 [main] TRACE - Resolving type for handle stfontfamily9c6ctype
10:18:10.602 [main] TRACE - Resolving type for handle ctsheetviewsb918type
10:18:10.610 [main] TRACE - Resolving type for handle ctfontschemebf5dtype
10:18:10.610 [main] TRACE - Resolving type for handle ctsheetview0f43type
10:18:10.624 [main] TRACE - Resolving type for handle stfontschemef36dtype
10:18:10.643 [main] TRACE - Resolving type for handle ctsheetdimensiond310type
10:18:10.651 [main] TRACE - Resolving type for handle ctfill550ctype
10:18:10.651 [main] TRACE - Resolving type for handle stref90a2type
10:18:10.659 [main] TRACE - Resolving type for handle ctpatternfill7452type
10:18:10.659 [main] TRACE - Resolving type for handle ctsheetdata8408type
10:18:10.667 [main] TRACE - Resolving type for handle stpatterntype7939type
10:18:10.676 [main] TRACE - Resolving type for handle ctpagemargins5455type
10:18:10.684 [main] TRACE - Resolving type for handle ctborderf935type
10:18:10.692 [main] TRACE - Resolving type for handle ctborderpre497type
10:18:10.700 [main] TRACE - Resolving type for handle ctcols627ctype
10:18:10.700 [main] TRACE - Resolving type for handle ctxf97f7type
10:18:10.709 [main] TRACE - Resolving type for handle strelationshipid1e94type
10:18:10.717 [main] TRACE - Resolving type for handle ctrowdd39type
10:18:10.720 [main] TRACE - Resolving type for handle stnumfmtid76fbtype
10:18:10.725 [main] TRACE - Resolving type for handle stfontid9d63type
10:18:10.734 [main] TRACE - Resolving type for handle stfillida097type
10:18:10.734 [main] TRACE - Resolving type for handle ctcell842btype
10:18:10.743 [main] TRACE - Resolving type for handle stborderid1a80type
10:18:10.743 [main] TRACE - Resolving type for handle stcellstylexfid70c7type
10:18:10.782 [main] TRACE - Resolving type for handle ctsheet4dbetype
10:18:10.782 [main] TRACE - Resolving type for handle stcellrefe4e0type
10:18:10.799 [main] TRACE - Resolving type for handle ctworksheet530dtype
10:18:10.799 [main] TRACE - Resolving type for handle ctrsta472type
10:18:10.816 [main] TRACE - Resolving type for handle stcelltypebf95type
10:18:10.820 [main] TRACE - Resolving type for handle ctsheetformatprdef7type
10:18:10.843 [main] TRACE - Resolving type for handle ctsheetviewsb918type
10:18:10.843 [main] TRACE - Resolving type for handle ctsheetview0f43type
10:18:10.860 [main] TRACE - Resolving type for handle ctsheetdimensiond310type
10:18:10.872 [main] TRACE - Resolving type for handle stref90a2type
10:18:10.876 [main] TRACE - Resolving type for handle ctsheetdata8408type
10:18:10.876 [main] TRACE - Resolving type for handle ctpagemargins5455type
10:18:10.893 [main] TRACE - Resolving type for handle ctcols627ctype
10:18:10.909 [main] TRACE - Resolving type for handle strelationshipid1e94type
10:18:10.909 [main] TRACE - Resolving type for handle ctrowdd39type
10:18:10.936 [main] TRACE - Resolving type for handle ctcell842btype
10:18:10.969 [main] TRACE - Resolving type for handle stcellrefe4e0type
10:18:10.985 [main] TRACE - Resolving type for handle ctrsta472type
10:18:10.993 [main] TRACE - Resolving type for handle stcelltypebf95type
10:18:11.755 [main] DEBUG - Save core properties part
10:18:11.755 [main] DEBUG - Save content types part
10:18:12.226 [main] DEBUG - Save package relationships
10:18:12.240 [main] DEBUG - Save part 'docProps/core.xml'
10:18:12.313 [main] DEBUG - Save part 'xl/sharedStrings.xml'
10:18:12.313 [main] DEBUG - Save part 'xl/styles.xml'
10:18:12.376 [main] DEBUG - Save part 'xl/workbook.xml'
10:18:12.387 [main] DEBUG - Save part 'xl/worksheets/sheet1.xml'
10:18:12.476 [main] DEBUG - Save core properties part
10:18:12.476 [main] DEBUG - Save content types part
10:18:13.220 [main] DEBUG - Save package relationships
10:18:13.275 [main] DEBUG - Save part 'docProps/core.xml'
10:18:13.360 [main] DEBUG - Save part 'xl/sharedStrings.xml'
10:18:13.360 [main] DEBUG - Save part 'xl/styles.xml'
10:18:13.391 [main] DEBUG - Save part 'xl/workbook.xml'
10:18:13.391 [main] DEBUG - Save part 'xl/worksheets/sheet1.xml'
10:21:42.023 [main] INFO  - Goto crm URL 
10:21:49.189 [main] TRACE - Loading type system org.apache.poi.schemas.ooxml.system.ooxml
10:21:49.198 [main] TRACE - Loading type system org.apache.xmlbeans.metadata.system.sXMLCONFIG
10:21:49.206 [main] TRACE - Loading type system org.apache.xmlbeans.metadata.system.sXMLLANG
10:21:49.206 [main] TRACE - Loading type system org.apache.xmlbeans.metadata.system.sXMLSCHEMA
10:21:49.206 [main] TRACE - Loading type system org.apache.xmlbeans.metadata.system.sXMLTOOLS
10:21:49.206 [main] TRACE - Reading unresolved handles for type system org.apache.xmlbeans.metadata.system.sXMLTOOLS
10:21:49.239 [main] TRACE - Finished loading type system org.apache.xmlbeans.metadata.system.sXMLTOOLS
10:21:49.239 [main] TRACE - Reading unresolved handles for type system org.apache.xmlbeans.metadata.system.sXMLSCHEMA
10:21:49.255 [main] TRACE - Finished loading type system org.apache.xmlbeans.metadata.system.sXMLSCHEMA
10:21:49.255 [main] TRACE - Reading unresolved handles for type system org.apache.xmlbeans.metadata.system.sXMLLANG
10:21:49.264 [main] TRACE - Finished loading type system org.apache.xmlbeans.metadata.system.sXMLLANG
10:21:49.268 [main] TRACE - Reading unresolved handles for type system org.apache.xmlbeans.metadata.system.sXMLCONFIG
10:21:49.271 [main] TRACE - Finished loading type system org.apache.xmlbeans.metadata.system.sXMLCONFIG
10:21:49.274 [main] TRACE - Reading unresolved handles for type system org.apache.poi.schemas.ooxml.system.ooxml
10:21:49.422 [main] TRACE - Finished loading type system org.apache.poi.schemas.ooxml.system.ooxml
10:21:49.431 [main] TRACE - Resolving type for handle ctworkbook83c3type
10:21:49.533 [main] TRACE - Resolving type for handle ctworkbookpr03a5type
10:21:49.550 [main] TRACE - Resolving type for handle ctbookviewsb864type
10:21:49.562 [main] TRACE - Resolving type for handle ctbookviewf677type
10:21:49.576 [main] TRACE - Resolving type for handle ctsheets49fdtype
10:21:49.583 [main] TRACE - Resolving type for handle propertiesee84doctype
10:21:49.583 [main] TRACE - Resolving type for handle ctproperties3f10type
10:21:49.599 [main] TRACE - Resolving type for handle properties288cdoctype
10:21:49.608 [main] TRACE - Resolving type for handle ctproperties2c18type
10:21:49.616 [main] TRACE - Resolving type for handle sstf81fdoctype
10:21:49.616 [main] TRACE - Resolving type for handle ctsst44f3type
10:21:49.633 [main] TRACE - Resolving type for handle stylesheet5d8bdoctype
10:21:49.633 [main] TRACE - Resolving type for handle ctstylesheet4257type
10:21:49.649 [main] TRACE - Resolving type for handle ctfont14d8type
10:21:49.666 [main] TRACE - Resolving type for handle ctfontsizeb3b9type
10:21:49.683 [main] TRACE - Resolving type for handle ctcolord2c2type
10:21:49.700 [main] TRACE - Resolving type for handle ctfontname2dc3type
10:21:49.700 [main] TRACE - Resolving type for handle stxstringf179type
10:21:49.736 [main] TRACE - Resolving type for handle ctfontfamily685ctype
10:21:49.736 [main] TRACE - Resolving type for handle stfontfamily9c6ctype
10:21:49.750 [main] TRACE - Resolving type for handle ctfontschemebf5dtype
10:21:49.750 [main] TRACE - Resolving type for handle stfontschemef36dtype
10:21:49.766 [main] TRACE - Resolving type for handle ctfill550ctype
10:21:49.766 [main] TRACE - Resolving type for handle ctpatternfill7452type
10:21:49.781 [main] TRACE - Resolving type for handle stpatterntype7939type
10:21:49.783 [main] TRACE - Resolving type for handle ctborderf935type
10:21:49.783 [main] TRACE - Resolving type for handle ctborderpre497type
10:21:49.800 [main] TRACE - Resolving type for handle ctxf97f7type
10:21:49.811 [main] TRACE - Resolving type for handle stnumfmtid76fbtype
10:21:49.816 [main] TRACE - Resolving type for handle stfontid9d63type
10:21:49.816 [main] TRACE - Resolving type for handle stfillida097type
10:21:49.816 [main] TRACE - Resolving type for handle stborderid1a80type
10:21:49.831 [main] TRACE - Resolving type for handle stcellstylexfid70c7type
10:21:49.843 [main] TRACE - Resolving type for handle ctsheet4dbetype
10:21:49.850 [main] TRACE - Resolving type for handle ctworksheet530dtype
10:21:49.866 [main] TRACE - Resolving type for handle ctsheetformatprdef7type
10:21:49.883 [main] TRACE - Resolving type for handle ctsheetviewsb918type
10:21:49.900 [main] TRACE - Resolving type for handle ctsheetview0f43type
10:21:49.918 [main] TRACE - Resolving type for handle ctsheetdimensiond310type
10:21:49.934 [main] TRACE - Resolving type for handle stref90a2type
10:21:49.945 [main] TRACE - Resolving type for handle ctsheetdata8408type
10:21:49.951 [main] TRACE - Resolving type for handle ctpagemargins5455type
10:21:49.968 [main] TRACE - Resolving type for handle ctcols627ctype
10:21:49.981 [main] TRACE - Resolving type for handle strelationshipid1e94type
10:21:49.985 [main] TRACE - Resolving type for handle ctrowdd39type
10:21:50.000 [main] TRACE - Resolving type for handle ctcell842btype
10:21:50.033 [main] TRACE - Resolving type for handle stcellrefe4e0type
10:21:50.045 [main] TRACE - Resolving type for handle ctrsta472type
10:21:50.083 [main] TRACE - Resolving type for handle stcelltypebf95type
10:21:50.500 [main] DEBUG - Save core properties part
10:21:50.500 [main] DEBUG - Save content types part
10:21:50.732 [main] DEBUG - Save package relationships
10:21:50.757 [main] DEBUG - Save part 'docProps/core.xml'
10:21:50.815 [main] DEBUG - Save part 'xl/sharedStrings.xml'
10:21:50.815 [main] DEBUG - Save part 'xl/styles.xml'
10:21:50.829 [main] DEBUG - Save part 'xl/workbook.xml'
10:21:50.832 [main] DEBUG - Save part 'xl/worksheets/sheet1.xml'
10:27:35.118 [main] INFO  - Goto crm URL 
10:27:42.371 [main] TRACE - Loading type system org.apache.poi.schemas.ooxml.system.ooxml
10:27:42.382 [main] TRACE - Loading type system org.apache.xmlbeans.metadata.system.sXMLCONFIG
10:27:42.382 [main] TRACE - Loading type system org.apache.xmlbeans.metadata.system.sXMLLANG
10:27:42.382 [main] TRACE - Loading type system org.apache.xmlbeans.metadata.system.sXMLSCHEMA
10:27:42.382 [main] TRACE - Loading type system org.apache.xmlbeans.metadata.system.sXMLTOOLS
10:27:42.400 [main] TRACE - Reading unresolved handles for type system org.apache.xmlbeans.metadata.system.sXMLTOOLS
10:27:42.455 [main] TRACE - Finished loading type system org.apache.xmlbeans.metadata.system.sXMLTOOLS
10:27:42.459 [main] TRACE - Reading unresolved handles for type system org.apache.xmlbeans.metadata.system.sXMLSCHEMA
10:27:42.479 [main] TRACE - Finished loading type system org.apache.xmlbeans.metadata.system.sXMLSCHEMA
10:27:42.479 [main] TRACE - Reading unresolved handles for type system org.apache.xmlbeans.metadata.system.sXMLLANG
10:27:42.484 [main] TRACE - Finished loading type system org.apache.xmlbeans.metadata.system.sXMLLANG
10:27:42.488 [main] TRACE - Reading unresolved handles for type system org.apache.xmlbeans.metadata.system.sXMLCONFIG
10:27:42.490 [main] TRACE - Finished loading type system org.apache.xmlbeans.metadata.system.sXMLCONFIG
10:27:42.494 [main] TRACE - Reading unresolved handles for type system org.apache.poi.schemas.ooxml.system.ooxml
10:27:42.621 [main] TRACE - Finished loading type system org.apache.poi.schemas.ooxml.system.ooxml
10:27:42.622 [main] TRACE - Resolving type for handle ctworkbook83c3type
10:27:42.730 [main] TRACE - Resolving type for handle ctworkbookpr03a5type
10:27:42.753 [main] TRACE - Resolving type for handle ctbookviewsb864type
10:27:42.761 [main] TRACE - Resolving type for handle ctbookviewf677type
10:27:42.770 [main] TRACE - Resolving type for handle ctsheets49fdtype
10:27:42.780 [main] TRACE - Resolving type for handle propertiesee84doctype
10:27:42.790 [main] TRACE - Resolving type for handle ctproperties3f10type
10:27:42.803 [main] TRACE - Resolving type for handle properties288cdoctype
10:27:42.803 [main] TRACE - Resolving type for handle ctproperties2c18type
10:27:42.820 [main] TRACE - Resolving type for handle sstf81fdoctype
10:27:42.820 [main] TRACE - Resolving type for handle ctsst44f3type
10:27:42.838 [main] TRACE - Resolving type for handle stylesheet5d8bdoctype
10:27:42.842 [main] TRACE - Resolving type for handle ctstylesheet4257type
10:27:42.847 [main] TRACE - Resolving type for handle ctfont14d8type
10:27:42.871 [main] TRACE - Resolving type for handle ctfontsizeb3b9type
10:27:42.883 [main] TRACE - Resolving type for handle ctcolord2c2type
10:27:42.890 [main] TRACE - Resolving type for handle ctfontname2dc3type
10:27:42.896 [main] TRACE - Resolving type for handle stxstringf179type
10:27:42.904 [main] TRACE - Resolving type for handle ctfontfamily685ctype
10:27:42.904 [main] TRACE - Resolving type for handle stfontfamily9c6ctype
10:27:42.918 [main] TRACE - Resolving type for handle ctfontschemebf5dtype
10:27:42.924 [main] TRACE - Resolving type for handle stfontschemef36dtype
10:27:42.940 [main] TRACE - Resolving type for handle ctfill550ctype
10:27:42.952 [main] TRACE - Resolving type for handle ctpatternfill7452type
10:27:42.962 [main] TRACE - Resolving type for handle stpatterntype7939type
10:27:42.965 [main] TRACE - Resolving type for handle ctborderf935type
10:27:42.980 [main] TRACE - Resolving type for handle ctborderpre497type
10:27:42.982 [main] TRACE - Resolving type for handle ctxf97f7type
10:27:42.998 [main] TRACE - Resolving type for handle stnumfmtid76fbtype
10:27:42.998 [main] TRACE - Resolving type for handle stfontid9d63type
10:27:43.010 [main] TRACE - Resolving type for handle stfillida097type
10:27:43.015 [main] TRACE - Resolving type for handle stborderid1a80type
10:27:43.015 [main] TRACE - Resolving type for handle stcellstylexfid70c7type
10:27:43.034 [main] TRACE - Resolving type for handle ctsheet4dbetype
10:27:43.046 [main] TRACE - Resolving type for handle ctworksheet530dtype
10:27:43.051 [main] TRACE - Resolving type for handle ctsheetformatprdef7type
10:27:43.083 [main] TRACE - Resolving type for handle ctsheetviewsb918type
10:27:43.088 [main] TRACE - Resolving type for handle ctsheetview0f43type
10:27:43.102 [main] TRACE - Resolving type for handle ctsheetdimensiond310type
10:27:43.104 [main] TRACE - Resolving type for handle stref90a2type
10:27:43.104 [main] TRACE - Resolving type for handle ctsheetdata8408type
10:27:43.112 [main] TRACE - Resolving type for handle ctpagemargins5455type
10:27:43.133 [main] TRACE - Resolving type for handle ctcols627ctype
10:27:43.139 [main] TRACE - Resolving type for handle strelationshipid1e94type
10:27:43.139 [main] TRACE - Resolving type for handle ctrowdd39type
10:27:43.165 [main] TRACE - Resolving type for handle ctcell842btype
10:27:43.201 [main] TRACE - Resolving type for handle stcellrefe4e0type
10:27:43.215 [main] TRACE - Resolving type for handle ctrsta472type
10:27:43.231 [main] TRACE - Resolving type for handle stcelltypebf95type
10:27:43.783 [main] DEBUG - Save core properties part
10:27:43.783 [main] DEBUG - Save content types part
10:27:44.067 [main] DEBUG - Save package relationships
10:27:44.074 [main] DEBUG - Save part 'docProps/core.xml'
10:27:44.108 [main] DEBUG - Save part 'xl/sharedStrings.xml'
10:27:44.110 [main] DEBUG - Save part 'xl/styles.xml'
10:27:44.117 [main] DEBUG - Save part 'xl/workbook.xml'
10:27:44.120 [main] DEBUG - Save part 'xl/worksheets/sheet1.xml'
14:12:50.716 [main] INFO  - Goto crm URL 
14:12:57.534 [main] TRACE - Loading type system org.apache.poi.schemas.ooxml.system.ooxml
14:12:57.542 [main] TRACE - Loading type system org.apache.xmlbeans.metadata.system.sXMLCONFIG
14:12:57.542 [main] TRACE - Loading type system org.apache.xmlbeans.metadata.system.sXMLLANG
14:12:57.542 [main] TRACE - Loading type system org.apache.xmlbeans.metadata.system.sXMLSCHEMA
14:12:57.542 [main] TRACE - Loading type system org.apache.xmlbeans.metadata.system.sXMLTOOLS
14:12:57.551 [main] TRACE - Reading unresolved handles for type system org.apache.xmlbeans.metadata.system.sXMLTOOLS
14:12:57.567 [main] TRACE - Finished loading type system org.apache.xmlbeans.metadata.system.sXMLTOOLS
14:12:57.572 [main] TRACE - Reading unresolved handles for type system org.apache.xmlbeans.metadata.system.sXMLSCHEMA
14:12:57.578 [main] TRACE - Finished loading type system org.apache.xmlbeans.metadata.system.sXMLSCHEMA
14:12:57.578 [main] TRACE - Reading unresolved handles for type system org.apache.xmlbeans.metadata.system.sXMLLANG
14:12:57.584 [main] TRACE - Finished loading type system org.apache.xmlbeans.metadata.system.sXMLLANG
14:12:57.584 [main] TRACE - Reading unresolved handles for type system org.apache.xmlbeans.metadata.system.sXMLCONFIG
14:12:57.584 [main] TRACE - Finished loading type system org.apache.xmlbeans.metadata.system.sXMLCONFIG
14:12:57.589 [main] TRACE - Reading unresolved handles for type system org.apache.poi.schemas.ooxml.system.ooxml
14:12:57.680 [main] TRACE - Finished loading type system org.apache.poi.schemas.ooxml.system.ooxml
14:12:57.686 [main] TRACE - Resolving type for handle ctworkbook83c3type
14:12:57.761 [main] TRACE - Resolving type for handle ctworkbookpr03a5type
14:12:57.775 [main] TRACE - Resolving type for handle ctbookviewsb864type
14:12:57.777 [main] TRACE - Resolving type for handle ctbookviewf677type
14:12:57.789 [main] TRACE - Resolving type for handle ctsheets49fdtype
14:12:57.793 [main] TRACE - Resolving type for handle propertiesee84doctype
14:12:57.793 [main] TRACE - Resolving type for handle ctproperties3f10type
14:12:57.805 [main] TRACE - Resolving type for handle properties288cdoctype
14:12:57.805 [main] TRACE - Resolving type for handle ctproperties2c18type
14:12:57.820 [main] TRACE - Resolving type for handle sstf81fdoctype
14:12:57.821 [main] TRACE - Resolving type for handle ctsst44f3type
14:12:57.830 [main] TRACE - Resolving type for handle stylesheet5d8bdoctype
14:12:57.832 [main] TRACE - Resolving type for handle ctstylesheet4257type
14:12:57.838 [main] TRACE - Resolving type for handle ctfont14d8type
14:12:57.849 [main] TRACE - Resolving type for handle ctfontsizeb3b9type
14:12:57.855 [main] TRACE - Resolving type for handle ctcolord2c2type
14:12:57.859 [main] TRACE - Resolving type for handle ctfontname2dc3type
14:12:57.863 [main] TRACE - Resolving type for handle stxstringf179type
14:12:57.867 [main] TRACE - Resolving type for handle ctfontfamily685ctype
14:12:57.867 [main] TRACE - Resolving type for handle stfontfamily9c6ctype
14:12:57.872 [main] TRACE - Resolving type for handle ctfontschemebf5dtype
14:12:57.875 [main] TRACE - Resolving type for handle stfontschemef36dtype
14:12:57.880 [main] TRACE - Resolving type for handle ctfill550ctype
14:12:57.884 [main] TRACE - Resolving type for handle ctpatternfill7452type
14:12:57.888 [main] TRACE - Resolving type for handle stpatterntype7939type
14:12:57.892 [main] TRACE - Resolving type for handle ctborderf935type
14:12:57.892 [main] TRACE - Resolving type for handle ctborderpre497type
14:12:57.905 [main] TRACE - Resolving type for handle ctxf97f7type
14:12:57.912 [main] TRACE - Resolving type for handle stnumfmtid76fbtype
14:12:57.912 [main] TRACE - Resolving type for handle stfontid9d63type
14:12:57.917 [main] TRACE - Resolving type for handle stfillida097type
14:12:57.917 [main] TRACE - Resolving type for handle stborderid1a80type
14:12:57.921 [main] TRACE - Resolving type for handle stcellstylexfid70c7type
14:12:57.925 [main] TRACE - Resolving type for handle ctsheet4dbetype
14:12:57.937 [main] TRACE - Resolving type for handle ctworksheet530dtype
14:12:57.942 [main] TRACE - Resolving type for handle ctsheetformatprdef7type
14:12:57.954 [main] TRACE - Resolving type for handle ctsheetviewsb918type
14:12:57.958 [main] TRACE - Resolving type for handle ctsheetview0f43type
14:12:57.965 [main] TRACE - Resolving type for handle ctsheetdimensiond310type
14:12:57.968 [main] TRACE - Resolving type for handle stref90a2type
14:12:57.970 [main] TRACE - Resolving type for handle ctsheetdata8408type
14:12:57.972 [main] TRACE - Resolving type for handle ctpagemargins5455type
14:12:57.984 [main] TRACE - Resolving type for handle ctcols627ctype
14:12:57.989 [main] TRACE - Resolving type for handle strelationshipid1e94type
14:12:57.989 [main] TRACE - Resolving type for handle ctrowdd39type
14:12:57.999 [main] TRACE - Resolving type for handle ctcell842btype
14:12:58.005 [main] TRACE - Resolving type for handle stcellrefe4e0type
14:12:58.015 [main] TRACE - Resolving type for handle ctrsta472type
14:12:58.023 [main] TRACE - Resolving type for handle stcelltypebf95type
14:12:58.307 [main] DEBUG - Save core properties part
14:12:58.307 [main] DEBUG - Save content types part
14:12:58.474 [main] DEBUG - Save package relationships
14:12:58.476 [main] DEBUG - Save part 'docProps/core.xml'
14:12:58.501 [main] DEBUG - Save part 'xl/sharedStrings.xml'
14:12:58.501 [main] DEBUG - Save part 'xl/styles.xml'
14:12:58.508 [main] DEBUG - Save part 'xl/workbook.xml'
14:12:58.511 [main] DEBUG - Save part 'xl/worksheets/sheet1.xml'
15:53:28.562 [main] INFO  - Goto crm URL 
15:53:35.107 [main] TRACE - Loading type system org.apache.poi.schemas.ooxml.system.ooxml
15:53:35.114 [main] TRACE - Loading type system org.apache.xmlbeans.metadata.system.sXMLCONFIG
15:53:35.114 [main] TRACE - Loading type system org.apache.xmlbeans.metadata.system.sXMLLANG
15:53:35.114 [main] TRACE - Loading type system org.apache.xmlbeans.metadata.system.sXMLSCHEMA
15:53:35.114 [main] TRACE - Loading type system org.apache.xmlbeans.metadata.system.sXMLTOOLS
15:53:35.124 [main] TRACE - Reading unresolved handles for type system org.apache.xmlbeans.metadata.system.sXMLTOOLS
15:53:35.141 [main] TRACE - Finished loading type system org.apache.xmlbeans.metadata.system.sXMLTOOLS
15:53:35.141 [main] TRACE - Reading unresolved handles for type system org.apache.xmlbeans.metadata.system.sXMLSCHEMA
15:53:35.156 [main] TRACE - Finished loading type system org.apache.xmlbeans.metadata.system.sXMLSCHEMA
15:53:35.157 [main] TRACE - Reading unresolved handles for type system org.apache.xmlbeans.metadata.system.sXMLLANG
15:53:35.158 [main] TRACE - Finished loading type system org.apache.xmlbeans.metadata.system.sXMLLANG
15:53:35.158 [main] TRACE - Reading unresolved handles for type system org.apache.xmlbeans.metadata.system.sXMLCONFIG
15:53:35.159 [main] TRACE - Finished loading type system org.apache.xmlbeans.metadata.system.sXMLCONFIG
15:53:35.160 [main] TRACE - Reading unresolved handles for type system org.apache.poi.schemas.ooxml.system.ooxml
15:53:35.224 [main] TRACE - Finished loading type system org.apache.poi.schemas.ooxml.system.ooxml
15:53:35.224 [main] TRACE - Resolving type for handle ctworkbook83c3type
15:53:35.273 [main] TRACE - Resolving type for handle ctworkbookpr03a5type
15:53:35.352 [main] TRACE - Resolving type for handle ctbookviewsb864type
15:53:35.355 [main] TRACE - Resolving type for handle ctbookviewf677type
15:53:35.373 [main] TRACE - Resolving type for handle ctsheets49fdtype
15:53:35.373 [main] TRACE - Resolving type for handle propertiesee84doctype
15:53:35.373 [main] TRACE - Resolving type for handle ctproperties3f10type
15:53:35.399 [main] TRACE - Resolving type for handle properties288cdoctype
15:53:35.402 [main] TRACE - Resolving type for handle ctproperties2c18type
15:53:35.412 [main] TRACE - Resolving type for handle sstf81fdoctype
15:53:35.413 [main] TRACE - Resolving type for handle ctsst44f3type
15:53:35.418 [main] TRACE - Resolving type for handle stylesheet5d8bdoctype
15:53:35.419 [main] TRACE - Resolving type for handle ctstylesheet4257type
15:53:35.423 [main] TRACE - Resolving type for handle ctfont14d8type
15:53:35.428 [main] TRACE - Resolving type for handle ctfontsizeb3b9type
15:53:35.428 [main] TRACE - Resolving type for handle ctcolord2c2type
15:53:35.441 [main] TRACE - Resolving type for handle ctfontname2dc3type
15:53:35.444 [main] TRACE - Resolving type for handle stxstringf179type
15:53:35.447 [main] TRACE - Resolving type for handle ctfontfamily685ctype
15:53:35.448 [main] TRACE - Resolving type for handle stfontfamily9c6ctype
15:53:35.451 [main] TRACE - Resolving type for handle ctfontschemebf5dtype
15:53:35.455 [main] TRACE - Resolving type for handle stfontschemef36dtype
15:53:35.456 [main] TRACE - Resolving type for handle ctfill550ctype
15:53:35.456 [main] TRACE - Resolving type for handle ctpatternfill7452type
15:53:35.456 [main] TRACE - Resolving type for handle stpatterntype7939type
15:53:35.456 [main] TRACE - Resolving type for handle ctborderf935type
15:53:35.456 [main] TRACE - Resolving type for handle ctborderpre497type
15:53:35.472 [main] TRACE - Resolving type for handle ctxf97f7type
15:53:35.475 [main] TRACE - Resolving type for handle stnumfmtid76fbtype
15:53:35.476 [main] TRACE - Resolving type for handle stfontid9d63type
15:53:35.477 [main] TRACE - Resolving type for handle stfillida097type
15:53:35.478 [main] TRACE - Resolving type for handle stborderid1a80type
15:53:35.479 [main] TRACE - Resolving type for handle stcellstylexfid70c7type
15:53:35.483 [main] TRACE - Resolving type for handle ctsheet4dbetype
15:53:35.486 [main] TRACE - Resolving type for handle ctworksheet530dtype
15:53:35.490 [main] TRACE - Resolving type for handle ctsheetformatprdef7type
15:53:35.494 [main] TRACE - Resolving type for handle ctsheetviewsb918type
15:53:35.497 [main] TRACE - Resolving type for handle ctsheetview0f43type
15:53:35.500 [main] TRACE - Resolving type for handle ctsheetdimensiond310type
15:53:35.501 [main] TRACE - Resolving type for handle stref90a2type
15:53:35.502 [main] TRACE - Resolving type for handle ctsheetdata8408type
15:53:35.504 [main] TRACE - Resolving type for handle ctpagemargins5455type
15:53:35.508 [main] TRACE - Resolving type for handle ctcols627ctype
15:53:35.508 [main] TRACE - Resolving type for handle strelationshipid1e94type
15:53:35.508 [main] TRACE - Resolving type for handle ctrowdd39type
15:53:35.515 [main] TRACE - Resolving type for handle ctcell842btype
15:53:35.515 [main] TRACE - Resolving type for handle stcellrefe4e0type
15:53:35.515 [main] TRACE - Resolving type for handle ctrsta472type
15:53:35.529 [main] TRACE - Resolving type for handle stcelltypebf95type
15:53:35.656 [main] DEBUG - Save core properties part
15:53:35.656 [main] DEBUG - Save content types part
15:53:35.807 [main] DEBUG - Save package relationships
15:53:35.807 [main] DEBUG - Save part 'docProps/core.xml'
15:53:35.823 [main] DEBUG - Save part 'xl/sharedStrings.xml'
15:53:35.823 [main] DEBUG - Save part 'xl/styles.xml'
15:53:35.823 [main] DEBUG - Save part 'xl/workbook.xml'
15:53:35.856 [main] DEBUG - Save part 'xl/worksheets/sheet1.xml'
12:42:37.855 [main] INFO  - Goto crm URL 
12:42:42.425 [main] TRACE - Loading type system org.apache.poi.schemas.ooxml.system.ooxml
12:42:42.425 [main] TRACE - Loading type system org.apache.xmlbeans.metadata.system.sXMLCONFIG
12:42:42.425 [main] TRACE - Loading type system org.apache.xmlbeans.metadata.system.sXMLLANG
12:42:42.425 [main] TRACE - Loading type system org.apache.xmlbeans.metadata.system.sXMLSCHEMA
12:42:42.425 [main] TRACE - Loading type system org.apache.xmlbeans.metadata.system.sXMLTOOLS
12:42:42.425 [main] TRACE - Reading unresolved handles for type system org.apache.xmlbeans.metadata.system.sXMLTOOLS
12:42:42.441 [main] TRACE - Finished loading type system org.apache.xmlbeans.metadata.system.sXMLTOOLS
12:42:42.441 [main] TRACE - Reading unresolved handles for type system org.apache.xmlbeans.metadata.system.sXMLSCHEMA
12:42:42.458 [main] TRACE - Finished loading type system org.apache.xmlbeans.metadata.system.sXMLSCHEMA
12:42:42.458 [main] TRACE - Reading unresolved handles for type system org.apache.xmlbeans.metadata.system.sXMLLANG
12:42:42.458 [main] TRACE - Finished loading type system org.apache.xmlbeans.metadata.system.sXMLLANG
12:42:42.458 [main] TRACE - Reading unresolved handles for type system org.apache.xmlbeans.metadata.system.sXMLCONFIG
12:42:42.474 [main] TRACE - Finished loading type system org.apache.xmlbeans.metadata.system.sXMLCONFIG
12:42:42.475 [main] TRACE - Reading unresolved handles for type system org.apache.poi.schemas.ooxml.system.ooxml
12:42:42.563 [main] TRACE - Finished loading type system org.apache.poi.schemas.ooxml.system.ooxml
12:42:42.569 [main] TRACE - Resolving type for handle ctworkbook83c3type
12:42:42.612 [main] TRACE - Resolving type for handle ctworkbookpr03a5type
12:42:42.626 [main] TRACE - Resolving type for handle ctbookviewsb864type
12:42:42.626 [main] TRACE - Resolving type for handle ctbookviewf677type
12:42:42.715 [main] TRACE - Resolving type for handle ctsheets49fdtype
12:42:42.719 [main] TRACE - Resolving type for handle propertiesee84doctype
12:42:42.724 [main] TRACE - Resolving type for handle ctproperties3f10type
12:42:42.725 [main] TRACE - Resolving type for handle properties288cdoctype
12:42:42.741 [main] TRACE - Resolving type for handle ctproperties2c18type
12:42:42.752 [main] TRACE - Resolving type for handle sstf81fdoctype
12:42:42.755 [main] TRACE - Resolving type for handle ctsst44f3type
12:42:42.757 [main] TRACE - Resolving type for handle stylesheet5d8bdoctype
12:42:42.757 [main] TRACE - Resolving type for handle ctstylesheet4257type
12:42:42.773 [main] TRACE - Resolving type for handle ctfont14d8type
12:42:42.781 [main] TRACE - Resolving type for handle ctfontsizeb3b9type
12:42:42.781 [main] TRACE - Resolving type for handle ctcolord2c2type
12:42:42.791 [main] TRACE - Resolving type for handle ctfontname2dc3type
12:42:42.792 [main] TRACE - Resolving type for handle stxstringf179type
12:42:42.796 [main] TRACE - Resolving type for handle ctfontfamily685ctype
12:42:42.797 [main] TRACE - Resolving type for handle stfontfamily9c6ctype
12:42:42.801 [main] TRACE - Resolving type for handle ctfontschemebf5dtype
12:42:42.804 [main] TRACE - Resolving type for handle stfontschemef36dtype
12:42:42.807 [main] TRACE - Resolving type for handle ctfill550ctype
12:42:42.809 [main] TRACE - Resolving type for handle ctpatternfill7452type
12:42:42.812 [main] TRACE - Resolving type for handle stpatterntype7939type
12:42:42.814 [main] TRACE - Resolving type for handle ctborderf935type
12:42:42.816 [main] TRACE - Resolving type for handle ctborderpre497type
12:42:42.821 [main] TRACE - Resolving type for handle ctxf97f7type
12:42:42.824 [main] TRACE - Resolving type for handle stnumfmtid76fbtype
12:42:42.824 [main] TRACE - Resolving type for handle stfontid9d63type
12:42:42.824 [main] TRACE - Resolving type for handle stfillida097type
12:42:42.824 [main] TRACE - Resolving type for handle stborderid1a80type
12:42:42.824 [main] TRACE - Resolving type for handle stcellstylexfid70c7type
12:42:42.824 [main] TRACE - Resolving type for handle ctsheet4dbetype
12:42:42.841 [main] TRACE - Resolving type for handle ctworksheet530dtype
12:42:42.848 [main] TRACE - Resolving type for handle ctsheetformatprdef7type
12:42:42.855 [main] TRACE - Resolving type for handle ctsheetviewsb918type
12:42:42.889 [main] TRACE - Resolving type for handle ctsheetview0f43type
12:42:42.901 [main] TRACE - Resolving type for handle ctsheetdimensiond310type
12:42:42.903 [main] TRACE - Resolving type for handle stref90a2type
12:42:42.907 [main] TRACE - Resolving type for handle ctsheetdata8408type
12:42:42.912 [main] TRACE - Resolving type for handle ctpagemargins5455type
12:42:42.928 [main] TRACE - Resolving type for handle ctcols627ctype
12:42:42.933 [main] TRACE - Resolving type for handle strelationshipid1e94type
12:42:42.936 [main] TRACE - Resolving type for handle ctrowdd39type
12:42:42.946 [main] TRACE - Resolving type for handle ctcell842btype
12:42:42.957 [main] TRACE - Resolving type for handle stcellrefe4e0type
12:42:42.957 [main] TRACE - Resolving type for handle ctrsta472type
12:42:42.957 [main] TRACE - Resolving type for handle stcelltypebf95type
12:42:43.092 [main] DEBUG - Save core properties part
12:42:43.093 [main] DEBUG - Save content types part
12:42:43.274 [main] DEBUG - Save package relationships
12:42:43.274 [main] DEBUG - Save part 'docProps/core.xml'
12:42:43.291 [main] DEBUG - Save part 'xl/sharedStrings.xml'
12:42:43.291 [main] DEBUG - Save part 'xl/styles.xml'
12:42:43.323 [main] DEBUG - Save part 'xl/workbook.xml'
12:42:43.324 [main] DEBUG - Save part 'xl/worksheets/sheet1.xml'
13:04:55.961 [main] INFO  - Goto crm URL 
13:05:00.865 [main] TRACE - Loading type system org.apache.poi.schemas.ooxml.system.ooxml
13:05:00.865 [main] TRACE - Loading type system org.apache.xmlbeans.metadata.system.sXMLCONFIG
13:05:00.874 [main] TRACE - Loading type system org.apache.xmlbeans.metadata.system.sXMLLANG
13:05:00.874 [main] TRACE - Loading type system org.apache.xmlbeans.metadata.system.sXMLSCHEMA
13:05:00.874 [main] TRACE - Loading type system org.apache.xmlbeans.metadata.system.sXMLTOOLS
13:05:00.874 [main] TRACE - Reading unresolved handles for type system org.apache.xmlbeans.metadata.system.sXMLTOOLS
13:05:00.898 [main] TRACE - Finished loading type system org.apache.xmlbeans.metadata.system.sXMLTOOLS
13:05:00.898 [main] TRACE - Reading unresolved handles for type system org.apache.xmlbeans.metadata.system.sXMLSCHEMA
13:05:00.898 [main] TRACE - Finished loading type system org.apache.xmlbeans.metadata.system.sXMLSCHEMA
13:05:00.898 [main] TRACE - Reading unresolved handles for type system org.apache.xmlbeans.metadata.system.sXMLLANG
13:05:00.898 [main] TRACE - Finished loading type system org.apache.xmlbeans.metadata.system.sXMLLANG
13:05:00.898 [main] TRACE - Reading unresolved handles for type system org.apache.xmlbeans.metadata.system.sXMLCONFIG
13:05:00.898 [main] TRACE - Finished loading type system org.apache.xmlbeans.metadata.system.sXMLCONFIG
13:05:00.913 [main] TRACE - Reading unresolved handles for type system org.apache.poi.schemas.ooxml.system.ooxml
13:05:01.005 [main] TRACE - Finished loading type system org.apache.poi.schemas.ooxml.system.ooxml
13:05:01.014 [main] TRACE - Resolving type for handle ctworkbook83c3type
13:05:01.086 [main] TRACE - Resolving type for handle ctworkbookpr03a5type
13:05:01.102 [main] TRACE - Resolving type for handle ctbookviewsb864type
13:05:01.109 [main] TRACE - Resolving type for handle ctbookviewf677type
13:05:01.114 [main] TRACE - Resolving type for handle ctsheets49fdtype
13:05:01.122 [main] TRACE - Resolving type for handle propertiesee84doctype
13:05:01.122 [main] TRACE - Resolving type for handle ctproperties3f10type
13:05:01.137 [main] TRACE - Resolving type for handle properties288cdoctype
13:05:01.139 [main] TRACE - Resolving type for handle ctproperties2c18type
13:05:01.147 [main] TRACE - Resolving type for handle sstf81fdoctype
13:05:01.147 [main] TRACE - Resolving type for handle ctsst44f3type
13:05:01.155 [main] TRACE - Resolving type for handle stylesheet5d8bdoctype
13:05:01.155 [main] TRACE - Resolving type for handle ctstylesheet4257type
13:05:01.164 [main] TRACE - Resolving type for handle ctfont14d8type
13:05:01.171 [main] TRACE - Resolving type for handle ctfontsizeb3b9type
13:05:01.185 [main] TRACE - Resolving type for handle ctcolord2c2type
13:05:01.189 [main] TRACE - Resolving type for handle ctfontname2dc3type
13:05:01.192 [main] TRACE - Resolving type for handle stxstringf179type
13:05:01.197 [main] TRACE - Resolving type for handle ctfontfamily685ctype
13:05:01.200 [main] TRACE - Resolving type for handle stfontfamily9c6ctype
13:05:01.203 [main] TRACE - Resolving type for handle ctfontschemebf5dtype
13:05:01.206 [main] TRACE - Resolving type for handle stfontschemef36dtype
13:05:01.211 [main] TRACE - Resolving type for handle ctfill550ctype
13:05:01.214 [main] TRACE - Resolving type for handle ctpatternfill7452type
13:05:01.214 [main] TRACE - Resolving type for handle stpatterntype7939type
13:05:01.222 [main] TRACE - Resolving type for handle ctborderf935type
13:05:01.222 [main] TRACE - Resolving type for handle ctborderpre497type
13:05:01.231 [main] TRACE - Resolving type for handle ctxf97f7type
13:05:01.233 [main] TRACE - Resolving type for handle stnumfmtid76fbtype
13:05:01.233 [main] TRACE - Resolving type for handle stfontid9d63type
13:05:01.233 [main] TRACE - Resolving type for handle stfillida097type
13:05:01.244 [main] TRACE - Resolving type for handle stborderid1a80type
13:05:01.247 [main] TRACE - Resolving type for handle stcellstylexfid70c7type
13:05:01.252 [main] TRACE - Resolving type for handle ctsheet4dbetype
13:05:01.264 [main] TRACE - Resolving type for handle ctworksheet530dtype
13:05:01.274 [main] TRACE - Resolving type for handle ctsheetformatprdef7type
13:05:01.285 [main] TRACE - Resolving type for handle ctsheetviewsb918type
13:05:01.285 [main] TRACE - Resolving type for handle ctsheetview0f43type
13:05:01.297 [main] TRACE - Resolving type for handle ctsheetdimensiond310type
13:05:01.299 [main] TRACE - Resolving type for handle stref90a2type
13:05:01.301 [main] TRACE - Resolving type for handle ctsheetdata8408type
13:05:01.303 [main] TRACE - Resolving type for handle ctpagemargins5455type
13:05:01.309 [main] TRACE - Resolving type for handle ctcols627ctype
13:05:01.314 [main] TRACE - Resolving type for handle strelationshipid1e94type
13:05:01.318 [main] TRACE - Resolving type for handle ctrowdd39type
13:05:01.326 [main] TRACE - Resolving type for handle ctcell842btype
13:05:01.333 [main] TRACE - Resolving type for handle stcellrefe4e0type
13:05:01.342 [main] TRACE - Resolving type for handle ctrsta472type
13:05:01.347 [main] TRACE - Resolving type for handle stcelltypebf95type
13:05:01.598 [main] DEBUG - Save core properties part
13:05:01.598 [main] DEBUG - Save content types part
13:05:01.747 [main] DEBUG - Save package relationships
13:05:01.752 [main] DEBUG - Save part 'docProps/core.xml'
13:05:01.769 [main] DEBUG - Save part 'xl/sharedStrings.xml'
13:05:01.769 [main] DEBUG - Save part 'xl/styles.xml'
13:05:01.772 [main] DEBUG - Save part 'xl/workbook.xml'
13:05:01.780 [main] DEBUG - Save part 'xl/worksheets/sheet1.xml'
13:08:31.877 [main] INFO  - Goto crm URL 
13:08:36.772 [main] TRACE - Loading type system org.apache.poi.schemas.ooxml.system.ooxml
13:08:36.772 [main] TRACE - Loading type system org.apache.xmlbeans.metadata.system.sXMLCONFIG
13:08:36.772 [main] TRACE - Loading type system org.apache.xmlbeans.metadata.system.sXMLLANG
13:08:36.782 [main] TRACE - Loading type system org.apache.xmlbeans.metadata.system.sXMLSCHEMA
13:08:36.782 [main] TRACE - Loading type system org.apache.xmlbeans.metadata.system.sXMLTOOLS
13:08:36.782 [main] TRACE - Reading unresolved handles for type system org.apache.xmlbeans.metadata.system.sXMLTOOLS
13:08:36.805 [main] TRACE - Finished loading type system org.apache.xmlbeans.metadata.system.sXMLTOOLS
13:08:36.805 [main] TRACE - Reading unresolved handles for type system org.apache.xmlbeans.metadata.system.sXMLSCHEMA
13:08:36.814 [main] TRACE - Finished loading type system org.apache.xmlbeans.metadata.system.sXMLSCHEMA
13:08:36.819 [main] TRACE - Reading unresolved handles for type system org.apache.xmlbeans.metadata.system.sXMLLANG
13:08:36.821 [main] TRACE - Finished loading type system org.apache.xmlbeans.metadata.system.sXMLLANG
13:08:36.821 [main] TRACE - Reading unresolved handles for type system org.apache.xmlbeans.metadata.system.sXMLCONFIG
13:08:36.824 [main] TRACE - Finished loading type system org.apache.xmlbeans.metadata.system.sXMLCONFIG
13:08:36.824 [main] TRACE - Reading unresolved handles for type system org.apache.poi.schemas.ooxml.system.ooxml
13:08:36.922 [main] TRACE - Finished loading type system org.apache.poi.schemas.ooxml.system.ooxml
13:08:36.924 [main] TRACE - Resolving type for handle ctworkbook83c3type
13:08:36.987 [main] TRACE - Resolving type for handle ctworkbookpr03a5type
13:08:37.006 [main] TRACE - Resolving type for handle ctbookviewsb864type
13:08:37.006 [main] TRACE - Resolving type for handle ctbookviewf677type
13:08:37.021 [main] TRACE - Resolving type for handle ctsheets49fdtype
13:08:37.021 [main] TRACE - Resolving type for handle propertiesee84doctype
13:08:37.021 [main] TRACE - Resolving type for handle ctproperties3f10type
13:08:37.038 [main] TRACE - Resolving type for handle properties288cdoctype
13:08:37.038 [main] TRACE - Resolving type for handle ctproperties2c18type
13:08:37.052 [main] TRACE - Resolving type for handle sstf81fdoctype
13:08:37.054 [main] TRACE - Resolving type for handle ctsst44f3type
13:08:37.054 [main] TRACE - Resolving type for handle stylesheet5d8bdoctype
13:08:37.054 [main] TRACE - Resolving type for handle ctstylesheet4257type
13:08:37.071 [main] TRACE - Resolving type for handle ctfont14d8type
13:08:37.087 [main] TRACE - Resolving type for handle ctfontsizeb3b9type
13:08:37.091 [main] TRACE - Resolving type for handle ctcolord2c2type
13:08:37.097 [main] TRACE - Resolving type for handle ctfontname2dc3type
13:08:37.099 [main] TRACE - Resolving type for handle stxstringf179type
13:08:37.103 [main] TRACE - Resolving type for handle ctfontfamily685ctype
13:08:37.105 [main] TRACE - Resolving type for handle stfontfamily9c6ctype
13:08:37.105 [main] TRACE - Resolving type for handle ctfontschemebf5dtype
13:08:37.113 [main] TRACE - Resolving type for handle stfontschemef36dtype
13:08:37.120 [main] TRACE - Resolving type for handle ctfill550ctype
13:08:37.121 [main] TRACE - Resolving type for handle ctpatternfill7452type
13:08:37.121 [main] TRACE - Resolving type for handle stpatterntype7939type
13:08:37.121 [main] TRACE - Resolving type for handle ctborderf935type
13:08:37.137 [main] TRACE - Resolving type for handle ctborderpre497type
13:08:37.137 [main] TRACE - Resolving type for handle ctxf97f7type
13:08:37.137 [main] TRACE - Resolving type for handle stnumfmtid76fbtype
13:08:37.137 [main] TRACE - Resolving type for handle stfontid9d63type
13:08:37.153 [main] TRACE - Resolving type for handle stfillida097type
13:08:37.154 [main] TRACE - Resolving type for handle stborderid1a80type
13:08:37.157 [main] TRACE - Resolving type for handle stcellstylexfid70c7type
13:08:37.161 [main] TRACE - Resolving type for handle ctsheet4dbetype
13:08:37.171 [main] TRACE - Resolving type for handle ctworksheet530dtype
13:08:37.176 [main] TRACE - Resolving type for handle ctsheetformatprdef7type
13:08:37.193 [main] TRACE - Resolving type for handle ctsheetviewsb918type
13:08:37.198 [main] TRACE - Resolving type for handle ctsheetview0f43type
13:08:37.205 [main] TRACE - Resolving type for handle ctsheetdimensiond310type
13:08:37.209 [main] TRACE - Resolving type for handle stref90a2type
13:08:37.211 [main] TRACE - Resolving type for handle ctsheetdata8408type
13:08:37.213 [main] TRACE - Resolving type for handle ctpagemargins5455type
13:08:37.221 [main] TRACE - Resolving type for handle ctcols627ctype
13:08:37.221 [main] TRACE - Resolving type for handle strelationshipid1e94type
13:08:37.221 [main] TRACE - Resolving type for handle ctrowdd39type
13:08:37.237 [main] TRACE - Resolving type for handle ctcell842btype
13:08:37.240 [main] TRACE - Resolving type for handle stcellrefe4e0type
13:08:37.249 [main] TRACE - Resolving type for handle ctrsta472type
13:08:37.254 [main] TRACE - Resolving type for handle stcelltypebf95type
13:08:37.554 [main] DEBUG - Save core properties part
13:08:37.554 [main] DEBUG - Save content types part
13:08:37.728 [main] DEBUG - Save package relationships
13:08:37.737 [main] DEBUG - Save part 'docProps/core.xml'
13:08:37.754 [main] DEBUG - Save part 'xl/sharedStrings.xml'
13:08:37.754 [main] DEBUG - Save part 'xl/styles.xml'
13:08:37.763 [main] DEBUG - Save part 'xl/workbook.xml'
13:08:37.766 [main] DEBUG - Save part 'xl/worksheets/sheet1.xml'
13:15:07.554 [main] INFO  - Goto crm URL 
13:15:12.351 [main] TRACE - Loading type system org.apache.poi.schemas.ooxml.system.ooxml
13:15:12.361 [main] TRACE - Loading type system org.apache.xmlbeans.metadata.system.sXMLCONFIG
13:15:12.368 [main] TRACE - Loading type system org.apache.xmlbeans.metadata.system.sXMLLANG
13:15:12.368 [main] TRACE - Loading type system org.apache.xmlbeans.metadata.system.sXMLSCHEMA
13:15:12.368 [main] TRACE - Loading type system org.apache.xmlbeans.metadata.system.sXMLTOOLS
13:15:12.368 [main] TRACE - Reading unresolved handles for type system org.apache.xmlbeans.metadata.system.sXMLTOOLS
13:15:12.394 [main] TRACE - Finished loading type system org.apache.xmlbeans.metadata.system.sXMLTOOLS
13:15:12.400 [main] TRACE - Reading unresolved handles for type system org.apache.xmlbeans.metadata.system.sXMLSCHEMA
13:15:12.401 [main] TRACE - Finished loading type system org.apache.xmlbeans.metadata.system.sXMLSCHEMA
13:15:12.410 [main] TRACE - Reading unresolved handles for type system org.apache.xmlbeans.metadata.system.sXMLLANG
13:15:12.410 [main] TRACE - Finished loading type system org.apache.xmlbeans.metadata.system.sXMLLANG
13:15:12.410 [main] TRACE - Reading unresolved handles for type system org.apache.xmlbeans.metadata.system.sXMLCONFIG
13:15:12.414 [main] TRACE - Finished loading type system org.apache.xmlbeans.metadata.system.sXMLCONFIG
13:15:12.414 [main] TRACE - Reading unresolved handles for type system org.apache.poi.schemas.ooxml.system.ooxml
13:15:12.500 [main] TRACE - Finished loading type system org.apache.poi.schemas.ooxml.system.ooxml
13:15:12.500 [main] TRACE - Resolving type for handle ctworkbook83c3type
13:15:12.574 [main] TRACE - Resolving type for handle ctworkbookpr03a5type
13:15:12.590 [main] TRACE - Resolving type for handle ctbookviewsb864type
13:15:12.590 [main] TRACE - Resolving type for handle ctbookviewf677type
13:15:12.608 [main] TRACE - Resolving type for handle ctsheets49fdtype
13:15:12.613 [main] TRACE - Resolving type for handle propertiesee84doctype
13:15:12.617 [main] TRACE - Resolving type for handle ctproperties3f10type
13:15:12.625 [main] TRACE - Resolving type for handle properties288cdoctype
13:15:12.625 [main] TRACE - Resolving type for handle ctproperties2c18type
13:15:12.637 [main] TRACE - Resolving type for handle sstf81fdoctype
13:15:12.637 [main] TRACE - Resolving type for handle ctsst44f3type
13:15:12.645 [main] TRACE - Resolving type for handle stylesheet5d8bdoctype
13:15:12.649 [main] TRACE - Resolving type for handle ctstylesheet4257type
13:15:12.651 [main] TRACE - Resolving type for handle ctfont14d8type
13:15:12.666 [main] TRACE - Resolving type for handle ctfontsizeb3b9type
13:15:12.674 [main] TRACE - Resolving type for handle ctcolord2c2type
13:15:12.678 [main] TRACE - Resolving type for handle ctfontname2dc3type
13:15:12.678 [main] TRACE - Resolving type for handle stxstringf179type
13:15:12.684 [main] TRACE - Resolving type for handle ctfontfamily685ctype
13:15:12.687 [main] TRACE - Resolving type for handle stfontfamily9c6ctype
13:15:12.687 [main] TRACE - Resolving type for handle ctfontschemebf5dtype
13:15:12.693 [main] TRACE - Resolving type for handle stfontschemef36dtype
13:15:12.700 [main] TRACE - Resolving type for handle ctfill550ctype
13:15:12.700 [main] TRACE - Resolving type for handle ctpatternfill7452type
13:15:12.709 [main] TRACE - Resolving type for handle stpatterntype7939type
13:15:12.709 [main] TRACE - Resolving type for handle ctborderf935type
13:15:12.717 [main] TRACE - Resolving type for handle ctborderpre497type
