17:20:20.591 [main] TRACE - Resolving type for handle stfontfamily9c6ctype
17:20:20.608 [main] TRACE - Resolving type for handle ctfontschemebf5dtype
17:20:20.625 [main] TRACE - Resolving type for handle stfontschemef36dtype
17:20:20.625 [main] TRACE - Resolving type for handle ctfill550ctype
17:20:20.625 [main] TRACE - Resolving type for handle ctpatternfill7452type
17:20:20.625 [main] TRACE - Resolving type for handle stpatterntype7939type
17:20:20.641 [main] TRACE - Resolving type for handle ctborderf935type
17:20:20.645 [main] TRACE - Resolving type for handle ctborderpre497type
17:20:20.645 [main] TRACE - Resolving type for handle ctxf97f7type
17:20:20.659 [main] TRACE - Resolving type for handle stnumfmtid76fbtype
17:20:20.659 [main] TRACE - Resolving type for handle stfontid9d63type
17:20:20.659 [main] TRACE - Resolving type for handle stfillida097type
17:20:20.659 [main] TRACE - Resolving type for handle stborderid1a80type
17:20:20.675 [main] TRACE - Resolving type for handle stcellstylexfid70c7type
17:20:20.679 [main] TRACE - Resolving type for handle ctsheet4dbetype
17:20:20.692 [main] TRACE - Resolving type for handle ctworksheet530dtype
17:20:20.692 [main] TRACE - Resolving type for handle ctsheetformatprdef7type
17:20:20.709 [main] TRACE - Resolving type for handle ctsheetviewsb918type
17:20:20.709 [main] TRACE - Resolving type for handle ctsheetview0f43type
17:20:20.709 [main] TRACE - Resolving type for handle ctsheetdimensiond310type
17:20:20.709 [main] TRACE - Resolving type for handle stref90a2type
17:20:20.726 [main] TRACE - Resolving type for handle ctsheetdata8408type
17:20:20.726 [main] TRACE - Resolving type for handle ctpagemargins5455type
17:20:20.742 [main] TRACE - Resolving type for handle ctcols627ctype
17:20:20.742 [main] TRACE - Resolving type for handle strelationshipid1e94type
17:20:20.742 [main] TRACE - Resolving type for handle ctrowdd39type
17:20:20.742 [main] TRACE - Resolving type for handle ctcell842btype
17:20:20.758 [main] TRACE - Resolving type for handle stcellrefe4e0type
17:20:20.758 [main] TRACE - Resolving type for handle ctrsta472type
17:20:20.779 [main] TRACE - Resolving type for handle stcelltypebf95type
17:20:20.991 [main] DEBUG - Save core properties part
17:20:20.991 [main] DEBUG - Save content types part
17:20:21.091 [main] DEBUG - Save package relationships
17:20:21.091 [main] DEBUG - Save part 'docProps/core.xml'
17:20:21.108 [main] DEBUG - Save part 'xl/sharedStrings.xml'
17:20:21.108 [main] DEBUG - Save part 'xl/styles.xml'
17:20:21.108 [main] DEBUG - Save part 'xl/workbook.xml'
17:20:21.108 [main] DEBUG - Save part 'xl/worksheets/sheet1.xml'
17:27:17.553 [main] INFO  - Goto crm URL 
17:27:24.100 [main] TRACE - Loading type system org.apache.poi.schemas.ooxml.system.ooxml
17:27:24.116 [main] TRACE - Loading type system org.apache.xmlbeans.metadata.system.sXMLCONFIG
17:27:24.117 [main] TRACE - Loading type system org.apache.xmlbeans.metadata.system.sXMLLANG
17:27:24.117 [main] TRACE - Loading type system org.apache.xmlbeans.metadata.system.sXMLSCHEMA
17:27:24.117 [main] TRACE - Loading type system org.apache.xmlbeans.metadata.system.sXMLTOOLS
17:27:24.119 [main] TRACE - Reading unresolved handles for type system org.apache.xmlbeans.metadata.system.sXMLTOOLS
17:27:24.131 [main] TRACE - Finished loading type system org.apache.xmlbeans.metadata.system.sXMLTOOLS
17:27:24.133 [main] TRACE - Reading unresolved handles for type system org.apache.xmlbeans.metadata.system.sXMLSCHEMA
17:27:24.133 [main] TRACE - Finished loading type system org.apache.xmlbeans.metadata.system.sXMLSCHEMA
17:27:24.148 [main] TRACE - Reading unresolved handles for type system org.apache.xmlbeans.metadata.system.sXMLLANG
17:27:24.150 [main] TRACE - Finished loading type system org.apache.xmlbeans.metadata.system.sXMLLANG
17:27:24.150 [main] TRACE - Reading unresolved handles for type system org.apache.xmlbeans.metadata.system.sXMLCONFIG
17:27:24.150 [main] TRACE - Finished loading type system org.apache.xmlbeans.metadata.system.sXMLCONFIG
17:27:24.158 [main] TRACE - Reading unresolved handles for type system org.apache.poi.schemas.ooxml.system.ooxml
17:27:24.233 [main] TRACE - Finished loading type system org.apache.poi.schemas.ooxml.system.ooxml
17:27:24.233 [main] TRACE - Resolving type for handle ctworkbook83c3type
17:27:24.284 [main] TRACE - Resolving type for handle ctworkbookpr03a5type
17:27:24.300 [main] TRACE - Resolving type for handle ctbookviewsb864type
17:27:24.300 [main] TRACE - Resolving type for handle ctbookviewf677type
17:27:24.317 [main] TRACE - Resolving type for handle ctsheets49fdtype
17:27:24.317 [main] TRACE - Resolving type for handle propertiesee84doctype
17:27:24.317 [main] TRACE - Resolving type for handle ctproperties3f10type
17:27:24.333 [main] TRACE - Resolving type for handle properties288cdoctype
17:27:24.333 [main] TRACE - Resolving type for handle ctproperties2c18type
17:27:24.350 [main] TRACE - Resolving type for handle sstf81fdoctype
17:27:24.350 [main] TRACE - Resolving type for handle ctsst44f3type
17:27:24.350 [main] TRACE - Resolving type for handle stylesheet5d8bdoctype
17:27:24.350 [main] TRACE - Resolving type for handle ctstylesheet4257type
17:27:24.366 [main] TRACE - Resolving type for handle ctfont14d8type
17:27:24.367 [main] TRACE - Resolving type for handle ctfontsizeb3b9type
17:27:24.383 [main] TRACE - Resolving type for handle ctcolord2c2type
17:27:24.383 [main] TRACE - Resolving type for handle ctfontname2dc3type
17:27:24.383 [main] TRACE - Resolving type for handle stxstringf179type
17:27:24.383 [main] TRACE - Resolving type for handle ctfontfamily685ctype
17:27:24.383 [main] TRACE - Resolving type for handle stfontfamily9c6ctype
17:27:24.400 [main] TRACE - Resolving type for handle ctfontschemebf5dtype
17:27:24.400 [main] TRACE - Resolving type for handle stfontschemef36dtype
17:27:24.400 [main] TRACE - Resolving type for handle ctfill550ctype
17:27:24.400 [main] TRACE - Resolving type for handle ctpatternfill7452type
17:27:24.400 [main] TRACE - Resolving type for handle stpatterntype7939type
17:27:24.400 [main] TRACE - Resolving type for handle ctborderf935type
17:27:24.400 [main] TRACE - Resolving type for handle ctborderpre497type
17:27:24.416 [main] TRACE - Resolving type for handle ctxf97f7type
17:27:24.416 [main] TRACE - Resolving type for handle stnumfmtid76fbtype
17:27:24.416 [main] TRACE - Resolving type for handle stfontid9d63type
17:27:24.416 [main] TRACE - Resolving type for handle stfillida097type
17:27:24.416 [main] TRACE - Resolving type for handle stborderid1a80type
17:27:24.416 [main] TRACE - Resolving type for handle stcellstylexfid70c7type
17:27:24.416 [main] TRACE - Resolving type for handle ctsheet4dbetype
17:27:24.433 [main] TRACE - Resolving type for handle ctworksheet530dtype
17:27:24.433 [main] TRACE - Resolving type for handle ctsheetformatprdef7type
17:27:24.433 [main] TRACE - Resolving type for handle ctsheetviewsb918type
17:27:24.433 [main] TRACE - Resolving type for handle ctsheetview0f43type
17:27:24.449 [main] TRACE - Resolving type for handle ctsheetdimensiond310type
17:27:24.450 [main] TRACE - Resolving type for handle stref90a2type
17:27:24.450 [main] TRACE - Resolving type for handle ctsheetdata8408type
17:27:24.450 [main] TRACE - Resolving type for handle ctpagemargins5455type
17:27:24.450 [main] TRACE - Resolving type for handle ctcols627ctype
17:27:24.462 [main] TRACE - Resolving type for handle strelationshipid1e94type
17:27:24.465 [main] TRACE - Resolving type for handle ctrowdd39type
17:27:24.471 [main] TRACE - Resolving type for handle ctcell842btype
17:27:24.477 [main] TRACE - Resolving type for handle stcellrefe4e0type
17:27:24.495 [main] TRACE - Resolving type for handle ctrsta472type
17:27:24.497 [main] TRACE - Resolving type for handle stcelltypebf95type
17:27:24.633 [main] DEBUG - Save core properties part
17:27:24.633 [main] DEBUG - Save content types part
17:27:24.753 [main] DEBUG - Save package relationships
17:27:24.759 [main] DEBUG - Save part 'docProps/core.xml'
17:27:24.774 [main] DEBUG - Save part 'xl/sharedStrings.xml'
17:27:24.774 [main] DEBUG - Save part 'xl/styles.xml'
17:27:24.799 [main] DEBUG - Save part 'xl/workbook.xml'
17:27:24.802 [main] DEBUG - Save part 'xl/worksheets/sheet1.xml'
17:34:51.708 [main] INFO  - Goto crm URL 
17:34:58.061 [main] TRACE - Loading type system org.apache.poi.schemas.ooxml.system.ooxml
17:34:58.061 [main] TRACE - Loading type system org.apache.xmlbeans.metadata.system.sXMLCONFIG
17:34:58.061 [main] TRACE - Loading type system org.apache.xmlbeans.metadata.system.sXMLLANG
17:34:58.061 [main] TRACE - Loading type system org.apache.xmlbeans.metadata.system.sXMLSCHEMA
17:34:58.061 [main] TRACE - Loading type system org.apache.xmlbeans.metadata.system.sXMLTOOLS
17:34:58.076 [main] TRACE - Reading unresolved handles for type system org.apache.xmlbeans.metadata.system.sXMLTOOLS
17:34:58.078 [main] TRACE - Finished loading type system org.apache.xmlbeans.metadata.system.sXMLTOOLS
17:34:58.078 [main] TRACE - Reading unresolved handles for type system org.apache.xmlbeans.metadata.system.sXMLSCHEMA
17:34:58.095 [main] TRACE - Finished loading type system org.apache.xmlbeans.metadata.system.sXMLSCHEMA
17:34:58.095 [main] TRACE - Reading unresolved handles for type system org.apache.xmlbeans.metadata.system.sXMLLANG
17:34:58.095 [main] TRACE - Finished loading type system org.apache.xmlbeans.metadata.system.sXMLLANG
17:34:58.095 [main] TRACE - Reading unresolved handles for type system org.apache.xmlbeans.metadata.system.sXMLCONFIG
17:34:58.095 [main] TRACE - Finished loading type system org.apache.xmlbeans.metadata.system.sXMLCONFIG
17:34:58.095 [main] TRACE - Reading unresolved handles for type system org.apache.poi.schemas.ooxml.system.ooxml
17:34:58.145 [main] TRACE - Finished loading type system org.apache.poi.schemas.ooxml.system.ooxml
17:34:58.161 [main] TRACE - Resolving type for handle ctworkbook83c3type
17:34:58.195 [main] TRACE - Resolving type for handle ctworkbookpr03a5type
17:34:58.195 [main] TRACE - Resolving type for handle ctbookviewsb864type
17:34:58.211 [main] TRACE - Resolving type for handle ctbookviewf677type
17:34:58.211 [main] TRACE - Resolving type for handle ctsheets49fdtype
17:34:58.228 [main] TRACE - Resolving type for handle propertiesee84doctype
17:34:58.228 [main] TRACE - Resolving type for handle ctproperties3f10type
17:34:58.243 [main] TRACE - Resolving type for handle properties288cdoctype
17:34:58.245 [main] TRACE - Resolving type for handle ctproperties2c18type
17:34:58.245 [main] TRACE - Resolving type for handle sstf81fdoctype
17:34:58.245 [main] TRACE - Resolving type for handle ctsst44f3type
17:34:58.245 [main] TRACE - Resolving type for handle stylesheet5d8bdoctype
17:34:58.245 [main] TRACE - Resolving type for handle ctstylesheet4257type
17:34:58.245 [main] TRACE - Resolving type for handle ctfont14d8type
17:34:58.261 [main] TRACE - Resolving type for handle ctfontsizeb3b9type
17:34:58.261 [main] TRACE - Resolving type for handle ctcolord2c2type
17:34:58.261 [main] TRACE - Resolving type for handle ctfontname2dc3type
17:34:58.261 [main] TRACE - Resolving type for handle stxstringf179type
17:34:58.278 [main] TRACE - Resolving type for handle ctfontfamily685ctype
17:34:58.278 [main] TRACE - Resolving type for handle stfontfamily9c6ctype
17:34:58.278 [main] TRACE - Resolving type for handle ctfontschemebf5dtype
17:34:58.278 [main] TRACE - Resolving type for handle stfontschemef36dtype
17:34:58.278 [main] TRACE - Resolving type for handle ctfill550ctype
17:34:58.278 [main] TRACE - Resolving type for handle ctpatternfill7452type
17:34:58.278 [main] TRACE - Resolving type for handle stpatterntype7939type
17:34:58.293 [main] TRACE - Resolving type for handle ctborderf935type
17:34:58.294 [main] TRACE - Resolving type for handle ctborderpre497type
17:34:58.294 [main] TRACE - Resolving type for handle ctxf97f7type
17:34:58.294 [main] TRACE - Resolving type for handle stnumfmtid76fbtype
17:34:58.294 [main] TRACE - Resolving type for handle stfontid9d63type
17:34:58.294 [main] TRACE - Resolving type for handle stfillida097type
17:34:58.294 [main] TRACE - Resolving type for handle stborderid1a80type
17:34:58.294 [main] TRACE - Resolving type for handle stcellstylexfid70c7type
17:34:58.310 [main] TRACE - Resolving type for handle ctsheet4dbetype
17:34:58.311 [main] TRACE - Resolving type for handle ctworksheet530dtype
17:34:58.311 [main] TRACE - Resolving type for handle ctsheetformatprdef7type
17:34:58.328 [main] TRACE - Resolving type for handle ctsheetviewsb918type
17:34:58.328 [main] TRACE - Resolving type for handle ctsheetview0f43type
17:34:58.328 [main] TRACE - Resolving type for handle ctsheetdimensiond310type
17:34:58.328 [main] TRACE - Resolving type for handle stref90a2type
17:34:58.328 [main] TRACE - Resolving type for handle ctsheetdata8408type
17:34:58.328 [main] TRACE - Resolving type for handle ctpagemargins5455type
17:34:58.328 [main] TRACE - Resolving type for handle ctcols627ctype
17:34:58.345 [main] TRACE - Resolving type for handle strelationshipid1e94type
17:34:58.345 [main] TRACE - Resolving type for handle ctrowdd39type
17:34:58.345 [main] TRACE - Resolving type for handle ctcell842btype
17:34:58.345 [main] TRACE - Resolving type for handle stcellrefe4e0type
17:34:58.361 [main] TRACE - Resolving type for handle ctrsta472type
17:34:58.361 [main] TRACE - Resolving type for handle stcelltypebf95type
17:35:49.189 [main] INFO  - Goto crm URL 
17:35:55.487 [main] TRACE - Loading type system org.apache.poi.schemas.ooxml.system.ooxml
17:35:55.487 [main] TRACE - Loading type system org.apache.xmlbeans.metadata.system.sXMLCONFIG
17:35:55.487 [main] TRACE - Loading type system org.apache.xmlbeans.metadata.system.sXMLLANG
17:35:55.487 [main] TRACE - Loading type system org.apache.xmlbeans.metadata.system.sXMLSCHEMA
17:35:55.487 [main] TRACE - Loading type system org.apache.xmlbeans.metadata.system.sXMLTOOLS
17:35:55.487 [main] TRACE - Reading unresolved handles for type system org.apache.xmlbeans.metadata.system.sXMLTOOLS
17:35:55.520 [main] TRACE - Finished loading type system org.apache.xmlbeans.metadata.system.sXMLTOOLS
17:35:55.520 [main] TRACE - Reading unresolved handles for type system org.apache.xmlbeans.metadata.system.sXMLSCHEMA
17:35:55.536 [main] TRACE - Finished loading type system org.apache.xmlbeans.metadata.system.sXMLSCHEMA
17:35:55.537 [main] TRACE - Reading unresolved handles for type system org.apache.xmlbeans.metadata.system.sXMLLANG
17:35:55.537 [main] TRACE - Finished loading type system org.apache.xmlbeans.metadata.system.sXMLLANG
17:35:55.537 [main] TRACE - Reading unresolved handles for type system org.apache.xmlbeans.metadata.system.sXMLCONFIG
17:35:55.537 [main] TRACE - Finished loading type system org.apache.xmlbeans.metadata.system.sXMLCONFIG
17:35:55.537 [main] TRACE - Reading unresolved handles for type system org.apache.poi.schemas.ooxml.system.ooxml
17:35:55.621 [main] TRACE - Finished loading type system org.apache.poi.schemas.ooxml.system.ooxml
17:35:55.621 [main] TRACE - Resolving type for handle ctworkbook83c3type
17:35:55.671 [main] TRACE - Resolving type for handle ctworkbookpr03a5type
17:35:55.671 [main] TRACE - Resolving type for handle ctbookviewsb864type
17:35:55.686 [main] TRACE - Resolving type for handle ctbookviewf677type
17:35:55.687 [main] TRACE - Resolving type for handle ctsheets49fdtype
17:35:55.687 [main] TRACE - Resolving type for handle propertiesee84doctype
17:35:55.687 [main] TRACE - Resolving type for handle ctproperties3f10type
17:35:55.704 [main] TRACE - Resolving type for handle properties288cdoctype
17:35:55.704 [main] TRACE - Resolving type for handle ctproperties2c18type
17:35:55.704 [main] TRACE - Resolving type for handle sstf81fdoctype
17:35:55.720 [main] TRACE - Resolving type for handle ctsst44f3type
17:35:55.720 [main] TRACE - Resolving type for handle stylesheet5d8bdoctype
17:35:55.737 [main] TRACE - Resolving type for handle ctstylesheet4257type
17:35:55.737 [main] TRACE - Resolving type for handle ctfont14d8type
17:35:55.754 [main] TRACE - Resolving type for handle ctfontsizeb3b9type
17:35:55.754 [main] TRACE - Resolving type for handle ctcolord2c2type
17:35:55.754 [main] TRACE - Resolving type for handle ctfontname2dc3type
17:35:55.754 [main] TRACE - Resolving type for handle stxstringf179type
17:35:55.770 [main] TRACE - Resolving type for handle ctfontfamily685ctype
17:35:55.775 [main] TRACE - Resolving type for handle stfontfamily9c6ctype
17:35:55.780 [main] TRACE - Resolving type for handle ctfontschemebf5dtype
17:35:55.783 [main] TRACE - Resolving type for handle stfontschemef36dtype
17:35:55.788 [main] TRACE - Resolving type for handle ctfill550ctype
17:35:55.790 [main] TRACE - Resolving type for handle ctpatternfill7452type
17:35:55.794 [main] TRACE - Resolving type for handle stpatterntype7939type
17:35:55.798 [main] TRACE - Resolving type for handle ctborderf935type
17:35:55.801 [main] TRACE - Resolving type for handle ctborderpre497type
17:35:55.803 [main] TRACE - Resolving type for handle ctxf97f7type
17:35:55.803 [main] TRACE - Resolving type for handle stnumfmtid76fbtype
17:35:55.803 [main] TRACE - Resolving type for handle stfontid9d63type
17:35:55.803 [main] TRACE - Resolving type for handle stfillida097type
17:35:55.803 [main] TRACE - Resolving type for handle stborderid1a80type
17:35:55.820 [main] TRACE - Resolving type for handle stcellstylexfid70c7type
17:35:55.820 [main] TRACE - Resolving type for handle ctsheet4dbetype
17:35:55.820 [main] TRACE - Resolving type for handle ctworksheet530dtype
17:35:55.837 [main] TRACE - Resolving type for handle ctsheetformatprdef7type
17:35:55.837 [main] TRACE - Resolving type for handle ctsheetviewsb918type
17:35:55.854 [main] TRACE - Resolving type for handle ctsheetview0f43type
17:35:55.861 [main] TRACE - Resolving type for handle ctsheetdimensiond310type
17:35:55.863 [main] TRACE - Resolving type for handle stref90a2type
17:35:55.865 [main] TRACE - Resolving type for handle ctsheetdata8408type
17:35:55.868 [main] TRACE - Resolving type for handle ctpagemargins5455type
17:35:55.873 [main] TRACE - Resolving type for handle ctcols627ctype
17:35:55.873 [main] TRACE - Resolving type for handle strelationshipid1e94type
17:35:55.887 [main] TRACE - Resolving type for handle ctrowdd39type
17:35:55.903 [main] TRACE - Resolving type for handle ctcell842btype
17:35:55.931 [main] TRACE - Resolving type for handle stcellrefe4e0type
17:35:55.936 [main] TRACE - Resolving type for handle ctrsta472type
17:35:55.937 [main] TRACE - Resolving type for handle stcelltypebf95type
17:35:56.103 [main] DEBUG - Save core properties part
17:35:56.103 [main] DEBUG - Save content types part
17:35:56.214 [main] DEBUG - Save package relationships
17:35:56.218 [main] DEBUG - Save part 'docProps/core.xml'
17:35:56.229 [main] DEBUG - Save part 'xl/sharedStrings.xml'
17:35:56.229 [main] DEBUG - Save part 'xl/styles.xml'
17:35:56.233 [main] DEBUG - Save part 'xl/workbook.xml'
17:35:56.236 [main] DEBUG - Save part 'xl/worksheets/sheet1.xml'
18:20:47.656 [main] INFO  - Goto crm URL 
18:20:54.169 [main] TRACE - Loading type system org.apache.poi.schemas.ooxml.system.ooxml
18:20:54.169 [main] TRACE - Loading type system org.apache.xmlbeans.metadata.system.sXMLCONFIG
18:20:54.183 [main] TRACE - Loading type system org.apache.xmlbeans.metadata.system.sXMLLANG
18:20:54.184 [main] TRACE - Loading type system org.apache.xmlbeans.metadata.system.sXMLSCHEMA
18:20:54.185 [main] TRACE - Loading type system org.apache.xmlbeans.metadata.system.sXMLTOOLS
18:20:54.185 [main] TRACE - Reading unresolved handles for type system org.apache.xmlbeans.metadata.system.sXMLTOOLS
18:20:54.202 [main] TRACE - Finished loading type system org.apache.xmlbeans.metadata.system.sXMLTOOLS
18:20:54.202 [main] TRACE - Reading unresolved handles for type system org.apache.xmlbeans.metadata.system.sXMLSCHEMA
18:20:54.221 [main] TRACE - Finished loading type system org.apache.xmlbeans.metadata.system.sXMLSCHEMA
18:20:54.221 [main] TRACE - Reading unresolved handles for type system org.apache.xmlbeans.metadata.system.sXMLLANG
18:20:54.221 [main] TRACE - Finished loading type system org.apache.xmlbeans.metadata.system.sXMLLANG
18:20:54.221 [main] TRACE - Reading unresolved handles for type system org.apache.xmlbeans.metadata.system.sXMLCONFIG
18:20:54.221 [main] TRACE - Finished loading type system org.apache.xmlbeans.metadata.system.sXMLCONFIG
18:20:54.221 [main] TRACE - Reading unresolved handles for type system org.apache.poi.schemas.ooxml.system.ooxml
18:20:54.302 [main] TRACE - Finished loading type system org.apache.poi.schemas.ooxml.system.ooxml
18:20:54.302 [main] TRACE - Resolving type for handle ctworkbook83c3type
18:20:54.351 [main] TRACE - Resolving type for handle ctworkbookpr03a5type
18:20:54.368 [main] TRACE - Resolving type for handle ctbookviewsb864type
18:20:54.368 [main] TRACE - Resolving type for handle ctbookviewf677type
18:20:54.368 [main] TRACE - Resolving type for handle ctsheets49fdtype
18:20:54.368 [main] TRACE - Resolving type for handle propertiesee84doctype
18:20:54.385 [main] TRACE - Resolving type for handle ctproperties3f10type
18:20:54.388 [main] TRACE - Resolving type for handle properties288cdoctype
18:20:54.401 [main] TRACE - Resolving type for handle ctproperties2c18type
18:20:54.401 [main] TRACE - Resolving type for handle sstf81fdoctype
18:20:54.439 [main] TRACE - Resolving type for handle ctsst44f3type
18:20:54.469 [main] TRACE - Resolving type for handle stylesheet5d8bdoctype
18:20:54.475 [main] TRACE - Resolving type for handle ctstylesheet4257type
18:20:54.501 [main] TRACE - Resolving type for handle ctfont14d8type
18:20:54.516 [main] TRACE - Resolving type for handle ctfontsizeb3b9type
18:20:54.518 [main] TRACE - Resolving type for handle ctcolord2c2type
18:20:54.518 [main] TRACE - Resolving type for handle ctfontname2dc3type
18:20:54.518 [main] TRACE - Resolving type for handle stxstringf179type
18:20:54.535 [main] TRACE - Resolving type for handle ctfontfamily685ctype
18:20:54.535 [main] TRACE - Resolving type for handle stfontfamily9c6ctype
18:20:54.585 [main] TRACE - Resolving type for handle ctfontschemebf5dtype
18:20:54.588 [main] TRACE - Resolving type for handle stfontschemef36dtype
18:20:54.588 [main] TRACE - Resolving type for handle ctfill550ctype
18:20:54.588 [main] TRACE - Resolving type for handle ctpatternfill7452type
18:20:54.588 [main] TRACE - Resolving type for handle stpatterntype7939type
18:20:54.601 [main] TRACE - Resolving type for handle ctborderf935type
18:20:54.603 [main] TRACE - Resolving type for handle ctborderpre497type
18:20:54.606 [main] TRACE - Resolving type for handle ctxf97f7type
18:20:54.610 [main] TRACE - Resolving type for handle stnumfmtid76fbtype
18:20:54.611 [main] TRACE - Resolving type for handle stfontid9d63type
18:20:54.613 [main] TRACE - Resolving type for handle stfillida097type
18:20:54.614 [main] TRACE - Resolving type for handle stborderid1a80type
18:20:54.615 [main] TRACE - Resolving type for handle stcellstylexfid70c7type
18:20:54.618 [main] TRACE - Resolving type for handle ctsheet4dbetype
18:20:54.618 [main] TRACE - Resolving type for handle ctworksheet530dtype
18:20:54.656 [main] TRACE - Resolving type for handle ctsheetformatprdef7type
18:20:54.664 [main] TRACE - Resolving type for handle ctsheetviewsb918type
18:20:54.666 [main] TRACE - Resolving type for handle ctsheetview0f43type
18:20:54.695 [main] TRACE - Resolving type for handle ctsheetdimensiond310type
18:20:54.699 [main] TRACE - Resolving type for handle stref90a2type
18:20:54.701 [main] TRACE - Resolving type for handle ctsheetdata8408type
18:20:54.703 [main] TRACE - Resolving type for handle ctpagemargins5455type
18:20:54.708 [main] TRACE - Resolving type for handle ctcols627ctype
18:20:54.710 [main] TRACE - Resolving type for handle strelationshipid1e94type
18:20:54.711 [main] TRACE - Resolving type for handle ctrowdd39type
18:20:54.720 [main] TRACE - Resolving type for handle ctcell842btype
18:20:54.722 [main] TRACE - Resolving type for handle stcellrefe4e0type
18:20:54.722 [main] TRACE - Resolving type for handle ctrsta472type
18:20:54.722 [main] TRACE - Resolving type for handle stcelltypebf95type
18:20:54.839 [main] DEBUG - Save core properties part
18:20:54.840 [main] DEBUG - Save content types part
18:20:55.001 [main] DEBUG - Save package relationships
18:20:55.001 [main] DEBUG - Save part 'docProps/core.xml'
18:20:55.018 [main] DEBUG - Save part 'xl/sharedStrings.xml'
18:20:55.018 [main] DEBUG - Save part 'xl/styles.xml'
18:20:55.034 [main] DEBUG - Save part 'xl/workbook.xml'
18:20:55.034 [main] DEBUG - Save part 'xl/worksheets/sheet1.xml'
18:36:52.729 [main] INFO  - Goto crm URL 
18:36:59.176 [main] TRACE - Loading type system org.apache.poi.schemas.ooxml.system.ooxml
18:36:59.176 [main] TRACE - Loading type system org.apache.xmlbeans.metadata.system.sXMLCONFIG
18:36:59.176 [main] TRACE - Loading type system org.apache.xmlbeans.metadata.system.sXMLLANG
18:36:59.176 [main] TRACE - Loading type system org.apache.xmlbeans.metadata.system.sXMLSCHEMA
18:36:59.176 [main] TRACE - Loading type system org.apache.xmlbeans.metadata.system.sXMLTOOLS
18:36:59.176 [main] TRACE - Reading unresolved handles for type system org.apache.xmlbeans.metadata.system.sXMLTOOLS
18:36:59.192 [main] TRACE - Finished loading type system org.apache.xmlbeans.metadata.system.sXMLTOOLS
18:36:59.209 [main] TRACE - Reading unresolved handles for type system org.apache.xmlbeans.metadata.system.sXMLSCHEMA
18:36:59.209 [main] TRACE - Finished loading type system org.apache.xmlbeans.metadata.system.sXMLSCHEMA
18:36:59.209 [main] TRACE - Reading unresolved handles for type system org.apache.xmlbeans.metadata.system.sXMLLANG
18:36:59.209 [main] TRACE - Finished loading type system org.apache.xmlbeans.metadata.system.sXMLLANG
18:36:59.209 [main] TRACE - Reading unresolved handles for type system org.apache.xmlbeans.metadata.system.sXMLCONFIG
18:36:59.209 [main] TRACE - Finished loading type system org.apache.xmlbeans.metadata.system.sXMLCONFIG
18:36:59.224 [main] TRACE - Reading unresolved handles for type system org.apache.poi.schemas.ooxml.system.ooxml
18:36:59.276 [main] TRACE - Finished loading type system org.apache.poi.schemas.ooxml.system.ooxml
18:36:59.276 [main] TRACE - Resolving type for handle ctworkbook83c3type
18:36:59.324 [main] TRACE - Resolving type for handle ctworkbookpr03a5type
18:36:59.329 [main] TRACE - Resolving type for handle ctbookviewsb864type
18:36:59.329 [main] TRACE - Resolving type for handle ctbookviewf677type
18:36:59.342 [main] TRACE - Resolving type for handle ctsheets49fdtype
18:36:59.342 [main] TRACE - Resolving type for handle propertiesee84doctype
18:36:59.342 [main] TRACE - Resolving type for handle ctproperties3f10type
18:36:59.359 [main] TRACE - Resolving type for handle properties288cdoctype
18:36:59.359 [main] TRACE - Resolving type for handle ctproperties2c18type
18:36:59.359 [main] TRACE - Resolving type for handle sstf81fdoctype
18:36:59.359 [main] TRACE - Resolving type for handle ctsst44f3type
18:36:59.375 [main] TRACE - Resolving type for handle stylesheet5d8bdoctype
18:36:59.376 [main] TRACE - Resolving type for handle ctstylesheet4257type
18:36:59.376 [main] TRACE - Resolving type for handle ctfont14d8type
18:36:59.393 [main] TRACE - Resolving type for handle ctfontsizeb3b9type
18:36:59.393 [main] TRACE - Resolving type for handle ctcolord2c2type
18:36:59.393 [main] TRACE - Resolving type for handle ctfontname2dc3type
18:36:59.393 [main] TRACE - Resolving type for handle stxstringf179type
18:36:59.393 [main] TRACE - Resolving type for handle ctfontfamily685ctype
18:36:59.409 [main] TRACE - Resolving type for handle stfontfamily9c6ctype
18:36:59.409 [main] TRACE - Resolving type for handle ctfontschemebf5dtype
18:36:59.409 [main] TRACE - Resolving type for handle stfontschemef36dtype
18:36:59.409 [main] TRACE - Resolving type for handle ctfill550ctype
18:36:59.409 [main] TRACE - Resolving type for handle ctpatternfill7452type
18:36:59.409 [main] TRACE - Resolving type for handle stpatterntype7939type
18:36:59.426 [main] TRACE - Resolving type for handle ctborderf935type
18:36:59.429 [main] TRACE - Resolving type for handle ctborderpre497type
18:36:59.429 [main] TRACE - Resolving type for handle ctxf97f7type
18:36:59.429 [main] TRACE - Resolving type for handle stnumfmtid76fbtype
18:36:59.442 [main] TRACE - Resolving type for handle stfontid9d63type
18:36:59.443 [main] TRACE - Resolving type for handle stfillida097type
18:36:59.443 [main] TRACE - Resolving type for handle stborderid1a80type
18:36:59.443 [main] TRACE - Resolving type for handle stcellstylexfid70c7type
18:36:59.443 [main] TRACE - Resolving type for handle ctsheet4dbetype
18:36:59.443 [main] TRACE - Resolving type for handle ctworksheet530dtype
18:36:59.459 [main] TRACE - Resolving type for handle ctsheetformatprdef7type
18:36:59.459 [main] TRACE - Resolving type for handle ctsheetviewsb918type
18:36:59.459 [main] TRACE - Resolving type for handle ctsheetview0f43type
18:36:59.476 [main] TRACE - Resolving type for handle ctsheetdimensiond310type
18:36:59.476 [main] TRACE - Resolving type for handle stref90a2type
18:36:59.476 [main] TRACE - Resolving type for handle ctsheetdata8408type
18:36:59.476 [main] TRACE - Resolving type for handle ctpagemargins5455type
18:36:59.476 [main] TRACE - Resolving type for handle ctcols627ctype
18:36:59.492 [main] TRACE - Resolving type for handle strelationshipid1e94type
18:36:59.492 [main] TRACE - Resolving type for handle ctrowdd39type
18:36:59.492 [main] TRACE - Resolving type for handle ctcell842btype
18:36:59.509 [main] TRACE - Resolving type for handle stcellrefe4e0type
18:36:59.509 [main] TRACE - Resolving type for handle ctrsta472type
18:36:59.509 [main] TRACE - Resolving type for handle stcelltypebf95type
18:36:59.667 [main] DEBUG - Save core properties part
18:36:59.667 [main] DEBUG - Save content types part
18:36:59.781 [main] DEBUG - Save package relationships
18:36:59.783 [main] DEBUG - Save part 'docProps/core.xml'
18:36:59.791 [main] DEBUG - Save part 'xl/sharedStrings.xml'
18:36:59.791 [main] DEBUG - Save part 'xl/styles.xml'
18:36:59.808 [main] DEBUG - Save part 'xl/workbook.xml'
18:36:59.812 [main] DEBUG - Save part 'xl/worksheets/sheet1.xml'
18:41:34.361 [main] INFO  - Goto crm URL 
18:41:41.022 [main] TRACE - Loading type system org.apache.poi.schemas.ooxml.system.ooxml
18:41:41.022 [main] TRACE - Loading type system org.apache.xmlbeans.metadata.system.sXMLCONFIG
18:41:41.022 [main] TRACE - Loading type system org.apache.xmlbeans.metadata.system.sXMLLANG
18:41:41.039 [main] TRACE - Loading type system org.apache.xmlbeans.metadata.system.sXMLSCHEMA
18:41:41.039 [main] TRACE - Loading type system org.apache.xmlbeans.metadata.system.sXMLTOOLS
18:41:41.039 [main] TRACE - Reading unresolved handles for type system org.apache.xmlbeans.metadata.system.sXMLTOOLS
18:41:41.056 [main] TRACE - Finished loading type system org.apache.xmlbeans.metadata.system.sXMLTOOLS
18:41:41.056 [main] TRACE - Reading unresolved handles for type system org.apache.xmlbeans.metadata.system.sXMLSCHEMA
18:41:41.056 [main] TRACE - Finished loading type system org.apache.xmlbeans.metadata.system.sXMLSCHEMA
18:41:41.056 [main] TRACE - Reading unresolved handles for type system org.apache.xmlbeans.metadata.system.sXMLLANG
18:41:41.056 [main] TRACE - Finished loading type system org.apache.xmlbeans.metadata.system.sXMLLANG
18:41:41.056 [main] TRACE - Reading unresolved handles for type system org.apache.xmlbeans.metadata.system.sXMLCONFIG
18:41:41.056 [main] TRACE - Finished loading type system org.apache.xmlbeans.metadata.system.sXMLCONFIG
18:41:41.056 [main] TRACE - Reading unresolved handles for type system org.apache.poi.schemas.ooxml.system.ooxml
18:41:41.124 [main] TRACE - Finished loading type system org.apache.poi.schemas.ooxml.system.ooxml
18:41:41.124 [main] TRACE - Resolving type for handle ctworkbook83c3type
18:41:41.172 [main] TRACE - Resolving type for handle ctworkbookpr03a5type
18:41:41.175 [main] TRACE - Resolving type for handle ctbookviewsb864type
18:41:41.189 [main] TRACE - Resolving type for handle ctbookviewf677type
18:41:41.189 [main] TRACE - Resolving type for handle ctsheets49fdtype
18:41:41.189 [main] TRACE - Resolving type for handle propertiesee84doctype
18:41:41.189 [main] TRACE - Resolving type for handle ctproperties3f10type
18:41:41.206 [main] TRACE - Resolving type for handle properties288cdoctype
18:41:41.206 [main] TRACE - Resolving type for handle ctproperties2c18type
18:41:41.206 [main] TRACE - Resolving type for handle sstf81fdoctype
18:41:41.206 [main] TRACE - Resolving type for handle ctsst44f3type
18:41:41.206 [main] TRACE - Resolving type for handle stylesheet5d8bdoctype
18:41:41.206 [main] TRACE - Resolving type for handle ctstylesheet4257type
18:41:41.237 [main] TRACE - Resolving type for handle ctfont14d8type
18:41:41.244 [main] TRACE - Resolving type for handle ctfontsizeb3b9type
18:41:41.244 [main] TRACE - Resolving type for handle ctcolord2c2type
18:41:41.244 [main] TRACE - Resolving type for handle ctfontname2dc3type
18:41:41.244 [main] TRACE - Resolving type for handle stxstringf179type
18:41:41.256 [main] TRACE - Resolving type for handle ctfontfamily685ctype
18:41:41.256 [main] TRACE - Resolving type for handle stfontfamily9c6ctype
18:41:41.260 [main] TRACE - Resolving type for handle ctfontschemebf5dtype
18:41:41.260 [main] TRACE - Resolving type for handle stfontschemef36dtype
18:41:41.260 [main] TRACE - Resolving type for handle ctfill550ctype
18:41:41.260 [main] TRACE - Resolving type for handle ctpatternfill7452type
18:41:41.272 [main] TRACE - Resolving type for handle stpatterntype7939type
18:41:41.276 [main] TRACE - Resolving type for handle ctborderf935type
18:41:41.278 [main] TRACE - Resolving type for handle ctborderpre497type
18:41:41.278 [main] TRACE - Resolving type for handle ctxf97f7type
18:41:41.286 [main] TRACE - Resolving type for handle stnumfmtid76fbtype
18:41:41.288 [main] TRACE - Resolving type for handle stfontid9d63type
18:41:41.291 [main] TRACE - Resolving type for handle stfillida097type
18:41:41.293 [main] TRACE - Resolving type for handle stborderid1a80type
18:41:41.295 [main] TRACE - Resolving type for handle stcellstylexfid70c7type
18:41:41.302 [main] TRACE - Resolving type for handle ctsheet4dbetype
18:41:41.312 [main] TRACE - Resolving type for handle ctworksheet530dtype
18:41:41.319 [main] TRACE - Resolving type for handle ctsheetformatprdef7type
18:41:41.323 [main] TRACE - Resolving type for handle ctsheetviewsb918type
18:41:41.340 [main] TRACE - Resolving type for handle ctsheetview0f43type
18:41:41.355 [main] TRACE - Resolving type for handle ctsheetdimensiond310type
18:41:41.356 [main] TRACE - Resolving type for handle stref90a2type
18:41:41.356 [main] TRACE - Resolving type for handle ctsheetdata8408type
18:41:41.356 [main] TRACE - Resolving type for handle ctpagemargins5455type
18:41:41.372 [main] TRACE - Resolving type for handle ctcols627ctype
18:41:41.376 [main] TRACE - Resolving type for handle strelationshipid1e94type
18:41:41.376 [main] TRACE - Resolving type for handle ctrowdd39type
18:41:41.376 [main] TRACE - Resolving type for handle ctcell842btype
18:41:41.389 [main] TRACE - Resolving type for handle stcellrefe4e0type
18:41:41.389 [main] TRACE - Resolving type for handle ctrsta472type
18:41:41.389 [main] TRACE - Resolving type for handle stcelltypebf95type
18:41:41.585 [main] DEBUG - Save core properties part
18:41:41.585 [main] DEBUG - Save content types part
18:41:41.689 [main] DEBUG - Save package relationships
18:41:41.695 [main] DEBUG - Save part 'docProps/core.xml'
18:41:41.709 [main] DEBUG - Save part 'xl/sharedStrings.xml'
18:41:41.709 [main] DEBUG - Save part 'xl/styles.xml'
18:41:41.712 [main] DEBUG - Save part 'xl/workbook.xml'
18:41:41.717 [main] DEBUG - Save part 'xl/worksheets/sheet1.xml'
19:02:32.698 [main] INFO  - Goto crm URL 
19:02:39.420 [main] TRACE - Loading type system org.apache.poi.schemas.ooxml.system.ooxml
19:02:39.439 [main] TRACE - Loading type system org.apache.xmlbeans.metadata.system.sXMLCONFIG
19:02:39.441 [main] TRACE - Loading type system org.apache.xmlbeans.metadata.system.sXMLLANG
19:02:39.443 [main] TRACE - Loading type system org.apache.xmlbeans.metadata.system.sXMLSCHEMA
19:02:39.443 [main] TRACE - Loading type system org.apache.xmlbeans.metadata.system.sXMLTOOLS
19:02:39.445 [main] TRACE - Reading unresolved handles for type system org.apache.xmlbeans.metadata.system.sXMLTOOLS
19:02:39.470 [main] TRACE - Finished loading type system org.apache.xmlbeans.metadata.system.sXMLTOOLS
19:02:39.470 [main] TRACE - Reading unresolved handles for type system org.apache.xmlbeans.metadata.system.sXMLSCHEMA
19:02:39.470 [main] TRACE - Finished loading type system org.apache.xmlbeans.metadata.system.sXMLSCHEMA
19:02:39.485 [main] TRACE - Reading unresolved handles for type system org.apache.xmlbeans.metadata.system.sXMLLANG
19:02:39.486 [main] TRACE - Finished loading type system org.apache.xmlbeans.metadata.system.sXMLLANG
19:02:39.489 [main] TRACE - Reading unresolved handles for type system org.apache.xmlbeans.metadata.system.sXMLCONFIG
19:02:39.489 [main] TRACE - Finished loading type system org.apache.xmlbeans.metadata.system.sXMLCONFIG
19:02:39.493 [main] TRACE - Reading unresolved handles for type system org.apache.poi.schemas.ooxml.system.ooxml
19:02:39.586 [main] TRACE - Finished loading type system org.apache.poi.schemas.ooxml.system.ooxml
19:02:39.586 [main] TRACE - Resolving type for handle ctworkbook83c3type
19:02:39.652 [main] TRACE - Resolving type for handle ctworkbookpr03a5type
19:02:39.667 [main] TRACE - Resolving type for handle ctbookviewsb864type
19:02:39.671 [main] TRACE - Resolving type for handle ctbookviewf677type
19:02:39.681 [main] TRACE - Resolving type for handle ctsheets49fdtype
19:02:39.686 [main] TRACE - Resolving type for handle propertiesee84doctype
19:02:39.686 [main] TRACE - Resolving type for handle ctproperties3f10type
19:02:39.699 [main] TRACE - Resolving type for handle properties288cdoctype
19:02:39.703 [main] TRACE - Resolving type for handle ctproperties2c18type
19:02:39.705 [main] TRACE - Resolving type for handle sstf81fdoctype
19:02:39.717 [main] TRACE - Resolving type for handle ctsst44f3type
19:02:39.719 [main] TRACE - Resolving type for handle stylesheet5d8bdoctype
19:02:39.719 [main] TRACE - Resolving type for handle ctstylesheet4257type
19:02:39.736 [main] TRACE - Resolving type for handle ctfont14d8type
19:02:39.743 [main] TRACE - Resolving type for handle ctfontsizeb3b9type
19:02:39.752 [main] TRACE - Resolving type for handle ctcolord2c2type
19:02:39.757 [main] TRACE - Resolving type for handle ctfontname2dc3type
19:02:39.761 [main] TRACE - Resolving type for handle stxstringf179type
19:02:39.765 [main] TRACE - Resolving type for handle ctfontfamily685ctype
19:02:39.769 [main] TRACE - Resolving type for handle stfontfamily9c6ctype
19:02:39.776 [main] TRACE - Resolving type for handle ctfontschemebf5dtype
19:02:39.781 [main] TRACE - Resolving type for handle stfontschemef36dtype
19:02:39.786 [main] TRACE - Resolving type for handle ctfill550ctype
19:02:39.786 [main] TRACE - Resolving type for handle ctpatternfill7452type
19:02:39.796 [main] TRACE - Resolving type for handle stpatterntype7939type
19:02:39.799 [main] TRACE - Resolving type for handle ctborderf935type
19:02:39.802 [main] TRACE - Resolving type for handle ctborderpre497type
19:02:39.812 [main] TRACE - Resolving type for handle ctxf97f7type
19:02:39.817 [main] TRACE - Resolving type for handle stnumfmtid76fbtype
19:02:39.820 [main] TRACE - Resolving type for handle stfontid9d63type
19:02:39.823 [main] TRACE - Resolving type for handle stfillida097type
19:02:39.826 [main] TRACE - Resolving type for handle stborderid1a80type
19:02:39.829 [main] TRACE - Resolving type for handle stcellstylexfid70c7type
19:02:39.839 [main] TRACE - Resolving type for handle ctsheet4dbetype
19:02:39.847 [main] TRACE - Resolving type for handle ctworksheet530dtype
19:02:39.852 [main] TRACE - Resolving type for handle ctsheetformatprdef7type
19:02:39.862 [main] TRACE - Resolving type for handle ctsheetviewsb918type
19:02:39.865 [main] TRACE - Resolving type for handle ctsheetview0f43type
19:02:39.873 [main] TRACE - Resolving type for handle ctsheetdimensiond310type
19:02:39.873 [main] TRACE - Resolving type for handle stref90a2type
19:02:39.873 [main] TRACE - Resolving type for handle ctsheetdata8408type
19:02:39.880 [main] TRACE - Resolving type for handle ctpagemargins5455type
19:02:39.886 [main] TRACE - Resolving type for handle ctcols627ctype
19:02:39.890 [main] TRACE - Resolving type for handle strelationshipid1e94type
19:02:39.893 [main] TRACE - Resolving type for handle ctrowdd39type
19:02:39.899 [main] TRACE - Resolving type for handle ctcell842btype
19:02:39.911 [main] TRACE - Resolving type for handle stcellrefe4e0type
19:02:39.911 [main] TRACE - Resolving type for handle ctrsta472type
19:02:39.920 [main] TRACE - Resolving type for handle stcelltypebf95type
19:03:08.673 [main] INFO  - Goto crm URL 
19:03:15.404 [main] TRACE - Loading type system org.apache.poi.schemas.ooxml.system.ooxml
19:03:15.404 [main] TRACE - Loading type system org.apache.xmlbeans.metadata.system.sXMLCONFIG
19:03:15.413 [main] TRACE - Loading type system org.apache.xmlbeans.metadata.system.sXMLLANG
19:03:15.413 [main] TRACE - Loading type system org.apache.xmlbeans.metadata.system.sXMLSCHEMA
19:03:15.413 [main] TRACE - Loading type system org.apache.xmlbeans.metadata.system.sXMLTOOLS
19:03:15.413 [main] TRACE - Reading unresolved handles for type system org.apache.xmlbeans.metadata.system.sXMLTOOLS
19:03:15.438 [main] TRACE - Finished loading type system org.apache.xmlbeans.metadata.system.sXMLTOOLS
19:03:15.438 [main] TRACE - Reading unresolved handles for type system org.apache.xmlbeans.metadata.system.sXMLSCHEMA
19:03:15.451 [main] TRACE - Finished loading type system org.apache.xmlbeans.metadata.system.sXMLSCHEMA
19:03:15.455 [main] TRACE - Reading unresolved handles for type system org.apache.xmlbeans.metadata.system.sXMLLANG
19:03:15.455 [main] TRACE - Finished loading type system org.apache.xmlbeans.metadata.system.sXMLLANG
19:03:15.455 [main] TRACE - Reading unresolved handles for type system org.apache.xmlbeans.metadata.system.sXMLCONFIG
19:03:15.455 [main] TRACE - Finished loading type system org.apache.xmlbeans.metadata.system.sXMLCONFIG
19:03:15.455 [main] TRACE - Reading unresolved handles for type system org.apache.poi.schemas.ooxml.system.ooxml
19:03:15.571 [main] TRACE - Finished loading type system org.apache.poi.schemas.ooxml.system.ooxml
19:03:15.571 [main] TRACE - Resolving type for handle ctworkbook83c3type
19:03:15.647 [main] TRACE - Resolving type for handle ctworkbookpr03a5type
19:03:15.661 [main] TRACE - Resolving type for handle ctbookviewsb864type
19:03:15.667 [main] TRACE - Resolving type for handle ctbookviewf677type
19:03:15.675 [main] TRACE - Resolving type for handle ctsheets49fdtype
19:03:15.675 [main] TRACE - Resolving type for handle propertiesee84doctype
19:03:15.684 [main] TRACE - Resolving type for handle ctproperties3f10type
19:03:15.697 [main] TRACE - Resolving type for handle properties288cdoctype
19:03:15.700 [main] TRACE - Resolving type for handle ctproperties2c18type
19:03:15.710 [main] TRACE - Resolving type for handle sstf81fdoctype
19:03:15.710 [main] TRACE - Resolving type for handle ctsst44f3type
19:03:15.721 [main] TRACE - Resolving type for handle stylesheet5d8bdoctype
19:03:15.721 [main] TRACE - Resolving type for handle ctstylesheet4257type
19:03:15.721 [main] TRACE - Resolving type for handle ctfont14d8type
19:03:15.737 [main] TRACE - Resolving type for handle ctfontsizeb3b9type
19:03:15.747 [main] TRACE - Resolving type for handle ctcolord2c2type
19:03:15.754 [main] TRACE - Resolving type for handle ctfontname2dc3type
19:03:15.755 [main] TRACE - Resolving type for handle stxstringf179type
19:03:15.763 [main] TRACE - Resolving type for handle ctfontfamily685ctype
19:03:15.763 [main] TRACE - Resolving type for handle stfontfamily9c6ctype
19:03:15.763 [main] TRACE - Resolving type for handle ctfontschemebf5dtype
19:03:15.773 [main] TRACE - Resolving type for handle stfontschemef36dtype
19:03:15.780 [main] TRACE - Resolving type for handle ctfill550ctype
19:03:15.780 [main] TRACE - Resolving type for handle ctpatternfill7452type
19:03:15.788 [main] TRACE - Resolving type for handle stpatterntype7939type
19:03:15.788 [main] TRACE - Resolving type for handle ctborderf935type
19:03:15.796 [main] TRACE - Resolving type for handle ctborderpre497type
19:03:15.807 [main] TRACE - Resolving type for handle ctxf97f7type
19:03:15.812 [main] TRACE - Resolving type for handle stnumfmtid76fbtype
19:03:15.817 [main] TRACE - Resolving type for handle stfontid9d63type
19:03:15.821 [main] TRACE - Resolving type for handle stfillida097type
19:03:15.824 [main] TRACE - Resolving type for handle stborderid1a80type
19:03:15.826 [main] TRACE - Resolving type for handle stcellstylexfid70c7type
19:03:15.832 [main] TRACE - Resolving type for handle ctsheet4dbetype
19:03:15.837 [main] TRACE - Resolving type for handle ctworksheet530dtype
19:03:15.844 [main] TRACE - Resolving type for handle ctsheetformatprdef7type
19:03:15.852 [main] TRACE - Resolving type for handle ctsheetviewsb918type
19:03:15.860 [main] TRACE - Resolving type for handle ctsheetview0f43type
19:03:15.871 [main] TRACE - Resolving type for handle ctsheetdimensiond310type
19:03:15.878 [main] TRACE - Resolving type for handle stref90a2type
19:03:15.881 [main] TRACE - Resolving type for handle ctsheetdata8408type
19:03:15.884 [main] TRACE - Resolving type for handle ctpagemargins5455type
19:03:15.897 [main] TRACE - Resolving type for handle ctcols627ctype
19:03:15.904 [main] TRACE - Resolving type for handle strelationshipid1e94type
19:03:15.908 [main] TRACE - Resolving type for handle ctrowdd39type
19:03:15.917 [main] TRACE - Resolving type for handle ctcell842btype
19:03:15.932 [main] TRACE - Resolving type for handle stcellrefe4e0type
19:03:15.936 [main] TRACE - Resolving type for handle ctrsta472type
19:03:15.944 [main] TRACE - Resolving type for handle stcelltypebf95type
19:03:16.217 [main] DEBUG - Save core properties part
19:03:16.219 [main] DEBUG - Save content types part
19:03:16.361 [main] DEBUG - Save package relationships
19:03:16.371 [main] DEBUG - Save part 'docProps/core.xml'
19:03:16.388 [main] DEBUG - Save part 'xl/sharedStrings.xml'
19:03:16.388 [main] DEBUG - Save part 'xl/styles.xml'
19:03:16.395 [main] DEBUG - Save part 'xl/workbook.xml'
19:03:16.399 [main] DEBUG - Save part 'xl/worksheets/sheet1.xml'
19:06:34.219 [main] INFO  - Goto crm URL 
19:06:41.032 [main] TRACE - Loading type system org.apache.poi.schemas.ooxml.system.ooxml
19:06:41.034 [main] TRACE - Loading type system org.apache.xmlbeans.metadata.system.sXMLCONFIG
19:06:41.034 [main] TRACE - Loading type system org.apache.xmlbeans.metadata.system.sXMLLANG
19:06:41.034 [main] TRACE - Loading type system org.apache.xmlbeans.metadata.system.sXMLSCHEMA
19:06:41.034 [main] TRACE - Loading type system org.apache.xmlbeans.metadata.system.sXMLTOOLS
19:06:41.046 [main] TRACE - Reading unresolved handles for type system org.apache.xmlbeans.metadata.system.sXMLTOOLS
19:06:41.068 [main] TRACE - Finished loading type system org.apache.xmlbeans.metadata.system.sXMLTOOLS
19:06:41.071 [main] TRACE - Reading unresolved handles for type system org.apache.xmlbeans.metadata.system.sXMLSCHEMA
19:06:41.077 [main] TRACE - Finished loading type system org.apache.xmlbeans.metadata.system.sXMLSCHEMA
19:06:41.084 [main] TRACE - Reading unresolved handles for type system org.apache.xmlbeans.metadata.system.sXMLLANG
19:06:41.087 [main] TRACE - Finished loading type system org.apache.xmlbeans.metadata.system.sXMLLANG
19:06:41.087 [main] TRACE - Reading unresolved handles for type system org.apache.xmlbeans.metadata.system.sXMLCONFIG
19:06:41.092 [main] TRACE - Finished loading type system org.apache.xmlbeans.metadata.system.sXMLCONFIG
19:06:41.094 [main] TRACE - Reading unresolved handles for type system org.apache.poi.schemas.ooxml.system.ooxml
19:06:41.183 [main] TRACE - Finished loading type system org.apache.poi.schemas.ooxml.system.ooxml
19:06:41.190 [main] TRACE - Resolving type for handle ctworkbook83c3type
19:06:41.254 [main] TRACE - Resolving type for handle ctworkbookpr03a5type
19:06:41.268 [main] TRACE - Resolving type for handle ctbookviewsb864type
19:06:41.276 [main] TRACE - Resolving type for handle ctbookviewf677type
19:06:41.285 [main] TRACE - Resolving type for handle ctsheets49fdtype
19:06:41.285 [main] TRACE - Resolving type for handle propertiesee84doctype
19:06:41.292 [main] TRACE - Resolving type for handle ctproperties3f10type
19:06:41.302 [main] TRACE - Resolving type for handle properties288cdoctype
19:06:41.302 [main] TRACE - Resolving type for handle ctproperties2c18type
19:06:41.316 [main] TRACE - Resolving type for handle sstf81fdoctype
19:06:41.316 [main] TRACE - Resolving type for handle ctsst44f3type
19:06:41.324 [main] TRACE - Resolving type for handle stylesheet5d8bdoctype
19:06:41.324 [main] TRACE - Resolving type for handle ctstylesheet4257type
