17:18:34.798 [main] TRACE - Resolving type for handle stpatterntype7939type
17:18:34.798 [main] TRACE - Resolving type for handle ctborderf935type
17:18:34.798 [main] TRACE - Resolving type for handle ctborderpre497type
17:18:34.798 [main] TRACE - Resolving type for handle ctxf97f7type
17:18:34.814 [main] TRACE - Resolving type for handle stnumfmtid76fbtype
17:18:34.814 [main] TRACE - Resolving type for handle stfontid9d63type
17:18:34.814 [main] TRACE - Resolving type for handle stfillida097type
17:18:34.814 [main] TRACE - Resolving type for handle stborderid1a80type
17:18:34.814 [main] TRACE - Resolving type for handle stcellstylexfid70c7type
17:18:34.814 [main] TRACE - Resolving type for handle ctsheet4dbetype
17:18:34.830 [main] TRACE - Resolving type for handle ctworksheet530dtype
17:18:34.830 [main] TRACE - Resolving type for handle ctsheetformatprdef7type
17:18:34.830 [main] TRACE - Resolving type for handle ctsheetviewsb918type
17:18:34.846 [main] TRACE - Resolving type for handle ctsheetview0f43type
17:18:34.846 [main] TRACE - Resolving type for handle ctsheetdimensiond310type
17:18:34.846 [main] TRACE - Resolving type for handle stref90a2type
17:18:34.846 [main] TRACE - Resolving type for handle ctsheetdata8408type
17:18:34.862 [main] TRACE - Resolving type for handle ctpagemargins5455type
17:18:34.862 [main] TRACE - Resolving type for handle ctcols627ctype
17:18:34.869 [main] TRACE - Resolving type for handle strelationshipid1e94type
17:18:34.869 [main] TRACE - Resolving type for handle ctrowdd39type
17:18:34.877 [main] TRACE - Resolving type for handle ctcell842btype
17:18:34.877 [main] TRACE - Resolving type for handle stcellrefe4e0type
17:18:34.877 [main] TRACE - Resolving type for handle ctrsta472type
17:18:34.877 [main] TRACE - Resolving type for handle stcelltypebf95type
17:18:35.037 [main] DEBUG - Save core properties part
17:18:35.037 [main] DEBUG - Save content types part
17:18:35.203 [main] DEBUG - Save package relationships
17:18:35.220 [main] DEBUG - Save part 'docProps/core.xml'
17:18:35.237 [main] DEBUG - Save part 'xl/sharedStrings.xml'
17:18:35.237 [main] DEBUG - Save part 'xl/styles.xml'
17:18:35.237 [main] DEBUG - Save part 'xl/workbook.xml'
17:18:35.253 [main] DEBUG - Save part 'xl/worksheets/sheet1.xml'
17:18:35.320 [main] DEBUG - Parsing relationship: /xl/_rels/workbook.xml.rels
17:18:35.320 [main] DEBUG - Parsing relationship: /xl/worksheets/_rels/sheet1.xml.rels
17:18:35.320 [main] DEBUG - Parsing relationship: /_rels/.rels
17:18:35.336 [main] TRACE - Resolving type for handle themefd26doctype
17:18:35.353 [main] TRACE - Resolving type for handle ctfonts6623type
17:18:35.353 [main] TRACE - Resolving type for handle ctfills2c6ftype
17:18:35.353 [main] TRACE - Resolving type for handle ctborders0d66type
17:18:35.353 [main] TRACE - Resolving type for handle ctcellxfs1322type
17:18:35.372 [main] TRACE - Resolving type for handle ctcellstylexfsa81ftype
17:18:35.374 [main] TRACE - Resolving type for handle ctdxfsb26atype
17:18:35.374 [main] TRACE - Resolving type for handle cttablestyles872ftype
17:18:35.386 [main] DEBUG - using default POIXMLDocumentPart for http://schemas.openxmlformats.org/officeDocument/2006/relationships/printerSettings
17:18:35.386 [main] TRACE - Resolving type for handle workbookec17doctype
17:18:35.386 [main] TRACE - Resolving type for handle worksheetf539doctype
17:18:35.402 [main] TRACE - Resolving type for handle ctcola95ftype
17:18:35.402 [main] TRACE - Resolving type for handle cthyperlinks6416type
17:18:35.402 [main] TRACE - Resolving type for handle cthyperlink0c85type
17:20:12.787 [main] DEBUG - Save core properties part
17:20:12.787 [main] DEBUG - Save content types part
17:20:12.788 [main] DEBUG - Save package relationships
17:20:12.789 [main] DEBUG - Save part 'docProps/core.xml'
17:20:12.790 [main] DEBUG - Save part 'xl/sharedStrings.xml'
17:20:12.790 [main] DEBUG - Save part 'xl/styles.xml'
17:20:12.790 [main] DEBUG - Save part 'xl/workbook.xml'
17:20:12.790 [main] DEBUG - Save part 'xl/worksheets/sheet1.xml'
17:20:12.799 [main] DEBUG - Parsing relationship: /xl/_rels/workbook.xml.rels
17:20:12.799 [main] DEBUG - Parsing relationship: /xl/worksheets/_rels/sheet1.xml.rels
17:20:12.800 [main] DEBUG - Parsing relationship: /_rels/.rels
17:20:12.808 [main] DEBUG - using default POIXMLDocumentPart for http://schemas.openxmlformats.org/officeDocument/2006/relationships/printerSettings
17:22:48.862 [main] DEBUG - Save core properties part
17:22:48.862 [main] DEBUG - Save content types part
17:22:48.866 [main] DEBUG - Save package relationships
17:22:48.866 [main] DEBUG - Save part 'docProps/core.xml'
17:22:48.873 [main] DEBUG - Save part 'xl/sharedStrings.xml'
17:22:48.873 [main] DEBUG - Save part 'xl/styles.xml'
17:22:48.873 [main] DEBUG - Save part 'xl/workbook.xml'
17:22:48.877 [main] DEBUG - Save part 'xl/worksheets/sheet1.xml'
17:22:48.894 [main] DEBUG - Parsing relationship: /xl/_rels/workbook.xml.rels
17:22:48.897 [main] DEBUG - Parsing relationship: /xl/worksheets/_rels/sheet1.xml.rels
17:22:48.897 [main] DEBUG - Parsing relationship: /_rels/.rels
17:22:48.919 [main] DEBUG - using default POIXMLDocumentPart for http://schemas.openxmlformats.org/officeDocument/2006/relationships/printerSettings
17:23:38.656 [main] DEBUG - Save core properties part
17:23:38.656 [main] DEBUG - Save content types part
17:23:38.656 [main] DEBUG - Save package relationships
17:23:38.656 [main] DEBUG - Save part 'docProps/core.xml'
17:23:38.656 [main] DEBUG - Save part 'xl/sharedStrings.xml'
17:23:38.656 [main] DEBUG - Save part 'xl/styles.xml'
17:23:38.656 [main] DEBUG - Save part 'xl/workbook.xml'
17:23:38.661 [main] DEBUG - Save part 'xl/worksheets/sheet1.xml'
17:23:38.669 [main] DEBUG - Parsing relationship: /xl/_rels/workbook.xml.rels
17:23:38.669 [main] DEBUG - Parsing relationship: /xl/worksheets/_rels/sheet1.xml.rels
17:23:38.672 [main] DEBUG - Parsing relationship: /_rels/.rels
17:23:38.685 [main] DEBUG - using default POIXMLDocumentPart for http://schemas.openxmlformats.org/officeDocument/2006/relationships/printerSettings
18:26:22.490 [main] TRACE - Loading type system org.apache.poi.schemas.ooxml.system.ooxml
18:26:22.490 [main] TRACE - Loading type system org.apache.xmlbeans.metadata.system.sXMLCONFIG
18:26:22.490 [main] TRACE - Loading type system org.apache.xmlbeans.metadata.system.sXMLLANG
18:26:22.490 [main] TRACE - Loading type system org.apache.xmlbeans.metadata.system.sXMLSCHEMA
18:26:22.490 [main] TRACE - Loading type system org.apache.xmlbeans.metadata.system.sXMLTOOLS
18:26:22.490 [main] TRACE - Reading unresolved handles for type system org.apache.xmlbeans.metadata.system.sXMLTOOLS
18:26:22.522 [main] TRACE - Finished loading type system org.apache.xmlbeans.metadata.system.sXMLTOOLS
18:26:22.522 [main] TRACE - Reading unresolved handles for type system org.apache.xmlbeans.metadata.system.sXMLSCHEMA
18:26:22.538 [main] TRACE - Finished loading type system org.apache.xmlbeans.metadata.system.sXMLSCHEMA
18:26:22.538 [main] TRACE - Reading unresolved handles for type system org.apache.xmlbeans.metadata.system.sXMLLANG
18:26:22.538 [main] TRACE - Finished loading type system org.apache.xmlbeans.metadata.system.sXMLLANG
18:26:22.538 [main] TRACE - Reading unresolved handles for type system org.apache.xmlbeans.metadata.system.sXMLCONFIG
18:26:22.538 [main] TRACE - Finished loading type system org.apache.xmlbeans.metadata.system.sXMLCONFIG
18:26:22.538 [main] TRACE - Reading unresolved handles for type system org.apache.poi.schemas.ooxml.system.ooxml
18:26:22.614 [main] TRACE - Finished loading type system org.apache.poi.schemas.ooxml.system.ooxml
18:26:22.618 [main] TRACE - Resolving type for handle ctworkbook83c3type
18:26:22.662 [main] TRACE - Resolving type for handle ctworkbookpr03a5type
18:26:22.678 [main] TRACE - Resolving type for handle ctbookviewsb864type
18:26:22.678 [main] TRACE - Resolving type for handle ctbookviewf677type
18:26:22.693 [main] TRACE - Resolving type for handle ctsheets49fdtype
18:26:22.693 [main] TRACE - Resolving type for handle propertiesee84doctype
18:26:22.693 [main] TRACE - Resolving type for handle ctproperties3f10type
18:26:22.714 [main] TRACE - Resolving type for handle properties288cdoctype
18:26:22.714 [main] TRACE - Resolving type for handle ctproperties2c18type
18:26:22.725 [main] TRACE - Resolving type for handle sstf81fdoctype
18:26:22.725 [main] TRACE - Resolving type for handle ctsst44f3type
18:26:22.741 [main] TRACE - Resolving type for handle stylesheet5d8bdoctype
18:26:22.757 [main] TRACE - Resolving type for handle ctstylesheet4257type
18:26:22.757 [main] TRACE - Resolving type for handle ctfont14d8type
18:26:22.757 [main] TRACE - Resolving type for handle ctfontsizeb3b9type
18:26:22.773 [main] TRACE - Resolving type for handle ctcolord2c2type
18:26:22.773 [main] TRACE - Resolving type for handle ctfontname2dc3type
18:26:22.789 [main] TRACE - Resolving type for handle stxstringf179type
18:26:22.789 [main] TRACE - Resolving type for handle ctfontfamily685ctype
18:26:22.789 [main] TRACE - Resolving type for handle stfontfamily9c6ctype
18:26:22.789 [main] TRACE - Resolving type for handle ctfontschemebf5dtype
18:26:22.805 [main] TRACE - Resolving type for handle stfontschemef36dtype
18:26:22.805 [main] TRACE - Resolving type for handle ctfill550ctype
18:26:22.814 [main] TRACE - Resolving type for handle ctpatternfill7452type
18:26:22.814 [main] TRACE - Resolving type for handle stpatterntype7939type
18:26:22.814 [main] TRACE - Resolving type for handle ctborderf935type
18:26:22.821 [main] TRACE - Resolving type for handle ctborderpre497type
18:26:22.821 [main] TRACE - Resolving type for handle ctxf97f7type
18:26:22.821 [main] TRACE - Resolving type for handle stnumfmtid76fbtype
18:26:22.821 [main] TRACE - Resolving type for handle stfontid9d63type
18:26:22.821 [main] TRACE - Resolving type for handle stfillida097type
18:26:22.821 [main] TRACE - Resolving type for handle stborderid1a80type
18:26:22.836 [main] TRACE - Resolving type for handle stcellstylexfid70c7type
18:26:22.868 [main] TRACE - Resolving type for handle ctsheet4dbetype
18:26:22.868 [main] TRACE - Resolving type for handle ctworksheet530dtype
18:26:22.868 [main] TRACE - Resolving type for handle ctsheetformatprdef7type
18:26:22.884 [main] TRACE - Resolving type for handle ctsheetviewsb918type
18:26:22.884 [main] TRACE - Resolving type for handle ctsheetview0f43type
18:26:22.884 [main] TRACE - Resolving type for handle ctsheetdimensiond310type
18:26:22.884 [main] TRACE - Resolving type for handle stref90a2type
18:26:22.884 [main] TRACE - Resolving type for handle ctsheetdata8408type
18:26:22.884 [main] TRACE - Resolving type for handle ctpagemargins5455type
18:26:22.884 [main] TRACE - Resolving type for handle ctcols627ctype
18:26:22.900 [main] TRACE - Resolving type for handle strelationshipid1e94type
18:26:22.900 [main] TRACE - Resolving type for handle ctrowdd39type
18:26:22.900 [main] TRACE - Resolving type for handle ctcell842btype
18:26:22.916 [main] TRACE - Resolving type for handle stcellrefe4e0type
18:26:22.916 [main] TRACE - Resolving type for handle ctrsta472type
18:26:22.916 [main] TRACE - Resolving type for handle stcelltypebf95type
18:26:23.180 [main] DEBUG - Save core properties part
18:26:23.180 [main] DEBUG - Save content types part
18:26:23.329 [main] DEBUG - Save package relationships
18:26:23.329 [main] DEBUG - Save part 'docProps/core.xml'
18:26:23.345 [main] DEBUG - Save part 'xl/sharedStrings.xml'
18:26:23.345 [main] DEBUG - Save part 'xl/styles.xml'
18:26:23.362 [main] DEBUG - Save part 'xl/workbook.xml'
18:26:23.362 [main] DEBUG - Save part 'xl/worksheets/sheet1.xml'
18:26:23.415 [main] DEBUG - Parsing relationship: /xl/_rels/workbook.xml.rels
18:26:23.415 [main] DEBUG - Parsing relationship: /xl/worksheets/_rels/sheet1.xml.rels
18:26:23.415 [main] DEBUG - Parsing relationship: /_rels/.rels
18:26:23.439 [main] TRACE - Resolving type for handle themefd26doctype
18:26:23.461 [main] TRACE - Resolving type for handle ctfonts6623type
18:26:23.461 [main] TRACE - Resolving type for handle ctfills2c6ftype
18:26:23.461 [main] TRACE - Resolving type for handle ctborders0d66type
18:26:23.461 [main] TRACE - Resolving type for handle ctcellxfs1322type
18:26:23.461 [main] TRACE - Resolving type for handle ctcellstylexfsa81ftype
18:26:23.461 [main] TRACE - Resolving type for handle ctdxfsb26atype
18:26:23.461 [main] TRACE - Resolving type for handle cttablestyles872ftype
18:26:23.491 [main] DEBUG - using default POIXMLDocumentPart for http://schemas.openxmlformats.org/officeDocument/2006/relationships/printerSettings
18:26:23.492 [main] TRACE - Resolving type for handle workbookec17doctype
18:26:23.495 [main] TRACE - Resolving type for handle worksheetf539doctype
18:26:23.501 [main] TRACE - Resolving type for handle ctcola95ftype
18:26:23.515 [main] TRACE - Resolving type for handle cthyperlinks6416type
18:26:23.515 [main] TRACE - Resolving type for handle cthyperlink0c85type
18:27:03.553 [main] DEBUG - Save core properties part
18:27:03.553 [main] DEBUG - Save content types part
18:27:03.553 [main] DEBUG - Save package relationships
18:27:03.553 [main] DEBUG - Save part 'docProps/core.xml'
18:27:03.553 [main] DEBUG - Save part 'xl/sharedStrings.xml'
18:27:03.553 [main] DEBUG - Save part 'xl/styles.xml'
18:27:03.553 [main] DEBUG - Save part 'xl/workbook.xml'
18:27:03.553 [main] DEBUG - Save part 'xl/worksheets/sheet1.xml'
18:27:03.563 [main] DEBUG - Parsing relationship: /xl/_rels/workbook.xml.rels
18:27:03.563 [main] DEBUG - Parsing relationship: /xl/worksheets/_rels/sheet1.xml.rels
18:27:03.563 [main] DEBUG - Parsing relationship: /_rels/.rels
18:27:03.574 [main] DEBUG - using default POIXMLDocumentPart for http://schemas.openxmlformats.org/officeDocument/2006/relationships/printerSettings
18:27:42.071 [main] DEBUG - Save core properties part
18:27:42.072 [main] DEBUG - Save content types part
18:27:42.072 [main] DEBUG - Save package relationships
18:27:42.072 [main] DEBUG - Save part 'docProps/core.xml'
18:27:42.072 [main] DEBUG - Save part 'xl/sharedStrings.xml'
18:27:42.072 [main] DEBUG - Save part 'xl/styles.xml'
18:27:42.072 [main] DEBUG - Save part 'xl/workbook.xml'
18:27:42.072 [main] DEBUG - Save part 'xl/worksheets/sheet1.xml'
18:27:42.079 [main] DEBUG - Parsing relationship: /xl/_rels/workbook.xml.rels
18:27:42.079 [main] DEBUG - Parsing relationship: /xl/worksheets/_rels/sheet1.xml.rels
18:27:42.079 [main] DEBUG - Parsing relationship: /_rels/.rels
18:27:42.079 [main] DEBUG - using default POIXMLDocumentPart for http://schemas.openxmlformats.org/officeDocument/2006/relationships/printerSettings
18:28:19.812 [main] DEBUG - Save core properties part
18:28:19.814 [main] DEBUG - Save content types part
18:28:19.814 [main] DEBUG - Save package relationships
18:28:19.814 [main] DEBUG - Save part 'docProps/core.xml'
18:28:19.814 [main] DEBUG - Save part 'xl/sharedStrings.xml'
18:28:19.814 [main] DEBUG - Save part 'xl/styles.xml'
18:28:19.814 [main] DEBUG - Save part 'xl/workbook.xml'
18:28:19.814 [main] DEBUG - Save part 'xl/worksheets/sheet1.xml'
18:28:19.823 [main] DEBUG - Parsing relationship: /xl/_rels/workbook.xml.rels
18:28:19.823 [main] DEBUG - Parsing relationship: /xl/worksheets/_rels/sheet1.xml.rels
18:28:19.823 [main] DEBUG - Parsing relationship: /_rels/.rels
18:28:19.830 [main] DEBUG - using default POIXMLDocumentPart for http://schemas.openxmlformats.org/officeDocument/2006/relationships/printerSettings
18:29:50.925 [main] TRACE - Loading type system org.apache.poi.schemas.ooxml.system.ooxml
18:29:50.925 [main] TRACE - Loading type system org.apache.xmlbeans.metadata.system.sXMLCONFIG
18:29:50.925 [main] TRACE - Loading type system org.apache.xmlbeans.metadata.system.sXMLLANG
18:29:50.925 [main] TRACE - Loading type system org.apache.xmlbeans.metadata.system.sXMLSCHEMA
18:29:50.925 [main] TRACE - Loading type system org.apache.xmlbeans.metadata.system.sXMLTOOLS
18:29:50.925 [main] TRACE - Reading unresolved handles for type system org.apache.xmlbeans.metadata.system.sXMLTOOLS
18:29:50.941 [main] TRACE - Finished loading type system org.apache.xmlbeans.metadata.system.sXMLTOOLS
18:29:50.941 [main] TRACE - Reading unresolved handles for type system org.apache.xmlbeans.metadata.system.sXMLSCHEMA
18:29:50.941 [main] TRACE - Finished loading type system org.apache.xmlbeans.metadata.system.sXMLSCHEMA
18:29:50.941 [main] TRACE - Reading unresolved handles for type system org.apache.xmlbeans.metadata.system.sXMLLANG
18:29:50.941 [main] TRACE - Finished loading type system org.apache.xmlbeans.metadata.system.sXMLLANG
18:29:50.941 [main] TRACE - Reading unresolved handles for type system org.apache.xmlbeans.metadata.system.sXMLCONFIG
18:29:50.941 [main] TRACE - Finished loading type system org.apache.xmlbeans.metadata.system.sXMLCONFIG
18:29:50.941 [main] TRACE - Reading unresolved handles for type system org.apache.poi.schemas.ooxml.system.ooxml
18:29:51.005 [main] TRACE - Finished loading type system org.apache.poi.schemas.ooxml.system.ooxml
18:29:51.005 [main] TRACE - Resolving type for handle ctworkbook83c3type
18:29:51.037 [main] TRACE - Resolving type for handle ctworkbookpr03a5type
18:29:51.052 [main] TRACE - Resolving type for handle ctbookviewsb864type
18:29:51.056 [main] TRACE - Resolving type for handle ctbookviewf677type
18:29:51.060 [main] TRACE - Resolving type for handle ctsheets49fdtype
18:29:51.062 [main] TRACE - Resolving type for handle propertiesee84doctype
18:29:51.065 [main] TRACE - Resolving type for handle ctproperties3f10type
18:29:51.068 [main] TRACE - Resolving type for handle properties288cdoctype
18:29:51.068 [main] TRACE - Resolving type for handle ctproperties2c18type
18:29:51.068 [main] TRACE - Resolving type for handle sstf81fdoctype
18:29:51.068 [main] TRACE - Resolving type for handle ctsst44f3type
18:29:51.068 [main] TRACE - Resolving type for handle stylesheet5d8bdoctype
18:29:51.068 [main] TRACE - Resolving type for handle ctstylesheet4257type
18:29:51.068 [main] TRACE - Resolving type for handle ctfont14d8type
18:29:51.084 [main] TRACE - Resolving type for handle ctfontsizeb3b9type
18:29:51.084 [main] TRACE - Resolving type for handle ctcolord2c2type
18:29:51.084 [main] TRACE - Resolving type for handle ctfontname2dc3type
18:29:51.084 [main] TRACE - Resolving type for handle stxstringf179type
18:29:51.084 [main] TRACE - Resolving type for handle ctfontfamily685ctype
18:29:51.084 [main] TRACE - Resolving type for handle stfontfamily9c6ctype
18:29:51.100 [main] TRACE - Resolving type for handle ctfontschemebf5dtype
18:29:51.100 [main] TRACE - Resolving type for handle stfontschemef36dtype
18:29:51.100 [main] TRACE - Resolving type for handle ctfill550ctype
18:29:51.100 [main] TRACE - Resolving type for handle ctpatternfill7452type
18:29:51.100 [main] TRACE - Resolving type for handle stpatterntype7939type
18:29:51.100 [main] TRACE - Resolving type for handle ctborderf935type
18:29:51.100 [main] TRACE - Resolving type for handle ctborderpre497type
18:29:51.100 [main] TRACE - Resolving type for handle ctxf97f7type
18:29:51.116 [main] TRACE - Resolving type for handle stnumfmtid76fbtype
18:29:51.116 [main] TRACE - Resolving type for handle stfontid9d63type
18:29:51.116 [main] TRACE - Resolving type for handle stfillida097type
18:29:51.116 [main] TRACE - Resolving type for handle stborderid1a80type
18:29:51.116 [main] TRACE - Resolving type for handle stcellstylexfid70c7type
18:29:51.116 [main] TRACE - Resolving type for handle ctsheet4dbetype
18:29:51.116 [main] TRACE - Resolving type for handle ctworksheet530dtype
18:29:51.116 [main] TRACE - Resolving type for handle ctsheetformatprdef7type
18:29:51.132 [main] TRACE - Resolving type for handle ctsheetviewsb918type
18:29:51.132 [main] TRACE - Resolving type for handle ctsheetview0f43type
18:29:51.132 [main] TRACE - Resolving type for handle ctsheetdimensiond310type
18:29:51.132 [main] TRACE - Resolving type for handle stref90a2type
18:29:51.132 [main] TRACE - Resolving type for handle ctsheetdata8408type
18:29:51.132 [main] TRACE - Resolving type for handle ctpagemargins5455type
18:29:51.148 [main] TRACE - Resolving type for handle ctcols627ctype
18:29:51.148 [main] TRACE - Resolving type for handle strelationshipid1e94type
18:29:51.148 [main] TRACE - Resolving type for handle ctrowdd39type
18:29:51.148 [main] TRACE - Resolving type for handle ctcell842btype
18:29:51.164 [main] TRACE - Resolving type for handle stcellrefe4e0type
18:29:51.165 [main] TRACE - Resolving type for handle ctrsta472type
18:29:51.165 [main] TRACE - Resolving type for handle stcelltypebf95type
18:29:51.324 [main] DEBUG - Save core properties part
18:29:51.324 [main] DEBUG - Save content types part
18:29:51.422 [main] DEBUG - Save package relationships
18:29:51.422 [main] DEBUG - Save part 'docProps/core.xml'
18:29:51.439 [main] DEBUG - Save part 'xl/sharedStrings.xml'
18:29:51.439 [main] DEBUG - Save part 'xl/styles.xml'
18:29:51.456 [main] DEBUG - Save part 'xl/workbook.xml'
18:29:51.456 [main] DEBUG - Save part 'xl/worksheets/sheet1.xml'
18:29:51.505 [main] DEBUG - Parsing relationship: /xl/_rels/workbook.xml.rels
18:29:51.505 [main] DEBUG - Parsing relationship: /xl/worksheets/_rels/sheet1.xml.rels
18:29:51.505 [main] DEBUG - Parsing relationship: /_rels/.rels
18:29:51.522 [main] TRACE - Resolving type for handle themefd26doctype
18:29:51.555 [main] TRACE - Resolving type for handle ctfonts6623type
18:29:51.555 [main] TRACE - Resolving type for handle ctfills2c6ftype
18:29:51.555 [main] TRACE - Resolving type for handle ctborders0d66type
18:29:51.555 [main] TRACE - Resolving type for handle ctcellxfs1322type
18:29:51.555 [main] TRACE - Resolving type for handle ctcellstylexfsa81ftype
18:29:51.565 [main] TRACE - Resolving type for handle ctdxfsb26atype
18:29:51.565 [main] TRACE - Resolving type for handle cttablestyles872ftype
18:29:51.584 [main] DEBUG - using default POIXMLDocumentPart for http://schemas.openxmlformats.org/officeDocument/2006/relationships/printerSettings
18:29:51.585 [main] TRACE - Resolving type for handle workbookec17doctype
18:29:51.589 [main] TRACE - Resolving type for handle worksheetf539doctype
18:29:51.599 [main] TRACE - Resolving type for handle ctcola95ftype
18:29:51.605 [main] TRACE - Resolving type for handle cthyperlinks6416type
18:29:51.605 [main] TRACE - Resolving type for handle cthyperlink0c85type
18:35:08.146 [main] TRACE - Loading type system org.apache.poi.schemas.ooxml.system.ooxml
18:35:08.151 [main] TRACE - Loading type system org.apache.xmlbeans.metadata.system.sXMLCONFIG
18:35:08.151 [main] TRACE - Loading type system org.apache.xmlbeans.metadata.system.sXMLLANG
18:35:08.151 [main] TRACE - Loading type system org.apache.xmlbeans.metadata.system.sXMLSCHEMA
18:35:08.151 [main] TRACE - Loading type system org.apache.xmlbeans.metadata.system.sXMLTOOLS
18:35:08.151 [main] TRACE - Reading unresolved handles for type system org.apache.xmlbeans.metadata.system.sXMLTOOLS
18:35:08.151 [main] TRACE - Finished loading type system org.apache.xmlbeans.metadata.system.sXMLTOOLS
18:35:08.151 [main] TRACE - Reading unresolved handles for type system org.apache.xmlbeans.metadata.system.sXMLSCHEMA
18:35:08.168 [main] TRACE - Finished loading type system org.apache.xmlbeans.metadata.system.sXMLSCHEMA
18:35:08.168 [main] TRACE - Reading unresolved handles for type system org.apache.xmlbeans.metadata.system.sXMLLANG
18:35:08.168 [main] TRACE - Finished loading type system org.apache.xmlbeans.metadata.system.sXMLLANG
18:35:08.168 [main] TRACE - Reading unresolved handles for type system org.apache.xmlbeans.metadata.system.sXMLCONFIG
18:35:08.168 [main] TRACE - Finished loading type system org.apache.xmlbeans.metadata.system.sXMLCONFIG
18:35:08.168 [main] TRACE - Reading unresolved handles for type system org.apache.poi.schemas.ooxml.system.ooxml
18:35:08.219 [main] TRACE - Finished loading type system org.apache.poi.schemas.ooxml.system.ooxml
18:35:08.219 [main] TRACE - Resolving type for handle ctworkbook83c3type
18:35:08.252 [main] TRACE - Resolving type for handle ctworkbookpr03a5type
18:35:08.269 [main] TRACE - Resolving type for handle ctbookviewsb864type
18:35:08.269 [main] TRACE - Resolving type for handle ctbookviewf677type
18:35:08.269 [main] TRACE - Resolving type for handle ctsheets49fdtype
18:35:08.269 [main] TRACE - Resolving type for handle propertiesee84doctype
18:35:08.269 [main] TRACE - Resolving type for handle ctproperties3f10type
18:35:08.285 [main] TRACE - Resolving type for handle properties288cdoctype
18:35:08.285 [main] TRACE - Resolving type for handle ctproperties2c18type
18:35:08.285 [main] TRACE - Resolving type for handle sstf81fdoctype
18:35:08.285 [main] TRACE - Resolving type for handle ctsst44f3type
18:35:08.285 [main] TRACE - Resolving type for handle stylesheet5d8bdoctype
18:35:08.285 [main] TRACE - Resolving type for handle ctstylesheet4257type
18:35:08.302 [main] TRACE - Resolving type for handle ctfont14d8type
18:35:08.302 [main] TRACE - Resolving type for handle ctfontsizeb3b9type
18:35:08.302 [main] TRACE - Resolving type for handle ctcolord2c2type
18:35:08.302 [main] TRACE - Resolving type for handle ctfontname2dc3type
18:35:08.302 [main] TRACE - Resolving type for handle stxstringf179type
18:35:08.302 [main] TRACE - Resolving type for handle ctfontfamily685ctype
18:35:08.318 [main] TRACE - Resolving type for handle stfontfamily9c6ctype
18:35:08.318 [main] TRACE - Resolving type for handle ctfontschemebf5dtype
18:35:08.318 [main] TRACE - Resolving type for handle stfontschemef36dtype
18:35:08.318 [main] TRACE - Resolving type for handle ctfill550ctype
18:35:08.318 [main] TRACE - Resolving type for handle ctpatternfill7452type
18:35:08.318 [main] TRACE - Resolving type for handle stpatterntype7939type
18:35:08.318 [main] TRACE - Resolving type for handle ctborderf935type
18:35:08.318 [main] TRACE - Resolving type for handle ctborderpre497type
18:35:08.334 [main] TRACE - Resolving type for handle ctxf97f7type
18:35:08.338 [main] TRACE - Resolving type for handle stnumfmtid76fbtype
18:35:08.338 [main] TRACE - Resolving type for handle stfontid9d63type
18:35:08.338 [main] TRACE - Resolving type for handle stfillida097type
18:35:08.338 [main] TRACE - Resolving type for handle stborderid1a80type
18:35:08.338 [main] TRACE - Resolving type for handle stcellstylexfid70c7type
18:35:08.338 [main] TRACE - Resolving type for handle ctsheet4dbetype
18:35:08.352 [main] TRACE - Resolving type for handle ctworksheet530dtype
18:35:08.356 [main] TRACE - Resolving type for handle ctsheetformatprdef7type
18:35:08.356 [main] TRACE - Resolving type for handle ctsheetviewsb918type
18:35:08.364 [main] TRACE - Resolving type for handle ctsheetview0f43type
18:35:08.368 [main] TRACE - Resolving type for handle ctsheetdimensiond310type
18:35:08.368 [main] TRACE - Resolving type for handle stref90a2type
18:35:08.368 [main] TRACE - Resolving type for handle ctsheetdata8408type
18:35:08.368 [main] TRACE - Resolving type for handle ctpagemargins5455type
18:35:08.368 [main] TRACE - Resolving type for handle ctcols627ctype
18:35:08.368 [main] TRACE - Resolving type for handle strelationshipid1e94type
18:35:08.368 [main] TRACE - Resolving type for handle ctrowdd39type
18:35:08.384 [main] TRACE - Resolving type for handle ctcell842btype
18:35:08.385 [main] TRACE - Resolving type for handle stcellrefe4e0type
18:35:08.385 [main] TRACE - Resolving type for handle ctrsta472type
18:35:08.385 [main] TRACE - Resolving type for handle stcelltypebf95type
18:35:08.520 [main] DEBUG - Save core properties part
18:35:08.520 [main] DEBUG - Save content types part
18:35:08.603 [main] DEBUG - Save package relationships
18:35:08.603 [main] DEBUG - Save part 'docProps/core.xml'
18:35:08.620 [main] DEBUG - Save part 'xl/sharedStrings.xml'
18:35:08.620 [main] DEBUG - Save part 'xl/styles.xml'
18:35:08.620 [main] DEBUG - Save part 'xl/workbook.xml'
18:35:08.620 [main] DEBUG - Save part 'xl/worksheets/sheet1.xml'
18:35:08.670 [main] DEBUG - Parsing relationship: /xl/_rels/workbook.xml.rels
18:35:08.670 [main] DEBUG - Parsing relationship: /xl/worksheets/_rels/sheet1.xml.rels
18:35:08.670 [main] DEBUG - Parsing relationship: /_rels/.rels
18:35:08.686 [main] TRACE - Resolving type for handle themefd26doctype
18:35:08.719 [main] TRACE - Resolving type for handle ctfonts6623type
18:35:08.719 [main] TRACE - Resolving type for handle ctfills2c6ftype
18:35:08.719 [main] TRACE - Resolving type for handle ctborders0d66type
18:35:08.719 [main] TRACE - Resolving type for handle ctcellxfs1322type
18:35:08.719 [main] TRACE - Resolving type for handle ctcellstylexfsa81ftype
18:35:08.719 [main] TRACE - Resolving type for handle ctdxfsb26atype
18:35:08.719 [main] TRACE - Resolving type for handle cttablestyles872ftype
18:35:08.735 [main] DEBUG - using default POIXMLDocumentPart for http://schemas.openxmlformats.org/officeDocument/2006/relationships/printerSettings
18:35:08.735 [main] TRACE - Resolving type for handle workbookec17doctype
18:35:08.751 [main] TRACE - Resolving type for handle worksheetf539doctype
18:35:08.751 [main] TRACE - Resolving type for handle ctcola95ftype
18:35:08.769 [main] TRACE - Resolving type for handle cthyperlinks6416type
18:35:08.769 [main] TRACE - Resolving type for handle cthyperlink0c85type
18:36:08.761 [main] DEBUG - Save core properties part
18:36:08.775 [main] DEBUG - Save content types part
18:36:08.777 [main] DEBUG - Save package relationships
18:36:08.777 [main] DEBUG - Save part 'docProps/core.xml'
18:36:08.777 [main] DEBUG - Save part 'xl/sharedStrings.xml'
18:36:08.777 [main] DEBUG - Save part 'xl/styles.xml'
18:36:08.777 [main] DEBUG - Save part 'xl/workbook.xml'
18:36:08.777 [main] DEBUG - Save part 'xl/worksheets/sheet1.xml'
18:36:08.795 [main] DEBUG - Parsing relationship: /xl/_rels/workbook.xml.rels
18:36:08.795 [main] DEBUG - Parsing relationship: /xl/worksheets/_rels/sheet1.xml.rels
18:36:08.795 [main] DEBUG - Parsing relationship: /_rels/.rels
18:36:08.810 [main] DEBUG - using default POIXMLDocumentPart for http://schemas.openxmlformats.org/officeDocument/2006/relationships/printerSettings
18:36:33.381 [main] DEBUG - Save core properties part
18:36:33.382 [main] DEBUG - Save content types part
18:36:33.384 [main] DEBUG - Save package relationships
18:36:33.384 [main] DEBUG - Save part 'docProps/core.xml'
18:36:33.386 [main] DEBUG - Save part 'xl/sharedStrings.xml'
18:36:33.386 [main] DEBUG - Save part 'xl/styles.xml'
18:36:33.386 [main] DEBUG - Save part 'xl/workbook.xml'
18:36:33.388 [main] DEBUG - Save part 'xl/worksheets/sheet1.xml'
18:36:33.392 [main] DEBUG - Parsing relationship: /xl/_rels/workbook.xml.rels
18:36:33.392 [main] DEBUG - Parsing relationship: /xl/worksheets/_rels/sheet1.xml.rels
18:36:33.392 [main] DEBUG - Parsing relationship: /_rels/.rels
18:36:33.402 [main] DEBUG - using default POIXMLDocumentPart for http://schemas.openxmlformats.org/officeDocument/2006/relationships/printerSettings
18:37:17.614 [main] DEBUG - Save core properties part
18:37:17.614 [main] DEBUG - Save content types part
18:37:17.614 [main] DEBUG - Save package relationships
18:37:17.614 [main] DEBUG - Save part 'docProps/core.xml'
18:37:17.614 [main] DEBUG - Save part 'xl/sharedStrings.xml'
18:37:17.614 [main] DEBUG - Save part 'xl/styles.xml'
18:37:17.614 [main] DEBUG - Save part 'xl/workbook.xml'
18:37:17.614 [main] DEBUG - Save part 'xl/worksheets/sheet1.xml'
18:37:17.614 [main] DEBUG - Parsing relationship: /xl/_rels/workbook.xml.rels
18:37:17.614 [main] DEBUG - Parsing relationship: /xl/worksheets/_rels/sheet1.xml.rels
18:37:17.614 [main] DEBUG - Parsing relationship: /_rels/.rels
18:37:17.631 [main] DEBUG - using default POIXMLDocumentPart for http://schemas.openxmlformats.org/officeDocument/2006/relationships/printerSettings
18:55:19.928 [main] TRACE - Loading type system org.apache.poi.schemas.ooxml.system.ooxml
18:55:19.933 [main] TRACE - Loading type system org.apache.xmlbeans.metadata.system.sXMLCONFIG
18:55:19.933 [main] TRACE - Loading type system org.apache.xmlbeans.metadata.system.sXMLLANG
18:55:19.933 [main] TRACE - Loading type system org.apache.xmlbeans.metadata.system.sXMLSCHEMA
18:55:19.933 [main] TRACE - Loading type system org.apache.xmlbeans.metadata.system.sXMLTOOLS
18:55:19.936 [main] TRACE - Reading unresolved handles for type system org.apache.xmlbeans.metadata.system.sXMLTOOLS
18:55:19.946 [main] TRACE - Finished loading type system org.apache.xmlbeans.metadata.system.sXMLTOOLS
18:55:19.948 [main] TRACE - Reading unresolved handles for type system org.apache.xmlbeans.metadata.system.sXMLSCHEMA
18:55:19.954 [main] TRACE - Finished loading type system org.apache.xmlbeans.metadata.system.sXMLSCHEMA
18:55:19.954 [main] TRACE - Reading unresolved handles for type system org.apache.xmlbeans.metadata.system.sXMLLANG
18:55:19.956 [main] TRACE - Finished loading type system org.apache.xmlbeans.metadata.system.sXMLLANG
18:55:19.956 [main] TRACE - Reading unresolved handles for type system org.apache.xmlbeans.metadata.system.sXMLCONFIG
18:55:19.956 [main] TRACE - Finished loading type system org.apache.xmlbeans.metadata.system.sXMLCONFIG
18:55:19.958 [main] TRACE - Reading unresolved handles for type system org.apache.poi.schemas.ooxml.system.ooxml
18:55:20.021 [main] TRACE - Finished loading type system org.apache.poi.schemas.ooxml.system.ooxml
18:55:20.021 [main] TRACE - Resolving type for handle ctworkbook83c3type
18:55:20.056 [main] TRACE - Resolving type for handle ctworkbookpr03a5type
18:55:20.063 [main] TRACE - Resolving type for handle ctbookviewsb864type
18:55:20.065 [main] TRACE - Resolving type for handle ctbookviewf677type
18:55:20.070 [main] TRACE - Resolving type for handle ctsheets49fdtype
18:55:20.072 [main] TRACE - Resolving type for handle propertiesee84doctype
18:55:20.074 [main] TRACE - Resolving type for handle ctproperties3f10type
18:55:20.074 [main] TRACE - Resolving type for handle properties288cdoctype
18:55:20.079 [main] TRACE - Resolving type for handle ctproperties2c18type
18:55:20.086 [main] TRACE - Resolving type for handle sstf81fdoctype
18:55:20.087 [main] TRACE - Resolving type for handle ctsst44f3type
18:55:20.091 [main] TRACE - Resolving type for handle stylesheet5d8bdoctype
18:55:20.091 [main] TRACE - Resolving type for handle ctstylesheet4257type
18:55:20.091 [main] TRACE - Resolving type for handle ctfont14d8type
18:55:20.100 [main] TRACE - Resolving type for handle ctfontsizeb3b9type
18:55:20.105 [main] TRACE - Resolving type for handle ctcolord2c2type
18:55:20.107 [main] TRACE - Resolving type for handle ctfontname2dc3type
18:55:20.107 [main] TRACE - Resolving type for handle stxstringf179type
18:55:20.112 [main] TRACE - Resolving type for handle ctfontfamily685ctype
18:55:20.114 [main] TRACE - Resolving type for handle stfontfamily9c6ctype
18:55:20.117 [main] TRACE - Resolving type for handle ctfontschemebf5dtype
18:55:20.117 [main] TRACE - Resolving type for handle stfontschemef36dtype
18:55:20.117 [main] TRACE - Resolving type for handle ctfill550ctype
18:55:20.123 [main] TRACE - Resolving type for handle ctpatternfill7452type
18:55:20.125 [main] TRACE - Resolving type for handle stpatterntype7939type
18:55:20.127 [main] TRACE - Resolving type for handle ctborderf935type
18:55:20.127 [main] TRACE - Resolving type for handle ctborderpre497type
18:55:20.132 [main] TRACE - Resolving type for handle ctxf97f7type
18:55:20.135 [main] TRACE - Resolving type for handle stnumfmtid76fbtype
18:55:20.135 [main] TRACE - Resolving type for handle stfontid9d63type
18:55:20.137 [main] TRACE - Resolving type for handle stfillida097type
18:55:20.137 [main] TRACE - Resolving type for handle stborderid1a80type
18:55:20.140 [main] TRACE - Resolving type for handle stcellstylexfid70c7type
18:55:20.142 [main] TRACE - Resolving type for handle ctsheet4dbetype
18:55:20.148 [main] TRACE - Resolving type for handle ctworksheet530dtype
18:55:20.152 [main] TRACE - Resolving type for handle ctsheetformatprdef7type
18:55:20.158 [main] TRACE - Resolving type for handle ctsheetviewsb918type
18:55:20.158 [main] TRACE - Resolving type for handle ctsheetview0f43type
18:55:20.164 [main] TRACE - Resolving type for handle ctsheetdimensiond310type
18:55:20.165 [main] TRACE - Resolving type for handle stref90a2type
18:55:20.167 [main] TRACE - Resolving type for handle ctsheetdata8408type
18:55:20.169 [main] TRACE - Resolving type for handle ctpagemargins5455type
18:55:20.172 [main] TRACE - Resolving type for handle ctcols627ctype
18:55:20.174 [main] TRACE - Resolving type for handle strelationshipid1e94type
18:55:20.174 [main] TRACE - Resolving type for handle ctrowdd39type
18:55:20.181 [main] TRACE - Resolving type for handle ctcell842btype
18:55:20.187 [main] TRACE - Resolving type for handle stcellrefe4e0type
18:55:20.189 [main] TRACE - Resolving type for handle ctrsta472type
18:55:20.189 [main] TRACE - Resolving type for handle stcelltypebf95type
18:55:20.337 [main] DEBUG - Save core properties part
18:55:20.339 [main] DEBUG - Save content types part
18:55:20.420 [main] DEBUG - Save package relationships
18:55:20.420 [main] DEBUG - Save part 'docProps/core.xml'
18:55:20.435 [main] DEBUG - Save part 'xl/sharedStrings.xml'
18:55:20.435 [main] DEBUG - Save part 'xl/styles.xml'
18:55:20.438 [main] DEBUG - Save part 'xl/workbook.xml'
18:55:20.440 [main] DEBUG - Save part 'xl/worksheets/sheet1.xml'
18:55:20.488 [main] DEBUG - Parsing relationship: /xl/_rels/workbook.xml.rels
18:55:20.489 [main] DEBUG - Parsing relationship: /xl/worksheets/_rels/sheet1.xml.rels
18:55:20.489 [main] DEBUG - Parsing relationship: /_rels/.rels
18:55:20.510 [main] TRACE - Resolving type for handle themefd26doctype
18:55:20.533 [main] TRACE - Resolving type for handle ctfonts6623type
18:55:20.535 [main] TRACE - Resolving type for handle ctfills2c6ftype
18:55:20.535 [main] TRACE - Resolving type for handle ctborders0d66type
18:55:20.539 [main] TRACE - Resolving type for handle ctcellxfs1322type
18:55:20.539 [main] TRACE - Resolving type for handle ctcellstylexfsa81ftype
18:55:20.541 [main] TRACE - Resolving type for handle ctdxfsb26atype
18:55:20.543 [main] TRACE - Resolving type for handle cttablestyles872ftype
18:55:20.561 [main] DEBUG - using default POIXMLDocumentPart for http://schemas.openxmlformats.org/officeDocument/2006/relationships/printerSettings
18:55:20.561 [main] TRACE - Resolving type for handle workbookec17doctype
18:55:20.567 [main] TRACE - Resolving type for handle worksheetf539doctype
18:55:20.576 [main] TRACE - Resolving type for handle ctcola95ftype
18:55:20.585 [main] TRACE - Resolving type for handle cthyperlinks6416type
18:55:20.587 [main] TRACE - Resolving type for handle cthyperlink0c85type
18:56:00.078 [main] DEBUG - Save core properties part
18:56:00.078 [main] DEBUG - Save content types part
18:56:00.080 [main] DEBUG - Save package relationships
18:56:00.081 [main] DEBUG - Save part 'docProps/core.xml'
18:56:00.082 [main] DEBUG - Save part 'xl/sharedStrings.xml'
18:56:00.082 [main] DEBUG - Save part 'xl/styles.xml'
18:56:00.082 [main] DEBUG - Save part 'xl/workbook.xml'
18:56:00.082 [main] DEBUG - Save part 'xl/worksheets/sheet1.xml'
18:56:00.089 [main] DEBUG - Parsing relationship: /xl/_rels/workbook.xml.rels
18:56:00.089 [main] DEBUG - Parsing relationship: /xl/worksheets/_rels/sheet1.xml.rels
18:56:00.091 [main] DEBUG - Parsing relationship: /_rels/.rels
18:56:00.099 [main] DEBUG - using default POIXMLDocumentPart for http://schemas.openxmlformats.org/officeDocument/2006/relationships/printerSettings
18:56:37.316 [main] DEBUG - Save core properties part
18:56:37.316 [main] DEBUG - Save content types part
18:56:37.316 [main] DEBUG - Save package relationships
18:56:37.316 [main] DEBUG - Save part 'docProps/core.xml'
18:56:37.316 [main] DEBUG - Save part 'xl/sharedStrings.xml'
18:56:37.316 [main] DEBUG - Save part 'xl/styles.xml'
18:56:37.316 [main] DEBUG - Save part 'xl/workbook.xml'
18:56:37.316 [main] DEBUG - Save part 'xl/worksheets/sheet1.xml'
18:56:37.334 [main] DEBUG - Parsing relationship: /xl/_rels/workbook.xml.rels
18:56:37.334 [main] DEBUG - Parsing relationship: /xl/worksheets/_rels/sheet1.xml.rels
18:56:37.334 [main] DEBUG - Parsing relationship: /_rels/.rels
18:56:37.334 [main] DEBUG - using default POIXMLDocumentPart for http://schemas.openxmlformats.org/officeDocument/2006/relationships/printerSettings
19:04:42.522 [main] TRACE - Loading type system org.apache.poi.schemas.ooxml.system.ooxml
19:04:42.522 [main] TRACE - Loading type system org.apache.xmlbeans.metadata.system.sXMLCONFIG
19:04:42.522 [main] TRACE - Loading type system org.apache.xmlbeans.metadata.system.sXMLLANG
19:04:42.522 [main] TRACE - Loading type system org.apache.xmlbeans.metadata.system.sXMLSCHEMA
19:04:42.522 [main] TRACE - Loading type system org.apache.xmlbeans.metadata.system.sXMLTOOLS
19:04:42.522 [main] TRACE - Reading unresolved handles for type system org.apache.xmlbeans.metadata.system.sXMLTOOLS
19:04:42.539 [main] TRACE - Finished loading type system org.apache.xmlbeans.metadata.system.sXMLTOOLS
19:04:42.539 [main] TRACE - Reading unresolved handles for type system org.apache.xmlbeans.metadata.system.sXMLSCHEMA
19:04:42.549 [main] TRACE - Finished loading type system org.apache.xmlbeans.metadata.system.sXMLSCHEMA
19:04:42.549 [main] TRACE - Reading unresolved handles for type system org.apache.xmlbeans.metadata.system.sXMLLANG
19:04:42.549 [main] TRACE - Finished loading type system org.apache.xmlbeans.metadata.system.sXMLLANG
19:04:42.549 [main] TRACE - Reading unresolved handles for type system org.apache.xmlbeans.metadata.system.sXMLCONFIG
19:04:42.549 [main] TRACE - Finished loading type system org.apache.xmlbeans.metadata.system.sXMLCONFIG
19:04:42.555 [main] TRACE - Reading unresolved handles for type system org.apache.poi.schemas.ooxml.system.ooxml
19:04:42.606 [main] TRACE - Finished loading type system org.apache.poi.schemas.ooxml.system.ooxml
19:04:42.606 [main] TRACE - Resolving type for handle ctworkbook83c3type
19:04:42.656 [main] TRACE - Resolving type for handle ctworkbookpr03a5type
19:04:42.656 [main] TRACE - Resolving type for handle ctbookviewsb864type
19:04:42.656 [main] TRACE - Resolving type for handle ctbookviewf677type
19:04:42.656 [main] TRACE - Resolving type for handle ctsheets49fdtype
19:04:42.672 [main] TRACE - Resolving type for handle propertiesee84doctype
19:04:42.672 [main] TRACE - Resolving type for handle ctproperties3f10type
19:04:42.672 [main] TRACE - Resolving type for handle properties288cdoctype
19:04:42.672 [main] TRACE - Resolving type for handle ctproperties2c18type
19:04:42.672 [main] TRACE - Resolving type for handle sstf81fdoctype
19:04:42.672 [main] TRACE - Resolving type for handle ctsst44f3type
19:04:42.688 [main] TRACE - Resolving type for handle stylesheet5d8bdoctype
19:04:42.689 [main] TRACE - Resolving type for handle ctstylesheet4257type
19:04:42.689 [main] TRACE - Resolving type for handle ctfont14d8type
19:04:42.689 [main] TRACE - Resolving type for handle ctfontsizeb3b9type
19:04:42.707 [main] TRACE - Resolving type for handle ctcolord2c2type
19:04:42.711 [main] TRACE - Resolving type for handle ctfontname2dc3type
19:04:42.711 [main] TRACE - Resolving type for handle stxstringf179type
19:04:42.711 [main] TRACE - Resolving type for handle ctfontfamily685ctype
19:04:42.711 [main] TRACE - Resolving type for handle stfontfamily9c6ctype
19:04:42.711 [main] TRACE - Resolving type for handle ctfontschemebf5dtype
19:04:42.711 [main] TRACE - Resolving type for handle stfontschemef36dtype
19:04:42.722 [main] TRACE - Resolving type for handle ctfill550ctype
19:04:42.722 [main] TRACE - Resolving type for handle ctpatternfill7452type
19:04:42.722 [main] TRACE - Resolving type for handle stpatterntype7939type
19:04:42.722 [main] TRACE - Resolving type for handle ctborderf935type
19:04:42.722 [main] TRACE - Resolving type for handle ctborderpre497type
19:04:42.722 [main] TRACE - Resolving type for handle ctxf97f7type
19:04:42.722 [main] TRACE - Resolving type for handle stnumfmtid76fbtype
19:04:42.722 [main] TRACE - Resolving type for handle stfontid9d63type
19:04:42.738 [main] TRACE - Resolving type for handle stfillida097type
19:04:42.738 [main] TRACE - Resolving type for handle stborderid1a80type
19:04:42.738 [main] TRACE - Resolving type for handle stcellstylexfid70c7type
19:04:42.738 [main] TRACE - Resolving type for handle ctsheet4dbetype
19:04:42.738 [main] TRACE - Resolving type for handle ctworksheet530dtype
19:04:42.750 [main] TRACE - Resolving type for handle ctsheetformatprdef7type
19:04:42.757 [main] TRACE - Resolving type for handle ctsheetviewsb918type
19:04:42.759 [main] TRACE - Resolving type for handle ctsheetview0f43type
19:04:42.764 [main] TRACE - Resolving type for handle ctsheetdimensiond310type
19:04:42.766 [main] TRACE - Resolving type for handle stref90a2type
19:04:42.767 [main] TRACE - Resolving type for handle ctsheetdata8408type
19:04:42.768 [main] TRACE - Resolving type for handle ctpagemargins5455type
19:04:42.771 [main] TRACE - Resolving type for handle ctcols627ctype
19:04:42.771 [main] TRACE - Resolving type for handle strelationshipid1e94type
19:04:42.771 [main] TRACE - Resolving type for handle ctrowdd39type
19:04:42.771 [main] TRACE - Resolving type for handle ctcell842btype
19:04:42.787 [main] TRACE - Resolving type for handle stcellrefe4e0type
19:04:42.787 [main] TRACE - Resolving type for handle ctrsta472type
19:04:42.787 [main] TRACE - Resolving type for handle stcelltypebf95type
19:04:43.007 [main] DEBUG - Save core properties part
19:04:43.023 [main] DEBUG - Save content types part
19:04:43.111 [main] DEBUG - Save package relationships
19:04:43.111 [main] DEBUG - Save part 'docProps/core.xml'
19:04:43.122 [main] DEBUG - Save part 'xl/sharedStrings.xml'
19:04:43.122 [main] DEBUG - Save part 'xl/styles.xml'
19:04:43.122 [main] DEBUG - Save part 'xl/workbook.xml'
19:04:43.122 [main] DEBUG - Save part 'xl/worksheets/sheet1.xml'
19:04:43.188 [main] DEBUG - Parsing relationship: /xl/_rels/workbook.xml.rels
19:04:43.188 [main] DEBUG - Parsing relationship: /xl/worksheets/_rels/sheet1.xml.rels
19:04:43.188 [main] DEBUG - Parsing relationship: /_rels/.rels
19:04:43.205 [main] TRACE - Resolving type for handle themefd26doctype
19:04:43.221 [main] TRACE - Resolving type for handle ctfonts6623type
19:04:43.221 [main] TRACE - Resolving type for handle ctfills2c6ftype
19:04:43.221 [main] TRACE - Resolving type for handle ctborders0d66type
19:04:43.238 [main] TRACE - Resolving type for handle ctcellxfs1322type
19:04:43.238 [main] TRACE - Resolving type for handle ctcellstylexfsa81ftype
19:04:43.238 [main] TRACE - Resolving type for handle ctdxfsb26atype
19:04:43.238 [main] TRACE - Resolving type for handle cttablestyles872ftype
19:04:43.254 [main] DEBUG - using default POIXMLDocumentPart for http://schemas.openxmlformats.org/officeDocument/2006/relationships/printerSettings
19:04:43.254 [main] TRACE - Resolving type for handle workbookec17doctype
19:04:43.254 [main] TRACE - Resolving type for handle worksheetf539doctype
19:04:43.271 [main] TRACE - Resolving type for handle ctcola95ftype
19:04:43.271 [main] TRACE - Resolving type for handle cthyperlinks6416type
19:04:43.271 [main] TRACE - Resolving type for handle cthyperlink0c85type
19:05:43.763 [main] DEBUG - Save core properties part
19:05:43.763 [main] DEBUG - Save content types part
19:05:43.772 [main] DEBUG - Save package relationships
19:05:43.772 [main] DEBUG - Save part 'docProps/core.xml'
19:05:43.772 [main] DEBUG - Save part 'xl/sharedStrings.xml'
19:05:43.772 [main] DEBUG - Save part 'xl/styles.xml'
19:05:43.772 [main] DEBUG - Save part 'xl/workbook.xml'
19:05:43.780 [main] DEBUG - Save part 'xl/worksheets/sheet1.xml'
19:05:43.797 [main] DEBUG - Parsing relationship: /xl/_rels/workbook.xml.rels
19:05:43.797 [main] DEBUG - Parsing relationship: /xl/worksheets/_rels/sheet1.xml.rels
19:05:43.797 [main] DEBUG - Parsing relationship: /_rels/.rels
19:05:43.814 [main] DEBUG - using default POIXMLDocumentPart for http://schemas.openxmlformats.org/officeDocument/2006/relationships/printerSettings
19:06:40.612 [main] DEBUG - Save core properties part
19:06:40.612 [main] DEBUG - Save content types part
19:06:40.612 [main] DEBUG - Save package relationships
19:06:40.612 [main] DEBUG - Save part 'docProps/core.xml'
19:06:40.614 [main] DEBUG - Save part 'xl/sharedStrings.xml'
19:06:40.614 [main] DEBUG - Save part 'xl/styles.xml'
19:06:40.614 [main] DEBUG - Save part 'xl/workbook.xml'
19:06:40.614 [main] DEBUG - Save part 'xl/worksheets/sheet1.xml'
19:06:40.620 [main] DEBUG - Parsing relationship: /xl/_rels/workbook.xml.rels
19:06:40.621 [main] DEBUG - Parsing relationship: /xl/worksheets/_rels/sheet1.xml.rels
19:06:40.623 [main] DEBUG - Parsing relationship: /_rels/.rels
19:06:40.623 [main] DEBUG - using default POIXMLDocumentPart for http://schemas.openxmlformats.org/officeDocument/2006/relationships/printerSettings
19:07:36.223 [main] DEBUG - Save core properties part
19:07:36.223 [main] DEBUG - Save content types part
19:07:36.223 [main] DEBUG - Save package relationships
19:07:36.223 [main] DEBUG - Save part 'docProps/core.xml'
19:07:36.223 [main] DEBUG - Save part 'xl/sharedStrings.xml'
19:07:36.223 [main] DEBUG - Save part 'xl/styles.xml'
19:07:36.223 [main] DEBUG - Save part 'xl/workbook.xml'
