12:17:06.387 [main] TRACE - Resolving type for handle ctsheetformatprdef7type
12:17:06.402 [main] TRACE - Resolving type for handle ctsheetviewsb918type
12:17:06.404 [main] TRACE - Resolving type for handle ctsheetview0f43type
12:17:06.404 [main] TRACE - Resolving type for handle ctsheetdimensiond310type
12:17:06.404 [main] TRACE - Resolving type for handle stref90a2type
12:17:06.404 [main] TRACE - Resolving type for handle ctsheetdata8408type
12:17:06.404 [main] TRACE - Resolving type for handle ctpagemargins5455type
12:17:06.416 [main] TRACE - Resolving type for handle ctcols627ctype
12:17:06.424 [main] TRACE - Resolving type for handle strelationshipid1e94type
12:17:06.426 [main] TRACE - Resolving type for handle ctrowdd39type
12:17:06.439 [main] TRACE - Resolving type for handle ctcell842btype
12:17:06.439 [main] TRACE - Resolving type for handle stcellrefe4e0type
12:17:06.448 [main] TRACE - Resolving type for handle ctrsta472type
12:17:06.450 [main] TRACE - Resolving type for handle stcelltypebf95type
12:17:06.631 [main] DEBUG - Save core properties part
12:17:06.631 [main] DEBUG - Save content types part
12:17:06.732 [main] DEBUG - Save package relationships
12:17:06.732 [main] DEBUG - Save part 'docProps/core.xml'
12:17:06.754 [main] DEBUG - Save part 'xl/sharedStrings.xml'
12:17:06.754 [main] DEBUG - Save part 'xl/styles.xml'
12:17:06.757 [main] DEBUG - Save part 'xl/workbook.xml'
12:17:06.759 [main] DEBUG - Save part 'xl/worksheets/sheet1.xml'
12:23:49.572 [main] INFO  - Goto crm URL 
12:23:56.367 [main] TRACE - Loading type system org.apache.poi.schemas.ooxml.system.ooxml
12:23:56.371 [main] TRACE - Loading type system org.apache.xmlbeans.metadata.system.sXMLCONFIG
12:23:56.371 [main] TRACE - Loading type system org.apache.xmlbeans.metadata.system.sXMLLANG
12:23:56.371 [main] TRACE - Loading type system org.apache.xmlbeans.metadata.system.sXMLSCHEMA
12:23:56.378 [main] TRACE - Loading type system org.apache.xmlbeans.metadata.system.sXMLTOOLS
12:23:56.379 [main] TRACE - Reading unresolved handles for type system org.apache.xmlbeans.metadata.system.sXMLTOOLS
12:23:56.396 [main] TRACE - Finished loading type system org.apache.xmlbeans.metadata.system.sXMLTOOLS
12:23:56.400 [main] TRACE - Reading unresolved handles for type system org.apache.xmlbeans.metadata.system.sXMLSCHEMA
12:23:56.403 [main] TRACE - Finished loading type system org.apache.xmlbeans.metadata.system.sXMLSCHEMA
12:23:56.412 [main] TRACE - Reading unresolved handles for type system org.apache.xmlbeans.metadata.system.sXMLLANG
12:23:56.412 [main] TRACE - Finished loading type system org.apache.xmlbeans.metadata.system.sXMLLANG
12:23:56.412 [main] TRACE - Reading unresolved handles for type system org.apache.xmlbeans.metadata.system.sXMLCONFIG
12:23:56.412 [main] TRACE - Finished loading type system org.apache.xmlbeans.metadata.system.sXMLCONFIG
12:23:56.416 [main] TRACE - Reading unresolved handles for type system org.apache.poi.schemas.ooxml.system.ooxml
12:23:56.508 [main] TRACE - Finished loading type system org.apache.poi.schemas.ooxml.system.ooxml
12:23:56.508 [main] TRACE - Resolving type for handle ctworkbook83c3type
12:23:56.582 [main] TRACE - Resolving type for handle ctworkbookpr03a5type
12:23:56.600 [main] TRACE - Resolving type for handle ctbookviewsb864type
12:23:56.604 [main] TRACE - Resolving type for handle ctbookviewf677type
12:23:56.612 [main] TRACE - Resolving type for handle ctsheets49fdtype
12:23:56.612 [main] TRACE - Resolving type for handle propertiesee84doctype
12:23:56.622 [main] TRACE - Resolving type for handle ctproperties3f10type
12:23:56.629 [main] TRACE - Resolving type for handle properties288cdoctype
12:23:56.634 [main] TRACE - Resolving type for handle ctproperties2c18type
12:23:56.634 [main] TRACE - Resolving type for handle sstf81fdoctype
12:23:56.645 [main] TRACE - Resolving type for handle ctsst44f3type
12:23:56.653 [main] TRACE - Resolving type for handle stylesheet5d8bdoctype
12:23:56.653 [main] TRACE - Resolving type for handle ctstylesheet4257type
12:23:56.662 [main] TRACE - Resolving type for handle ctfont14d8type
12:23:56.673 [main] TRACE - Resolving type for handle ctfontsizeb3b9type
12:23:56.677 [main] TRACE - Resolving type for handle ctcolord2c2type
12:23:56.686 [main] TRACE - Resolving type for handle ctfontname2dc3type
12:23:56.689 [main] TRACE - Resolving type for handle stxstringf179type
12:23:56.694 [main] TRACE - Resolving type for handle ctfontfamily685ctype
12:23:56.694 [main] TRACE - Resolving type for handle stfontfamily9c6ctype
12:23:56.694 [main] TRACE - Resolving type for handle ctfontschemebf5dtype
12:23:56.702 [main] TRACE - Resolving type for handle stfontschemef36dtype
12:23:56.710 [main] TRACE - Resolving type for handle ctfill550ctype
12:23:56.710 [main] TRACE - Resolving type for handle ctpatternfill7452type
12:23:56.710 [main] TRACE - Resolving type for handle stpatterntype7939type
12:23:56.718 [main] TRACE - Resolving type for handle ctborderf935type
12:23:56.718 [main] TRACE - Resolving type for handle ctborderpre497type
12:23:56.732 [main] TRACE - Resolving type for handle ctxf97f7type
12:23:56.734 [main] TRACE - Resolving type for handle stnumfmtid76fbtype
12:23:56.734 [main] TRACE - Resolving type for handle stfontid9d63type
12:23:56.742 [main] TRACE - Resolving type for handle stfillida097type
12:23:56.746 [main] TRACE - Resolving type for handle stborderid1a80type
12:23:56.748 [main] TRACE - Resolving type for handle stcellstylexfid70c7type
12:23:56.755 [main] TRACE - Resolving type for handle ctsheet4dbetype
12:23:56.763 [main] TRACE - Resolving type for handle ctworksheet530dtype
12:23:56.770 [main] TRACE - Resolving type for handle ctsheetformatprdef7type
12:23:56.776 [main] TRACE - Resolving type for handle ctsheetviewsb918type
12:23:56.784 [main] TRACE - Resolving type for handle ctsheetview0f43type
12:23:56.792 [main] TRACE - Resolving type for handle ctsheetdimensiond310type
12:23:56.792 [main] TRACE - Resolving type for handle stref90a2type
12:23:56.792 [main] TRACE - Resolving type for handle ctsheetdata8408type
12:23:56.800 [main] TRACE - Resolving type for handle ctpagemargins5455type
12:23:56.809 [main] TRACE - Resolving type for handle ctcols627ctype
12:23:56.809 [main] TRACE - Resolving type for handle strelationshipid1e94type
12:23:56.809 [main] TRACE - Resolving type for handle ctrowdd39type
12:23:56.817 [main] TRACE - Resolving type for handle ctcell842btype
12:23:56.834 [main] TRACE - Resolving type for handle stcellrefe4e0type
12:23:56.834 [main] TRACE - Resolving type for handle ctrsta472type
12:23:56.849 [main] TRACE - Resolving type for handle stcelltypebf95type
12:23:57.160 [main] DEBUG - Save core properties part
12:23:57.160 [main] DEBUG - Save content types part
12:23:57.321 [main] DEBUG - Save package relationships
12:23:57.333 [main] DEBUG - Save part 'docProps/core.xml'
12:23:57.350 [main] DEBUG - Save part 'xl/sharedStrings.xml'
12:23:57.350 [main] DEBUG - Save part 'xl/styles.xml'
12:23:57.373 [main] DEBUG - Save part 'xl/workbook.xml'
12:23:57.376 [main] DEBUG - Save part 'xl/worksheets/sheet1.xml'
12:34:55.535 [main] INFO  - Goto crm URL 
12:35:02.114 [main] TRACE - Loading type system org.apache.poi.schemas.ooxml.system.ooxml
12:35:02.120 [main] TRACE - Loading type system org.apache.xmlbeans.metadata.system.sXMLCONFIG
12:35:02.123 [main] TRACE - Loading type system org.apache.xmlbeans.metadata.system.sXMLLANG
12:35:02.124 [main] TRACE - Loading type system org.apache.xmlbeans.metadata.system.sXMLSCHEMA
12:35:02.124 [main] TRACE - Loading type system org.apache.xmlbeans.metadata.system.sXMLTOOLS
12:35:02.127 [main] TRACE - Reading unresolved handles for type system org.apache.xmlbeans.metadata.system.sXMLTOOLS
12:35:02.149 [main] TRACE - Finished loading type system org.apache.xmlbeans.metadata.system.sXMLTOOLS
12:35:02.151 [main] TRACE - Reading unresolved handles for type system org.apache.xmlbeans.metadata.system.sXMLSCHEMA
12:35:02.162 [main] TRACE - Finished loading type system org.apache.xmlbeans.metadata.system.sXMLSCHEMA
12:35:02.162 [main] TRACE - Reading unresolved handles for type system org.apache.xmlbeans.metadata.system.sXMLLANG
12:35:02.167 [main] TRACE - Finished loading type system org.apache.xmlbeans.metadata.system.sXMLLANG
12:35:02.167 [main] TRACE - Reading unresolved handles for type system org.apache.xmlbeans.metadata.system.sXMLCONFIG
12:35:02.172 [main] TRACE - Finished loading type system org.apache.xmlbeans.metadata.system.sXMLCONFIG
12:35:02.173 [main] TRACE - Reading unresolved handles for type system org.apache.poi.schemas.ooxml.system.ooxml
12:35:02.258 [main] TRACE - Finished loading type system org.apache.poi.schemas.ooxml.system.ooxml
12:35:02.262 [main] TRACE - Resolving type for handle ctworkbook83c3type
12:35:02.322 [main] TRACE - Resolving type for handle ctworkbookpr03a5type
12:35:02.339 [main] TRACE - Resolving type for handle ctbookviewsb864type
12:35:02.343 [main] TRACE - Resolving type for handle ctbookviewf677type
12:35:02.357 [main] TRACE - Resolving type for handle ctsheets49fdtype
12:35:02.358 [main] TRACE - Resolving type for handle propertiesee84doctype
12:35:02.358 [main] TRACE - Resolving type for handle ctproperties3f10type
12:35:02.375 [main] TRACE - Resolving type for handle properties288cdoctype
12:35:02.375 [main] TRACE - Resolving type for handle ctproperties2c18type
12:35:02.389 [main] TRACE - Resolving type for handle sstf81fdoctype
12:35:02.389 [main] TRACE - Resolving type for handle ctsst44f3type
12:35:02.397 [main] TRACE - Resolving type for handle stylesheet5d8bdoctype
12:35:02.400 [main] TRACE - Resolving type for handle ctstylesheet4257type
12:35:02.406 [main] TRACE - Resolving type for handle ctfont14d8type
12:35:02.416 [main] TRACE - Resolving type for handle ctfontsizeb3b9type
12:35:02.423 [main] TRACE - Resolving type for handle ctcolord2c2type
12:35:02.425 [main] TRACE - Resolving type for handle ctfontname2dc3type
12:35:02.427 [main] TRACE - Resolving type for handle stxstringf179type
12:35:02.432 [main] TRACE - Resolving type for handle ctfontfamily685ctype
12:35:02.434 [main] TRACE - Resolving type for handle stfontfamily9c6ctype
12:35:02.441 [main] TRACE - Resolving type for handle ctfontschemebf5dtype
12:35:02.441 [main] TRACE - Resolving type for handle stfontschemef36dtype
12:35:02.449 [main] TRACE - Resolving type for handle ctfill550ctype
12:35:02.455 [main] TRACE - Resolving type for handle ctpatternfill7452type
12:35:02.457 [main] TRACE - Resolving type for handle stpatterntype7939type
12:35:02.457 [main] TRACE - Resolving type for handle ctborderf935type
12:35:02.466 [main] TRACE - Resolving type for handle ctborderpre497type
12:35:02.475 [main] TRACE - Resolving type for handle ctxf97f7type
12:35:02.481 [main] TRACE - Resolving type for handle stnumfmtid76fbtype
12:35:02.481 [main] TRACE - Resolving type for handle stfontid9d63type
12:35:02.481 [main] TRACE - Resolving type for handle stfillida097type
12:35:02.489 [main] TRACE - Resolving type for handle stborderid1a80type
12:35:02.492 [main] TRACE - Resolving type for handle stcellstylexfid70c7type
12:35:02.498 [main] TRACE - Resolving type for handle ctsheet4dbetype
12:35:02.506 [main] TRACE - Resolving type for handle ctworksheet530dtype
12:35:02.515 [main] TRACE - Resolving type for handle ctsheetformatprdef7type
12:35:02.527 [main] TRACE - Resolving type for handle ctsheetviewsb918type
12:35:02.531 [main] TRACE - Resolving type for handle ctsheetview0f43type
12:35:02.539 [main] TRACE - Resolving type for handle ctsheetdimensiond310type
12:35:02.544 [main] TRACE - Resolving type for handle stref90a2type
12:35:02.548 [main] TRACE - Resolving type for handle ctsheetdata8408type
12:35:02.550 [main] TRACE - Resolving type for handle ctpagemargins5455type
12:35:02.556 [main] TRACE - Resolving type for handle ctcols627ctype
12:35:02.561 [main] TRACE - Resolving type for handle strelationshipid1e94type
12:35:02.563 [main] TRACE - Resolving type for handle ctrowdd39type
12:35:02.569 [main] TRACE - Resolving type for handle ctcell842btype
12:35:02.577 [main] TRACE - Resolving type for handle stcellrefe4e0type
12:35:02.581 [main] TRACE - Resolving type for handle ctrsta472type
12:35:02.585 [main] TRACE - Resolving type for handle stcelltypebf95type
12:35:02.777 [main] DEBUG - Save core properties part
12:35:02.777 [main] DEBUG - Save content types part
12:35:02.910 [main] DEBUG - Save package relationships
12:35:02.920 [main] DEBUG - Save part 'docProps/core.xml'
12:35:02.933 [main] DEBUG - Save part 'xl/sharedStrings.xml'
12:35:02.933 [main] DEBUG - Save part 'xl/styles.xml'
12:35:02.944 [main] DEBUG - Save part 'xl/workbook.xml'
12:35:02.946 [main] DEBUG - Save part 'xl/worksheets/sheet1.xml'
12:40:21.414 [main] INFO  - Goto crm URL 
12:40:28.113 [main] TRACE - Loading type system org.apache.poi.schemas.ooxml.system.ooxml
12:40:28.113 [main] TRACE - Loading type system org.apache.xmlbeans.metadata.system.sXMLCONFIG
12:40:28.113 [main] TRACE - Loading type system org.apache.xmlbeans.metadata.system.sXMLLANG
12:40:28.113 [main] TRACE - Loading type system org.apache.xmlbeans.metadata.system.sXMLSCHEMA
12:40:28.113 [main] TRACE - Loading type system org.apache.xmlbeans.metadata.system.sXMLTOOLS
12:40:28.129 [main] TRACE - Reading unresolved handles for type system org.apache.xmlbeans.metadata.system.sXMLTOOLS
12:40:28.149 [main] TRACE - Finished loading type system org.apache.xmlbeans.metadata.system.sXMLTOOLS
12:40:28.149 [main] TRACE - Reading unresolved handles for type system org.apache.xmlbeans.metadata.system.sXMLSCHEMA
12:40:28.159 [main] TRACE - Finished loading type system org.apache.xmlbeans.metadata.system.sXMLSCHEMA
12:40:28.163 [main] TRACE - Reading unresolved handles for type system org.apache.xmlbeans.metadata.system.sXMLLANG
12:40:28.163 [main] TRACE - Finished loading type system org.apache.xmlbeans.metadata.system.sXMLLANG
12:40:28.166 [main] TRACE - Reading unresolved handles for type system org.apache.xmlbeans.metadata.system.sXMLCONFIG
12:40:28.168 [main] TRACE - Finished loading type system org.apache.xmlbeans.metadata.system.sXMLCONFIG
12:40:28.170 [main] TRACE - Reading unresolved handles for type system org.apache.poi.schemas.ooxml.system.ooxml
12:40:28.266 [main] TRACE - Finished loading type system org.apache.poi.schemas.ooxml.system.ooxml
12:40:28.266 [main] TRACE - Resolving type for handle ctworkbook83c3type
12:40:28.328 [main] TRACE - Resolving type for handle ctworkbookpr03a5type
12:40:28.342 [main] TRACE - Resolving type for handle ctbookviewsb864type
12:40:28.348 [main] TRACE - Resolving type for handle ctbookviewf677type
12:40:28.354 [main] TRACE - Resolving type for handle ctsheets49fdtype
12:40:28.364 [main] TRACE - Resolving type for handle propertiesee84doctype
12:40:28.364 [main] TRACE - Resolving type for handle ctproperties3f10type
12:40:28.373 [main] TRACE - Resolving type for handle properties288cdoctype
12:40:28.380 [main] TRACE - Resolving type for handle ctproperties2c18type
12:40:28.391 [main] TRACE - Resolving type for handle sstf81fdoctype
12:40:28.394 [main] TRACE - Resolving type for handle ctsst44f3type
12:40:28.398 [main] TRACE - Resolving type for handle stylesheet5d8bdoctype
12:40:28.398 [main] TRACE - Resolving type for handle ctstylesheet4257type
12:40:28.398 [main] TRACE - Resolving type for handle ctfont14d8type
12:40:28.420 [main] TRACE - Resolving type for handle ctfontsizeb3b9type
12:40:28.420 [main] TRACE - Resolving type for handle ctcolord2c2type
12:40:28.430 [main] TRACE - Resolving type for handle ctfontname2dc3type
12:40:28.430 [main] TRACE - Resolving type for handle stxstringf179type
12:40:28.430 [main] TRACE - Resolving type for handle ctfontfamily685ctype
12:40:28.430 [main] TRACE - Resolving type for handle stfontfamily9c6ctype
12:40:28.430 [main] TRACE - Resolving type for handle ctfontschemebf5dtype
12:40:28.445 [main] TRACE - Resolving type for handle stfontschemef36dtype
12:40:28.448 [main] TRACE - Resolving type for handle ctfill550ctype
12:40:28.453 [main] TRACE - Resolving type for handle ctpatternfill7452type
12:40:28.453 [main] TRACE - Resolving type for handle stpatterntype7939type
12:40:28.463 [main] TRACE - Resolving type for handle ctborderf935type
12:40:28.466 [main] TRACE - Resolving type for handle ctborderpre497type
12:40:28.468 [main] TRACE - Resolving type for handle ctxf97f7type
12:40:28.476 [main] TRACE - Resolving type for handle stnumfmtid76fbtype
12:40:28.480 [main] TRACE - Resolving type for handle stfontid9d63type
12:40:28.482 [main] TRACE - Resolving type for handle stfillida097type
12:40:28.482 [main] TRACE - Resolving type for handle stborderid1a80type
12:40:28.482 [main] TRACE - Resolving type for handle stcellstylexfid70c7type
12:40:28.492 [main] TRACE - Resolving type for handle ctsheet4dbetype
12:40:28.500 [main] TRACE - Resolving type for handle ctworksheet530dtype
12:40:28.508 [main] TRACE - Resolving type for handle ctsheetformatprdef7type
12:40:28.521 [main] TRACE - Resolving type for handle ctsheetviewsb918type
12:40:28.525 [main] TRACE - Resolving type for handle ctsheetview0f43type
12:40:28.535 [main] TRACE - Resolving type for handle ctsheetdimensiond310type
12:40:28.539 [main] TRACE - Resolving type for handle stref90a2type
12:40:28.541 [main] TRACE - Resolving type for handle ctsheetdata8408type
12:40:28.546 [main] TRACE - Resolving type for handle ctpagemargins5455type
12:40:28.554 [main] TRACE - Resolving type for handle ctcols627ctype
12:40:28.557 [main] TRACE - Resolving type for handle strelationshipid1e94type
12:40:28.557 [main] TRACE - Resolving type for handle ctrowdd39type
12:40:28.566 [main] TRACE - Resolving type for handle ctcell842btype
12:40:28.579 [main] TRACE - Resolving type for handle stcellrefe4e0type
12:40:28.582 [main] TRACE - Resolving type for handle ctrsta472type
12:40:28.582 [main] TRACE - Resolving type for handle stcelltypebf95type
12:40:28.855 [main] DEBUG - Save core properties part
12:40:28.855 [main] DEBUG - Save content types part
12:40:29.013 [main] DEBUG - Save package relationships
12:40:29.017 [main] DEBUG - Save part 'docProps/core.xml'
12:40:29.030 [main] DEBUG - Save part 'xl/sharedStrings.xml'
12:40:29.030 [main] DEBUG - Save part 'xl/styles.xml'
12:40:29.037 [main] DEBUG - Save part 'xl/workbook.xml'
12:40:29.042 [main] DEBUG - Save part 'xl/worksheets/sheet1.xml'
13:21:15.623 [main] INFO  - Goto crm URL 
13:21:21.765 [main] TRACE - Loading type system org.apache.poi.schemas.ooxml.system.ooxml
13:21:21.780 [main] TRACE - Loading type system org.apache.xmlbeans.metadata.system.sXMLCONFIG
13:21:21.781 [main] TRACE - Loading type system org.apache.xmlbeans.metadata.system.sXMLLANG
13:21:21.781 [main] TRACE - Loading type system org.apache.xmlbeans.metadata.system.sXMLSCHEMA
13:21:21.781 [main] TRACE - Loading type system org.apache.xmlbeans.metadata.system.sXMLTOOLS
13:21:21.781 [main] TRACE - Reading unresolved handles for type system org.apache.xmlbeans.metadata.system.sXMLTOOLS
13:21:21.800 [main] TRACE - Finished loading type system org.apache.xmlbeans.metadata.system.sXMLTOOLS
13:21:21.800 [main] TRACE - Reading unresolved handles for type system org.apache.xmlbeans.metadata.system.sXMLSCHEMA
13:21:21.815 [main] TRACE - Finished loading type system org.apache.xmlbeans.metadata.system.sXMLSCHEMA
13:21:21.815 [main] TRACE - Reading unresolved handles for type system org.apache.xmlbeans.metadata.system.sXMLLANG
13:21:21.815 [main] TRACE - Finished loading type system org.apache.xmlbeans.metadata.system.sXMLLANG
13:21:21.815 [main] TRACE - Reading unresolved handles for type system org.apache.xmlbeans.metadata.system.sXMLCONFIG
13:21:21.830 [main] TRACE - Finished loading type system org.apache.xmlbeans.metadata.system.sXMLCONFIG
13:21:21.831 [main] TRACE - Reading unresolved handles for type system org.apache.poi.schemas.ooxml.system.ooxml
13:21:21.881 [main] TRACE - Finished loading type system org.apache.poi.schemas.ooxml.system.ooxml
13:21:21.881 [main] TRACE - Resolving type for handle ctworkbook83c3type
13:21:21.930 [main] TRACE - Resolving type for handle ctworkbookpr03a5type
13:21:21.931 [main] TRACE - Resolving type for handle ctbookviewsb864type
13:21:21.931 [main] TRACE - Resolving type for handle ctbookviewf677type
13:21:21.946 [main] TRACE - Resolving type for handle ctsheets49fdtype
13:21:21.947 [main] TRACE - Resolving type for handle propertiesee84doctype
13:21:21.947 [main] TRACE - Resolving type for handle ctproperties3f10type
13:21:21.947 [main] TRACE - Resolving type for handle properties288cdoctype
13:21:21.947 [main] TRACE - Resolving type for handle ctproperties2c18type
13:21:21.964 [main] TRACE - Resolving type for handle sstf81fdoctype
13:21:21.964 [main] TRACE - Resolving type for handle ctsst44f3type
13:21:21.964 [main] TRACE - Resolving type for handle stylesheet5d8bdoctype
13:21:21.964 [main] TRACE - Resolving type for handle ctstylesheet4257type
13:21:21.964 [main] TRACE - Resolving type for handle ctfont14d8type
13:21:21.980 [main] TRACE - Resolving type for handle ctfontsizeb3b9type
13:21:21.981 [main] TRACE - Resolving type for handle ctcolord2c2type
13:21:21.981 [main] TRACE - Resolving type for handle ctfontname2dc3type
13:21:21.981 [main] TRACE - Resolving type for handle stxstringf179type
13:21:21.997 [main] TRACE - Resolving type for handle ctfontfamily685ctype
13:21:21.997 [main] TRACE - Resolving type for handle stfontfamily9c6ctype
13:21:22.000 [main] TRACE - Resolving type for handle ctfontschemebf5dtype
13:21:22.000 [main] TRACE - Resolving type for handle stfontschemef36dtype
13:21:22.000 [main] TRACE - Resolving type for handle ctfill550ctype
13:21:22.000 [main] TRACE - Resolving type for handle ctpatternfill7452type
13:21:22.000 [main] TRACE - Resolving type for handle stpatterntype7939type
13:21:22.015 [main] TRACE - Resolving type for handle ctborderf935type
13:21:22.015 [main] TRACE - Resolving type for handle ctborderpre497type
13:21:22.015 [main] TRACE - Resolving type for handle ctxf97f7type
13:21:22.015 [main] TRACE - Resolving type for handle stnumfmtid76fbtype
13:21:22.015 [main] TRACE - Resolving type for handle stfontid9d63type
13:21:22.015 [main] TRACE - Resolving type for handle stfillida097type
13:21:22.029 [main] TRACE - Resolving type for handle stborderid1a80type
13:21:22.031 [main] TRACE - Resolving type for handle stcellstylexfid70c7type
13:21:22.031 [main] TRACE - Resolving type for handle ctsheet4dbetype
13:21:22.031 [main] TRACE - Resolving type for handle ctworksheet530dtype
13:21:22.031 [main] TRACE - Resolving type for handle ctsheetformatprdef7type
13:21:22.047 [main] TRACE - Resolving type for handle ctsheetviewsb918type
13:21:22.047 [main] TRACE - Resolving type for handle ctsheetview0f43type
13:21:22.047 [main] TRACE - Resolving type for handle ctsheetdimensiond310type
13:21:22.047 [main] TRACE - Resolving type for handle stref90a2type
13:21:22.047 [main] TRACE - Resolving type for handle ctsheetdata8408type
13:21:22.047 [main] TRACE - Resolving type for handle ctpagemargins5455type
13:21:22.064 [main] TRACE - Resolving type for handle ctcols627ctype
13:21:22.081 [main] TRACE - Resolving type for handle strelationshipid1e94type
13:21:22.081 [main] TRACE - Resolving type for handle ctrowdd39type
13:21:22.081 [main] TRACE - Resolving type for handle ctcell842btype
13:21:22.097 [main] TRACE - Resolving type for handle stcellrefe4e0type
13:21:22.100 [main] TRACE - Resolving type for handle ctrsta472type
13:21:22.100 [main] TRACE - Resolving type for handle stcelltypebf95type
13:21:22.248 [main] DEBUG - Save core properties part
13:21:22.248 [main] DEBUG - Save content types part
13:21:22.364 [main] DEBUG - Save package relationships
13:21:22.364 [main] DEBUG - Save part 'docProps/core.xml'
13:21:22.396 [main] DEBUG - Save part 'xl/sharedStrings.xml'
13:21:22.397 [main] DEBUG - Save part 'xl/styles.xml'
13:21:22.400 [main] DEBUG - Save part 'xl/workbook.xml'
13:21:22.400 [main] DEBUG - Save part 'xl/worksheets/sheet1.xml'
09:10:56.097 [main] INFO  - Goto crm URL 
09:11:02.924 [main] TRACE - Loading type system org.apache.poi.schemas.ooxml.system.ooxml
09:11:02.941 [main] TRACE - Loading type system org.apache.xmlbeans.metadata.system.sXMLCONFIG
09:11:02.941 [main] TRACE - Loading type system org.apache.xmlbeans.metadata.system.sXMLLANG
09:11:02.941 [main] TRACE - Loading type system org.apache.xmlbeans.metadata.system.sXMLSCHEMA
09:11:02.941 [main] TRACE - Loading type system org.apache.xmlbeans.metadata.system.sXMLTOOLS
09:11:02.941 [main] TRACE - Reading unresolved handles for type system org.apache.xmlbeans.metadata.system.sXMLTOOLS
09:11:02.958 [main] TRACE - Finished loading type system org.apache.xmlbeans.metadata.system.sXMLTOOLS
09:11:02.958 [main] TRACE - Reading unresolved handles for type system org.apache.xmlbeans.metadata.system.sXMLSCHEMA
09:11:02.974 [main] TRACE - Finished loading type system org.apache.xmlbeans.metadata.system.sXMLSCHEMA
09:11:02.974 [main] TRACE - Reading unresolved handles for type system org.apache.xmlbeans.metadata.system.sXMLLANG
09:11:02.974 [main] TRACE - Finished loading type system org.apache.xmlbeans.metadata.system.sXMLLANG
09:11:02.974 [main] TRACE - Reading unresolved handles for type system org.apache.xmlbeans.metadata.system.sXMLCONFIG
09:11:02.974 [main] TRACE - Finished loading type system org.apache.xmlbeans.metadata.system.sXMLCONFIG
09:11:02.974 [main] TRACE - Reading unresolved handles for type system org.apache.poi.schemas.ooxml.system.ooxml
09:11:03.074 [main] TRACE - Finished loading type system org.apache.poi.schemas.ooxml.system.ooxml
09:11:03.074 [main] TRACE - Resolving type for handle ctworkbook83c3type
09:11:03.157 [main] TRACE - Resolving type for handle ctworkbookpr03a5type
09:11:03.174 [main] TRACE - Resolving type for handle ctbookviewsb864type
09:11:03.174 [main] TRACE - Resolving type for handle ctbookviewf677type
09:11:03.193 [main] TRACE - Resolving type for handle ctsheets49fdtype
09:11:03.199 [main] TRACE - Resolving type for handle propertiesee84doctype
09:11:03.201 [main] TRACE - Resolving type for handle ctproperties3f10type
09:11:03.209 [main] TRACE - Resolving type for handle properties288cdoctype
09:11:03.217 [main] TRACE - Resolving type for handle ctproperties2c18type
09:11:03.225 [main] TRACE - Resolving type for handle sstf81fdoctype
09:11:03.225 [main] TRACE - Resolving type for handle ctsst44f3type
09:11:03.241 [main] TRACE - Resolving type for handle stylesheet5d8bdoctype
09:11:03.241 [main] TRACE - Resolving type for handle ctstylesheet4257type
09:11:03.249 [main] TRACE - Resolving type for handle ctfont14d8type
09:11:03.257 [main] TRACE - Resolving type for handle ctfontsizeb3b9type
09:11:03.265 [main] TRACE - Resolving type for handle ctcolord2c2type
09:11:03.265 [main] TRACE - Resolving type for handle ctfontname2dc3type
09:11:03.274 [main] TRACE - Resolving type for handle stxstringf179type
09:11:03.274 [main] TRACE - Resolving type for handle ctfontfamily685ctype
09:11:03.274 [main] TRACE - Resolving type for handle stfontfamily9c6ctype
09:11:03.274 [main] TRACE - Resolving type for handle ctfontschemebf5dtype
09:11:03.290 [main] TRACE - Resolving type for handle stfontschemef36dtype
09:11:03.290 [main] TRACE - Resolving type for handle ctfill550ctype
09:11:03.299 [main] TRACE - Resolving type for handle ctpatternfill7452type
09:11:03.299 [main] TRACE - Resolving type for handle stpatterntype7939type
09:11:03.307 [main] TRACE - Resolving type for handle ctborderf935type
09:11:03.307 [main] TRACE - Resolving type for handle ctborderpre497type
09:11:03.307 [main] TRACE - Resolving type for handle ctxf97f7type
09:11:03.323 [main] TRACE - Resolving type for handle stnumfmtid76fbtype
09:11:03.323 [main] TRACE - Resolving type for handle stfontid9d63type
09:11:03.323 [main] TRACE - Resolving type for handle stfillida097type
09:11:03.330 [main] TRACE - Resolving type for handle stborderid1a80type
09:11:03.332 [main] TRACE - Resolving type for handle stcellstylexfid70c7type
09:11:03.341 [main] TRACE - Resolving type for handle ctsheet4dbetype
09:11:03.346 [main] TRACE - Resolving type for handle ctworksheet530dtype
09:11:03.357 [main] TRACE - Resolving type for handle ctsheetformatprdef7type
09:11:03.366 [main] TRACE - Resolving type for handle ctsheetviewsb918type
09:11:03.370 [main] TRACE - Resolving type for handle ctsheetview0f43type
09:11:03.378 [main] TRACE - Resolving type for handle ctsheetdimensiond310type
09:11:03.381 [main] TRACE - Resolving type for handle stref90a2type
09:11:03.381 [main] TRACE - Resolving type for handle ctsheetdata8408type
09:11:03.386 [main] TRACE - Resolving type for handle ctpagemargins5455type
09:11:03.394 [main] TRACE - Resolving type for handle ctcols627ctype
09:11:03.399 [main] TRACE - Resolving type for handle strelationshipid1e94type
09:11:03.402 [main] TRACE - Resolving type for handle ctrowdd39type
09:11:03.406 [main] TRACE - Resolving type for handle ctcell842btype
09:11:03.421 [main] TRACE - Resolving type for handle stcellrefe4e0type
09:11:03.423 [main] TRACE - Resolving type for handle ctrsta472type
09:11:03.426 [main] TRACE - Resolving type for handle stcelltypebf95type
09:11:03.707 [main] DEBUG - Save core properties part
09:11:03.707 [main] DEBUG - Save content types part
09:11:03.888 [main] DEBUG - Save package relationships
09:11:03.895 [main] DEBUG - Save part 'docProps/core.xml'
09:11:03.912 [main] DEBUG - Save part 'xl/sharedStrings.xml'
09:11:03.912 [main] DEBUG - Save part 'xl/styles.xml'
09:11:03.923 [main] DEBUG - Save part 'xl/workbook.xml'
09:11:03.925 [main] DEBUG - Save part 'xl/worksheets/sheet1.xml'
09:45:29.114 [main] INFO  - Goto crm URL 
09:45:35.764 [main] TRACE - Loading type system org.apache.poi.schemas.ooxml.system.ooxml
09:45:35.770 [main] TRACE - Loading type system org.apache.xmlbeans.metadata.system.sXMLCONFIG
09:45:35.771 [main] TRACE - Loading type system org.apache.xmlbeans.metadata.system.sXMLLANG
09:45:35.771 [main] TRACE - Loading type system org.apache.xmlbeans.metadata.system.sXMLSCHEMA
09:45:35.773 [main] TRACE - Loading type system org.apache.xmlbeans.metadata.system.sXMLTOOLS
09:45:35.773 [main] TRACE - Reading unresolved handles for type system org.apache.xmlbeans.metadata.system.sXMLTOOLS
09:45:35.791 [main] TRACE - Finished loading type system org.apache.xmlbeans.metadata.system.sXMLTOOLS
09:45:35.791 [main] TRACE - Reading unresolved handles for type system org.apache.xmlbeans.metadata.system.sXMLSCHEMA
09:45:35.804 [main] TRACE - Finished loading type system org.apache.xmlbeans.metadata.system.sXMLSCHEMA
09:45:35.806 [main] TRACE - Reading unresolved handles for type system org.apache.xmlbeans.metadata.system.sXMLLANG
09:45:35.808 [main] TRACE - Finished loading type system org.apache.xmlbeans.metadata.system.sXMLLANG
09:45:35.810 [main] TRACE - Reading unresolved handles for type system org.apache.xmlbeans.metadata.system.sXMLCONFIG
09:45:35.812 [main] TRACE - Finished loading type system org.apache.xmlbeans.metadata.system.sXMLCONFIG
09:45:35.814 [main] TRACE - Reading unresolved handles for type system org.apache.poi.schemas.ooxml.system.ooxml
09:45:35.902 [main] TRACE - Finished loading type system org.apache.poi.schemas.ooxml.system.ooxml
09:45:35.903 [main] TRACE - Resolving type for handle ctworkbook83c3type
09:45:35.961 [main] TRACE - Resolving type for handle ctworkbookpr03a5type
09:45:35.980 [main] TRACE - Resolving type for handle ctbookviewsb864type
09:45:35.982 [main] TRACE - Resolving type for handle ctbookviewf677type
09:45:35.991 [main] TRACE - Resolving type for handle ctsheets49fdtype
09:45:35.991 [main] TRACE - Resolving type for handle propertiesee84doctype
09:45:36.000 [main] TRACE - Resolving type for handle ctproperties3f10type
09:45:36.010 [main] TRACE - Resolving type for handle properties288cdoctype
09:45:36.010 [main] TRACE - Resolving type for handle ctproperties2c18type
09:45:36.020 [main] TRACE - Resolving type for handle sstf81fdoctype
09:45:36.024 [main] TRACE - Resolving type for handle ctsst44f3type
09:45:36.024 [main] TRACE - Resolving type for handle stylesheet5d8bdoctype
09:45:36.032 [main] TRACE - Resolving type for handle ctstylesheet4257type
09:45:36.038 [main] TRACE - Resolving type for handle ctfont14d8type
09:45:36.048 [main] TRACE - Resolving type for handle ctfontsizeb3b9type
09:45:36.053 [main] TRACE - Resolving type for handle ctcolord2c2type
09:45:36.059 [main] TRACE - Resolving type for handle ctfontname2dc3type
09:45:36.061 [main] TRACE - Resolving type for handle stxstringf179type
09:45:36.064 [main] TRACE - Resolving type for handle ctfontfamily685ctype
09:45:36.064 [main] TRACE - Resolving type for handle stfontfamily9c6ctype
09:45:36.073 [main] TRACE - Resolving type for handle ctfontschemebf5dtype
09:45:36.073 [main] TRACE - Resolving type for handle stfontschemef36dtype
09:45:36.081 [main] TRACE - Resolving type for handle ctfill550ctype
09:45:36.081 [main] TRACE - Resolving type for handle ctpatternfill7452type
09:45:36.087 [main] TRACE - Resolving type for handle stpatterntype7939type
09:45:36.091 [main] TRACE - Resolving type for handle ctborderf935type
09:45:36.091 [main] TRACE - Resolving type for handle ctborderpre497type
09:45:36.100 [main] TRACE - Resolving type for handle ctxf97f7type
09:45:36.103 [main] TRACE - Resolving type for handle stnumfmtid76fbtype
09:45:36.103 [main] TRACE - Resolving type for handle stfontid9d63type
09:45:36.109 [main] TRACE - Resolving type for handle stfillida097type
09:45:36.109 [main] TRACE - Resolving type for handle stborderid1a80type
09:45:36.114 [main] TRACE - Resolving type for handle stcellstylexfid70c7type
09:45:36.122 [main] TRACE - Resolving type for handle ctsheet4dbetype
09:45:36.122 [main] TRACE - Resolving type for handle ctworksheet530dtype
09:45:36.136 [main] TRACE - Resolving type for handle ctsheetformatprdef7type
09:45:36.143 [main] TRACE - Resolving type for handle ctsheetviewsb918type
09:45:36.146 [main] TRACE - Resolving type for handle ctsheetview0f43type
09:45:36.153 [main] TRACE - Resolving type for handle ctsheetdimensiond310type
09:45:36.153 [main] TRACE - Resolving type for handle stref90a2type
09:45:36.153 [main] TRACE - Resolving type for handle ctsheetdata8408type
09:45:36.153 [main] TRACE - Resolving type for handle ctpagemargins5455type
09:45:36.172 [main] TRACE - Resolving type for handle ctcols627ctype
09:45:36.176 [main] TRACE - Resolving type for handle strelationshipid1e94type
09:45:36.179 [main] TRACE - Resolving type for handle ctrowdd39type
09:45:36.191 [main] TRACE - Resolving type for handle ctcell842btype
09:45:36.203 [main] TRACE - Resolving type for handle stcellrefe4e0type
09:45:36.203 [main] TRACE - Resolving type for handle ctrsta472type
09:45:36.203 [main] TRACE - Resolving type for handle stcelltypebf95type
09:45:36.480 [main] DEBUG - Save core properties part
09:45:36.482 [main] DEBUG - Save content types part
09:45:36.627 [main] DEBUG - Save package relationships
09:45:36.634 [main] DEBUG - Save part 'docProps/core.xml'
09:45:36.645 [main] DEBUG - Save part 'xl/sharedStrings.xml'
09:45:36.645 [main] DEBUG - Save part 'xl/styles.xml'
09:45:36.651 [main] DEBUG - Save part 'xl/workbook.xml'
09:45:36.655 [main] DEBUG - Save part 'xl/worksheets/sheet1.xml'
09:48:18.792 [main] INFO  - Goto crm URL 
09:48:25.613 [main] TRACE - Loading type system org.apache.poi.schemas.ooxml.system.ooxml
09:48:25.621 [main] TRACE - Loading type system org.apache.xmlbeans.metadata.system.sXMLCONFIG
09:48:25.621 [main] TRACE - Loading type system org.apache.xmlbeans.metadata.system.sXMLLANG
09:48:25.621 [main] TRACE - Loading type system org.apache.xmlbeans.metadata.system.sXMLSCHEMA
09:48:25.621 [main] TRACE - Loading type system org.apache.xmlbeans.metadata.system.sXMLTOOLS
09:48:25.629 [main] TRACE - Reading unresolved handles for type system org.apache.xmlbeans.metadata.system.sXMLTOOLS
09:48:25.646 [main] TRACE - Finished loading type system org.apache.xmlbeans.metadata.system.sXMLTOOLS
09:48:25.654 [main] TRACE - Reading unresolved handles for type system org.apache.xmlbeans.metadata.system.sXMLSCHEMA
09:48:25.665 [main] TRACE - Finished loading type system org.apache.xmlbeans.metadata.system.sXMLSCHEMA
09:48:25.665 [main] TRACE - Reading unresolved handles for type system org.apache.xmlbeans.metadata.system.sXMLLANG
09:48:25.665 [main] TRACE - Finished loading type system org.apache.xmlbeans.metadata.system.sXMLLANG
09:48:25.671 [main] TRACE - Reading unresolved handles for type system org.apache.xmlbeans.metadata.system.sXMLCONFIG
09:48:25.671 [main] TRACE - Finished loading type system org.apache.xmlbeans.metadata.system.sXMLCONFIG
09:48:25.671 [main] TRACE - Reading unresolved handles for type system org.apache.poi.schemas.ooxml.system.ooxml
09:48:25.762 [main] TRACE - Finished loading type system org.apache.poi.schemas.ooxml.system.ooxml
09:48:25.762 [main] TRACE - Resolving type for handle ctworkbook83c3type
09:48:25.843 [main] TRACE - Resolving type for handle ctworkbookpr03a5type
09:48:25.864 [main] TRACE - Resolving type for handle ctbookviewsb864type
09:48:25.868 [main] TRACE - Resolving type for handle ctbookviewf677type
09:48:25.876 [main] TRACE - Resolving type for handle ctsheets49fdtype
09:48:25.885 [main] TRACE - Resolving type for handle propertiesee84doctype
09:48:25.885 [main] TRACE - Resolving type for handle ctproperties3f10type
09:48:25.896 [main] TRACE - Resolving type for handle properties288cdoctype
09:48:25.901 [main] TRACE - Resolving type for handle ctproperties2c18type
09:48:25.911 [main] TRACE - Resolving type for handle sstf81fdoctype
09:48:25.914 [main] TRACE - Resolving type for handle ctsst44f3type
09:48:25.918 [main] TRACE - Resolving type for handle stylesheet5d8bdoctype
09:48:25.918 [main] TRACE - Resolving type for handle ctstylesheet4257type
09:48:25.931 [main] TRACE - Resolving type for handle ctfont14d8type
09:48:25.943 [main] TRACE - Resolving type for handle ctfontsizeb3b9type
09:48:25.947 [main] TRACE - Resolving type for handle ctcolord2c2type
09:48:25.950 [main] TRACE - Resolving type for handle ctfontname2dc3type
09:48:25.953 [main] TRACE - Resolving type for handle stxstringf179type
09:48:25.957 [main] TRACE - Resolving type for handle ctfontfamily685ctype
09:48:25.961 [main] TRACE - Resolving type for handle stfontfamily9c6ctype
09:48:25.964 [main] TRACE - Resolving type for handle ctfontschemebf5dtype
09:48:25.968 [main] TRACE - Resolving type for handle stfontschemef36dtype
09:48:25.974 [main] TRACE - Resolving type for handle ctfill550ctype
09:48:25.977 [main] TRACE - Resolving type for handle ctpatternfill7452type
09:48:25.983 [main] TRACE - Resolving type for handle stpatterntype7939type
09:48:25.983 [main] TRACE - Resolving type for handle ctborderf935type
09:48:25.991 [main] TRACE - Resolving type for handle ctborderpre497type
09:48:26.000 [main] TRACE - Resolving type for handle ctxf97f7type
09:48:26.000 [main] TRACE - Resolving type for handle stnumfmtid76fbtype
09:48:26.008 [main] TRACE - Resolving type for handle stfontid9d63type
09:48:26.014 [main] TRACE - Resolving type for handle stfillida097type
09:48:26.017 [main] TRACE - Resolving type for handle stborderid1a80type
09:48:26.017 [main] TRACE - Resolving type for handle stcellstylexfid70c7type
09:48:26.024 [main] TRACE - Resolving type for handle ctsheet4dbetype
09:48:26.040 [main] TRACE - Resolving type for handle ctworksheet530dtype
09:48:26.049 [main] TRACE - Resolving type for handle ctsheetformatprdef7type
09:48:26.057 [main] TRACE - Resolving type for handle ctsheetviewsb918type
09:48:26.066 [main] TRACE - Resolving type for handle ctsheetview0f43type
09:48:26.074 [main] TRACE - Resolving type for handle ctsheetdimensiond310type
09:48:26.076 [main] TRACE - Resolving type for handle stref90a2type
09:48:26.076 [main] TRACE - Resolving type for handle ctsheetdata8408type
09:48:26.082 [main] TRACE - Resolving type for handle ctpagemargins5455type
09:48:26.090 [main] TRACE - Resolving type for handle ctcols627ctype
09:48:26.090 [main] TRACE - Resolving type for handle strelationshipid1e94type
09:48:26.090 [main] TRACE - Resolving type for handle ctrowdd39type
09:48:26.098 [main] TRACE - Resolving type for handle ctcell842btype
09:48:26.115 [main] TRACE - Resolving type for handle stcellrefe4e0type
09:48:26.115 [main] TRACE - Resolving type for handle ctrsta472type
09:48:26.124 [main] TRACE - Resolving type for handle stcelltypebf95type
09:48:26.420 [main] DEBUG - Save core properties part
09:48:26.420 [main] DEBUG - Save content types part
09:48:26.592 [main] DEBUG - Save package relationships
09:48:26.600 [main] DEBUG - Save part 'docProps/core.xml'
09:48:26.616 [main] DEBUG - Save part 'xl/sharedStrings.xml'
09:48:26.616 [main] DEBUG - Save part 'xl/styles.xml'
09:48:26.626 [main] DEBUG - Save part 'xl/workbook.xml'
09:48:26.633 [main] DEBUG - Save part 'xl/worksheets/sheet1.xml'
09:49:42.928 [main] INFO  - Goto crm URL 
09:49:49.783 [main] TRACE - Loading type system org.apache.poi.schemas.ooxml.system.ooxml
09:49:49.791 [main] TRACE - Loading type system org.apache.xmlbeans.metadata.system.sXMLCONFIG
09:49:49.791 [main] TRACE - Loading type system org.apache.xmlbeans.metadata.system.sXMLLANG
09:49:49.791 [main] TRACE - Loading type system org.apache.xmlbeans.metadata.system.sXMLSCHEMA
09:49:49.799 [main] TRACE - Loading type system org.apache.xmlbeans.metadata.system.sXMLTOOLS
09:49:49.799 [main] TRACE - Reading unresolved handles for type system org.apache.xmlbeans.metadata.system.sXMLTOOLS
09:49:49.815 [main] TRACE - Finished loading type system org.apache.xmlbeans.metadata.system.sXMLTOOLS
09:49:49.824 [main] TRACE - Reading unresolved handles for type system org.apache.xmlbeans.metadata.system.sXMLSCHEMA
09:49:49.833 [main] TRACE - Finished loading type system org.apache.xmlbeans.metadata.system.sXMLSCHEMA
09:49:49.833 [main] TRACE - Reading unresolved handles for type system org.apache.xmlbeans.metadata.system.sXMLLANG
09:49:49.833 [main] TRACE - Finished loading type system org.apache.xmlbeans.metadata.system.sXMLLANG
09:49:49.833 [main] TRACE - Reading unresolved handles for type system org.apache.xmlbeans.metadata.system.sXMLCONFIG
09:49:49.833 [main] TRACE - Finished loading type system org.apache.xmlbeans.metadata.system.sXMLCONFIG
09:49:49.841 [main] TRACE - Reading unresolved handles for type system org.apache.poi.schemas.ooxml.system.ooxml
09:49:49.929 [main] TRACE - Finished loading type system org.apache.poi.schemas.ooxml.system.ooxml
09:49:49.929 [main] TRACE - Resolving type for handle ctworkbook83c3type
09:49:49.999 [main] TRACE - Resolving type for handle ctworkbookpr03a5type
09:49:50.017 [main] TRACE - Resolving type for handle ctbookviewsb864type
09:49:50.021 [main] TRACE - Resolving type for handle ctbookviewf677type
09:49:50.032 [main] TRACE - Resolving type for handle ctsheets49fdtype
09:49:50.032 [main] TRACE - Resolving type for handle propertiesee84doctype
09:49:50.032 [main] TRACE - Resolving type for handle ctproperties3f10type
09:49:50.048 [main] TRACE - Resolving type for handle properties288cdoctype
09:49:50.048 [main] TRACE - Resolving type for handle ctproperties2c18type
09:49:50.060 [main] TRACE - Resolving type for handle sstf81fdoctype
09:49:50.064 [main] TRACE - Resolving type for handle ctsst44f3type
09:49:50.064 [main] TRACE - Resolving type for handle stylesheet5d8bdoctype
09:49:50.073 [main] TRACE - Resolving type for handle ctstylesheet4257type
09:49:50.077 [main] TRACE - Resolving type for handle ctfont14d8type
09:49:50.089 [main] TRACE - Resolving type for handle ctfontsizeb3b9type
09:49:50.098 [main] TRACE - Resolving type for handle ctcolord2c2type
09:49:50.098 [main] TRACE - Resolving type for handle ctfontname2dc3type
09:49:50.106 [main] TRACE - Resolving type for handle stxstringf179type
09:49:50.111 [main] TRACE - Resolving type for handle ctfontfamily685ctype
09:49:50.114 [main] TRACE - Resolving type for handle stfontfamily9c6ctype
09:49:50.119 [main] TRACE - Resolving type for handle ctfontschemebf5dtype
09:49:50.123 [main] TRACE - Resolving type for handle stfontschemef36dtype
09:49:50.131 [main] TRACE - Resolving type for handle ctfill550ctype
09:49:50.131 [main] TRACE - Resolving type for handle ctpatternfill7452type
09:49:50.139 [main] TRACE - Resolving type for handle stpatterntype7939type
09:49:50.139 [main] TRACE - Resolving type for handle ctborderf935type
09:49:50.148 [main] TRACE - Resolving type for handle ctborderpre497type
09:49:50.156 [main] TRACE - Resolving type for handle ctxf97f7type
09:49:50.156 [main] TRACE - Resolving type for handle stnumfmtid76fbtype
09:49:50.164 [main] TRACE - Resolving type for handle stfontid9d63type
09:49:50.164 [main] TRACE - Resolving type for handle stfillida097type
09:49:50.164 [main] TRACE - Resolving type for handle stborderid1a80type
09:49:50.173 [main] TRACE - Resolving type for handle stcellstylexfid70c7type
09:49:50.184 [main] TRACE - Resolving type for handle ctsheet4dbetype
09:49:50.189 [main] TRACE - Resolving type for handle ctworksheet530dtype
09:49:50.201 [main] TRACE - Resolving type for handle ctsheetformatprdef7type
09:49:50.210 [main] TRACE - Resolving type for handle ctsheetviewsb918type
09:49:50.216 [main] TRACE - Resolving type for handle ctsheetview0f43type
09:49:50.222 [main] TRACE - Resolving type for handle ctsheetdimensiond310type
09:49:50.227 [main] TRACE - Resolving type for handle stref90a2type
09:49:50.228 [main] TRACE - Resolving type for handle ctsheetdata8408type
09:49:50.231 [main] TRACE - Resolving type for handle ctpagemargins5455type
09:49:50.244 [main] TRACE - Resolving type for handle ctcols627ctype
09:49:50.247 [main] TRACE - Resolving type for handle strelationshipid1e94type
09:49:50.252 [main] TRACE - Resolving type for handle ctrowdd39type
09:49:50.263 [main] TRACE - Resolving type for handle ctcell842btype
09:49:50.280 [main] TRACE - Resolving type for handle stcellrefe4e0type
09:49:50.283 [main] TRACE - Resolving type for handle ctrsta472type
09:49:50.288 [main] TRACE - Resolving type for handle stcelltypebf95type
09:49:50.552 [main] DEBUG - Save core properties part
09:49:50.560 [main] DEBUG - Save content types part
09:49:50.721 [main] DEBUG - Save package relationships
09:49:50.733 [main] DEBUG - Save part 'docProps/core.xml'
09:49:50.748 [main] DEBUG - Save part 'xl/sharedStrings.xml'
09:49:50.748 [main] DEBUG - Save part 'xl/styles.xml'
09:49:50.758 [main] DEBUG - Save part 'xl/workbook.xml'
09:49:50.764 [main] DEBUG - Save part 'xl/worksheets/sheet1.xml'
09:54:32.247 [main] INFO  - Goto crm URL 
09:54:38.962 [main] TRACE - Loading type system org.apache.poi.schemas.ooxml.system.ooxml
09:54:38.970 [main] TRACE - Loading type system org.apache.xmlbeans.metadata.system.sXMLCONFIG
09:54:38.970 [main] TRACE - Loading type system org.apache.xmlbeans.metadata.system.sXMLLANG
09:54:38.976 [main] TRACE - Loading type system org.apache.xmlbeans.metadata.system.sXMLSCHEMA
09:54:38.976 [main] TRACE - Loading type system org.apache.xmlbeans.metadata.system.sXMLTOOLS
09:54:38.976 [main] TRACE - Reading unresolved handles for type system org.apache.xmlbeans.metadata.system.sXMLTOOLS
09:54:38.992 [main] TRACE - Finished loading type system org.apache.xmlbeans.metadata.system.sXMLTOOLS
09:54:39.001 [main] TRACE - Reading unresolved handles for type system org.apache.xmlbeans.metadata.system.sXMLSCHEMA
09:54:39.008 [main] TRACE - Finished loading type system org.apache.xmlbeans.metadata.system.sXMLSCHEMA
09:54:39.008 [main] TRACE - Reading unresolved handles for type system org.apache.xmlbeans.metadata.system.sXMLLANG
09:54:39.016 [main] TRACE - Finished loading type system org.apache.xmlbeans.metadata.system.sXMLLANG
09:54:39.016 [main] TRACE - Reading unresolved handles for type system org.apache.xmlbeans.metadata.system.sXMLCONFIG
09:54:39.019 [main] TRACE - Finished loading type system org.apache.xmlbeans.metadata.system.sXMLCONFIG
09:54:39.019 [main] TRACE - Reading unresolved handles for type system org.apache.poi.schemas.ooxml.system.ooxml
09:54:39.121 [main] TRACE - Finished loading type system org.apache.poi.schemas.ooxml.system.ooxml
09:54:39.125 [main] TRACE - Resolving type for handle ctworkbook83c3type
09:54:39.207 [main] TRACE - Resolving type for handle ctworkbookpr03a5type
09:54:39.224 [main] TRACE - Resolving type for handle ctbookviewsb864type
09:54:39.224 [main] TRACE - Resolving type for handle ctbookviewf677type
09:54:39.236 [main] TRACE - Resolving type for handle ctsheets49fdtype
09:54:39.241 [main] TRACE - Resolving type for handle propertiesee84doctype
09:54:39.241 [main] TRACE - Resolving type for handle ctproperties3f10type
09:54:39.256 [main] TRACE - Resolving type for handle properties288cdoctype
09:54:39.256 [main] TRACE - Resolving type for handle ctproperties2c18type
09:54:39.273 [main] TRACE - Resolving type for handle sstf81fdoctype
09:54:39.273 [main] TRACE - Resolving type for handle ctsst44f3type
09:54:39.282 [main] TRACE - Resolving type for handle stylesheet5d8bdoctype
09:54:39.282 [main] TRACE - Resolving type for handle ctstylesheet4257type
09:54:39.290 [main] TRACE - Resolving type for handle ctfont14d8type
09:54:39.304 [main] TRACE - Resolving type for handle ctfontsizeb3b9type
09:54:39.309 [main] TRACE - Resolving type for handle ctcolord2c2type
09:54:39.314 [main] TRACE - Resolving type for handle ctfontname2dc3type
