15:35:10.489 [main] TRACE - Loading type system org.apache.xmlbeans.metadata.system.sXMLCONFIG
15:35:10.499 [main] TRACE - Loading type system org.apache.xmlbeans.metadata.system.sXMLLANG
15:35:10.500 [main] TRACE - Loading type system org.apache.xmlbeans.metadata.system.sXMLSCHEMA
15:35:10.502 [main] TRACE - Loading type system org.apache.xmlbeans.metadata.system.sXMLTOOLS
15:35:10.505 [main] TRACE - Reading unresolved handles for type system org.apache.xmlbeans.metadata.system.sXMLTOOLS
15:35:10.534 [main] TRACE - Finished loading type system org.apache.xmlbeans.metadata.system.sXMLTOOLS
15:35:10.539 [main] TRACE - Reading unresolved handles for type system org.apache.xmlbeans.metadata.system.sXMLSCHEMA
15:35:10.549 [main] TRACE - Finished loading type system org.apache.xmlbeans.metadata.system.sXMLSCHEMA
15:35:10.551 [main] TRACE - Reading unresolved handles for type system org.apache.xmlbeans.metadata.system.sXMLLANG
15:35:10.554 [main] TRACE - Finished loading type system org.apache.xmlbeans.metadata.system.sXMLLANG
15:35:10.557 [main] TRACE - Reading unresolved handles for type system org.apache.xmlbeans.metadata.system.sXMLCONFIG
15:35:10.559 [main] TRACE - Finished loading type system org.apache.xmlbeans.metadata.system.sXMLCONFIG
15:35:10.560 [main] TRACE - Reading unresolved handles for type system org.apache.poi.schemas.ooxml.system.ooxml
15:35:10.633 [main] TRACE - Finished loading type system org.apache.poi.schemas.ooxml.system.ooxml
15:35:10.638 [main] TRACE - Resolving type for handle ctworkbook83c3type
15:35:10.703 [main] TRACE - Resolving type for handle ctworkbookpr03a5type
15:35:10.719 [main] TRACE - Resolving type for handle ctbookviewsb864type
15:35:10.722 [main] TRACE - Resolving type for handle ctbookviewf677type
15:35:10.732 [main] TRACE - Resolving type for handle ctsheets49fdtype
15:35:10.739 [main] TRACE - Resolving type for handle propertiesee84doctype
15:35:10.739 [main] TRACE - Resolving type for handle ctproperties3f10type
15:35:10.753 [main] TRACE - Resolving type for handle properties288cdoctype
15:35:10.755 [main] TRACE - Resolving type for handle ctproperties2c18type
15:35:10.766 [main] TRACE - Resolving type for handle sstf81fdoctype
15:35:10.770 [main] TRACE - Resolving type for handle ctsst44f3type
15:35:10.772 [main] TRACE - Resolving type for handle stylesheet5d8bdoctype
15:35:10.780 [main] TRACE - Resolving type for handle ctstylesheet4257type
15:35:10.787 [main] TRACE - Resolving type for handle ctfont14d8type
15:35:10.798 [main] TRACE - Resolving type for handle ctfontsizeb3b9type
15:35:10.805 [main] TRACE - Resolving type for handle ctcolord2c2type
15:35:10.809 [main] TRACE - Resolving type for handle ctfontname2dc3type
15:35:10.809 [main] TRACE - Resolving type for handle stxstringf179type
15:35:10.814 [main] TRACE - Resolving type for handle ctfontfamily685ctype
15:35:10.819 [main] TRACE - Resolving type for handle stfontfamily9c6ctype
15:35:10.822 [main] TRACE - Resolving type for handle ctfontschemebf5dtype
15:35:10.830 [main] TRACE - Resolving type for handle stfontschemef36dtype
15:35:10.830 [main] TRACE - Resolving type for handle ctfill550ctype
15:35:10.840 [main] TRACE - Resolving type for handle ctpatternfill7452type
15:35:10.842 [main] TRACE - Resolving type for handle stpatterntype7939type
15:35:10.850 [main] TRACE - Resolving type for handle ctborderf935type
15:35:10.854 [main] TRACE - Resolving type for handle ctborderpre497type
15:35:10.859 [main] TRACE - Resolving type for handle ctxf97f7type
15:35:10.864 [main] TRACE - Resolving type for handle stnumfmtid76fbtype
15:35:10.871 [main] TRACE - Resolving type for handle stfontid9d63type
15:35:10.874 [main] TRACE - Resolving type for handle stfillida097type
15:35:10.876 [main] TRACE - Resolving type for handle stborderid1a80type
15:35:10.879 [main] TRACE - Resolving type for handle stcellstylexfid70c7type
15:35:10.890 [main] TRACE - Resolving type for handle ctsheet4dbetype
15:35:10.899 [main] TRACE - Resolving type for handle ctworksheet530dtype
15:35:10.905 [main] TRACE - Resolving type for handle ctsheetformatprdef7type
15:35:10.917 [main] TRACE - Resolving type for handle ctsheetviewsb918type
15:35:10.922 [main] TRACE - Resolving type for handle ctsheetview0f43type
15:35:10.930 [main] TRACE - Resolving type for handle ctsheetdimensiond310type
15:35:10.932 [main] TRACE - Resolving type for handle stref90a2type
15:35:10.933 [main] TRACE - Resolving type for handle ctsheetdata8408type
15:35:10.937 [main] TRACE - Resolving type for handle ctpagemargins5455type
15:35:10.943 [main] TRACE - Resolving type for handle ctcols627ctype
15:35:10.949 [main] TRACE - Resolving type for handle strelationshipid1e94type
15:35:10.952 [main] TRACE - Resolving type for handle ctrowdd39type
15:35:10.960 [main] TRACE - Resolving type for handle ctcell842btype
15:35:10.972 [main] TRACE - Resolving type for handle stcellrefe4e0type
15:35:10.980 [main] TRACE - Resolving type for handle ctrsta472type
15:35:10.988 [main] TRACE - Resolving type for handle stcelltypebf95type
15:35:11.319 [main] DEBUG - Save core properties part
15:35:11.321 [main] DEBUG - Save content types part
15:35:11.466 [main] DEBUG - Save package relationships
15:35:11.473 [main] DEBUG - Save part 'docProps/core.xml'
15:35:11.488 [main] DEBUG - Save part 'xl/sharedStrings.xml'
15:35:11.488 [main] DEBUG - Save part 'xl/styles.xml'
15:35:11.489 [main] DEBUG - Save part 'xl/workbook.xml'
15:35:11.499 [main] DEBUG - Save part 'xl/worksheets/sheet1.xml'
17:29:15.816 [main] INFO  - Goto crm URL 
17:29:21.958 [main] TRACE - Loading type system org.apache.poi.schemas.ooxml.system.ooxml
17:29:21.974 [main] TRACE - Loading type system org.apache.xmlbeans.metadata.system.sXMLCONFIG
17:29:21.975 [main] TRACE - Loading type system org.apache.xmlbeans.metadata.system.sXMLLANG
17:29:21.975 [main] TRACE - Loading type system org.apache.xmlbeans.metadata.system.sXMLSCHEMA
17:29:21.975 [main] TRACE - Loading type system org.apache.xmlbeans.metadata.system.sXMLTOOLS
17:29:21.975 [main] TRACE - Reading unresolved handles for type system org.apache.xmlbeans.metadata.system.sXMLTOOLS
17:29:21.975 [main] TRACE - Finished loading type system org.apache.xmlbeans.metadata.system.sXMLTOOLS
17:29:21.975 [main] TRACE - Reading unresolved handles for type system org.apache.xmlbeans.metadata.system.sXMLSCHEMA
17:29:21.992 [main] TRACE - Finished loading type system org.apache.xmlbeans.metadata.system.sXMLSCHEMA
17:29:21.992 [main] TRACE - Reading unresolved handles for type system org.apache.xmlbeans.metadata.system.sXMLLANG
17:29:21.992 [main] TRACE - Finished loading type system org.apache.xmlbeans.metadata.system.sXMLLANG
17:29:21.992 [main] TRACE - Reading unresolved handles for type system org.apache.xmlbeans.metadata.system.sXMLCONFIG
17:29:21.992 [main] TRACE - Finished loading type system org.apache.xmlbeans.metadata.system.sXMLCONFIG
17:29:21.992 [main] TRACE - Reading unresolved handles for type system org.apache.poi.schemas.ooxml.system.ooxml
17:29:22.041 [main] TRACE - Finished loading type system org.apache.poi.schemas.ooxml.system.ooxml
17:29:22.041 [main] TRACE - Resolving type for handle ctworkbook83c3type
17:29:22.091 [main] TRACE - Resolving type for handle ctworkbookpr03a5type
17:29:22.111 [main] TRACE - Resolving type for handle ctbookviewsb864type
17:29:22.111 [main] TRACE - Resolving type for handle ctbookviewf677type
17:29:22.111 [main] TRACE - Resolving type for handle ctsheets49fdtype
17:29:22.125 [main] TRACE - Resolving type for handle propertiesee84doctype
17:29:22.125 [main] TRACE - Resolving type for handle ctproperties3f10type
17:29:22.141 [main] TRACE - Resolving type for handle properties288cdoctype
17:29:22.141 [main] TRACE - Resolving type for handle ctproperties2c18type
17:29:22.141 [main] TRACE - Resolving type for handle sstf81fdoctype
17:29:22.141 [main] TRACE - Resolving type for handle ctsst44f3type
17:29:22.141 [main] TRACE - Resolving type for handle stylesheet5d8bdoctype
17:29:22.158 [main] TRACE - Resolving type for handle ctstylesheet4257type
17:29:22.158 [main] TRACE - Resolving type for handle ctfont14d8type
17:29:22.175 [main] TRACE - Resolving type for handle ctfontsizeb3b9type
17:29:22.175 [main] TRACE - Resolving type for handle ctcolord2c2type
17:29:22.175 [main] TRACE - Resolving type for handle ctfontname2dc3type
17:29:22.175 [main] TRACE - Resolving type for handle stxstringf179type
17:29:22.190 [main] TRACE - Resolving type for handle ctfontfamily685ctype
17:29:22.191 [main] TRACE - Resolving type for handle stfontfamily9c6ctype
17:29:22.191 [main] TRACE - Resolving type for handle ctfontschemebf5dtype
17:29:22.191 [main] TRACE - Resolving type for handle stfontschemef36dtype
17:29:22.191 [main] TRACE - Resolving type for handle ctfill550ctype
17:29:22.191 [main] TRACE - Resolving type for handle ctpatternfill7452type
17:29:22.191 [main] TRACE - Resolving type for handle stpatterntype7939type
17:29:22.191 [main] TRACE - Resolving type for handle ctborderf935type
17:29:22.191 [main] TRACE - Resolving type for handle ctborderpre497type
17:29:22.211 [main] TRACE - Resolving type for handle ctxf97f7type
17:29:22.211 [main] TRACE - Resolving type for handle stnumfmtid76fbtype
17:29:22.211 [main] TRACE - Resolving type for handle stfontid9d63type
17:29:22.211 [main] TRACE - Resolving type for handle stfillida097type
17:29:22.211 [main] TRACE - Resolving type for handle stborderid1a80type
17:29:22.211 [main] TRACE - Resolving type for handle stcellstylexfid70c7type
17:29:22.211 [main] TRACE - Resolving type for handle ctsheet4dbetype
17:29:22.211 [main] TRACE - Resolving type for handle ctworksheet530dtype
17:29:22.225 [main] TRACE - Resolving type for handle ctsheetformatprdef7type
17:29:22.241 [main] TRACE - Resolving type for handle ctsheetviewsb918type
17:29:22.241 [main] TRACE - Resolving type for handle ctsheetview0f43type
17:29:22.241 [main] TRACE - Resolving type for handle ctsheetdimensiond310type
17:29:22.259 [main] TRACE - Resolving type for handle stref90a2type
17:29:22.259 [main] TRACE - Resolving type for handle ctsheetdata8408type
17:29:22.259 [main] TRACE - Resolving type for handle ctpagemargins5455type
17:29:22.259 [main] TRACE - Resolving type for handle ctcols627ctype
17:29:22.259 [main] TRACE - Resolving type for handle strelationshipid1e94type
17:29:22.259 [main] TRACE - Resolving type for handle ctrowdd39type
17:29:22.277 [main] TRACE - Resolving type for handle ctcell842btype
17:29:22.277 [main] TRACE - Resolving type for handle stcellrefe4e0type
17:29:22.277 [main] TRACE - Resolving type for handle ctrsta472type
17:29:22.291 [main] TRACE - Resolving type for handle stcelltypebf95type
17:29:22.458 [main] DEBUG - Save core properties part
17:29:22.458 [main] DEBUG - Save content types part
17:29:22.625 [main] DEBUG - Save package relationships
17:29:22.625 [main] DEBUG - Save part 'docProps/core.xml'
17:29:22.641 [main] DEBUG - Save part 'xl/sharedStrings.xml'
17:29:22.641 [main] DEBUG - Save part 'xl/styles.xml'
17:29:22.658 [main] DEBUG - Save part 'xl/workbook.xml'
17:29:22.658 [main] DEBUG - Save part 'xl/worksheets/sheet1.xml'
18:10:44.402 [main] INFO  - Goto crm URL 
18:10:51.213 [main] TRACE - Loading type system org.apache.poi.schemas.ooxml.system.ooxml
18:10:51.221 [main] TRACE - Loading type system org.apache.xmlbeans.metadata.system.sXMLCONFIG
18:10:51.221 [main] TRACE - Loading type system org.apache.xmlbeans.metadata.system.sXMLLANG
18:10:51.221 [main] TRACE - Loading type system org.apache.xmlbeans.metadata.system.sXMLSCHEMA
18:10:51.225 [main] TRACE - Loading type system org.apache.xmlbeans.metadata.system.sXMLTOOLS
18:10:51.225 [main] TRACE - Reading unresolved handles for type system org.apache.xmlbeans.metadata.system.sXMLTOOLS
18:10:51.238 [main] TRACE - Finished loading type system org.apache.xmlbeans.metadata.system.sXMLTOOLS
18:10:51.238 [main] TRACE - Reading unresolved handles for type system org.apache.xmlbeans.metadata.system.sXMLSCHEMA
18:10:51.260 [main] TRACE - Finished loading type system org.apache.xmlbeans.metadata.system.sXMLSCHEMA
18:10:51.260 [main] TRACE - Reading unresolved handles for type system org.apache.xmlbeans.metadata.system.sXMLLANG
18:10:51.260 [main] TRACE - Finished loading type system org.apache.xmlbeans.metadata.system.sXMLLANG
18:10:51.260 [main] TRACE - Reading unresolved handles for type system org.apache.xmlbeans.metadata.system.sXMLCONFIG
18:10:51.267 [main] TRACE - Finished loading type system org.apache.xmlbeans.metadata.system.sXMLCONFIG
18:10:51.267 [main] TRACE - Reading unresolved handles for type system org.apache.poi.schemas.ooxml.system.ooxml
18:10:51.357 [main] TRACE - Finished loading type system org.apache.poi.schemas.ooxml.system.ooxml
18:10:51.357 [main] TRACE - Resolving type for handle ctworkbook83c3type
18:10:51.437 [main] TRACE - Resolving type for handle ctworkbookpr03a5type
18:10:51.454 [main] TRACE - Resolving type for handle ctbookviewsb864type
18:10:51.454 [main] TRACE - Resolving type for handle ctbookviewf677type
18:10:51.471 [main] TRACE - Resolving type for handle ctsheets49fdtype
18:10:51.471 [main] TRACE - Resolving type for handle propertiesee84doctype
18:10:51.471 [main] TRACE - Resolving type for handle ctproperties3f10type
18:10:51.493 [main] TRACE - Resolving type for handle properties288cdoctype
18:10:51.521 [main] TRACE - Resolving type for handle ctproperties2c18type
18:10:51.530 [main] TRACE - Resolving type for handle sstf81fdoctype
18:10:51.531 [main] TRACE - Resolving type for handle ctsst44f3type
18:10:51.538 [main] TRACE - Resolving type for handle stylesheet5d8bdoctype
18:10:51.538 [main] TRACE - Resolving type for handle ctstylesheet4257type
18:10:51.547 [main] TRACE - Resolving type for handle ctfont14d8type
18:10:51.563 [main] TRACE - Resolving type for handle ctfontsizeb3b9type
18:10:51.570 [main] TRACE - Resolving type for handle ctcolord2c2type
18:10:51.571 [main] TRACE - Resolving type for handle ctfontname2dc3type
18:10:51.571 [main] TRACE - Resolving type for handle stxstringf179type
18:10:51.579 [main] TRACE - Resolving type for handle ctfontfamily685ctype
18:10:51.581 [main] TRACE - Resolving type for handle stfontfamily9c6ctype
18:10:51.588 [main] TRACE - Resolving type for handle ctfontschemebf5dtype
18:10:51.592 [main] TRACE - Resolving type for handle stfontschemef36dtype
18:10:51.599 [main] TRACE - Resolving type for handle ctfill550ctype
18:10:51.604 [main] TRACE - Resolving type for handle ctpatternfill7452type
18:10:51.604 [main] TRACE - Resolving type for handle stpatterntype7939type
18:10:51.604 [main] TRACE - Resolving type for handle ctborderf935type
18:10:51.604 [main] TRACE - Resolving type for handle ctborderpre497type
18:10:51.623 [main] TRACE - Resolving type for handle ctxf97f7type
18:10:51.628 [main] TRACE - Resolving type for handle stnumfmtid76fbtype
18:10:51.628 [main] TRACE - Resolving type for handle stfontid9d63type
18:10:51.635 [main] TRACE - Resolving type for handle stfillida097type
18:10:51.637 [main] TRACE - Resolving type for handle stborderid1a80type
18:10:51.641 [main] TRACE - Resolving type for handle stcellstylexfid70c7type
18:10:51.641 [main] TRACE - Resolving type for handle ctsheet4dbetype
18:10:51.654 [main] TRACE - Resolving type for handle ctworksheet530dtype
18:10:51.667 [main] TRACE - Resolving type for handle ctsheetformatprdef7type
18:10:51.671 [main] TRACE - Resolving type for handle ctsheetviewsb918type
18:10:51.679 [main] TRACE - Resolving type for handle ctsheetview0f43type
18:10:51.687 [main] TRACE - Resolving type for handle ctsheetdimensiond310type
18:10:51.687 [main] TRACE - Resolving type for handle stref90a2type
18:10:51.687 [main] TRACE - Resolving type for handle ctsheetdata8408type
18:10:51.699 [main] TRACE - Resolving type for handle ctpagemargins5455type
18:10:51.704 [main] TRACE - Resolving type for handle ctcols627ctype
18:10:51.704 [main] TRACE - Resolving type for handle strelationshipid1e94type
18:10:51.715 [main] TRACE - Resolving type for handle ctrowdd39type
18:10:51.726 [main] TRACE - Resolving type for handle ctcell842btype
18:10:51.737 [main] TRACE - Resolving type for handle stcellrefe4e0type
18:10:51.737 [main] TRACE - Resolving type for handle ctrsta472type
18:10:51.746 [main] TRACE - Resolving type for handle stcelltypebf95type
18:10:52.040 [main] DEBUG - Save core properties part
18:10:52.040 [main] DEBUG - Save content types part
18:10:52.196 [main] DEBUG - Save package relationships
18:10:52.202 [main] DEBUG - Save part 'docProps/core.xml'
18:10:52.217 [main] DEBUG - Save part 'xl/sharedStrings.xml'
18:10:52.219 [main] DEBUG - Save part 'xl/styles.xml'
18:10:52.227 [main] DEBUG - Save part 'xl/workbook.xml'
18:10:52.229 [main] DEBUG - Save part 'xl/worksheets/sheet1.xml'
18:22:04.996 [main] INFO  - Goto crm URL 
18:22:12.377 [main] TRACE - Loading type system org.apache.poi.schemas.ooxml.system.ooxml
18:22:12.380 [main] TRACE - Loading type system org.apache.xmlbeans.metadata.system.sXMLCONFIG
18:22:12.380 [main] TRACE - Loading type system org.apache.xmlbeans.metadata.system.sXMLLANG
18:22:12.386 [main] TRACE - Loading type system org.apache.xmlbeans.metadata.system.sXMLSCHEMA
18:22:12.388 [main] TRACE - Loading type system org.apache.xmlbeans.metadata.system.sXMLTOOLS
18:22:12.390 [main] TRACE - Reading unresolved handles for type system org.apache.xmlbeans.metadata.system.sXMLTOOLS
18:22:12.420 [main] TRACE - Finished loading type system org.apache.xmlbeans.metadata.system.sXMLTOOLS
18:22:12.422 [main] TRACE - Reading unresolved handles for type system org.apache.xmlbeans.metadata.system.sXMLSCHEMA
18:22:12.440 [main] TRACE - Finished loading type system org.apache.xmlbeans.metadata.system.sXMLSCHEMA
18:22:12.445 [main] TRACE - Reading unresolved handles for type system org.apache.xmlbeans.metadata.system.sXMLLANG
18:22:12.450 [main] TRACE - Finished loading type system org.apache.xmlbeans.metadata.system.sXMLLANG
18:22:12.450 [main] TRACE - Reading unresolved handles for type system org.apache.xmlbeans.metadata.system.sXMLCONFIG
18:22:12.453 [main] TRACE - Finished loading type system org.apache.xmlbeans.metadata.system.sXMLCONFIG
18:22:12.453 [main] TRACE - Reading unresolved handles for type system org.apache.poi.schemas.ooxml.system.ooxml
18:22:12.578 [main] TRACE - Finished loading type system org.apache.poi.schemas.ooxml.system.ooxml
18:22:12.578 [main] TRACE - Resolving type for handle ctworkbook83c3type
18:22:12.711 [main] TRACE - Resolving type for handle ctworkbookpr03a5type
18:22:12.737 [main] TRACE - Resolving type for handle ctbookviewsb864type
18:22:12.748 [main] TRACE - Resolving type for handle ctbookviewf677type
18:22:12.770 [main] TRACE - Resolving type for handle ctsheets49fdtype
18:22:12.778 [main] TRACE - Resolving type for handle propertiesee84doctype
18:22:12.784 [main] TRACE - Resolving type for handle ctproperties3f10type
18:22:12.798 [main] TRACE - Resolving type for handle properties288cdoctype
18:22:12.802 [main] TRACE - Resolving type for handle ctproperties2c18type
18:22:12.811 [main] TRACE - Resolving type for handle sstf81fdoctype
18:22:12.811 [main] TRACE - Resolving type for handle ctsst44f3type
18:22:12.823 [main] TRACE - Resolving type for handle stylesheet5d8bdoctype
18:22:12.827 [main] TRACE - Resolving type for handle ctstylesheet4257type
18:22:12.833 [main] TRACE - Resolving type for handle ctfont14d8type
18:22:12.852 [main] TRACE - Resolving type for handle ctfontsizeb3b9type
18:22:12.863 [main] TRACE - Resolving type for handle ctcolord2c2type
18:22:12.868 [main] TRACE - Resolving type for handle ctfontname2dc3type
18:22:12.876 [main] TRACE - Resolving type for handle stxstringf179type
18:22:12.880 [main] TRACE - Resolving type for handle ctfontfamily685ctype
18:22:12.882 [main] TRACE - Resolving type for handle stfontfamily9c6ctype
18:22:12.888 [main] TRACE - Resolving type for handle ctfontschemebf5dtype
18:22:12.893 [main] TRACE - Resolving type for handle stfontschemef36dtype
18:22:12.898 [main] TRACE - Resolving type for handle ctfill550ctype
18:22:12.902 [main] TRACE - Resolving type for handle ctpatternfill7452type
18:22:12.907 [main] TRACE - Resolving type for handle stpatterntype7939type
18:22:12.911 [main] TRACE - Resolving type for handle ctborderf935type
18:22:12.919 [main] TRACE - Resolving type for handle ctborderpre497type
18:22:12.928 [main] TRACE - Resolving type for handle ctxf97f7type
18:22:12.938 [main] TRACE - Resolving type for handle stnumfmtid76fbtype
18:22:12.943 [main] TRACE - Resolving type for handle stfontid9d63type
18:22:12.947 [main] TRACE - Resolving type for handle stfillida097type
18:22:12.950 [main] TRACE - Resolving type for handle stborderid1a80type
18:22:12.953 [main] TRACE - Resolving type for handle stcellstylexfid70c7type
18:22:12.963 [main] TRACE - Resolving type for handle ctsheet4dbetype
18:22:12.974 [main] TRACE - Resolving type for handle ctworksheet530dtype
18:22:12.983 [main] TRACE - Resolving type for handle ctsheetformatprdef7type
18:22:12.998 [main] TRACE - Resolving type for handle ctsheetviewsb918type
18:22:13.005 [main] TRACE - Resolving type for handle ctsheetview0f43type
18:22:13.023 [main] TRACE - Resolving type for handle ctsheetdimensiond310type
18:22:13.028 [main] TRACE - Resolving type for handle stref90a2type
18:22:13.030 [main] TRACE - Resolving type for handle ctsheetdata8408type
18:22:13.036 [main] TRACE - Resolving type for handle ctpagemargins5455type
18:22:13.050 [main] TRACE - Resolving type for handle ctcols627ctype
18:22:13.051 [main] TRACE - Resolving type for handle strelationshipid1e94type
18:22:13.051 [main] TRACE - Resolving type for handle ctrowdd39type
18:22:13.069 [main] TRACE - Resolving type for handle ctcell842btype
18:22:13.090 [main] TRACE - Resolving type for handle stcellrefe4e0type
18:22:13.098 [main] TRACE - Resolving type for handle ctrsta472type
18:22:13.107 [main] TRACE - Resolving type for handle stcelltypebf95type
18:22:13.540 [main] DEBUG - Save core properties part
18:22:13.540 [main] DEBUG - Save content types part
18:22:13.794 [main] DEBUG - Save package relationships
18:22:13.802 [main] DEBUG - Save part 'docProps/core.xml'
18:22:13.842 [main] DEBUG - Save part 'xl/sharedStrings.xml'
18:22:13.844 [main] DEBUG - Save part 'xl/styles.xml'
18:22:13.853 [main] DEBUG - Save part 'xl/workbook.xml'
18:22:13.867 [main] DEBUG - Save part 'xl/worksheets/sheet1.xml'
12:37:38.569 [main] INFO  - Goto crm URL 
12:37:44.653 [main] TRACE - Loading type system org.apache.poi.schemas.ooxml.system.ooxml
12:37:44.653 [main] TRACE - Loading type system org.apache.xmlbeans.metadata.system.sXMLCONFIG
12:37:44.653 [main] TRACE - Loading type system org.apache.xmlbeans.metadata.system.sXMLLANG
12:37:44.653 [main] TRACE - Loading type system org.apache.xmlbeans.metadata.system.sXMLSCHEMA
12:37:44.653 [main] TRACE - Loading type system org.apache.xmlbeans.metadata.system.sXMLTOOLS
12:37:44.653 [main] TRACE - Reading unresolved handles for type system org.apache.xmlbeans.metadata.system.sXMLTOOLS
12:37:44.670 [main] TRACE - Finished loading type system org.apache.xmlbeans.metadata.system.sXMLTOOLS
12:37:44.670 [main] TRACE - Reading unresolved handles for type system org.apache.xmlbeans.metadata.system.sXMLSCHEMA
12:37:44.687 [main] TRACE - Finished loading type system org.apache.xmlbeans.metadata.system.sXMLSCHEMA
12:37:44.687 [main] TRACE - Reading unresolved handles for type system org.apache.xmlbeans.metadata.system.sXMLLANG
12:37:44.687 [main] TRACE - Finished loading type system org.apache.xmlbeans.metadata.system.sXMLLANG
12:37:44.687 [main] TRACE - Reading unresolved handles for type system org.apache.xmlbeans.metadata.system.sXMLCONFIG
12:37:44.702 [main] TRACE - Finished loading type system org.apache.xmlbeans.metadata.system.sXMLCONFIG
12:37:44.703 [main] TRACE - Reading unresolved handles for type system org.apache.poi.schemas.ooxml.system.ooxml
12:37:44.837 [main] TRACE - Finished loading type system org.apache.poi.schemas.ooxml.system.ooxml
12:37:44.837 [main] TRACE - Resolving type for handle ctworkbook83c3type
12:37:44.907 [main] TRACE - Resolving type for handle ctworkbookpr03a5type
12:37:44.919 [main] TRACE - Resolving type for handle ctbookviewsb864type
12:37:44.920 [main] TRACE - Resolving type for handle ctbookviewf677type
12:37:44.920 [main] TRACE - Resolving type for handle ctsheets49fdtype
12:37:44.937 [main] TRACE - Resolving type for handle propertiesee84doctype
12:37:44.937 [main] TRACE - Resolving type for handle ctproperties3f10type
12:37:44.953 [main] TRACE - Resolving type for handle properties288cdoctype
12:37:44.953 [main] TRACE - Resolving type for handle ctproperties2c18type
12:37:44.953 [main] TRACE - Resolving type for handle sstf81fdoctype
12:37:44.953 [main] TRACE - Resolving type for handle ctsst44f3type
12:37:44.970 [main] TRACE - Resolving type for handle stylesheet5d8bdoctype
12:37:44.970 [main] TRACE - Resolving type for handle ctstylesheet4257type
12:37:44.980 [main] TRACE - Resolving type for handle ctfont14d8type
12:37:44.987 [main] TRACE - Resolving type for handle ctfontsizeb3b9type
12:37:45.003 [main] TRACE - Resolving type for handle ctcolord2c2type
12:37:45.003 [main] TRACE - Resolving type for handle ctfontname2dc3type
12:37:45.003 [main] TRACE - Resolving type for handle stxstringf179type
12:37:45.003 [main] TRACE - Resolving type for handle ctfontfamily685ctype
12:37:45.018 [main] TRACE - Resolving type for handle stfontfamily9c6ctype
12:37:45.020 [main] TRACE - Resolving type for handle ctfontschemebf5dtype
12:37:45.020 [main] TRACE - Resolving type for handle stfontschemef36dtype
12:37:45.020 [main] TRACE - Resolving type for handle ctfill550ctype
12:37:45.035 [main] TRACE - Resolving type for handle ctpatternfill7452type
12:37:45.036 [main] TRACE - Resolving type for handle stpatterntype7939type
12:37:45.036 [main] TRACE - Resolving type for handle ctborderf935type
12:37:45.036 [main] TRACE - Resolving type for handle ctborderpre497type
12:37:45.053 [main] TRACE - Resolving type for handle ctxf97f7type
12:37:45.053 [main] TRACE - Resolving type for handle stnumfmtid76fbtype
12:37:45.053 [main] TRACE - Resolving type for handle stfontid9d63type
12:37:45.053 [main] TRACE - Resolving type for handle stfillida097type
12:37:45.053 [main] TRACE - Resolving type for handle stborderid1a80type
12:37:45.053 [main] TRACE - Resolving type for handle stcellstylexfid70c7type
12:37:45.069 [main] TRACE - Resolving type for handle ctsheet4dbetype
12:37:45.069 [main] TRACE - Resolving type for handle ctworksheet530dtype
12:37:45.084 [main] TRACE - Resolving type for handle ctsheetformatprdef7type
12:37:45.086 [main] TRACE - Resolving type for handle ctsheetviewsb918type
12:37:45.086 [main] TRACE - Resolving type for handle ctsheetview0f43type
12:37:45.086 [main] TRACE - Resolving type for handle ctsheetdimensiond310type
12:37:45.086 [main] TRACE - Resolving type for handle stref90a2type
12:37:45.086 [main] TRACE - Resolving type for handle ctsheetdata8408type
12:37:45.102 [main] TRACE - Resolving type for handle ctpagemargins5455type
12:37:45.103 [main] TRACE - Resolving type for handle ctcols627ctype
12:37:45.103 [main] TRACE - Resolving type for handle strelationshipid1e94type
12:37:45.103 [main] TRACE - Resolving type for handle ctrowdd39type
12:37:45.120 [main] TRACE - Resolving type for handle ctcell842btype
12:37:45.120 [main] TRACE - Resolving type for handle stcellrefe4e0type
12:37:45.131 [main] TRACE - Resolving type for handle ctrsta472type
12:37:45.136 [main] TRACE - Resolving type for handle stcelltypebf95type
12:37:45.303 [main] DEBUG - Save core properties part
12:37:45.303 [main] DEBUG - Save content types part
12:37:45.458 [main] DEBUG - Save package relationships
12:37:45.469 [main] DEBUG - Save part 'docProps/core.xml'
12:37:45.486 [main] DEBUG - Save part 'xl/sharedStrings.xml'
12:37:45.486 [main] DEBUG - Save part 'xl/styles.xml'
12:37:45.509 [main] DEBUG - Save part 'xl/workbook.xml'
12:37:45.513 [main] DEBUG - Save part 'xl/worksheets/sheet1.xml'
12:44:04.617 [main] INFO  - Goto crm URL 
12:44:10.971 [main] TRACE - Loading type system org.apache.poi.schemas.ooxml.system.ooxml
12:44:10.971 [main] TRACE - Loading type system org.apache.xmlbeans.metadata.system.sXMLCONFIG
12:44:10.971 [main] TRACE - Loading type system org.apache.xmlbeans.metadata.system.sXMLLANG
12:44:10.971 [main] TRACE - Loading type system org.apache.xmlbeans.metadata.system.sXMLSCHEMA
12:44:10.971 [main] TRACE - Loading type system org.apache.xmlbeans.metadata.system.sXMLTOOLS
12:44:10.971 [main] TRACE - Reading unresolved handles for type system org.apache.xmlbeans.metadata.system.sXMLTOOLS
12:44:11.004 [main] TRACE - Finished loading type system org.apache.xmlbeans.metadata.system.sXMLTOOLS
12:44:11.004 [main] TRACE - Reading unresolved handles for type system org.apache.xmlbeans.metadata.system.sXMLSCHEMA
12:44:11.020 [main] TRACE - Finished loading type system org.apache.xmlbeans.metadata.system.sXMLSCHEMA
12:44:11.021 [main] TRACE - Reading unresolved handles for type system org.apache.xmlbeans.metadata.system.sXMLLANG
12:44:11.021 [main] TRACE - Finished loading type system org.apache.xmlbeans.metadata.system.sXMLLANG
12:44:11.021 [main] TRACE - Reading unresolved handles for type system org.apache.xmlbeans.metadata.system.sXMLCONFIG
12:44:11.021 [main] TRACE - Finished loading type system org.apache.xmlbeans.metadata.system.sXMLCONFIG
12:44:11.021 [main] TRACE - Reading unresolved handles for type system org.apache.poi.schemas.ooxml.system.ooxml
12:44:11.071 [main] TRACE - Finished loading type system org.apache.poi.schemas.ooxml.system.ooxml
12:44:11.087 [main] TRACE - Resolving type for handle ctworkbook83c3type
12:44:11.121 [main] TRACE - Resolving type for handle ctworkbookpr03a5type
12:44:11.121 [main] TRACE - Resolving type for handle ctbookviewsb864type
12:44:11.136 [main] TRACE - Resolving type for handle ctbookviewf677type
12:44:11.142 [main] TRACE - Resolving type for handle ctsheets49fdtype
12:44:11.142 [main] TRACE - Resolving type for handle propertiesee84doctype
12:44:11.142 [main] TRACE - Resolving type for handle ctproperties3f10type
12:44:11.153 [main] TRACE - Resolving type for handle properties288cdoctype
12:44:11.155 [main] TRACE - Resolving type for handle ctproperties2c18type
12:44:11.160 [main] TRACE - Resolving type for handle sstf81fdoctype
12:44:11.162 [main] TRACE - Resolving type for handle ctsst44f3type
12:44:11.165 [main] TRACE - Resolving type for handle stylesheet5d8bdoctype
12:44:11.166 [main] TRACE - Resolving type for handle ctstylesheet4257type
12:44:11.169 [main] TRACE - Resolving type for handle ctfont14d8type
12:44:11.174 [main] TRACE - Resolving type for handle ctfontsizeb3b9type
12:44:11.181 [main] TRACE - Resolving type for handle ctcolord2c2type
12:44:11.183 [main] TRACE - Resolving type for handle ctfontname2dc3type
12:44:11.185 [main] TRACE - Resolving type for handle stxstringf179type
12:44:11.187 [main] TRACE - Resolving type for handle ctfontfamily685ctype
12:44:11.187 [main] TRACE - Resolving type for handle stfontfamily9c6ctype
12:44:11.187 [main] TRACE - Resolving type for handle ctfontschemebf5dtype
12:44:11.187 [main] TRACE - Resolving type for handle stfontschemef36dtype
12:44:11.187 [main] TRACE - Resolving type for handle ctfill550ctype
12:44:11.187 [main] TRACE - Resolving type for handle ctpatternfill7452type
12:44:11.187 [main] TRACE - Resolving type for handle stpatterntype7939type
12:44:11.187 [main] TRACE - Resolving type for handle ctborderf935type
12:44:11.187 [main] TRACE - Resolving type for handle ctborderpre497type
12:44:11.204 [main] TRACE - Resolving type for handle ctxf97f7type
12:44:11.204 [main] TRACE - Resolving type for handle stnumfmtid76fbtype
12:44:11.204 [main] TRACE - Resolving type for handle stfontid9d63type
12:44:11.220 [main] TRACE - Resolving type for handle stfillida097type
12:44:11.220 [main] TRACE - Resolving type for handle stborderid1a80type
12:44:11.220 [main] TRACE - Resolving type for handle stcellstylexfid70c7type
12:44:11.237 [main] TRACE - Resolving type for handle ctsheet4dbetype
12:44:11.242 [main] TRACE - Resolving type for handle ctworksheet530dtype
12:44:11.242 [main] TRACE - Resolving type for handle ctsheetformatprdef7type
12:44:11.242 [main] TRACE - Resolving type for handle ctsheetviewsb918type
12:44:11.253 [main] TRACE - Resolving type for handle ctsheetview0f43type
12:44:11.254 [main] TRACE - Resolving type for handle ctsheetdimensiond310type
12:44:11.254 [main] TRACE - Resolving type for handle stref90a2type
12:44:11.254 [main] TRACE - Resolving type for handle ctsheetdata8408type
12:44:11.254 [main] TRACE - Resolving type for handle ctpagemargins5455type
12:44:11.254 [main] TRACE - Resolving type for handle ctcols627ctype
12:44:11.254 [main] TRACE - Resolving type for handle strelationshipid1e94type
12:44:11.254 [main] TRACE - Resolving type for handle ctrowdd39type
12:44:11.272 [main] TRACE - Resolving type for handle ctcell842btype
12:44:11.277 [main] TRACE - Resolving type for handle stcellrefe4e0type
12:44:11.283 [main] TRACE - Resolving type for handle ctrsta472type
12:44:11.285 [main] TRACE - Resolving type for handle stcelltypebf95type
12:44:11.455 [main] DEBUG - Save core properties part
12:44:11.456 [main] DEBUG - Save content types part
12:44:11.603 [main] DEBUG - Save package relationships
12:44:11.606 [main] DEBUG - Save part 'docProps/core.xml'
12:44:11.618 [main] DEBUG - Save part 'xl/sharedStrings.xml'
12:44:11.618 [main] DEBUG - Save part 'xl/styles.xml'
12:44:11.628 [main] DEBUG - Save part 'xl/workbook.xml'
12:44:11.629 [main] DEBUG - Save part 'xl/worksheets/sheet1.xml'
13:00:05.708 [main] INFO  - Goto crm URL 
13:00:12.075 [main] TRACE - Loading type system org.apache.poi.schemas.ooxml.system.ooxml
13:00:12.090 [main] TRACE - Loading type system org.apache.xmlbeans.metadata.system.sXMLCONFIG
13:00:12.091 [main] TRACE - Loading type system org.apache.xmlbeans.metadata.system.sXMLLANG
13:00:12.091 [main] TRACE - Loading type system org.apache.xmlbeans.metadata.system.sXMLSCHEMA
13:00:12.091 [main] TRACE - Loading type system org.apache.xmlbeans.metadata.system.sXMLTOOLS
13:00:12.091 [main] TRACE - Reading unresolved handles for type system org.apache.xmlbeans.metadata.system.sXMLTOOLS
13:00:12.124 [main] TRACE - Finished loading type system org.apache.xmlbeans.metadata.system.sXMLTOOLS
13:00:12.124 [main] TRACE - Reading unresolved handles for type system org.apache.xmlbeans.metadata.system.sXMLSCHEMA
13:00:12.124 [main] TRACE - Finished loading type system org.apache.xmlbeans.metadata.system.sXMLSCHEMA
13:00:12.124 [main] TRACE - Reading unresolved handles for type system org.apache.xmlbeans.metadata.system.sXMLLANG
13:00:12.124 [main] TRACE - Finished loading type system org.apache.xmlbeans.metadata.system.sXMLLANG
13:00:12.124 [main] TRACE - Reading unresolved handles for type system org.apache.xmlbeans.metadata.system.sXMLCONFIG
13:00:12.124 [main] TRACE - Finished loading type system org.apache.xmlbeans.metadata.system.sXMLCONFIG
13:00:12.141 [main] TRACE - Reading unresolved handles for type system org.apache.poi.schemas.ooxml.system.ooxml
13:00:12.191 [main] TRACE - Finished loading type system org.apache.poi.schemas.ooxml.system.ooxml
13:00:12.191 [main] TRACE - Resolving type for handle ctworkbook83c3type
13:00:12.258 [main] TRACE - Resolving type for handle ctworkbookpr03a5type
13:00:12.274 [main] TRACE - Resolving type for handle ctbookviewsb864type
13:00:12.274 [main] TRACE - Resolving type for handle ctbookviewf677type
13:00:12.291 [main] TRACE - Resolving type for handle ctsheets49fdtype
13:00:12.291 [main] TRACE - Resolving type for handle propertiesee84doctype
13:00:12.291 [main] TRACE - Resolving type for handle ctproperties3f10type
13:00:12.324 [main] TRACE - Resolving type for handle properties288cdoctype
13:00:12.325 [main] TRACE - Resolving type for handle ctproperties2c18type
13:00:12.325 [main] TRACE - Resolving type for handle sstf81fdoctype
13:00:12.340 [main] TRACE - Resolving type for handle ctsst44f3type
13:00:12.341 [main] TRACE - Resolving type for handle stylesheet5d8bdoctype
13:00:12.341 [main] TRACE - Resolving type for handle ctstylesheet4257type
13:00:12.358 [main] TRACE - Resolving type for handle ctfont14d8type
13:00:12.358 [main] TRACE - Resolving type for handle ctfontsizeb3b9type
13:00:12.374 [main] TRACE - Resolving type for handle ctcolord2c2type
13:00:12.374 [main] TRACE - Resolving type for handle ctfontname2dc3type
13:00:12.391 [main] TRACE - Resolving type for handle stxstringf179type
13:00:12.391 [main] TRACE - Resolving type for handle ctfontfamily685ctype
13:00:12.391 [main] TRACE - Resolving type for handle stfontfamily9c6ctype
13:00:12.391 [main] TRACE - Resolving type for handle ctfontschemebf5dtype
13:00:12.391 [main] TRACE - Resolving type for handle stfontschemef36dtype
13:00:12.391 [main] TRACE - Resolving type for handle ctfill550ctype
13:00:12.391 [main] TRACE - Resolving type for handle ctpatternfill7452type
13:00:12.408 [main] TRACE - Resolving type for handle stpatterntype7939type
13:00:12.408 [main] TRACE - Resolving type for handle ctborderf935type
13:00:12.408 [main] TRACE - Resolving type for handle ctborderpre497type
13:00:12.408 [main] TRACE - Resolving type for handle ctxf97f7type
13:00:12.441 [main] TRACE - Resolving type for handle stnumfmtid76fbtype
13:00:12.441 [main] TRACE - Resolving type for handle stfontid9d63type
13:00:12.458 [main] TRACE - Resolving type for handle stfillida097type
13:00:12.458 [main] TRACE - Resolving type for handle stborderid1a80type
13:00:12.458 [main] TRACE - Resolving type for handle stcellstylexfid70c7type
13:00:12.458 [main] TRACE - Resolving type for handle ctsheet4dbetype
13:00:12.475 [main] TRACE - Resolving type for handle ctworksheet530dtype
13:00:12.488 [main] TRACE - Resolving type for handle ctsheetformatprdef7type
13:00:12.507 [main] TRACE - Resolving type for handle ctsheetviewsb918type
13:00:12.507 [main] TRACE - Resolving type for handle ctsheetview0f43type
13:00:12.507 [main] TRACE - Resolving type for handle ctsheetdimensiond310type
13:00:12.507 [main] TRACE - Resolving type for handle stref90a2type
13:00:12.524 [main] TRACE - Resolving type for handle ctsheetdata8408type
13:00:12.524 [main] TRACE - Resolving type for handle ctpagemargins5455type
13:00:12.540 [main] TRACE - Resolving type for handle ctcols627ctype
13:00:12.540 [main] TRACE - Resolving type for handle strelationshipid1e94type
13:00:12.540 [main] TRACE - Resolving type for handle ctrowdd39type
13:00:12.540 [main] TRACE - Resolving type for handle ctcell842btype
13:00:12.556 [main] TRACE - Resolving type for handle stcellrefe4e0type
13:00:12.560 [main] TRACE - Resolving type for handle ctrsta472type
13:00:12.562 [main] TRACE - Resolving type for handle stcelltypebf95type
13:00:12.723 [main] DEBUG - Save core properties part
13:00:12.723 [main] DEBUG - Save content types part
13:00:12.841 [main] DEBUG - Save package relationships
13:00:12.845 [main] DEBUG - Save part 'docProps/core.xml'
13:00:12.860 [main] DEBUG - Save part 'xl/sharedStrings.xml'
13:00:12.860 [main] DEBUG - Save part 'xl/styles.xml'
13:00:12.890 [main] DEBUG - Save part 'xl/workbook.xml'
13:00:12.900 [main] DEBUG - Save part 'xl/worksheets/sheet1.xml'
13:00:58.190 [main] INFO  - Goto crm URL 
13:01:04.418 [main] TRACE - Loading type system org.apache.poi.schemas.ooxml.system.ooxml
13:01:04.418 [main] TRACE - Loading type system org.apache.xmlbeans.metadata.system.sXMLCONFIG
13:01:04.418 [main] TRACE - Loading type system org.apache.xmlbeans.metadata.system.sXMLLANG
13:01:04.418 [main] TRACE - Loading type system org.apache.xmlbeans.metadata.system.sXMLSCHEMA
13:01:04.418 [main] TRACE - Loading type system org.apache.xmlbeans.metadata.system.sXMLTOOLS
13:01:04.418 [main] TRACE - Reading unresolved handles for type system org.apache.xmlbeans.metadata.system.sXMLTOOLS
13:01:04.435 [main] TRACE - Finished loading type system org.apache.xmlbeans.metadata.system.sXMLTOOLS
13:01:04.435 [main] TRACE - Reading unresolved handles for type system org.apache.xmlbeans.metadata.system.sXMLSCHEMA
13:01:04.452 [main] TRACE - Finished loading type system org.apache.xmlbeans.metadata.system.sXMLSCHEMA
13:01:04.452 [main] TRACE - Reading unresolved handles for type system org.apache.xmlbeans.metadata.system.sXMLLANG
13:01:04.452 [main] TRACE - Finished loading type system org.apache.xmlbeans.metadata.system.sXMLLANG
13:01:04.452 [main] TRACE - Reading unresolved handles for type system org.apache.xmlbeans.metadata.system.sXMLCONFIG
13:01:04.452 [main] TRACE - Finished loading type system org.apache.xmlbeans.metadata.system.sXMLCONFIG
13:01:04.452 [main] TRACE - Reading unresolved handles for type system org.apache.poi.schemas.ooxml.system.ooxml
13:01:04.518 [main] TRACE - Finished loading type system org.apache.poi.schemas.ooxml.system.ooxml
13:01:04.518 [main] TRACE - Resolving type for handle ctworkbook83c3type
13:01:04.568 [main] TRACE - Resolving type for handle ctworkbookpr03a5type
13:01:04.568 [main] TRACE - Resolving type for handle ctbookviewsb864type
13:01:04.568 [main] TRACE - Resolving type for handle ctbookviewf677type
13:01:04.585 [main] TRACE - Resolving type for handle ctsheets49fdtype
13:01:04.585 [main] TRACE - Resolving type for handle propertiesee84doctype
13:01:04.594 [main] TRACE - Resolving type for handle ctproperties3f10type
13:01:04.602 [main] TRACE - Resolving type for handle properties288cdoctype
13:01:04.602 [main] TRACE - Resolving type for handle ctproperties2c18type
13:01:04.604 [main] TRACE - Resolving type for handle sstf81fdoctype
13:01:04.604 [main] TRACE - Resolving type for handle ctsst44f3type
13:01:04.604 [main] TRACE - Resolving type for handle stylesheet5d8bdoctype
13:01:04.604 [main] TRACE - Resolving type for handle ctstylesheet4257type
13:01:04.604 [main] TRACE - Resolving type for handle ctfont14d8type
13:01:04.640 [main] TRACE - Resolving type for handle ctfontsizeb3b9type
13:01:04.652 [main] TRACE - Resolving type for handle ctcolord2c2type
13:01:04.669 [main] TRACE - Resolving type for handle ctfontname2dc3type
13:01:04.685 [main] TRACE - Resolving type for handle stxstringf179type
13:01:04.688 [main] TRACE - Resolving type for handle ctfontfamily685ctype
13:01:04.688 [main] TRACE - Resolving type for handle stfontfamily9c6ctype
13:01:04.688 [main] TRACE - Resolving type for handle ctfontschemebf5dtype
13:01:04.694 [main] TRACE - Resolving type for handle stfontschemef36dtype
13:01:04.694 [main] TRACE - Resolving type for handle ctfill550ctype
13:01:04.694 [main] TRACE - Resolving type for handle ctpatternfill7452type
13:01:04.702 [main] TRACE - Resolving type for handle stpatterntype7939type
13:01:04.702 [main] TRACE - Resolving type for handle ctborderf935type
13:01:04.702 [main] TRACE - Resolving type for handle ctborderpre497type
13:01:04.702 [main] TRACE - Resolving type for handle ctxf97f7type
13:01:04.702 [main] TRACE - Resolving type for handle stnumfmtid76fbtype
13:01:04.702 [main] TRACE - Resolving type for handle stfontid9d63type
13:01:04.718 [main] TRACE - Resolving type for handle stfillida097type
13:01:04.718 [main] TRACE - Resolving type for handle stborderid1a80type
13:01:04.718 [main] TRACE - Resolving type for handle stcellstylexfid70c7type
13:01:04.735 [main] TRACE - Resolving type for handle ctsheet4dbetype
13:01:04.735 [main] TRACE - Resolving type for handle ctworksheet530dtype
13:01:04.762 [main] TRACE - Resolving type for handle ctsheetformatprdef7type
13:01:04.769 [main] TRACE - Resolving type for handle ctsheetviewsb918type
13:01:04.769 [main] TRACE - Resolving type for handle ctsheetview0f43type
13:01:04.769 [main] TRACE - Resolving type for handle ctsheetdimensiond310type
13:01:04.769 [main] TRACE - Resolving type for handle stref90a2type
13:01:04.785 [main] TRACE - Resolving type for handle ctsheetdata8408type
13:01:04.787 [main] TRACE - Resolving type for handle ctpagemargins5455type
13:01:04.791 [main] TRACE - Resolving type for handle ctcols627ctype
13:01:04.793 [main] TRACE - Resolving type for handle strelationshipid1e94type
13:01:04.795 [main] TRACE - Resolving type for handle ctrowdd39type
13:01:04.806 [main] TRACE - Resolving type for handle ctcell842btype
13:01:04.813 [main] TRACE - Resolving type for handle stcellrefe4e0type
13:01:04.815 [main] TRACE - Resolving type for handle ctrsta472type
13:01:04.817 [main] TRACE - Resolving type for handle stcelltypebf95type
13:01:04.951 [main] DEBUG - Save core properties part
13:01:04.951 [main] DEBUG - Save content types part
13:01:05.135 [main] DEBUG - Save package relationships
13:01:05.135 [main] DEBUG - Save part 'docProps/core.xml'
13:01:05.162 [main] DEBUG - Save part 'xl/sharedStrings.xml'
13:01:05.162 [main] DEBUG - Save part 'xl/styles.xml'
13:01:05.165 [main] DEBUG - Save part 'xl/workbook.xml'
13:01:05.170 [main] DEBUG - Save part 'xl/worksheets/sheet1.xml'
17:28:55.984 [main] INFO  - Goto crm URL 
17:29:02.270 [main] TRACE - Loading type system org.apache.poi.schemas.ooxml.system.ooxml
17:29:02.270 [main] TRACE - Loading type system org.apache.xmlbeans.metadata.system.sXMLCONFIG
17:29:02.270 [main] TRACE - Loading type system org.apache.xmlbeans.metadata.system.sXMLLANG
17:29:02.270 [main] TRACE - Loading type system org.apache.xmlbeans.metadata.system.sXMLSCHEMA
17:29:02.270 [main] TRACE - Loading type system org.apache.xmlbeans.metadata.system.sXMLTOOLS
17:29:02.270 [main] TRACE - Reading unresolved handles for type system org.apache.xmlbeans.metadata.system.sXMLTOOLS
17:29:02.294 [main] TRACE - Finished loading type system org.apache.xmlbeans.metadata.system.sXMLTOOLS
17:29:02.296 [main] TRACE - Reading unresolved handles for type system org.apache.xmlbeans.metadata.system.sXMLSCHEMA
17:29:02.304 [main] TRACE - Finished loading type system org.apache.xmlbeans.metadata.system.sXMLSCHEMA
17:29:02.304 [main] TRACE - Reading unresolved handles for type system org.apache.xmlbeans.metadata.system.sXMLLANG
17:29:02.304 [main] TRACE - Finished loading type system org.apache.xmlbeans.metadata.system.sXMLLANG
17:29:02.304 [main] TRACE - Reading unresolved handles for type system org.apache.xmlbeans.metadata.system.sXMLCONFIG
17:29:02.304 [main] TRACE - Finished loading type system org.apache.xmlbeans.metadata.system.sXMLCONFIG
17:29:02.304 [main] TRACE - Reading unresolved handles for type system org.apache.poi.schemas.ooxml.system.ooxml
17:29:02.371 [main] TRACE - Finished loading type system org.apache.poi.schemas.ooxml.system.ooxml
17:29:02.371 [main] TRACE - Resolving type for handle ctworkbook83c3type
17:29:02.404 [main] TRACE - Resolving type for handle ctworkbookpr03a5type
17:29:02.420 [main] TRACE - Resolving type for handle ctbookviewsb864type
17:29:02.420 [main] TRACE - Resolving type for handle ctbookviewf677type
17:29:02.420 [main] TRACE - Resolving type for handle ctsheets49fdtype
17:29:02.420 [main] TRACE - Resolving type for handle propertiesee84doctype
17:29:02.437 [main] TRACE - Resolving type for handle ctproperties3f10type
17:29:02.441 [main] TRACE - Resolving type for handle properties288cdoctype
17:29:02.441 [main] TRACE - Resolving type for handle ctproperties2c18type
17:29:02.441 [main] TRACE - Resolving type for handle sstf81fdoctype
17:29:02.441 [main] TRACE - Resolving type for handle ctsst44f3type
17:29:02.454 [main] TRACE - Resolving type for handle stylesheet5d8bdoctype
17:29:02.470 [main] TRACE - Resolving type for handle ctstylesheet4257type
17:29:02.470 [main] TRACE - Resolving type for handle ctfont14d8type
17:29:02.504 [main] TRACE - Resolving type for handle ctfontsizeb3b9type
17:29:02.504 [main] TRACE - Resolving type for handle ctcolord2c2type
17:29:02.520 [main] TRACE - Resolving type for handle ctfontname2dc3type
17:29:02.520 [main] TRACE - Resolving type for handle stxstringf179type
17:29:02.520 [main] TRACE - Resolving type for handle ctfontfamily685ctype
17:29:02.520 [main] TRACE - Resolving type for handle stfontfamily9c6ctype
17:29:02.520 [main] TRACE - Resolving type for handle ctfontschemebf5dtype
17:29:02.520 [main] TRACE - Resolving type for handle stfontschemef36dtype
17:29:02.520 [main] TRACE - Resolving type for handle ctfill550ctype
17:29:02.520 [main] TRACE - Resolving type for handle ctpatternfill7452type
17:29:02.536 [main] TRACE - Resolving type for handle stpatterntype7939type
17:29:02.537 [main] TRACE - Resolving type for handle ctborderf935type
17:29:02.537 [main] TRACE - Resolving type for handle ctborderpre497type
17:29:02.541 [main] TRACE - Resolving type for handle ctxf97f7type
17:29:02.541 [main] TRACE - Resolving type for handle stnumfmtid76fbtype
17:29:02.541 [main] TRACE - Resolving type for handle stfontid9d63type
17:29:02.541 [main] TRACE - Resolving type for handle stfillida097type
17:29:02.541 [main] TRACE - Resolving type for handle stborderid1a80type
17:29:02.541 [main] TRACE - Resolving type for handle stcellstylexfid70c7type
17:29:02.554 [main] TRACE - Resolving type for handle ctsheet4dbetype
17:29:02.554 [main] TRACE - Resolving type for handle ctworksheet530dtype
17:29:02.554 [main] TRACE - Resolving type for handle ctsheetformatprdef7type
17:29:02.569 [main] TRACE - Resolving type for handle ctsheetviewsb918type
17:29:02.570 [main] TRACE - Resolving type for handle ctsheetview0f43type
17:29:02.570 [main] TRACE - Resolving type for handle ctsheetdimensiond310type
