14:19:08.588 [main] TRACE - Loading type system org.apache.xmlbeans.metadata.system.sXMLTOOLS
14:19:08.589 [main] TRACE - Reading unresolved handles for type system org.apache.xmlbeans.metadata.system.sXMLTOOLS
14:19:08.617 [main] TRACE - Finished loading type system org.apache.xmlbeans.metadata.system.sXMLTOOLS
14:19:08.617 [main] TRACE - Reading unresolved handles for type system org.apache.xmlbeans.metadata.system.sXMLSCHEMA
14:19:08.627 [main] TRACE - Finished loading type system org.apache.xmlbeans.metadata.system.sXMLSCHEMA
14:19:08.629 [main] TRACE - Reading unresolved handles for type system org.apache.xmlbeans.metadata.system.sXMLLANG
14:19:08.663 [main] TRACE - Finished loading type system org.apache.xmlbeans.metadata.system.sXMLLANG
14:19:08.665 [main] TRACE - Reading unresolved handles for type system org.apache.xmlbeans.metadata.system.sXMLCONFIG
14:19:08.665 [main] TRACE - Finished loading type system org.apache.xmlbeans.metadata.system.sXMLCONFIG
14:19:08.668 [main] TRACE - Reading unresolved handles for type system org.apache.poi.schemas.ooxml.system.ooxml
14:19:08.714 [main] TRACE - Finished loading type system org.apache.poi.schemas.ooxml.system.ooxml
14:19:08.714 [main] TRACE - Resolving type for handle ctworkbook83c3type
14:19:08.739 [main] TRACE - Resolving type for handle ctworkbookpr03a5type
14:19:08.755 [main] TRACE - Resolving type for handle ctbookviewsb864type
14:19:08.755 [main] TRACE - Resolving type for handle ctbookviewf677type
14:19:08.755 [main] TRACE - Resolving type for handle ctsheets49fdtype
14:19:08.755 [main] TRACE - Resolving type for handle propertiesee84doctype
14:19:08.755 [main] TRACE - Resolving type for handle ctproperties3f10type
14:19:08.768 [main] TRACE - Resolving type for handle properties288cdoctype
14:19:08.768 [main] TRACE - Resolving type for handle ctproperties2c18type
14:19:08.772 [main] TRACE - Resolving type for handle sstf81fdoctype
14:19:08.772 [main] TRACE - Resolving type for handle ctsst44f3type
14:19:08.772 [main] TRACE - Resolving type for handle stylesheet5d8bdoctype
14:19:08.772 [main] TRACE - Resolving type for handle ctstylesheet4257type
14:19:08.772 [main] TRACE - Resolving type for handle ctfont14d8type
14:19:08.788 [main] TRACE - Resolving type for handle ctfontsizeb3b9type
14:19:08.791 [main] TRACE - Resolving type for handle ctcolord2c2type
14:19:08.791 [main] TRACE - Resolving type for handle ctfontname2dc3type
14:19:08.791 [main] TRACE - Resolving type for handle stxstringf179type
14:19:08.791 [main] TRACE - Resolving type for handle ctfontfamily685ctype
14:19:08.791 [main] TRACE - Resolving type for handle stfontfamily9c6ctype
14:19:08.791 [main] TRACE - Resolving type for handle ctfontschemebf5dtype
14:19:08.791 [main] TRACE - Resolving type for handle stfontschemef36dtype
14:19:08.800 [main] TRACE - Resolving type for handle ctfill550ctype
14:19:08.800 [main] TRACE - Resolving type for handle ctpatternfill7452type
14:19:08.800 [main] TRACE - Resolving type for handle stpatterntype7939type
14:19:08.805 [main] TRACE - Resolving type for handle ctborderf935type
14:19:08.805 [main] TRACE - Resolving type for handle ctborderpre497type
14:19:08.805 [main] TRACE - Resolving type for handle ctxf97f7type
14:19:08.805 [main] TRACE - Resolving type for handle stnumfmtid76fbtype
14:19:08.805 [main] TRACE - Resolving type for handle stfontid9d63type
14:19:08.805 [main] TRACE - Resolving type for handle stfillida097type
14:19:08.805 [main] TRACE - Resolving type for handle stborderid1a80type
14:19:08.816 [main] TRACE - Resolving type for handle stcellstylexfid70c7type
14:19:08.816 [main] TRACE - Resolving type for handle ctsheet4dbetype
14:19:08.816 [main] TRACE - Resolving type for handle ctworksheet530dtype
14:19:08.826 [main] TRACE - Resolving type for handle ctsheetformatprdef7type
14:19:08.830 [main] TRACE - Resolving type for handle ctsheetviewsb918type
14:19:08.832 [main] TRACE - Resolving type for handle ctsheetview0f43type
14:19:08.835 [main] TRACE - Resolving type for handle ctsheetdimensiond310type
14:19:08.837 [main] TRACE - Resolving type for handle stref90a2type
14:19:08.839 [main] TRACE - Resolving type for handle ctsheetdata8408type
14:19:08.840 [main] TRACE - Resolving type for handle ctpagemargins5455type
14:19:08.843 [main] TRACE - Resolving type for handle ctcols627ctype
14:19:08.844 [main] TRACE - Resolving type for handle strelationshipid1e94type
14:19:08.846 [main] TRACE - Resolving type for handle ctrowdd39type
14:19:08.849 [main] TRACE - Resolving type for handle ctcell842btype
14:19:08.852 [main] TRACE - Resolving type for handle stcellrefe4e0type
14:19:08.855 [main] TRACE - Resolving type for handle ctrsta472type
14:19:08.858 [main] TRACE - Resolving type for handle stcelltypebf95type
14:19:09.042 [main] DEBUG - Save core properties part
14:19:09.042 [main] DEBUG - Save content types part
14:19:09.157 [main] DEBUG - Save package relationships
14:19:09.157 [main] DEBUG - Save part 'docProps/core.xml'
14:19:09.170 [main] DEBUG - Save part 'xl/sharedStrings.xml'
14:19:09.170 [main] DEBUG - Save part 'xl/styles.xml'
14:19:09.173 [main] DEBUG - Save part 'xl/workbook.xml'
14:19:09.173 [main] DEBUG - Save part 'xl/worksheets/sheet1.xml'
14:19:20.798 [main] DEBUG - Parsing relationship: /xl/_rels/workbook.xml.rels
14:19:20.800 [main] DEBUG - Parsing relationship: /xl/worksheets/_rels/sheet1.xml.rels
14:19:20.802 [main] DEBUG - Parsing relationship: /_rels/.rels
14:19:20.816 [main] TRACE - Resolving type for handle themefd26doctype
14:19:20.833 [main] TRACE - Resolving type for handle ctfonts6623type
14:19:20.833 [main] TRACE - Resolving type for handle ctfills2c6ftype
14:19:20.833 [main] TRACE - Resolving type for handle ctborders0d66type
14:19:20.833 [main] TRACE - Resolving type for handle ctcellxfs1322type
14:19:20.840 [main] TRACE - Resolving type for handle ctcellstylexfsa81ftype
14:19:20.840 [main] TRACE - Resolving type for handle ctdxfsb26atype
14:19:20.840 [main] TRACE - Resolving type for handle cttablestyles872ftype
14:19:20.852 [main] TRACE - Resolving type for handle workbookec17doctype
14:19:20.857 [main] TRACE - Resolving type for handle worksheetf539doctype
14:19:20.857 [main] TRACE - Resolving type for handle ctcola95ftype
14:19:20.870 [main] TRACE - Resolving type for handle cthyperlinks6416type
14:19:20.870 [main] TRACE - Resolving type for handle cthyperlink0c85type
14:33:20.588 [main] TRACE - Loading type system org.apache.poi.schemas.ooxml.system.ooxml
14:33:20.588 [main] TRACE - Loading type system org.apache.xmlbeans.metadata.system.sXMLCONFIG
14:33:20.588 [main] TRACE - Loading type system org.apache.xmlbeans.metadata.system.sXMLLANG
14:33:20.605 [main] TRACE - Loading type system org.apache.xmlbeans.metadata.system.sXMLSCHEMA
14:33:20.605 [main] TRACE - Loading type system org.apache.xmlbeans.metadata.system.sXMLTOOLS
14:33:20.605 [main] TRACE - Reading unresolved handles for type system org.apache.xmlbeans.metadata.system.sXMLTOOLS
14:33:20.621 [main] TRACE - Finished loading type system org.apache.xmlbeans.metadata.system.sXMLTOOLS
14:33:20.621 [main] TRACE - Reading unresolved handles for type system org.apache.xmlbeans.metadata.system.sXMLSCHEMA
14:33:20.639 [main] TRACE - Finished loading type system org.apache.xmlbeans.metadata.system.sXMLSCHEMA
14:33:20.639 [main] TRACE - Reading unresolved handles for type system org.apache.xmlbeans.metadata.system.sXMLLANG
14:33:20.654 [main] TRACE - Finished loading type system org.apache.xmlbeans.metadata.system.sXMLLANG
14:33:20.654 [main] TRACE - Reading unresolved handles for type system org.apache.xmlbeans.metadata.system.sXMLCONFIG
14:33:20.654 [main] TRACE - Finished loading type system org.apache.xmlbeans.metadata.system.sXMLCONFIG
14:33:20.654 [main] TRACE - Reading unresolved handles for type system org.apache.poi.schemas.ooxml.system.ooxml
14:33:20.755 [main] TRACE - Finished loading type system org.apache.poi.schemas.ooxml.system.ooxml
14:33:20.755 [main] TRACE - Resolving type for handle ctworkbook83c3type
14:33:20.788 [main] TRACE - Resolving type for handle ctworkbookpr03a5type
14:33:20.806 [main] TRACE - Resolving type for handle ctbookviewsb864type
14:33:20.821 [main] TRACE - Resolving type for handle ctbookviewf677type
14:33:20.821 [main] TRACE - Resolving type for handle ctsheets49fdtype
14:33:20.821 [main] TRACE - Resolving type for handle propertiesee84doctype
14:33:20.838 [main] TRACE - Resolving type for handle ctproperties3f10type
14:33:20.855 [main] TRACE - Resolving type for handle properties288cdoctype
14:33:20.873 [main] TRACE - Resolving type for handle ctproperties2c18type
14:33:20.886 [main] TRACE - Resolving type for handle sstf81fdoctype
14:33:20.888 [main] TRACE - Resolving type for handle ctsst44f3type
14:33:20.888 [main] TRACE - Resolving type for handle stylesheet5d8bdoctype
14:33:20.888 [main] TRACE - Resolving type for handle ctstylesheet4257type
14:33:20.905 [main] TRACE - Resolving type for handle ctfont14d8type
14:33:20.921 [main] TRACE - Resolving type for handle ctfontsizeb3b9type
14:33:20.939 [main] TRACE - Resolving type for handle ctcolord2c2type
14:33:20.942 [main] TRACE - Resolving type for handle ctfontname2dc3type
14:33:20.944 [main] TRACE - Resolving type for handle stxstringf179type
14:33:20.944 [main] TRACE - Resolving type for handle ctfontfamily685ctype
14:33:20.944 [main] TRACE - Resolving type for handle stfontfamily9c6ctype
14:33:20.944 [main] TRACE - Resolving type for handle ctfontschemebf5dtype
14:33:20.954 [main] TRACE - Resolving type for handle stfontschemef36dtype
14:33:20.955 [main] TRACE - Resolving type for handle ctfill550ctype
14:33:20.955 [main] TRACE - Resolving type for handle ctpatternfill7452type
14:33:20.955 [main] TRACE - Resolving type for handle stpatterntype7939type
14:33:20.955 [main] TRACE - Resolving type for handle ctborderf935type
14:33:20.955 [main] TRACE - Resolving type for handle ctborderpre497type
14:33:20.955 [main] TRACE - Resolving type for handle ctxf97f7type
14:33:20.969 [main] TRACE - Resolving type for handle stnumfmtid76fbtype
14:33:20.971 [main] TRACE - Resolving type for handle stfontid9d63type
14:33:20.973 [main] TRACE - Resolving type for handle stfillida097type
14:33:20.973 [main] TRACE - Resolving type for handle stborderid1a80type
14:33:20.973 [main] TRACE - Resolving type for handle stcellstylexfid70c7type
14:33:20.973 [main] TRACE - Resolving type for handle ctsheet4dbetype
14:33:20.973 [main] TRACE - Resolving type for handle ctworksheet530dtype
14:33:20.988 [main] TRACE - Resolving type for handle ctsheetformatprdef7type
14:33:21.004 [main] TRACE - Resolving type for handle ctsheetviewsb918type
14:33:21.004 [main] TRACE - Resolving type for handle ctsheetview0f43type
14:33:21.004 [main] TRACE - Resolving type for handle ctsheetdimensiond310type
14:33:21.004 [main] TRACE - Resolving type for handle stref90a2type
14:33:21.004 [main] TRACE - Resolving type for handle ctsheetdata8408type
14:33:21.004 [main] TRACE - Resolving type for handle ctpagemargins5455type
14:33:21.021 [main] TRACE - Resolving type for handle ctcols627ctype
14:33:21.021 [main] TRACE - Resolving type for handle strelationshipid1e94type
14:33:21.021 [main] TRACE - Resolving type for handle ctrowdd39type
14:33:21.041 [main] TRACE - Resolving type for handle ctcell842btype
14:33:21.054 [main] TRACE - Resolving type for handle stcellrefe4e0type
14:33:21.054 [main] TRACE - Resolving type for handle ctrsta472type
14:33:21.054 [main] TRACE - Resolving type for handle stcelltypebf95type
14:33:21.273 [main] DEBUG - Save core properties part
14:33:21.273 [main] DEBUG - Save content types part
14:33:21.406 [main] DEBUG - Save package relationships
14:33:21.406 [main] DEBUG - Save part 'docProps/core.xml'
14:33:21.423 [main] DEBUG - Save part 'xl/sharedStrings.xml'
14:33:21.423 [main] DEBUG - Save part 'xl/styles.xml'
14:33:21.438 [main] DEBUG - Save part 'xl/workbook.xml'
14:33:21.438 [main] DEBUG - Save part 'xl/worksheets/sheet1.xml'
14:33:32.690 [main] DEBUG - Parsing relationship: /xl/_rels/workbook.xml.rels
14:33:32.690 [main] DEBUG - Parsing relationship: /xl/worksheets/_rels/sheet1.xml.rels
14:33:32.690 [main] DEBUG - Parsing relationship: /_rels/.rels
14:33:32.718 [main] TRACE - Resolving type for handle themefd26doctype
14:33:32.756 [main] TRACE - Resolving type for handle ctfonts6623type
14:33:32.758 [main] TRACE - Resolving type for handle ctfills2c6ftype
14:33:32.760 [main] TRACE - Resolving type for handle ctborders0d66type
14:33:32.763 [main] TRACE - Resolving type for handle ctcellxfs1322type
14:33:32.764 [main] TRACE - Resolving type for handle ctcellstylexfsa81ftype
14:33:32.766 [main] TRACE - Resolving type for handle ctdxfsb26atype
14:33:32.767 [main] TRACE - Resolving type for handle cttablestyles872ftype
14:33:32.767 [main] TRACE - Resolving type for handle workbookec17doctype
14:33:32.783 [main] TRACE - Resolving type for handle worksheetf539doctype
14:33:32.790 [main] TRACE - Resolving type for handle ctcola95ftype
14:33:32.795 [main] TRACE - Resolving type for handle cthyperlinks6416type
14:33:32.798 [main] TRACE - Resolving type for handle cthyperlink0c85type
14:33:46.910 [main] DEBUG - Save core properties part
14:33:46.910 [main] DEBUG - Save content types part
14:33:46.910 [main] DEBUG - Save package relationships
14:33:46.927 [main] DEBUG - Save part 'docProps/core.xml'
14:33:46.928 [main] DEBUG - Save part 'xl/sharedStrings.xml'
14:33:46.928 [main] DEBUG - Save part 'xl/styles.xml'
14:33:46.928 [main] DEBUG - Save part 'xl/workbook.xml'
14:33:46.928 [main] DEBUG - Save part 'xl/worksheets/sheet1.xml'
14:33:58.204 [main] DEBUG - Parsing relationship: /xl/_rels/workbook.xml.rels
14:33:58.206 [main] DEBUG - Parsing relationship: /xl/worksheets/_rels/sheet1.xml.rels
14:33:58.206 [main] DEBUG - Parsing relationship: /_rels/.rels
15:10:12.245 [main] TRACE - Loading type system org.apache.poi.schemas.ooxml.system.ooxml
15:10:12.251 [main] TRACE - Loading type system org.apache.xmlbeans.metadata.system.sXMLCONFIG
15:10:12.251 [main] TRACE - Loading type system org.apache.xmlbeans.metadata.system.sXMLLANG
15:10:12.251 [main] TRACE - Loading type system org.apache.xmlbeans.metadata.system.sXMLSCHEMA
15:10:12.251 [main] TRACE - Loading type system org.apache.xmlbeans.metadata.system.sXMLTOOLS
15:10:12.251 [main] TRACE - Reading unresolved handles for type system org.apache.xmlbeans.metadata.system.sXMLTOOLS
15:10:12.255 [main] TRACE - Finished loading type system org.apache.xmlbeans.metadata.system.sXMLTOOLS
15:10:12.255 [main] TRACE - Reading unresolved handles for type system org.apache.xmlbeans.metadata.system.sXMLSCHEMA
15:10:12.271 [main] TRACE - Finished loading type system org.apache.xmlbeans.metadata.system.sXMLSCHEMA
15:10:12.276 [main] TRACE - Reading unresolved handles for type system org.apache.xmlbeans.metadata.system.sXMLLANG
15:10:12.278 [main] TRACE - Finished loading type system org.apache.xmlbeans.metadata.system.sXMLLANG
15:10:12.278 [main] TRACE - Reading unresolved handles for type system org.apache.xmlbeans.metadata.system.sXMLCONFIG
15:10:12.280 [main] TRACE - Finished loading type system org.apache.xmlbeans.metadata.system.sXMLCONFIG
15:10:12.284 [main] TRACE - Reading unresolved handles for type system org.apache.poi.schemas.ooxml.system.ooxml
15:10:12.354 [main] TRACE - Finished loading type system org.apache.poi.schemas.ooxml.system.ooxml
15:10:12.360 [main] TRACE - Resolving type for handle ctworkbook83c3type
15:10:12.385 [main] TRACE - Resolving type for handle ctworkbookpr03a5type
15:10:12.401 [main] TRACE - Resolving type for handle ctbookviewsb864type
15:10:12.404 [main] TRACE - Resolving type for handle ctbookviewf677type
15:10:12.413 [main] TRACE - Resolving type for handle ctsheets49fdtype
15:10:12.417 [main] TRACE - Resolving type for handle propertiesee84doctype
15:10:12.419 [main] TRACE - Resolving type for handle ctproperties3f10type
15:10:12.423 [main] TRACE - Resolving type for handle properties288cdoctype
15:10:12.431 [main] TRACE - Resolving type for handle ctproperties2c18type
15:10:12.437 [main] TRACE - Resolving type for handle sstf81fdoctype
15:10:12.437 [main] TRACE - Resolving type for handle ctsst44f3type
15:10:12.443 [main] TRACE - Resolving type for handle stylesheet5d8bdoctype
15:10:12.443 [main] TRACE - Resolving type for handle ctstylesheet4257type
15:10:12.464 [main] TRACE - Resolving type for handle ctfont14d8type
15:10:12.480 [main] TRACE - Resolving type for handle ctfontsizeb3b9type
15:10:12.485 [main] TRACE - Resolving type for handle ctcolord2c2type
15:10:12.485 [main] TRACE - Resolving type for handle ctfontname2dc3type
15:10:12.485 [main] TRACE - Resolving type for handle stxstringf179type
15:10:12.485 [main] TRACE - Resolving type for handle ctfontfamily685ctype
15:10:12.485 [main] TRACE - Resolving type for handle stfontfamily9c6ctype
15:10:12.485 [main] TRACE - Resolving type for handle ctfontschemebf5dtype
15:10:12.485 [main] TRACE - Resolving type for handle stfontschemef36dtype
15:10:12.485 [main] TRACE - Resolving type for handle ctfill550ctype
15:10:12.501 [main] TRACE - Resolving type for handle ctpatternfill7452type
15:10:12.505 [main] TRACE - Resolving type for handle stpatterntype7939type
15:10:12.507 [main] TRACE - Resolving type for handle ctborderf935type
15:10:12.507 [main] TRACE - Resolving type for handle ctborderpre497type
15:10:12.507 [main] TRACE - Resolving type for handle ctxf97f7type
15:10:12.514 [main] TRACE - Resolving type for handle stnumfmtid76fbtype
15:10:12.514 [main] TRACE - Resolving type for handle stfontid9d63type
15:10:12.516 [main] TRACE - Resolving type for handle stfillida097type
15:10:12.517 [main] TRACE - Resolving type for handle stborderid1a80type
15:10:12.517 [main] TRACE - Resolving type for handle stcellstylexfid70c7type
15:10:12.523 [main] TRACE - Resolving type for handle ctsheet4dbetype
15:10:12.527 [main] TRACE - Resolving type for handle ctworksheet530dtype
15:10:12.551 [main] TRACE - Resolving type for handle ctsheetformatprdef7type
15:10:12.552 [main] TRACE - Resolving type for handle ctsheetviewsb918type
15:10:12.563 [main] TRACE - Resolving type for handle ctsheetview0f43type
15:10:12.570 [main] TRACE - Resolving type for handle ctsheetdimensiond310type
15:10:12.570 [main] TRACE - Resolving type for handle stref90a2type
15:10:12.570 [main] TRACE - Resolving type for handle ctsheetdata8408type
15:10:12.570 [main] TRACE - Resolving type for handle ctpagemargins5455type
15:10:12.578 [main] TRACE - Resolving type for handle ctcols627ctype
15:10:12.580 [main] TRACE - Resolving type for handle strelationshipid1e94type
15:10:12.580 [main] TRACE - Resolving type for handle ctrowdd39type
15:10:12.591 [main] TRACE - Resolving type for handle ctcell842btype
15:10:12.595 [main] TRACE - Resolving type for handle stcellrefe4e0type
15:10:12.599 [main] TRACE - Resolving type for handle ctrsta472type
15:10:12.605 [main] TRACE - Resolving type for handle stcelltypebf95type
15:10:12.717 [main] DEBUG - Save core properties part
15:10:12.717 [main] DEBUG - Save content types part
15:10:12.865 [main] DEBUG - Save package relationships
15:10:12.868 [main] DEBUG - Save part 'docProps/core.xml'
15:10:12.885 [main] DEBUG - Save part 'xl/sharedStrings.xml'
15:10:12.885 [main] DEBUG - Save part 'xl/styles.xml'
15:10:12.889 [main] DEBUG - Save part 'xl/workbook.xml'
15:10:12.901 [main] DEBUG - Save part 'xl/worksheets/sheet1.xml'
15:10:24.363 [main] DEBUG - Parsing relationship: /xl/_rels/workbook.xml.rels
15:10:24.366 [main] DEBUG - Parsing relationship: /xl/worksheets/_rels/sheet1.xml.rels
15:10:24.366 [main] DEBUG - Parsing relationship: /_rels/.rels
15:10:24.407 [main] TRACE - Resolving type for handle themefd26doctype
15:10:24.445 [main] TRACE - Resolving type for handle ctfonts6623type
15:10:24.445 [main] TRACE - Resolving type for handle ctfills2c6ftype
15:10:24.445 [main] TRACE - Resolving type for handle ctborders0d66type
15:10:24.445 [main] TRACE - Resolving type for handle ctcellxfs1322type
15:10:24.445 [main] TRACE - Resolving type for handle ctcellstylexfsa81ftype
15:10:24.445 [main] TRACE - Resolving type for handle ctdxfsb26atype
15:10:24.445 [main] TRACE - Resolving type for handle cttablestyles872ftype
15:10:24.460 [main] TRACE - Resolving type for handle workbookec17doctype
15:10:24.460 [main] TRACE - Resolving type for handle worksheetf539doctype
15:10:24.476 [main] TRACE - Resolving type for handle ctcola95ftype
15:10:24.476 [main] TRACE - Resolving type for handle cthyperlinks6416type
15:10:24.476 [main] TRACE - Resolving type for handle cthyperlink0c85type
15:10:38.868 [main] DEBUG - Save core properties part
15:10:38.868 [main] DEBUG - Save content types part
15:10:38.868 [main] DEBUG - Save package relationships
15:10:38.868 [main] DEBUG - Save part 'docProps/core.xml'
15:10:38.872 [main] DEBUG - Save part 'xl/sharedStrings.xml'
15:10:38.872 [main] DEBUG - Save part 'xl/styles.xml'
15:10:38.872 [main] DEBUG - Save part 'xl/workbook.xml'
15:10:38.874 [main] DEBUG - Save part 'xl/worksheets/sheet1.xml'
15:10:50.335 [main] DEBUG - Parsing relationship: /xl/_rels/workbook.xml.rels
15:10:50.335 [main] DEBUG - Parsing relationship: /xl/worksheets/_rels/sheet1.xml.rels
15:10:50.335 [main] DEBUG - Parsing relationship: /_rels/.rels
15:14:03.169 [main] TRACE - Loading type system org.apache.poi.schemas.ooxml.system.ooxml
15:14:03.169 [main] TRACE - Loading type system org.apache.xmlbeans.metadata.system.sXMLCONFIG
15:14:03.169 [main] TRACE - Loading type system org.apache.xmlbeans.metadata.system.sXMLLANG
15:14:03.169 [main] TRACE - Loading type system org.apache.xmlbeans.metadata.system.sXMLSCHEMA
15:14:03.169 [main] TRACE - Loading type system org.apache.xmlbeans.metadata.system.sXMLTOOLS
15:14:03.185 [main] TRACE - Reading unresolved handles for type system org.apache.xmlbeans.metadata.system.sXMLTOOLS
15:14:03.202 [main] TRACE - Finished loading type system org.apache.xmlbeans.metadata.system.sXMLTOOLS
15:14:03.202 [main] TRACE - Reading unresolved handles for type system org.apache.xmlbeans.metadata.system.sXMLSCHEMA
15:14:03.219 [main] TRACE - Finished loading type system org.apache.xmlbeans.metadata.system.sXMLSCHEMA
15:14:03.219 [main] TRACE - Reading unresolved handles for type system org.apache.xmlbeans.metadata.system.sXMLLANG
15:14:03.219 [main] TRACE - Finished loading type system org.apache.xmlbeans.metadata.system.sXMLLANG
15:14:03.219 [main] TRACE - Reading unresolved handles for type system org.apache.xmlbeans.metadata.system.sXMLCONFIG
15:14:03.219 [main] TRACE - Finished loading type system org.apache.xmlbeans.metadata.system.sXMLCONFIG
15:14:03.219 [main] TRACE - Reading unresolved handles for type system org.apache.poi.schemas.ooxml.system.ooxml
15:14:03.302 [main] TRACE - Finished loading type system org.apache.poi.schemas.ooxml.system.ooxml
15:14:03.302 [main] TRACE - Resolving type for handle ctworkbook83c3type
15:14:03.335 [main] TRACE - Resolving type for handle ctworkbookpr03a5type
15:14:03.335 [main] TRACE - Resolving type for handle ctbookviewsb864type
15:14:03.352 [main] TRACE - Resolving type for handle ctbookviewf677type
15:14:03.369 [main] TRACE - Resolving type for handle ctsheets49fdtype
15:14:03.369 [main] TRACE - Resolving type for handle propertiesee84doctype
15:14:03.402 [main] TRACE - Resolving type for handle ctproperties3f10type
15:14:03.402 [main] TRACE - Resolving type for handle properties288cdoctype
15:14:03.419 [main] TRACE - Resolving type for handle ctproperties2c18type
15:14:03.435 [main] TRACE - Resolving type for handle sstf81fdoctype
15:14:03.435 [main] TRACE - Resolving type for handle ctsst44f3type
15:14:03.435 [main] TRACE - Resolving type for handle stylesheet5d8bdoctype
15:14:03.452 [main] TRACE - Resolving type for handle ctstylesheet4257type
15:14:03.454 [main] TRACE - Resolving type for handle ctfont14d8type
15:14:03.458 [main] TRACE - Resolving type for handle ctfontsizeb3b9type
15:14:03.463 [main] TRACE - Resolving type for handle ctcolord2c2type
15:14:03.468 [main] TRACE - Resolving type for handle ctfontname2dc3type
15:14:03.468 [main] TRACE - Resolving type for handle stxstringf179type
15:14:03.468 [main] TRACE - Resolving type for handle ctfontfamily685ctype
15:14:03.468 [main] TRACE - Resolving type for handle stfontfamily9c6ctype
15:14:03.468 [main] TRACE - Resolving type for handle ctfontschemebf5dtype
15:14:03.468 [main] TRACE - Resolving type for handle stfontschemef36dtype
15:14:03.468 [main] TRACE - Resolving type for handle ctfill550ctype
15:14:03.483 [main] TRACE - Resolving type for handle ctpatternfill7452type
15:14:03.483 [main] TRACE - Resolving type for handle stpatterntype7939type
15:14:03.483 [main] TRACE - Resolving type for handle ctborderf935type
15:14:03.483 [main] TRACE - Resolving type for handle ctborderpre497type
15:14:03.483 [main] TRACE - Resolving type for handle ctxf97f7type
15:14:03.483 [main] TRACE - Resolving type for handle stnumfmtid76fbtype
15:14:03.495 [main] TRACE - Resolving type for handle stfontid9d63type
15:14:03.495 [main] TRACE - Resolving type for handle stfillida097type
15:14:03.495 [main] TRACE - Resolving type for handle stborderid1a80type
15:14:03.499 [main] TRACE - Resolving type for handle stcellstylexfid70c7type
15:14:03.499 [main] TRACE - Resolving type for handle ctsheet4dbetype
15:14:03.499 [main] TRACE - Resolving type for handle ctworksheet530dtype
15:14:03.514 [main] TRACE - Resolving type for handle ctsheetformatprdef7type
15:14:03.532 [main] TRACE - Resolving type for handle ctsheetviewsb918type
15:14:03.547 [main] TRACE - Resolving type for handle ctsheetview0f43type
15:14:03.547 [main] TRACE - Resolving type for handle ctsheetdimensiond310type
15:14:03.547 [main] TRACE - Resolving type for handle stref90a2type
15:14:03.547 [main] TRACE - Resolving type for handle ctsheetdata8408type
15:14:03.562 [main] TRACE - Resolving type for handle ctpagemargins5455type
15:14:03.562 [main] TRACE - Resolving type for handle ctcols627ctype
15:14:03.578 [main] TRACE - Resolving type for handle strelationshipid1e94type
15:14:03.578 [main] TRACE - Resolving type for handle ctrowdd39type
15:14:03.578 [main] TRACE - Resolving type for handle ctcell842btype
15:14:03.596 [main] TRACE - Resolving type for handle stcellrefe4e0type
15:14:03.596 [main] TRACE - Resolving type for handle ctrsta472type
15:14:03.610 [main] TRACE - Resolving type for handle stcelltypebf95type
15:14:03.820 [main] DEBUG - Save core properties part
15:14:03.820 [main] DEBUG - Save content types part
15:14:03.973 [main] DEBUG - Save package relationships
15:14:03.976 [main] DEBUG - Save part 'docProps/core.xml'
15:14:03.985 [main] DEBUG - Save part 'xl/sharedStrings.xml'
15:14:03.985 [main] DEBUG - Save part 'xl/styles.xml'
15:14:04.001 [main] DEBUG - Save part 'xl/workbook.xml'
15:14:04.001 [main] DEBUG - Save part 'xl/worksheets/sheet1.xml'
15:14:17.311 [main] DEBUG - Parsing relationship: /xl/_rels/workbook.xml.rels
15:14:17.319 [main] DEBUG - Parsing relationship: /xl/worksheets/_rels/sheet1.xml.rels
15:14:17.319 [main] DEBUG - Parsing relationship: /_rels/.rels
15:14:17.355 [main] TRACE - Resolving type for handle themefd26doctype
15:14:17.403 [main] TRACE - Resolving type for handle ctfonts6623type
15:14:17.405 [main] TRACE - Resolving type for handle ctfills2c6ftype
15:14:17.407 [main] TRACE - Resolving type for handle ctborders0d66type
15:14:17.410 [main] TRACE - Resolving type for handle ctcellxfs1322type
15:14:17.412 [main] TRACE - Resolving type for handle ctcellstylexfsa81ftype
15:14:17.414 [main] TRACE - Resolving type for handle ctdxfsb26atype
15:14:17.416 [main] TRACE - Resolving type for handle cttablestyles872ftype
15:14:17.429 [main] TRACE - Resolving type for handle workbookec17doctype
15:14:17.444 [main] TRACE - Resolving type for handle worksheetf539doctype
15:14:17.460 [main] TRACE - Resolving type for handle ctcola95ftype
15:14:17.479 [main] TRACE - Resolving type for handle cthyperlinks6416type
15:14:17.481 [main] TRACE - Resolving type for handle cthyperlink0c85type
15:15:03.193 [main] DEBUG - Save core properties part
15:15:03.193 [main] DEBUG - Save content types part
15:15:03.206 [main] DEBUG - Save package relationships
15:15:03.206 [main] DEBUG - Save part 'docProps/core.xml'
15:15:03.206 [main] DEBUG - Save part 'xl/sharedStrings.xml'
15:15:03.206 [main] DEBUG - Save part 'xl/styles.xml'
15:15:03.206 [main] DEBUG - Save part 'xl/workbook.xml'
15:15:03.208 [main] DEBUG - Save part 'xl/worksheets/sheet1.xml'
15:15:14.571 [main] DEBUG - Parsing relationship: /xl/_rels/workbook.xml.rels
15:15:14.571 [main] DEBUG - Parsing relationship: /xl/worksheets/_rels/sheet1.xml.rels
15:15:14.571 [main] DEBUG - Parsing relationship: /_rels/.rels
15:16:41.750 [main] TRACE - Loading type system org.apache.poi.schemas.ooxml.system.ooxml
15:16:41.750 [main] TRACE - Loading type system org.apache.xmlbeans.metadata.system.sXMLCONFIG
15:16:41.750 [main] TRACE - Loading type system org.apache.xmlbeans.metadata.system.sXMLLANG
15:16:41.750 [main] TRACE - Loading type system org.apache.xmlbeans.metadata.system.sXMLSCHEMA
15:16:41.750 [main] TRACE - Loading type system org.apache.xmlbeans.metadata.system.sXMLTOOLS
15:16:41.760 [main] TRACE - Reading unresolved handles for type system org.apache.xmlbeans.metadata.system.sXMLTOOLS
15:16:41.773 [main] TRACE - Finished loading type system org.apache.xmlbeans.metadata.system.sXMLTOOLS
15:16:41.773 [main] TRACE - Reading unresolved handles for type system org.apache.xmlbeans.metadata.system.sXMLSCHEMA
15:16:41.785 [main] TRACE - Finished loading type system org.apache.xmlbeans.metadata.system.sXMLSCHEMA
15:16:41.785 [main] TRACE - Reading unresolved handles for type system org.apache.xmlbeans.metadata.system.sXMLLANG
15:16:41.787 [main] TRACE - Finished loading type system org.apache.xmlbeans.metadata.system.sXMLLANG
15:16:41.787 [main] TRACE - Reading unresolved handles for type system org.apache.xmlbeans.metadata.system.sXMLCONFIG
15:16:41.792 [main] TRACE - Finished loading type system org.apache.xmlbeans.metadata.system.sXMLCONFIG
15:16:41.792 [main] TRACE - Reading unresolved handles for type system org.apache.poi.schemas.ooxml.system.ooxml
15:16:41.871 [main] TRACE - Finished loading type system org.apache.poi.schemas.ooxml.system.ooxml
15:16:41.881 [main] TRACE - Resolving type for handle ctworkbook83c3type
15:16:41.917 [main] TRACE - Resolving type for handle ctworkbookpr03a5type
15:16:41.932 [main] TRACE - Resolving type for handle ctbookviewsb864type
15:16:41.933 [main] TRACE - Resolving type for handle ctbookviewf677type
15:16:41.935 [main] TRACE - Resolving type for handle ctsheets49fdtype
15:16:41.940 [main] TRACE - Resolving type for handle propertiesee84doctype
15:16:41.945 [main] TRACE - Resolving type for handle ctproperties3f10type
15:16:41.953 [main] TRACE - Resolving type for handle properties288cdoctype
15:16:41.954 [main] TRACE - Resolving type for handle ctproperties2c18type
15:16:41.958 [main] TRACE - Resolving type for handle sstf81fdoctype
15:16:41.959 [main] TRACE - Resolving type for handle ctsst44f3type
15:16:41.967 [main] TRACE - Resolving type for handle stylesheet5d8bdoctype
15:16:41.969 [main] TRACE - Resolving type for handle ctstylesheet4257type
15:16:41.983 [main] TRACE - Resolving type for handle ctfont14d8type
15:16:42.000 [main] TRACE - Resolving type for handle ctfontsizeb3b9type
15:16:42.018 [main] TRACE - Resolving type for handle ctcolord2c2type
15:16:42.031 [main] TRACE - Resolving type for handle ctfontname2dc3type
15:16:42.034 [main] TRACE - Resolving type for handle stxstringf179type
15:16:42.045 [main] TRACE - Resolving type for handle ctfontfamily685ctype
15:16:42.048 [main] TRACE - Resolving type for handle stfontfamily9c6ctype
15:16:42.053 [main] TRACE - Resolving type for handle ctfontschemebf5dtype
15:16:42.053 [main] TRACE - Resolving type for handle stfontschemef36dtype
15:16:42.064 [main] TRACE - Resolving type for handle ctfill550ctype
15:16:42.068 [main] TRACE - Resolving type for handle ctpatternfill7452type
15:16:42.072 [main] TRACE - Resolving type for handle stpatterntype7939type
15:16:42.077 [main] TRACE - Resolving type for handle ctborderf935type
15:16:42.079 [main] TRACE - Resolving type for handle ctborderpre497type
15:16:42.087 [main] TRACE - Resolving type for handle ctxf97f7type
15:16:42.093 [main] TRACE - Resolving type for handle stnumfmtid76fbtype
15:16:42.093 [main] TRACE - Resolving type for handle stfontid9d63type
15:16:42.093 [main] TRACE - Resolving type for handle stfillida097type
15:16:42.101 [main] TRACE - Resolving type for handle stborderid1a80type
15:16:42.101 [main] TRACE - Resolving type for handle stcellstylexfid70c7type
15:16:42.109 [main] TRACE - Resolving type for handle ctsheet4dbetype
15:16:42.118 [main] TRACE - Resolving type for handle ctworksheet530dtype
15:16:42.125 [main] TRACE - Resolving type for handle ctsheetformatprdef7type
15:16:42.134 [main] TRACE - Resolving type for handle ctsheetviewsb918type
15:16:42.142 [main] TRACE - Resolving type for handle ctsheetview0f43type
15:16:42.149 [main] TRACE - Resolving type for handle ctsheetdimensiond310type
15:16:42.149 [main] TRACE - Resolving type for handle stref90a2type
15:16:42.154 [main] TRACE - Resolving type for handle ctsheetdata8408type
15:16:42.159 [main] TRACE - Resolving type for handle ctpagemargins5455type
15:16:42.168 [main] TRACE - Resolving type for handle ctcols627ctype
15:16:42.173 [main] TRACE - Resolving type for handle strelationshipid1e94type
15:16:42.174 [main] TRACE - Resolving type for handle ctrowdd39type
15:16:42.179 [main] TRACE - Resolving type for handle ctcell842btype
15:16:42.189 [main] TRACE - Resolving type for handle stcellrefe4e0type
15:16:42.189 [main] TRACE - Resolving type for handle ctrsta472type
15:16:42.189 [main] TRACE - Resolving type for handle stcelltypebf95type
15:16:42.342 [main] DEBUG - Save core properties part
15:16:42.344 [main] DEBUG - Save content types part
15:16:42.493 [main] DEBUG - Save package relationships
15:16:42.495 [main] DEBUG - Save part 'docProps/core.xml'
15:16:42.518 [main] DEBUG - Save part 'xl/sharedStrings.xml'
15:16:42.518 [main] DEBUG - Save part 'xl/styles.xml'
15:16:42.522 [main] DEBUG - Save part 'xl/workbook.xml'
15:16:42.526 [main] DEBUG - Save part 'xl/worksheets/sheet1.xml'
15:16:54.092 [main] DEBUG - Parsing relationship: /xl/_rels/workbook.xml.rels
15:16:54.092 [main] DEBUG - Parsing relationship: /xl/worksheets/_rels/sheet1.xml.rels
15:16:54.092 [main] DEBUG - Parsing relationship: /_rels/.rels
15:16:54.127 [main] TRACE - Resolving type for handle themefd26doctype
15:16:54.179 [main] TRACE - Resolving type for handle ctfonts6623type
15:16:54.181 [main] TRACE - Resolving type for handle ctfills2c6ftype
15:16:54.181 [main] TRACE - Resolving type for handle ctborders0d66type
15:16:54.181 [main] TRACE - Resolving type for handle ctcellxfs1322type
15:16:54.181 [main] TRACE - Resolving type for handle ctcellstylexfsa81ftype
15:16:54.181 [main] TRACE - Resolving type for handle ctdxfsb26atype
15:16:54.181 [main] TRACE - Resolving type for handle cttablestyles872ftype
15:16:54.193 [main] TRACE - Resolving type for handle workbookec17doctype
15:16:54.193 [main] TRACE - Resolving type for handle worksheetf539doctype
15:16:54.216 [main] TRACE - Resolving type for handle ctcola95ftype
15:16:54.224 [main] TRACE - Resolving type for handle cthyperlinks6416type
15:16:54.224 [main] TRACE - Resolving type for handle cthyperlink0c85type
15:17:39.776 [main] DEBUG - Save core properties part
15:17:39.776 [main] DEBUG - Save content types part
15:17:39.776 [main] DEBUG - Save package relationships
15:17:39.776 [main] DEBUG - Save part 'docProps/core.xml'
15:17:39.776 [main] DEBUG - Save part 'xl/sharedStrings.xml'
15:17:39.776 [main] DEBUG - Save part 'xl/styles.xml'
15:17:39.776 [main] DEBUG - Save part 'xl/workbook.xml'
15:17:39.776 [main] DEBUG - Save part 'xl/worksheets/sheet1.xml'
15:17:51.129 [main] DEBUG - Parsing relationship: /xl/_rels/workbook.xml.rels
15:17:51.130 [main] DEBUG - Parsing relationship: /xl/worksheets/_rels/sheet1.xml.rels
15:17:51.130 [main] DEBUG - Parsing relationship: /_rels/.rels
16:49:34.801 [main] TRACE - Loading type system org.apache.poi.schemas.ooxml.system.ooxml
16:49:34.811 [main] TRACE - Loading type system org.apache.xmlbeans.metadata.system.sXMLCONFIG
16:49:34.811 [main] TRACE - Loading type system org.apache.xmlbeans.metadata.system.sXMLLANG
16:49:34.811 [main] TRACE - Loading type system org.apache.xmlbeans.metadata.system.sXMLSCHEMA
16:49:34.811 [main] TRACE - Loading type system org.apache.xmlbeans.metadata.system.sXMLTOOLS
16:49:34.811 [main] TRACE - Reading unresolved handles for type system org.apache.xmlbeans.metadata.system.sXMLTOOLS
16:49:34.817 [main] TRACE - Finished loading type system org.apache.xmlbeans.metadata.system.sXMLTOOLS
16:49:34.821 [main] TRACE - Reading unresolved handles for type system org.apache.xmlbeans.metadata.system.sXMLSCHEMA
16:49:34.821 [main] TRACE - Finished loading type system org.apache.xmlbeans.metadata.system.sXMLSCHEMA
16:49:34.821 [main] TRACE - Reading unresolved handles for type system org.apache.xmlbeans.metadata.system.sXMLLANG
16:49:34.821 [main] TRACE - Finished loading type system org.apache.xmlbeans.metadata.system.sXMLLANG
16:49:34.827 [main] TRACE - Reading unresolved handles for type system org.apache.xmlbeans.metadata.system.sXMLCONFIG
16:49:34.828 [main] TRACE - Finished loading type system org.apache.xmlbeans.metadata.system.sXMLCONFIG
16:49:34.828 [main] TRACE - Reading unresolved handles for type system org.apache.poi.schemas.ooxml.system.ooxml
16:49:34.866 [main] TRACE - Finished loading type system org.apache.poi.schemas.ooxml.system.ooxml
16:49:34.866 [main] TRACE - Resolving type for handle ctworkbook83c3type
16:49:34.892 [main] TRACE - Resolving type for handle ctworkbookpr03a5type
16:49:34.901 [main] TRACE - Resolving type for handle ctbookviewsb864type
16:49:34.901 [main] TRACE - Resolving type for handle ctbookviewf677type
16:49:34.907 [main] TRACE - Resolving type for handle ctsheets49fdtype
16:49:34.910 [main] TRACE - Resolving type for handle propertiesee84doctype
16:49:34.911 [main] TRACE - Resolving type for handle ctproperties3f10type
16:49:34.923 [main] TRACE - Resolving type for handle properties288cdoctype
16:49:34.923 [main] TRACE - Resolving type for handle ctproperties2c18type
16:49:34.931 [main] TRACE - Resolving type for handle sstf81fdoctype
16:49:34.931 [main] TRACE - Resolving type for handle ctsst44f3type
16:49:34.931 [main] TRACE - Resolving type for handle stylesheet5d8bdoctype
16:49:34.941 [main] TRACE - Resolving type for handle ctstylesheet4257type
16:49:34.946 [main] TRACE - Resolving type for handle ctfont14d8type
16:49:34.951 [main] TRACE - Resolving type for handle ctfontsizeb3b9type
16:49:34.957 [main] TRACE - Resolving type for handle ctcolord2c2type
16:49:34.957 [main] TRACE - Resolving type for handle ctfontname2dc3type
16:49:34.961 [main] TRACE - Resolving type for handle stxstringf179type
16:49:34.961 [main] TRACE - Resolving type for handle ctfontfamily685ctype
16:49:34.961 [main] TRACE - Resolving type for handle stfontfamily9c6ctype
16:49:34.967 [main] TRACE - Resolving type for handle ctfontschemebf5dtype
16:49:34.970 [main] TRACE - Resolving type for handle stfontschemef36dtype
16:49:34.972 [main] TRACE - Resolving type for handle ctfill550ctype
16:49:34.972 [main] TRACE - Resolving type for handle ctpatternfill7452type
16:49:34.978 [main] TRACE - Resolving type for handle stpatterntype7939type
16:49:34.981 [main] TRACE - Resolving type for handle ctborderf935type
16:49:34.981 [main] TRACE - Resolving type for handle ctborderpre497type
16:49:34.981 [main] TRACE - Resolving type for handle ctxf97f7type
16:49:34.988 [main] TRACE - Resolving type for handle stnumfmtid76fbtype
16:49:34.988 [main] TRACE - Resolving type for handle stfontid9d63type
16:49:34.988 [main] TRACE - Resolving type for handle stfillida097type
16:49:34.991 [main] TRACE - Resolving type for handle stborderid1a80type
16:49:34.992 [main] TRACE - Resolving type for handle stcellstylexfid70c7type
16:49:34.994 [main] TRACE - Resolving type for handle ctsheet4dbetype
16:49:34.994 [main] TRACE - Resolving type for handle ctworksheet530dtype
16:49:35.004 [main] TRACE - Resolving type for handle ctsheetformatprdef7type
16:49:35.007 [main] TRACE - Resolving type for handle ctsheetviewsb918type
16:49:35.011 [main] TRACE - Resolving type for handle ctsheetview0f43type
16:49:35.017 [main] TRACE - Resolving type for handle ctsheetdimensiond310type
16:49:35.017 [main] TRACE - Resolving type for handle stref90a2type
16:49:35.020 [main] TRACE - Resolving type for handle ctsheetdata8408type
16:49:35.020 [main] TRACE - Resolving type for handle ctpagemargins5455type
16:49:35.020 [main] TRACE - Resolving type for handle ctcols627ctype
16:49:35.020 [main] TRACE - Resolving type for handle strelationshipid1e94type
16:49:35.027 [main] TRACE - Resolving type for handle ctrowdd39type
16:49:35.030 [main] TRACE - Resolving type for handle ctcell842btype
16:49:35.036 [main] TRACE - Resolving type for handle stcellrefe4e0type
16:49:35.041 [main] TRACE - Resolving type for handle ctrsta472type
16:49:35.044 [main] TRACE - Resolving type for handle stcelltypebf95type
17:05:24.532 [main] TRACE - Loading type system org.apache.poi.schemas.ooxml.system.ooxml
17:05:24.537 [main] TRACE - Loading type system org.apache.xmlbeans.metadata.system.sXMLCONFIG
17:05:24.537 [main] TRACE - Loading type system org.apache.xmlbeans.metadata.system.sXMLLANG
17:05:24.537 [main] TRACE - Loading type system org.apache.xmlbeans.metadata.system.sXMLSCHEMA
17:05:24.545 [main] TRACE - Loading type system org.apache.xmlbeans.metadata.system.sXMLTOOLS
17:05:24.547 [main] TRACE - Reading unresolved handles for type system org.apache.xmlbeans.metadata.system.sXMLTOOLS
17:05:24.557 [main] TRACE - Finished loading type system org.apache.xmlbeans.metadata.system.sXMLTOOLS
17:05:24.557 [main] TRACE - Reading unresolved handles for type system org.apache.xmlbeans.metadata.system.sXMLSCHEMA
17:05:24.575 [main] TRACE - Finished loading type system org.apache.xmlbeans.metadata.system.sXMLSCHEMA
17:05:24.576 [main] TRACE - Reading unresolved handles for type system org.apache.xmlbeans.metadata.system.sXMLLANG
17:05:24.579 [main] TRACE - Finished loading type system org.apache.xmlbeans.metadata.system.sXMLLANG
17:05:24.579 [main] TRACE - Reading unresolved handles for type system org.apache.xmlbeans.metadata.system.sXMLCONFIG
17:05:24.579 [main] TRACE - Finished loading type system org.apache.xmlbeans.metadata.system.sXMLCONFIG
17:05:24.579 [main] TRACE - Reading unresolved handles for type system org.apache.poi.schemas.ooxml.system.ooxml
17:05:24.638 [main] TRACE - Finished loading type system org.apache.poi.schemas.ooxml.system.ooxml
17:05:24.638 [main] TRACE - Resolving type for handle ctworkbook83c3type
17:05:24.682 [main] TRACE - Resolving type for handle ctworkbookpr03a5type
17:05:24.697 [main] TRACE - Resolving type for handle ctbookviewsb864type
17:05:24.697 [main] TRACE - Resolving type for handle ctbookviewf677type
17:05:24.712 [main] TRACE - Resolving type for handle ctsheets49fdtype
17:05:24.717 [main] TRACE - Resolving type for handle propertiesee84doctype
17:05:24.718 [main] TRACE - Resolving type for handle ctproperties3f10type
17:05:24.727 [main] TRACE - Resolving type for handle properties288cdoctype
17:05:24.727 [main] TRACE - Resolving type for handle ctproperties2c18type
17:05:24.739 [main] TRACE - Resolving type for handle sstf81fdoctype
17:05:24.739 [main] TRACE - Resolving type for handle ctsst44f3type
17:05:24.750 [main] TRACE - Resolving type for handle stylesheet5d8bdoctype
17:05:24.752 [main] TRACE - Resolving type for handle ctstylesheet4257type
17:05:24.757 [main] TRACE - Resolving type for handle ctfont14d8type
17:05:24.769 [main] TRACE - Resolving type for handle ctfontsizeb3b9type
17:05:24.772 [main] TRACE - Resolving type for handle ctcolord2c2type
17:05:24.777 [main] TRACE - Resolving type for handle ctfontname2dc3type
17:05:24.777 [main] TRACE - Resolving type for handle stxstringf179type
17:05:24.782 [main] TRACE - Resolving type for handle ctfontfamily685ctype
17:05:24.785 [main] TRACE - Resolving type for handle stfontfamily9c6ctype
17:05:24.788 [main] TRACE - Resolving type for handle ctfontschemebf5dtype
17:05:24.788 [main] TRACE - Resolving type for handle stfontschemef36dtype
17:05:24.797 [main] TRACE - Resolving type for handle ctfill550ctype
17:05:24.798 [main] TRACE - Resolving type for handle ctpatternfill7452type
17:05:24.805 [main] TRACE - Resolving type for handle stpatterntype7939type
17:05:24.807 [main] TRACE - Resolving type for handle ctborderf935type
17:05:24.807 [main] TRACE - Resolving type for handle ctborderpre497type
17:05:24.819 [main] TRACE - Resolving type for handle ctxf97f7type
17:05:24.823 [main] TRACE - Resolving type for handle stnumfmtid76fbtype
17:05:24.823 [main] TRACE - Resolving type for handle stfontid9d63type
17:05:24.827 [main] TRACE - Resolving type for handle stfillida097type
17:05:24.827 [main] TRACE - Resolving type for handle stborderid1a80type
17:05:24.831 [main] TRACE - Resolving type for handle stcellstylexfid70c7type
17:05:24.837 [main] TRACE - Resolving type for handle ctsheet4dbetype
17:05:24.837 [main] TRACE - Resolving type for handle ctworksheet530dtype
17:05:24.847 [main] TRACE - Resolving type for handle ctsheetformatprdef7type
17:05:24.857 [main] TRACE - Resolving type for handle ctsheetviewsb918type
17:05:24.857 [main] TRACE - Resolving type for handle ctsheetview0f43type
17:05:24.863 [main] TRACE - Resolving type for handle ctsheetdimensiond310type
17:05:24.863 [main] TRACE - Resolving type for handle stref90a2type
17:05:24.867 [main] TRACE - Resolving type for handle ctsheetdata8408type
17:05:24.868 [main] TRACE - Resolving type for handle ctpagemargins5455type
17:05:24.868 [main] TRACE - Resolving type for handle ctcols627ctype
17:05:24.868 [main] TRACE - Resolving type for handle strelationshipid1e94type
17:05:24.868 [main] TRACE - Resolving type for handle ctrowdd39type
17:05:24.880 [main] TRACE - Resolving type for handle ctcell842btype
17:05:24.887 [main] TRACE - Resolving type for handle stcellrefe4e0type
17:05:24.887 [main] TRACE - Resolving type for handle ctrsta472type
17:05:24.895 [main] TRACE - Resolving type for handle stcelltypebf95type
17:05:25.042 [main] DEBUG - Save core properties part
17:05:25.042 [main] DEBUG - Save content types part
17:05:25.107 [main] DEBUG - Save package relationships
17:05:25.107 [main] DEBUG - Save part 'docProps/core.xml'
17:05:25.122 [main] DEBUG - Save part 'xl/sharedStrings.xml'
17:05:25.122 [main] DEBUG - Save part 'xl/styles.xml'
17:05:25.127 [main] DEBUG - Save part 'xl/workbook.xml'
17:05:25.129 [main] DEBUG - Save part 'xl/worksheets/sheet1.xml'
17:05:37.537 [main] DEBUG - Parsing relationship: /xl/_rels/workbook.xml.rels
17:05:37.537 [main] DEBUG - Parsing relationship: /xl/worksheets/_rels/sheet1.xml.rels
17:05:37.544 [main] DEBUG - Parsing relationship: /_rels/.rels
17:05:37.573 [main] TRACE - Resolving type for handle themefd26doctype
17:05:37.617 [main] TRACE - Resolving type for handle ctfonts6623type
17:05:37.620 [main] TRACE - Resolving type for handle ctfills2c6ftype
17:05:37.622 [main] TRACE - Resolving type for handle ctborders0d66type
17:05:37.625 [main] TRACE - Resolving type for handle ctcellxfs1322type
17:05:37.627 [main] TRACE - Resolving type for handle ctcellstylexfsa81ftype
17:05:37.628 [main] TRACE - Resolving type for handle ctdxfsb26atype
17:05:37.631 [main] TRACE - Resolving type for handle cttablestyles872ftype
17:05:37.645 [main] TRACE - Resolving type for handle workbookec17doctype
17:05:37.649 [main] TRACE - Resolving type for handle worksheetf539doctype
17:05:37.659 [main] TRACE - Resolving type for handle ctcola95ftype
17:05:37.662 [main] TRACE - Resolving type for handle cthyperlinks6416type
17:05:37.669 [main] TRACE - Resolving type for handle cthyperlink0c85type
17:06:27.297 [main] DEBUG - Save core properties part
17:06:27.297 [main] DEBUG - Save content types part
17:06:27.307 [main] DEBUG - Save package relationships
17:06:27.308 [main] DEBUG - Save part 'docProps/core.xml'
17:06:27.310 [main] DEBUG - Save part 'xl/sharedStrings.xml'
17:06:27.310 [main] DEBUG - Save part 'xl/styles.xml'
17:06:27.310 [main] DEBUG - Save part 'xl/workbook.xml'
17:06:27.310 [main] DEBUG - Save part 'xl/worksheets/sheet1.xml'
17:36:05.981 [main] TRACE - Loading type system org.apache.poi.schemas.ooxml.system.ooxml
17:36:05.991 [main] TRACE - Loading type system org.apache.xmlbeans.metadata.system.sXMLCONFIG
17:36:05.993 [main] TRACE - Loading type system org.apache.xmlbeans.metadata.system.sXMLLANG
17:36:05.994 [main] TRACE - Loading type system org.apache.xmlbeans.metadata.system.sXMLSCHEMA
17:36:05.996 [main] TRACE - Loading type system org.apache.xmlbeans.metadata.system.sXMLTOOLS
17:36:05.999 [main] TRACE - Reading unresolved handles for type system org.apache.xmlbeans.metadata.system.sXMLTOOLS
17:36:06.014 [main] TRACE - Finished loading type system org.apache.xmlbeans.metadata.system.sXMLTOOLS
17:36:06.019 [main] TRACE - Reading unresolved handles for type system org.apache.xmlbeans.metadata.system.sXMLSCHEMA
17:36:06.024 [main] TRACE - Finished loading type system org.apache.xmlbeans.metadata.system.sXMLSCHEMA
