10:05:11.795 [main] TRACE - Finished loading type system org.apache.poi.schemas.ooxml.system.ooxml
10:05:11.796 [main] TRACE - Resolving type for handle ctworkbook83c3type
10:05:11.868 [main] TRACE - Resolving type for handle ctworkbookpr03a5type
10:05:11.879 [main] TRACE - Resolving type for handle ctbookviewsb864type
10:05:11.883 [main] TRACE - Resolving type for handle ctbookviewf677type
10:05:11.893 [main] TRACE - Resolving type for handle ctsheets49fdtype
10:05:11.896 [main] TRACE - Resolving type for handle propertiesee84doctype
10:05:11.896 [main] TRACE - Resolving type for handle ctproperties3f10type
10:05:11.913 [main] TRACE - Resolving type for handle properties288cdoctype
10:05:11.915 [main] TRACE - Resolving type for handle ctproperties2c18type
10:05:11.915 [main] TRACE - Resolving type for handle sstf81fdoctype
10:05:11.926 [main] TRACE - Resolving type for handle ctsst44f3type
10:05:11.934 [main] TRACE - Resolving type for handle stylesheet5d8bdoctype
10:05:11.934 [main] TRACE - Resolving type for handle ctstylesheet4257type
10:05:11.942 [main] TRACE - Resolving type for handle ctfont14d8type
10:05:11.959 [main] TRACE - Resolving type for handle ctfontsizeb3b9type
10:05:11.967 [main] TRACE - Resolving type for handle ctcolord2c2type
10:05:11.972 [main] TRACE - Resolving type for handle ctfontname2dc3type
10:05:11.975 [main] TRACE - Resolving type for handle stxstringf179type
10:05:11.981 [main] TRACE - Resolving type for handle ctfontfamily685ctype
10:05:11.985 [main] TRACE - Resolving type for handle stfontfamily9c6ctype
10:05:11.993 [main] TRACE - Resolving type for handle ctfontschemebf5dtype
10:05:11.995 [main] TRACE - Resolving type for handle stfontschemef36dtype
10:05:12.002 [main] TRACE - Resolving type for handle ctfill550ctype
10:05:12.007 [main] TRACE - Resolving type for handle ctpatternfill7452type
10:05:12.016 [main] TRACE - Resolving type for handle stpatterntype7939type
10:05:12.026 [main] TRACE - Resolving type for handle ctborderf935type
10:05:12.029 [main] TRACE - Resolving type for handle ctborderpre497type
10:05:12.031 [main] TRACE - Resolving type for handle ctxf97f7type
10:05:12.042 [main] TRACE - Resolving type for handle stnumfmtid76fbtype
10:05:12.047 [main] TRACE - Resolving type for handle stfontid9d63type
10:05:12.047 [main] TRACE - Resolving type for handle stfillida097type
10:05:12.053 [main] TRACE - Resolving type for handle stborderid1a80type
10:05:12.055 [main] TRACE - Resolving type for handle stcellstylexfid70c7type
10:05:12.064 [main] TRACE - Resolving type for handle ctsheet4dbetype
10:05:12.082 [main] TRACE - Resolving type for handle ctworksheet530dtype
10:05:12.088 [main] TRACE - Resolving type for handle ctsheetformatprdef7type
10:05:12.105 [main] TRACE - Resolving type for handle ctsheetviewsb918type
10:05:12.111 [main] TRACE - Resolving type for handle ctsheetview0f43type
10:05:12.121 [main] TRACE - Resolving type for handle ctsheetdimensiond310type
10:05:12.129 [main] TRACE - Resolving type for handle stref90a2type
10:05:12.132 [main] TRACE - Resolving type for handle ctsheetdata8408type
10:05:12.136 [main] TRACE - Resolving type for handle ctpagemargins5455type
10:05:12.154 [main] TRACE - Resolving type for handle ctcols627ctype
10:05:12.160 [main] TRACE - Resolving type for handle strelationshipid1e94type
10:05:12.165 [main] TRACE - Resolving type for handle ctrowdd39type
10:05:12.179 [main] TRACE - Resolving type for handle ctcell842btype
10:05:12.197 [main] TRACE - Resolving type for handle stcellrefe4e0type
10:05:12.197 [main] TRACE - Resolving type for handle ctrsta472type
10:05:12.210 [main] TRACE - Resolving type for handle stcelltypebf95type
10:05:12.630 [main] DEBUG - Save core properties part
10:05:12.630 [main] DEBUG - Save content types part
10:05:12.890 [main] DEBUG - Save package relationships
10:05:12.897 [main] DEBUG - Save part 'docProps/core.xml'
10:05:12.926 [main] DEBUG - Save part 'xl/sharedStrings.xml'
10:05:12.929 [main] DEBUG - Save part 'xl/styles.xml'
10:05:12.941 [main] DEBUG - Save part 'xl/workbook.xml'
10:05:12.945 [main] DEBUG - Save part 'xl/worksheets/sheet1.xml'
09:53:56.723 [main] INFO  - Goto crm URL 
09:54:39.731 [main] INFO  - Goto crm URL 
09:54:46.133 [main] TRACE - Loading type system org.apache.poi.schemas.ooxml.system.ooxml
09:54:46.133 [main] TRACE - Loading type system org.apache.xmlbeans.metadata.system.sXMLCONFIG
09:54:46.140 [main] TRACE - Loading type system org.apache.xmlbeans.metadata.system.sXMLLANG
09:54:46.141 [main] TRACE - Loading type system org.apache.xmlbeans.metadata.system.sXMLSCHEMA
09:54:46.141 [main] TRACE - Loading type system org.apache.xmlbeans.metadata.system.sXMLTOOLS
09:54:46.141 [main] TRACE - Reading unresolved handles for type system org.apache.xmlbeans.metadata.system.sXMLTOOLS
09:54:46.158 [main] TRACE - Finished loading type system org.apache.xmlbeans.metadata.system.sXMLTOOLS
09:54:46.158 [main] TRACE - Reading unresolved handles for type system org.apache.xmlbeans.metadata.system.sXMLSCHEMA
09:54:46.191 [main] TRACE - Finished loading type system org.apache.xmlbeans.metadata.system.sXMLSCHEMA
09:54:46.191 [main] TRACE - Reading unresolved handles for type system org.apache.xmlbeans.metadata.system.sXMLLANG
09:54:46.191 [main] TRACE - Finished loading type system org.apache.xmlbeans.metadata.system.sXMLLANG
09:54:46.191 [main] TRACE - Reading unresolved handles for type system org.apache.xmlbeans.metadata.system.sXMLCONFIG
09:54:46.191 [main] TRACE - Finished loading type system org.apache.xmlbeans.metadata.system.sXMLCONFIG
09:54:46.191 [main] TRACE - Reading unresolved handles for type system org.apache.poi.schemas.ooxml.system.ooxml
09:54:46.258 [main] TRACE - Finished loading type system org.apache.poi.schemas.ooxml.system.ooxml
09:54:46.258 [main] TRACE - Resolving type for handle ctworkbook83c3type
09:54:46.326 [main] TRACE - Resolving type for handle ctworkbookpr03a5type
09:54:46.336 [main] TRACE - Resolving type for handle ctbookviewsb864type
09:54:46.338 [main] TRACE - Resolving type for handle ctbookviewf677type
09:54:46.344 [main] TRACE - Resolving type for handle ctsheets49fdtype
09:54:46.347 [main] TRACE - Resolving type for handle propertiesee84doctype
09:54:46.353 [main] TRACE - Resolving type for handle ctproperties3f10type
09:54:46.359 [main] TRACE - Resolving type for handle properties288cdoctype
09:54:46.359 [main] TRACE - Resolving type for handle ctproperties2c18type
09:54:46.367 [main] TRACE - Resolving type for handle sstf81fdoctype
09:54:46.367 [main] TRACE - Resolving type for handle ctsst44f3type
09:54:46.376 [main] TRACE - Resolving type for handle stylesheet5d8bdoctype
09:54:46.376 [main] TRACE - Resolving type for handle ctstylesheet4257type
09:54:46.393 [main] TRACE - Resolving type for handle ctfont14d8type
09:54:46.412 [main] TRACE - Resolving type for handle ctfontsizeb3b9type
09:54:46.412 [main] TRACE - Resolving type for handle ctcolord2c2type
09:54:46.412 [main] TRACE - Resolving type for handle ctfontname2dc3type
09:54:46.421 [main] TRACE - Resolving type for handle stxstringf179type
09:54:46.426 [main] TRACE - Resolving type for handle ctfontfamily685ctype
09:54:46.435 [main] TRACE - Resolving type for handle stfontfamily9c6ctype
09:54:46.441 [main] TRACE - Resolving type for handle ctfontschemebf5dtype
09:54:46.442 [main] TRACE - Resolving type for handle stfontschemef36dtype
09:54:46.445 [main] TRACE - Resolving type for handle ctfill550ctype
09:54:46.448 [main] TRACE - Resolving type for handle ctpatternfill7452type
09:54:46.448 [main] TRACE - Resolving type for handle stpatterntype7939type
09:54:46.448 [main] TRACE - Resolving type for handle ctborderf935type
09:54:46.448 [main] TRACE - Resolving type for handle ctborderpre497type
09:54:46.457 [main] TRACE - Resolving type for handle ctxf97f7type
09:54:46.463 [main] TRACE - Resolving type for handle stnumfmtid76fbtype
09:54:46.464 [main] TRACE - Resolving type for handle stfontid9d63type
09:54:46.464 [main] TRACE - Resolving type for handle stfillida097type
09:54:46.467 [main] TRACE - Resolving type for handle stborderid1a80type
09:54:46.469 [main] TRACE - Resolving type for handle stcellstylexfid70c7type
09:54:46.520 [main] TRACE - Resolving type for handle ctsheet4dbetype
09:54:46.527 [main] TRACE - Resolving type for handle ctworksheet530dtype
09:54:46.534 [main] TRACE - Resolving type for handle ctsheetformatprdef7type
09:54:46.545 [main] TRACE - Resolving type for handle ctsheetviewsb918type
09:54:46.547 [main] TRACE - Resolving type for handle ctsheetview0f43type
09:54:46.547 [main] TRACE - Resolving type for handle ctsheetdimensiond310type
09:54:46.558 [main] TRACE - Resolving type for handle stref90a2type
09:54:46.561 [main] TRACE - Resolving type for handle ctsheetdata8408type
09:54:46.565 [main] TRACE - Resolving type for handle ctpagemargins5455type
09:54:46.573 [main] TRACE - Resolving type for handle ctcols627ctype
09:54:46.574 [main] TRACE - Resolving type for handle strelationshipid1e94type
09:54:46.574 [main] TRACE - Resolving type for handle ctrowdd39type
09:54:46.591 [main] TRACE - Resolving type for handle ctcell842btype
09:54:46.602 [main] TRACE - Resolving type for handle stcellrefe4e0type
09:54:46.606 [main] TRACE - Resolving type for handle ctrsta472type
09:54:46.615 [main] TRACE - Resolving type for handle stcelltypebf95type
09:54:46.799 [main] DEBUG - Save core properties part
09:54:46.799 [main] DEBUG - Save content types part
09:54:46.947 [main] DEBUG - Save package relationships
09:54:46.958 [main] DEBUG - Save part 'docProps/core.xml'
09:54:46.975 [main] DEBUG - Save part 'xl/sharedStrings.xml'
09:54:46.976 [main] DEBUG - Save part 'xl/styles.xml'
09:54:47.024 [main] DEBUG - Save part 'xl/workbook.xml'
09:54:47.024 [main] DEBUG - Save part 'xl/worksheets/sheet1.xml'
13:28:34.086 [main] INFO  - Goto crm URL 
13:28:41.308 [main] TRACE - Loading type system org.apache.poi.schemas.ooxml.system.ooxml
13:28:41.316 [main] TRACE - Loading type system org.apache.xmlbeans.metadata.system.sXMLCONFIG
13:28:41.316 [main] TRACE - Loading type system org.apache.xmlbeans.metadata.system.sXMLLANG
13:28:41.316 [main] TRACE - Loading type system org.apache.xmlbeans.metadata.system.sXMLSCHEMA
13:28:41.316 [main] TRACE - Loading type system org.apache.xmlbeans.metadata.system.sXMLTOOLS
13:28:41.325 [main] TRACE - Reading unresolved handles for type system org.apache.xmlbeans.metadata.system.sXMLTOOLS
13:28:41.345 [main] TRACE - Finished loading type system org.apache.xmlbeans.metadata.system.sXMLTOOLS
13:28:41.350 [main] TRACE - Reading unresolved handles for type system org.apache.xmlbeans.metadata.system.sXMLSCHEMA
13:28:41.356 [main] TRACE - Finished loading type system org.apache.xmlbeans.metadata.system.sXMLSCHEMA
13:28:41.361 [main] TRACE - Reading unresolved handles for type system org.apache.xmlbeans.metadata.system.sXMLLANG
13:28:41.364 [main] TRACE - Finished loading type system org.apache.xmlbeans.metadata.system.sXMLLANG
13:28:41.367 [main] TRACE - Reading unresolved handles for type system org.apache.xmlbeans.metadata.system.sXMLCONFIG
13:28:41.367 [main] TRACE - Finished loading type system org.apache.xmlbeans.metadata.system.sXMLCONFIG
13:28:41.370 [main] TRACE - Reading unresolved handles for type system org.apache.poi.schemas.ooxml.system.ooxml
13:28:41.586 [main] TRACE - Finished loading type system org.apache.poi.schemas.ooxml.system.ooxml
13:28:41.621 [main] TRACE - Resolving type for handle ctworkbook83c3type
13:28:41.740 [main] TRACE - Resolving type for handle ctworkbookpr03a5type
13:28:41.859 [main] TRACE - Resolving type for handle ctbookviewsb864type
13:28:41.917 [main] TRACE - Resolving type for handle ctbookviewf677type
13:28:42.023 [main] TRACE - Resolving type for handle ctsheets49fdtype
13:28:42.069 [main] TRACE - Resolving type for handle propertiesee84doctype
13:28:42.123 [main] TRACE - Resolving type for handle ctproperties3f10type
13:28:42.193 [main] TRACE - Resolving type for handle properties288cdoctype
13:28:42.203 [main] TRACE - Resolving type for handle ctproperties2c18type
13:28:42.218 [main] TRACE - Resolving type for handle sstf81fdoctype
13:28:42.224 [main] TRACE - Resolving type for handle ctsst44f3type
13:28:42.244 [main] TRACE - Resolving type for handle stylesheet5d8bdoctype
13:28:42.248 [main] TRACE - Resolving type for handle ctstylesheet4257type
13:28:42.262 [main] TRACE - Resolving type for handle ctfont14d8type
13:28:42.282 [main] TRACE - Resolving type for handle ctfontsizeb3b9type
13:28:42.292 [main] TRACE - Resolving type for handle ctcolord2c2type
13:28:42.298 [main] TRACE - Resolving type for handle ctfontname2dc3type
13:28:42.301 [main] TRACE - Resolving type for handle stxstringf179type
13:28:42.305 [main] TRACE - Resolving type for handle ctfontfamily685ctype
13:28:42.315 [main] TRACE - Resolving type for handle stfontfamily9c6ctype
13:28:42.322 [main] TRACE - Resolving type for handle ctfontschemebf5dtype
13:28:42.329 [main] TRACE - Resolving type for handle stfontschemef36dtype
13:28:42.340 [main] TRACE - Resolving type for handle ctfill550ctype
13:28:42.346 [main] TRACE - Resolving type for handle ctpatternfill7452type
13:28:42.356 [main] TRACE - Resolving type for handle stpatterntype7939type
13:28:42.363 [main] TRACE - Resolving type for handle ctborderf935type
13:28:42.370 [main] TRACE - Resolving type for handle ctborderpre497type
13:28:42.386 [main] TRACE - Resolving type for handle ctxf97f7type
13:28:42.394 [main] TRACE - Resolving type for handle stnumfmtid76fbtype
13:28:42.397 [main] TRACE - Resolving type for handle stfontid9d63type
13:28:42.401 [main] TRACE - Resolving type for handle stfillida097type
13:28:42.407 [main] TRACE - Resolving type for handle stborderid1a80type
13:28:42.416 [main] TRACE - Resolving type for handle stcellstylexfid70c7type
13:28:42.430 [main] TRACE - Resolving type for handle ctsheet4dbetype
13:28:42.446 [main] TRACE - Resolving type for handle ctworksheet530dtype
13:28:42.456 [main] TRACE - Resolving type for handle ctsheetformatprdef7type
13:28:42.470 [main] TRACE - Resolving type for handle ctsheetviewsb918type
13:28:42.475 [main] TRACE - Resolving type for handle ctsheetview0f43type
13:28:42.493 [main] TRACE - Resolving type for handle ctsheetdimensiond310type
13:28:42.499 [main] TRACE - Resolving type for handle stref90a2type
13:28:42.505 [main] TRACE - Resolving type for handle ctsheetdata8408type
13:28:42.512 [main] TRACE - Resolving type for handle ctpagemargins5455type
13:28:42.530 [main] TRACE - Resolving type for handle ctcols627ctype
13:28:42.537 [main] TRACE - Resolving type for handle strelationshipid1e94type
13:28:42.549 [main] TRACE - Resolving type for handle ctrowdd39type
13:28:42.564 [main] TRACE - Resolving type for handle ctcell842btype
13:28:42.581 [main] TRACE - Resolving type for handle stcellrefe4e0type
13:28:42.586 [main] TRACE - Resolving type for handle ctrsta472type
13:28:42.594 [main] TRACE - Resolving type for handle stcelltypebf95type
13:28:43.029 [main] DEBUG - Save core properties part
13:28:43.029 [main] DEBUG - Save content types part
13:28:43.433 [main] DEBUG - Save package relationships
13:28:43.442 [main] DEBUG - Save part 'docProps/core.xml'
13:28:43.495 [main] DEBUG - Save part 'xl/sharedStrings.xml'
13:28:43.495 [main] DEBUG - Save part 'xl/styles.xml'
13:28:43.506 [main] DEBUG - Save part 'xl/workbook.xml'
13:28:43.506 [main] DEBUG - Save part 'xl/worksheets/sheet1.xml'
11:23:14.109 [main] INFO  - Goto crm URL 
11:23:20.920 [main] TRACE - Loading type system org.apache.poi.schemas.ooxml.system.ooxml
11:23:20.920 [main] TRACE - Loading type system org.apache.xmlbeans.metadata.system.sXMLCONFIG
11:23:20.930 [main] TRACE - Loading type system org.apache.xmlbeans.metadata.system.sXMLLANG
11:23:20.932 [main] TRACE - Loading type system org.apache.xmlbeans.metadata.system.sXMLSCHEMA
11:23:20.932 [main] TRACE - Loading type system org.apache.xmlbeans.metadata.system.sXMLTOOLS
11:23:20.935 [main] TRACE - Reading unresolved handles for type system org.apache.xmlbeans.metadata.system.sXMLTOOLS
11:23:20.956 [main] TRACE - Finished loading type system org.apache.xmlbeans.metadata.system.sXMLTOOLS
11:23:20.960 [main] TRACE - Reading unresolved handles for type system org.apache.xmlbeans.metadata.system.sXMLSCHEMA
11:23:20.966 [main] TRACE - Finished loading type system org.apache.xmlbeans.metadata.system.sXMLSCHEMA
11:23:20.970 [main] TRACE - Reading unresolved handles for type system org.apache.xmlbeans.metadata.system.sXMLLANG
11:23:20.970 [main] TRACE - Finished loading type system org.apache.xmlbeans.metadata.system.sXMLLANG
11:23:20.970 [main] TRACE - Reading unresolved handles for type system org.apache.xmlbeans.metadata.system.sXMLCONFIG
11:23:20.970 [main] TRACE - Finished loading type system org.apache.xmlbeans.metadata.system.sXMLCONFIG
11:23:20.978 [main] TRACE - Reading unresolved handles for type system org.apache.poi.schemas.ooxml.system.ooxml
11:23:21.087 [main] TRACE - Finished loading type system org.apache.poi.schemas.ooxml.system.ooxml
11:23:21.087 [main] TRACE - Resolving type for handle ctworkbook83c3type
11:23:21.187 [main] TRACE - Resolving type for handle ctworkbookpr03a5type
11:23:21.211 [main] TRACE - Resolving type for handle ctbookviewsb864type
11:23:21.215 [main] TRACE - Resolving type for handle ctbookviewf677type
11:23:21.227 [main] TRACE - Resolving type for handle ctsheets49fdtype
11:23:21.233 [main] TRACE - Resolving type for handle propertiesee84doctype
11:23:21.236 [main] TRACE - Resolving type for handle ctproperties3f10type
11:23:21.249 [main] TRACE - Resolving type for handle properties288cdoctype
11:23:21.252 [main] TRACE - Resolving type for handle ctproperties2c18type
11:23:21.253 [main] TRACE - Resolving type for handle sstf81fdoctype
11:23:21.265 [main] TRACE - Resolving type for handle ctsst44f3type
11:23:21.275 [main] TRACE - Resolving type for handle stylesheet5d8bdoctype
11:23:21.277 [main] TRACE - Resolving type for handle ctstylesheet4257type
11:23:21.285 [main] TRACE - Resolving type for handle ctfont14d8type
11:23:21.298 [main] TRACE - Resolving type for handle ctfontsizeb3b9type
11:23:21.305 [main] TRACE - Resolving type for handle ctcolord2c2type
11:23:21.305 [main] TRACE - Resolving type for handle ctfontname2dc3type
11:23:21.305 [main] TRACE - Resolving type for handle stxstringf179type
11:23:21.314 [main] TRACE - Resolving type for handle ctfontfamily685ctype
11:23:21.318 [main] TRACE - Resolving type for handle stfontfamily9c6ctype
11:23:21.322 [main] TRACE - Resolving type for handle ctfontschemebf5dtype
11:23:21.326 [main] TRACE - Resolving type for handle stfontschemef36dtype
11:23:21.329 [main] TRACE - Resolving type for handle ctfill550ctype
11:23:21.336 [main] TRACE - Resolving type for handle ctpatternfill7452type
11:23:21.343 [main] TRACE - Resolving type for handle stpatterntype7939type
11:23:21.348 [main] TRACE - Resolving type for handle ctborderf935type
11:23:21.352 [main] TRACE - Resolving type for handle ctborderpre497type
11:23:21.361 [main] TRACE - Resolving type for handle ctxf97f7type
11:23:21.365 [main] TRACE - Resolving type for handle stnumfmtid76fbtype
11:23:21.369 [main] TRACE - Resolving type for handle stfontid9d63type
11:23:21.370 [main] TRACE - Resolving type for handle stfillida097type
11:23:21.372 [main] TRACE - Resolving type for handle stborderid1a80type
11:23:21.374 [main] TRACE - Resolving type for handle stcellstylexfid70c7type
11:23:21.388 [main] TRACE - Resolving type for handle ctsheet4dbetype
11:23:21.396 [main] TRACE - Resolving type for handle ctworksheet530dtype
11:23:21.403 [main] TRACE - Resolving type for handle ctsheetformatprdef7type
11:23:21.411 [main] TRACE - Resolving type for handle ctsheetviewsb918type
11:23:21.415 [main] TRACE - Resolving type for handle ctsheetview0f43type
11:23:21.419 [main] TRACE - Resolving type for handle ctsheetdimensiond310type
11:23:21.419 [main] TRACE - Resolving type for handle stref90a2type
11:23:21.419 [main] TRACE - Resolving type for handle ctsheetdata8408type
11:23:21.433 [main] TRACE - Resolving type for handle ctpagemargins5455type
11:23:21.443 [main] TRACE - Resolving type for handle ctcols627ctype
11:23:21.448 [main] TRACE - Resolving type for handle strelationshipid1e94type
11:23:21.453 [main] TRACE - Resolving type for handle ctrowdd39type
11:23:21.464 [main] TRACE - Resolving type for handle ctcell842btype
11:23:21.476 [main] TRACE - Resolving type for handle stcellrefe4e0type
11:23:21.485 [main] TRACE - Resolving type for handle ctrsta472type
11:23:21.490 [main] TRACE - Resolving type for handle stcelltypebf95type
11:23:21.820 [main] DEBUG - Save core properties part
11:23:21.820 [main] DEBUG - Save content types part
11:23:22.002 [main] DEBUG - Save package relationships
11:23:22.012 [main] DEBUG - Save part 'docProps/core.xml'
11:23:22.032 [main] DEBUG - Save part 'xl/sharedStrings.xml'
11:23:22.032 [main] DEBUG - Save part 'xl/styles.xml'
11:23:22.044 [main] DEBUG - Save part 'xl/workbook.xml'
11:23:22.044 [main] DEBUG - Save part 'xl/worksheets/sheet1.xml'
11:55:57.096 [main] INFO  - Goto crm URL 
11:56:03.725 [main] TRACE - Loading type system org.apache.poi.schemas.ooxml.system.ooxml
11:56:03.735 [main] TRACE - Loading type system org.apache.xmlbeans.metadata.system.sXMLCONFIG
11:56:03.735 [main] TRACE - Loading type system org.apache.xmlbeans.metadata.system.sXMLLANG
11:56:03.739 [main] TRACE - Loading type system org.apache.xmlbeans.metadata.system.sXMLSCHEMA
11:56:03.739 [main] TRACE - Loading type system org.apache.xmlbeans.metadata.system.sXMLTOOLS
11:56:03.742 [main] TRACE - Reading unresolved handles for type system org.apache.xmlbeans.metadata.system.sXMLTOOLS
11:56:03.761 [main] TRACE - Finished loading type system org.apache.xmlbeans.metadata.system.sXMLTOOLS
11:56:03.761 [main] TRACE - Reading unresolved handles for type system org.apache.xmlbeans.metadata.system.sXMLSCHEMA
11:56:03.770 [main] TRACE - Finished loading type system org.apache.xmlbeans.metadata.system.sXMLSCHEMA
11:56:03.774 [main] TRACE - Reading unresolved handles for type system org.apache.xmlbeans.metadata.system.sXMLLANG
11:56:03.775 [main] TRACE - Finished loading type system org.apache.xmlbeans.metadata.system.sXMLLANG
11:56:03.777 [main] TRACE - Reading unresolved handles for type system org.apache.xmlbeans.metadata.system.sXMLCONFIG
11:56:03.779 [main] TRACE - Finished loading type system org.apache.xmlbeans.metadata.system.sXMLCONFIG
11:56:03.779 [main] TRACE - Reading unresolved handles for type system org.apache.poi.schemas.ooxml.system.ooxml
11:56:03.858 [main] TRACE - Finished loading type system org.apache.poi.schemas.ooxml.system.ooxml
11:56:03.858 [main] TRACE - Resolving type for handle ctworkbook83c3type
11:56:03.942 [main] TRACE - Resolving type for handle ctworkbookpr03a5type
11:56:03.960 [main] TRACE - Resolving type for handle ctbookviewsb864type
11:56:03.962 [main] TRACE - Resolving type for handle ctbookviewf677type
11:56:03.975 [main] TRACE - Resolving type for handle ctsheets49fdtype
11:56:03.975 [main] TRACE - Resolving type for handle propertiesee84doctype
11:56:03.984 [main] TRACE - Resolving type for handle ctproperties3f10type
11:56:03.992 [main] TRACE - Resolving type for handle properties288cdoctype
11:56:03.992 [main] TRACE - Resolving type for handle ctproperties2c18type
11:56:04.007 [main] TRACE - Resolving type for handle sstf81fdoctype
11:56:04.011 [main] TRACE - Resolving type for handle ctsst44f3type
11:56:04.017 [main] TRACE - Resolving type for handle stylesheet5d8bdoctype
11:56:04.017 [main] TRACE - Resolving type for handle ctstylesheet4257type
11:56:04.028 [main] TRACE - Resolving type for handle ctfont14d8type
11:56:04.035 [main] TRACE - Resolving type for handle ctfontsizeb3b9type
11:56:04.042 [main] TRACE - Resolving type for handle ctcolord2c2type
11:56:04.045 [main] TRACE - Resolving type for handle ctfontname2dc3type
11:56:04.045 [main] TRACE - Resolving type for handle stxstringf179type
11:56:04.045 [main] TRACE - Resolving type for handle ctfontfamily685ctype
11:56:04.055 [main] TRACE - Resolving type for handle stfontfamily9c6ctype
11:56:04.057 [main] TRACE - Resolving type for handle ctfontschemebf5dtype
11:56:04.062 [main] TRACE - Resolving type for handle stfontschemef36dtype
11:56:04.062 [main] TRACE - Resolving type for handle ctfill550ctype
11:56:04.062 [main] TRACE - Resolving type for handle ctpatternfill7452type
11:56:04.075 [main] TRACE - Resolving type for handle stpatterntype7939type
11:56:04.075 [main] TRACE - Resolving type for handle ctborderf935type
11:56:04.075 [main] TRACE - Resolving type for handle ctborderpre497type
11:56:04.090 [main] TRACE - Resolving type for handle ctxf97f7type
11:56:04.092 [main] TRACE - Resolving type for handle stnumfmtid76fbtype
11:56:04.099 [main] TRACE - Resolving type for handle stfontid9d63type
11:56:04.103 [main] TRACE - Resolving type for handle stfillida097type
11:56:04.105 [main] TRACE - Resolving type for handle stborderid1a80type
11:56:04.107 [main] TRACE - Resolving type for handle stcellstylexfid70c7type
11:56:04.113 [main] TRACE - Resolving type for handle ctsheet4dbetype
11:56:04.124 [main] TRACE - Resolving type for handle ctworksheet530dtype
11:56:04.127 [main] TRACE - Resolving type for handle ctsheetformatprdef7type
11:56:04.138 [main] TRACE - Resolving type for handle ctsheetviewsb918type
11:56:04.142 [main] TRACE - Resolving type for handle ctsheetview0f43type
11:56:04.152 [main] TRACE - Resolving type for handle ctsheetdimensiond310type
11:56:04.154 [main] TRACE - Resolving type for handle stref90a2type
11:56:04.157 [main] TRACE - Resolving type for handle ctsheetdata8408type
11:56:04.159 [main] TRACE - Resolving type for handle ctpagemargins5455type
11:56:04.166 [main] TRACE - Resolving type for handle ctcols627ctype
11:56:04.175 [main] TRACE - Resolving type for handle strelationshipid1e94type
11:56:04.175 [main] TRACE - Resolving type for handle ctrowdd39type
11:56:04.190 [main] TRACE - Resolving type for handle ctcell842btype
11:56:04.201 [main] TRACE - Resolving type for handle stcellrefe4e0type
11:56:04.207 [main] TRACE - Resolving type for handle ctrsta472type
11:56:04.210 [main] TRACE - Resolving type for handle stcelltypebf95type
11:56:04.533 [main] DEBUG - Save core properties part
11:56:04.535 [main] DEBUG - Save content types part
11:56:04.643 [main] DEBUG - Save package relationships
11:56:04.651 [main] DEBUG - Save part 'docProps/core.xml'
11:56:04.666 [main] DEBUG - Save part 'xl/sharedStrings.xml'
11:56:04.666 [main] DEBUG - Save part 'xl/styles.xml'
11:56:04.674 [main] DEBUG - Save part 'xl/workbook.xml'
11:56:04.686 [main] DEBUG - Save part 'xl/worksheets/sheet1.xml'
12:32:10.505 [main] INFO  - Goto crm URL 
12:32:17.432 [main] TRACE - Loading type system org.apache.poi.schemas.ooxml.system.ooxml
12:32:17.439 [main] TRACE - Loading type system org.apache.xmlbeans.metadata.system.sXMLCONFIG
12:32:17.440 [main] TRACE - Loading type system org.apache.xmlbeans.metadata.system.sXMLLANG
12:32:17.442 [main] TRACE - Loading type system org.apache.xmlbeans.metadata.system.sXMLSCHEMA
12:32:17.442 [main] TRACE - Loading type system org.apache.xmlbeans.metadata.system.sXMLTOOLS
12:32:17.442 [main] TRACE - Reading unresolved handles for type system org.apache.xmlbeans.metadata.system.sXMLTOOLS
12:32:17.469 [main] TRACE - Finished loading type system org.apache.xmlbeans.metadata.system.sXMLTOOLS
12:32:17.469 [main] TRACE - Reading unresolved handles for type system org.apache.xmlbeans.metadata.system.sXMLSCHEMA
12:32:17.479 [main] TRACE - Finished loading type system org.apache.xmlbeans.metadata.system.sXMLSCHEMA
12:32:17.479 [main] TRACE - Reading unresolved handles for type system org.apache.xmlbeans.metadata.system.sXMLLANG
12:32:17.482 [main] TRACE - Finished loading type system org.apache.xmlbeans.metadata.system.sXMLLANG
12:32:17.482 [main] TRACE - Reading unresolved handles for type system org.apache.xmlbeans.metadata.system.sXMLCONFIG
12:32:17.482 [main] TRACE - Finished loading type system org.apache.xmlbeans.metadata.system.sXMLCONFIG
12:32:17.482 [main] TRACE - Reading unresolved handles for type system org.apache.poi.schemas.ooxml.system.ooxml
12:32:17.578 [main] TRACE - Finished loading type system org.apache.poi.schemas.ooxml.system.ooxml
12:32:17.582 [main] TRACE - Resolving type for handle ctworkbook83c3type
12:32:17.652 [main] TRACE - Resolving type for handle ctworkbookpr03a5type
12:32:17.669 [main] TRACE - Resolving type for handle ctbookviewsb864type
12:32:17.674 [main] TRACE - Resolving type for handle ctbookviewf677type
12:32:17.686 [main] TRACE - Resolving type for handle ctsheets49fdtype
12:32:17.690 [main] TRACE - Resolving type for handle propertiesee84doctype
12:32:17.692 [main] TRACE - Resolving type for handle ctproperties3f10type
12:32:17.707 [main] TRACE - Resolving type for handle properties288cdoctype
12:32:17.707 [main] TRACE - Resolving type for handle ctproperties2c18type
12:32:17.716 [main] TRACE - Resolving type for handle sstf81fdoctype
12:32:17.723 [main] TRACE - Resolving type for handle ctsst44f3type
12:32:17.729 [main] TRACE - Resolving type for handle stylesheet5d8bdoctype
12:32:17.732 [main] TRACE - Resolving type for handle ctstylesheet4257type
12:32:17.736 [main] TRACE - Resolving type for handle ctfont14d8type
12:32:17.750 [main] TRACE - Resolving type for handle ctfontsizeb3b9type
12:32:17.756 [main] TRACE - Resolving type for handle ctcolord2c2type
12:32:17.762 [main] TRACE - Resolving type for handle ctfontname2dc3type
12:32:17.765 [main] TRACE - Resolving type for handle stxstringf179type
12:32:17.765 [main] TRACE - Resolving type for handle ctfontfamily685ctype
12:32:17.773 [main] TRACE - Resolving type for handle stfontfamily9c6ctype
12:32:17.773 [main] TRACE - Resolving type for handle ctfontschemebf5dtype
12:32:17.782 [main] TRACE - Resolving type for handle stfontschemef36dtype
12:32:17.789 [main] TRACE - Resolving type for handle ctfill550ctype
12:32:17.795 [main] TRACE - Resolving type for handle ctpatternfill7452type
12:32:17.799 [main] TRACE - Resolving type for handle stpatterntype7939type
12:32:17.807 [main] TRACE - Resolving type for handle ctborderf935type
12:32:17.811 [main] TRACE - Resolving type for handle ctborderpre497type
12:32:17.815 [main] TRACE - Resolving type for handle ctxf97f7type
12:32:17.826 [main] TRACE - Resolving type for handle stnumfmtid76fbtype
12:32:17.830 [main] TRACE - Resolving type for handle stfontid9d63type
12:32:17.835 [main] TRACE - Resolving type for handle stfillida097type
12:32:17.835 [main] TRACE - Resolving type for handle stborderid1a80type
12:32:17.840 [main] TRACE - Resolving type for handle stcellstylexfid70c7type
12:32:17.845 [main] TRACE - Resolving type for handle ctsheet4dbetype
12:32:17.852 [main] TRACE - Resolving type for handle ctworksheet530dtype
12:32:17.865 [main] TRACE - Resolving type for handle ctsheetformatprdef7type
12:32:17.875 [main] TRACE - Resolving type for handle ctsheetviewsb918type
12:32:17.879 [main] TRACE - Resolving type for handle ctsheetview0f43type
12:32:17.887 [main] TRACE - Resolving type for handle ctsheetdimensiond310type
12:32:17.889 [main] TRACE - Resolving type for handle stref90a2type
12:32:17.892 [main] TRACE - Resolving type for handle ctsheetdata8408type
12:32:17.896 [main] TRACE - Resolving type for handle ctpagemargins5455type
12:32:17.908 [main] TRACE - Resolving type for handle ctcols627ctype
12:32:17.912 [main] TRACE - Resolving type for handle strelationshipid1e94type
12:32:17.915 [main] TRACE - Resolving type for handle ctrowdd39type
12:32:17.923 [main] TRACE - Resolving type for handle ctcell842btype
12:32:17.942 [main] TRACE - Resolving type for handle stcellrefe4e0type
12:32:17.947 [main] TRACE - Resolving type for handle ctrsta472type
12:32:17.952 [main] TRACE - Resolving type for handle stcelltypebf95type
12:32:18.282 [main] DEBUG - Save core properties part
12:32:18.282 [main] DEBUG - Save content types part
12:32:18.469 [main] DEBUG - Save package relationships
12:32:18.476 [main] DEBUG - Save part 'docProps/core.xml'
12:32:18.492 [main] DEBUG - Save part 'xl/sharedStrings.xml'
12:32:18.492 [main] DEBUG - Save part 'xl/styles.xml'
12:32:18.505 [main] DEBUG - Save part 'xl/workbook.xml'
12:32:18.506 [main] DEBUG - Save part 'xl/worksheets/sheet1.xml'
12:43:26.614 [main] INFO  - Goto crm URL 
12:43:33.542 [main] TRACE - Loading type system org.apache.poi.schemas.ooxml.system.ooxml
12:43:33.549 [main] TRACE - Loading type system org.apache.xmlbeans.metadata.system.sXMLCONFIG
12:43:33.549 [main] TRACE - Loading type system org.apache.xmlbeans.metadata.system.sXMLLANG
12:43:33.553 [main] TRACE - Loading type system org.apache.xmlbeans.metadata.system.sXMLSCHEMA
12:43:33.553 [main] TRACE - Loading type system org.apache.xmlbeans.metadata.system.sXMLTOOLS
12:43:33.556 [main] TRACE - Reading unresolved handles for type system org.apache.xmlbeans.metadata.system.sXMLTOOLS
12:43:33.577 [main] TRACE - Finished loading type system org.apache.xmlbeans.metadata.system.sXMLTOOLS
12:43:33.577 [main] TRACE - Reading unresolved handles for type system org.apache.xmlbeans.metadata.system.sXMLSCHEMA
12:43:33.590 [main] TRACE - Finished loading type system org.apache.xmlbeans.metadata.system.sXMLSCHEMA
12:43:33.593 [main] TRACE - Reading unresolved handles for type system org.apache.xmlbeans.metadata.system.sXMLLANG
12:43:33.595 [main] TRACE - Finished loading type system org.apache.xmlbeans.metadata.system.sXMLLANG
12:43:33.598 [main] TRACE - Reading unresolved handles for type system org.apache.xmlbeans.metadata.system.sXMLCONFIG
12:43:33.599 [main] TRACE - Finished loading type system org.apache.xmlbeans.metadata.system.sXMLCONFIG
12:43:33.603 [main] TRACE - Reading unresolved handles for type system org.apache.poi.schemas.ooxml.system.ooxml
12:43:33.711 [main] TRACE - Finished loading type system org.apache.poi.schemas.ooxml.system.ooxml
12:43:33.713 [main] TRACE - Resolving type for handle ctworkbook83c3type
12:43:33.786 [main] TRACE - Resolving type for handle ctworkbookpr03a5type
12:43:33.803 [main] TRACE - Resolving type for handle ctbookviewsb864type
12:43:33.811 [main] TRACE - Resolving type for handle ctbookviewf677type
12:43:33.823 [main] TRACE - Resolving type for handle ctsheets49fdtype
12:43:33.829 [main] TRACE - Resolving type for handle propertiesee84doctype
12:43:33.836 [main] TRACE - Resolving type for handle ctproperties3f10type
12:43:33.850 [main] TRACE - Resolving type for handle properties288cdoctype
12:43:33.853 [main] TRACE - Resolving type for handle ctproperties2c18type
12:43:33.863 [main] TRACE - Resolving type for handle sstf81fdoctype
12:43:33.865 [main] TRACE - Resolving type for handle ctsst44f3type
12:43:33.873 [main] TRACE - Resolving type for handle stylesheet5d8bdoctype
12:43:33.873 [main] TRACE - Resolving type for handle ctstylesheet4257type
12:43:33.883 [main] TRACE - Resolving type for handle ctfont14d8type
12:43:33.895 [main] TRACE - Resolving type for handle ctfontsizeb3b9type
12:43:33.902 [main] TRACE - Resolving type for handle ctcolord2c2type
12:43:33.906 [main] TRACE - Resolving type for handle ctfontname2dc3type
12:43:33.909 [main] TRACE - Resolving type for handle stxstringf179type
12:43:33.915 [main] TRACE - Resolving type for handle ctfontfamily685ctype
12:43:33.916 [main] TRACE - Resolving type for handle stfontfamily9c6ctype
12:43:33.918 [main] TRACE - Resolving type for handle ctfontschemebf5dtype
12:43:33.925 [main] TRACE - Resolving type for handle stfontschemef36dtype
12:43:33.932 [main] TRACE - Resolving type for handle ctfill550ctype
12:43:33.933 [main] TRACE - Resolving type for handle ctpatternfill7452type
12:43:33.933 [main] TRACE - Resolving type for handle stpatterntype7939type
12:43:33.943 [main] TRACE - Resolving type for handle ctborderf935type
12:43:33.945 [main] TRACE - Resolving type for handle ctborderpre497type
12:43:33.953 [main] TRACE - Resolving type for handle ctxf97f7type
12:43:33.953 [main] TRACE - Resolving type for handle stnumfmtid76fbtype
12:43:33.961 [main] TRACE - Resolving type for handle stfontid9d63type
12:43:33.963 [main] TRACE - Resolving type for handle stfillida097type
12:43:33.965 [main] TRACE - Resolving type for handle stborderid1a80type
12:43:33.969 [main] TRACE - Resolving type for handle stcellstylexfid70c7type
12:43:33.973 [main] TRACE - Resolving type for handle ctsheet4dbetype
12:43:33.984 [main] TRACE - Resolving type for handle ctworksheet530dtype
12:43:33.993 [main] TRACE - Resolving type for handle ctsheetformatprdef7type
12:43:34.003 [main] TRACE - Resolving type for handle ctsheetviewsb918type
12:43:34.003 [main] TRACE - Resolving type for handle ctsheetview0f43type
12:43:34.015 [main] TRACE - Resolving type for handle ctsheetdimensiond310type
12:43:34.018 [main] TRACE - Resolving type for handle stref90a2type
12:43:34.018 [main] TRACE - Resolving type for handle ctsheetdata8408type
12:43:34.023 [main] TRACE - Resolving type for handle ctpagemargins5455type
12:43:34.033 [main] TRACE - Resolving type for handle ctcols627ctype
12:43:34.036 [main] TRACE - Resolving type for handle strelationshipid1e94type
12:43:34.036 [main] TRACE - Resolving type for handle ctrowdd39type
12:43:34.050 [main] TRACE - Resolving type for handle ctcell842btype
12:43:34.062 [main] TRACE - Resolving type for handle stcellrefe4e0type
12:43:34.067 [main] TRACE - Resolving type for handle ctrsta472type
12:43:34.073 [main] TRACE - Resolving type for handle stcelltypebf95type
12:43:34.436 [main] DEBUG - Save core properties part
12:43:34.436 [main] DEBUG - Save content types part
12:43:34.593 [main] DEBUG - Save package relationships
12:43:34.603 [main] DEBUG - Save part 'docProps/core.xml'
12:43:34.623 [main] DEBUG - Save part 'xl/sharedStrings.xml'
12:43:34.623 [main] DEBUG - Save part 'xl/styles.xml'
12:43:34.632 [main] DEBUG - Save part 'xl/workbook.xml'
12:43:34.632 [main] DEBUG - Save part 'xl/worksheets/sheet1.xml'
13:19:31.214 [main] INFO  - Goto crm URL 
13:19:38.018 [main] TRACE - Loading type system org.apache.poi.schemas.ooxml.system.ooxml
13:19:38.022 [main] TRACE - Loading type system org.apache.xmlbeans.metadata.system.sXMLCONFIG
13:19:38.022 [main] TRACE - Loading type system org.apache.xmlbeans.metadata.system.sXMLLANG
13:19:38.022 [main] TRACE - Loading type system org.apache.xmlbeans.metadata.system.sXMLSCHEMA
13:19:38.022 [main] TRACE - Loading type system org.apache.xmlbeans.metadata.system.sXMLTOOLS
13:19:38.022 [main] TRACE - Reading unresolved handles for type system org.apache.xmlbeans.metadata.system.sXMLTOOLS
13:19:38.050 [main] TRACE - Finished loading type system org.apache.xmlbeans.metadata.system.sXMLTOOLS
13:19:38.052 [main] TRACE - Reading unresolved handles for type system org.apache.xmlbeans.metadata.system.sXMLSCHEMA
13:19:38.068 [main] TRACE - Finished loading type system org.apache.xmlbeans.metadata.system.sXMLSCHEMA
13:19:38.068 [main] TRACE - Reading unresolved handles for type system org.apache.xmlbeans.metadata.system.sXMLLANG
13:19:38.068 [main] TRACE - Finished loading type system org.apache.xmlbeans.metadata.system.sXMLLANG
13:19:38.068 [main] TRACE - Reading unresolved handles for type system org.apache.xmlbeans.metadata.system.sXMLCONFIG
13:19:38.068 [main] TRACE - Finished loading type system org.apache.xmlbeans.metadata.system.sXMLCONFIG
13:19:38.068 [main] TRACE - Reading unresolved handles for type system org.apache.poi.schemas.ooxml.system.ooxml
13:19:38.151 [main] TRACE - Finished loading type system org.apache.poi.schemas.ooxml.system.ooxml
13:19:38.151 [main] TRACE - Resolving type for handle ctworkbook83c3type
13:19:38.204 [main] TRACE - Resolving type for handle ctworkbookpr03a5type
13:19:38.219 [main] TRACE - Resolving type for handle ctbookviewsb864type
13:19:38.222 [main] TRACE - Resolving type for handle ctbookviewf677type
13:19:38.229 [main] TRACE - Resolving type for handle ctsheets49fdtype
13:19:38.234 [main] TRACE - Resolving type for handle propertiesee84doctype
13:19:38.234 [main] TRACE - Resolving type for handle ctproperties3f10type
13:19:38.284 [main] TRACE - Resolving type for handle properties288cdoctype
13:19:38.284 [main] TRACE - Resolving type for handle ctproperties2c18type
13:19:38.300 [main] TRACE - Resolving type for handle sstf81fdoctype
13:19:38.302 [main] TRACE - Resolving type for handle ctsst44f3type
13:19:38.304 [main] TRACE - Resolving type for handle stylesheet5d8bdoctype
13:19:38.304 [main] TRACE - Resolving type for handle ctstylesheet4257type
13:19:38.318 [main] TRACE - Resolving type for handle ctfont14d8type
13:19:38.334 [main] TRACE - Resolving type for handle ctfontsizeb3b9type
13:19:38.351 [main] TRACE - Resolving type for handle ctcolord2c2type
13:19:38.351 [main] TRACE - Resolving type for handle ctfontname2dc3type
13:19:38.368 [main] TRACE - Resolving type for handle stxstringf179type
13:19:38.368 [main] TRACE - Resolving type for handle ctfontfamily685ctype
13:19:38.384 [main] TRACE - Resolving type for handle stfontfamily9c6ctype
13:19:38.384 [main] TRACE - Resolving type for handle ctfontschemebf5dtype
13:19:38.384 [main] TRACE - Resolving type for handle stfontschemef36dtype
13:19:38.384 [main] TRACE - Resolving type for handle ctfill550ctype
13:19:38.384 [main] TRACE - Resolving type for handle ctpatternfill7452type
13:19:38.384 [main] TRACE - Resolving type for handle stpatterntype7939type
13:19:38.400 [main] TRACE - Resolving type for handle ctborderf935type
13:19:38.401 [main] TRACE - Resolving type for handle ctborderpre497type
13:19:38.404 [main] TRACE - Resolving type for handle ctxf97f7type
13:19:38.404 [main] TRACE - Resolving type for handle stnumfmtid76fbtype
13:19:38.404 [main] TRACE - Resolving type for handle stfontid9d63type
13:19:38.404 [main] TRACE - Resolving type for handle stfillida097type
13:19:38.404 [main] TRACE - Resolving type for handle stborderid1a80type
13:19:38.418 [main] TRACE - Resolving type for handle stcellstylexfid70c7type
13:19:38.418 [main] TRACE - Resolving type for handle ctsheet4dbetype
13:19:38.418 [main] TRACE - Resolving type for handle ctworksheet530dtype
13:19:38.434 [main] TRACE - Resolving type for handle ctsheetformatprdef7type
13:19:38.457 [main] TRACE - Resolving type for handle ctsheetviewsb918type
13:19:38.461 [main] TRACE - Resolving type for handle ctsheetview0f43type
13:19:38.467 [main] TRACE - Resolving type for handle ctsheetdimensiond310type
13:19:38.472 [main] TRACE - Resolving type for handle stref90a2type
13:19:38.474 [main] TRACE - Resolving type for handle ctsheetdata8408type
13:19:38.478 [main] TRACE - Resolving type for handle ctpagemargins5455type
13:19:38.484 [main] TRACE - Resolving type for handle ctcols627ctype
13:19:38.484 [main] TRACE - Resolving type for handle strelationshipid1e94type
13:19:38.484 [main] TRACE - Resolving type for handle ctrowdd39type
13:19:38.484 [main] TRACE - Resolving type for handle ctcell842btype
13:19:38.504 [main] TRACE - Resolving type for handle stcellrefe4e0type
13:19:38.504 [main] TRACE - Resolving type for handle ctrsta472type
13:19:38.504 [main] TRACE - Resolving type for handle stcelltypebf95type
13:19:38.718 [main] DEBUG - Save core properties part
13:19:38.719 [main] DEBUG - Save content types part
13:19:38.872 [main] DEBUG - Save package relationships
13:19:38.875 [main] DEBUG - Save part 'docProps/core.xml'
13:19:38.903 [main] DEBUG - Save part 'xl/sharedStrings.xml'
13:19:38.905 [main] DEBUG - Save part 'xl/styles.xml'
13:19:38.914 [main] DEBUG - Save part 'xl/workbook.xml'
13:19:38.917 [main] DEBUG - Save part 'xl/worksheets/sheet1.xml'
14:49:25.110 [main] INFO  - Goto crm URL 
14:49:31.970 [main] TRACE - Loading type system org.apache.poi.schemas.ooxml.system.ooxml
14:49:31.978 [main] TRACE - Loading type system org.apache.xmlbeans.metadata.system.sXMLCONFIG
14:49:31.978 [main] TRACE - Loading type system org.apache.xmlbeans.metadata.system.sXMLLANG
14:49:31.978 [main] TRACE - Loading type system org.apache.xmlbeans.metadata.system.sXMLSCHEMA
14:49:31.978 [main] TRACE - Loading type system org.apache.xmlbeans.metadata.system.sXMLTOOLS
14:49:31.986 [main] TRACE - Reading unresolved handles for type system org.apache.xmlbeans.metadata.system.sXMLTOOLS
14:49:32.006 [main] TRACE - Finished loading type system org.apache.xmlbeans.metadata.system.sXMLTOOLS
14:49:32.008 [main] TRACE - Reading unresolved handles for type system org.apache.xmlbeans.metadata.system.sXMLSCHEMA
14:49:32.017 [main] TRACE - Finished loading type system org.apache.xmlbeans.metadata.system.sXMLSCHEMA
14:49:32.019 [main] TRACE - Reading unresolved handles for type system org.apache.xmlbeans.metadata.system.sXMLLANG
14:49:32.019 [main] TRACE - Finished loading type system org.apache.xmlbeans.metadata.system.sXMLLANG
14:49:32.019 [main] TRACE - Reading unresolved handles for type system org.apache.xmlbeans.metadata.system.sXMLCONFIG
14:49:32.019 [main] TRACE - Finished loading type system org.apache.xmlbeans.metadata.system.sXMLCONFIG
14:49:32.027 [main] TRACE - Reading unresolved handles for type system org.apache.poi.schemas.ooxml.system.ooxml
14:49:32.108 [main] TRACE - Finished loading type system org.apache.poi.schemas.ooxml.system.ooxml
14:49:32.115 [main] TRACE - Resolving type for handle ctworkbook83c3type
14:49:32.192 [main] TRACE - Resolving type for handle ctworkbookpr03a5type
14:49:32.205 [main] TRACE - Resolving type for handle ctbookviewsb864type
14:49:32.215 [main] TRACE - Resolving type for handle ctbookviewf677type
14:49:32.222 [main] TRACE - Resolving type for handle ctsheets49fdtype
14:49:32.230 [main] TRACE - Resolving type for handle propertiesee84doctype
14:49:32.230 [main] TRACE - Resolving type for handle ctproperties3f10type
14:49:32.244 [main] TRACE - Resolving type for handle properties288cdoctype
14:49:32.246 [main] TRACE - Resolving type for handle ctproperties2c18type
14:49:32.258 [main] TRACE - Resolving type for handle sstf81fdoctype
14:49:32.260 [main] TRACE - Resolving type for handle ctsst44f3type
14:49:32.271 [main] TRACE - Resolving type for handle stylesheet5d8bdoctype
14:49:32.272 [main] TRACE - Resolving type for handle ctstylesheet4257type
14:49:32.279 [main] TRACE - Resolving type for handle ctfont14d8type
14:49:32.291 [main] TRACE - Resolving type for handle ctfontsizeb3b9type
14:49:32.299 [main] TRACE - Resolving type for handle ctcolord2c2type
14:49:32.303 [main] TRACE - Resolving type for handle ctfontname2dc3type
14:49:32.307 [main] TRACE - Resolving type for handle stxstringf179type
14:49:32.311 [main] TRACE - Resolving type for handle ctfontfamily685ctype
14:49:32.315 [main] TRACE - Resolving type for handle stfontfamily9c6ctype
14:49:32.321 [main] TRACE - Resolving type for handle ctfontschemebf5dtype
14:49:32.325 [main] TRACE - Resolving type for handle stfontschemef36dtype
14:49:32.331 [main] TRACE - Resolving type for handle ctfill550ctype
14:49:32.332 [main] TRACE - Resolving type for handle ctpatternfill7452type
14:49:32.339 [main] TRACE - Resolving type for handle stpatterntype7939type
14:49:32.341 [main] TRACE - Resolving type for handle ctborderf935type
14:49:32.347 [main] TRACE - Resolving type for handle ctborderpre497type
14:49:32.353 [main] TRACE - Resolving type for handle ctxf97f7type
14:49:32.361 [main] TRACE - Resolving type for handle stnumfmtid76fbtype
14:49:32.363 [main] TRACE - Resolving type for handle stfontid9d63type
14:49:32.365 [main] TRACE - Resolving type for handle stfillida097type
14:49:32.365 [main] TRACE - Resolving type for handle stborderid1a80type
14:49:32.371 [main] TRACE - Resolving type for handle stcellstylexfid70c7type
14:49:32.376 [main] TRACE - Resolving type for handle ctsheet4dbetype
14:49:32.383 [main] TRACE - Resolving type for handle ctworksheet530dtype
14:49:32.389 [main] TRACE - Resolving type for handle ctsheetformatprdef7type
14:49:32.398 [main] TRACE - Resolving type for handle ctsheetviewsb918type
14:49:32.402 [main] TRACE - Resolving type for handle ctsheetview0f43type
14:49:32.408 [main] TRACE - Resolving type for handle ctsheetdimensiond310type
14:49:32.408 [main] TRACE - Resolving type for handle stref90a2type
14:49:32.414 [main] TRACE - Resolving type for handle ctsheetdata8408type
14:49:32.416 [main] TRACE - Resolving type for handle ctpagemargins5455type
14:49:32.421 [main] TRACE - Resolving type for handle ctcols627ctype
14:49:32.421 [main] TRACE - Resolving type for handle strelationshipid1e94type
14:49:32.429 [main] TRACE - Resolving type for handle ctrowdd39type
14:49:32.437 [main] TRACE - Resolving type for handle ctcell842btype
14:49:32.450 [main] TRACE - Resolving type for handle stcellrefe4e0type
14:49:32.456 [main] TRACE - Resolving type for handle ctrsta472type
14:49:32.462 [main] TRACE - Resolving type for handle stcelltypebf95type
14:49:32.691 [main] DEBUG - Save core properties part
14:49:32.691 [main] DEBUG - Save content types part
14:49:32.885 [main] DEBUG - Save package relationships
14:49:32.893 [main] DEBUG - Save part 'docProps/core.xml'
14:49:32.914 [main] DEBUG - Save part 'xl/sharedStrings.xml'
14:49:32.914 [main] DEBUG - Save part 'xl/styles.xml'
14:49:32.918 [main] DEBUG - Save part 'xl/workbook.xml'
14:49:32.918 [main] DEBUG - Save part 'xl/worksheets/sheet1.xml'
15:35:04.033 [main] INFO  - Goto crm URL 
15:35:10.482 [main] TRACE - Loading type system org.apache.poi.schemas.ooxml.system.ooxml
