14:16:54.428 [main] TRACE - Resolving type for handle properties288cdoctype
14:16:54.432 [main] TRACE - Resolving type for handle ctproperties2c18type
14:16:54.447 [main] TRACE - Resolving type for handle sstf81fdoctype
14:16:54.450 [main] TRACE - Resolving type for handle ctsst44f3type
14:16:54.459 [main] TRACE - Resolving type for handle stylesheet5d8bdoctype
14:16:54.462 [main] TRACE - Resolving type for handle ctstylesheet4257type
14:16:54.480 [main] TRACE - Resolving type for handle ctfont14d8type
14:16:54.481 [main] TRACE - Resolving type for handle ctfontsizeb3b9type
14:16:54.498 [main] TRACE - Resolving type for handle ctcolord2c2type
14:16:54.498 [main] TRACE - Resolving type for handle ctfontname2dc3type
14:16:54.514 [main] TRACE - Resolving type for handle stxstringf179type
14:16:54.514 [main] TRACE - Resolving type for handle ctfontfamily685ctype
14:16:54.514 [main] TRACE - Resolving type for handle stfontfamily9c6ctype
14:16:54.514 [main] TRACE - Resolving type for handle ctfontschemebf5dtype
14:16:54.514 [main] TRACE - Resolving type for handle stfontschemef36dtype
14:16:54.514 [main] TRACE - Resolving type for handle ctfill550ctype
14:16:54.530 [main] TRACE - Resolving type for handle ctpatternfill7452type
14:16:54.542 [main] TRACE - Resolving type for handle stpatterntype7939type
14:16:54.544 [main] TRACE - Resolving type for handle ctborderf935type
14:16:54.546 [main] TRACE - Resolving type for handle ctborderpre497type
14:16:54.550 [main] TRACE - Resolving type for handle ctxf97f7type
14:16:54.553 [main] TRACE - Resolving type for handle stnumfmtid76fbtype
14:16:54.554 [main] TRACE - Resolving type for handle stfontid9d63type
14:16:54.555 [main] TRACE - Resolving type for handle stfillida097type
14:16:54.556 [main] TRACE - Resolving type for handle stborderid1a80type
14:16:54.559 [main] TRACE - Resolving type for handle stcellstylexfid70c7type
14:16:54.564 [main] TRACE - Resolving type for handle ctsheet4dbetype
14:16:54.569 [main] TRACE - Resolving type for handle ctworksheet530dtype
14:16:54.574 [main] TRACE - Resolving type for handle ctsheetformatprdef7type
14:16:54.581 [main] TRACE - Resolving type for handle ctsheetviewsb918type
14:16:54.581 [main] TRACE - Resolving type for handle ctsheetview0f43type
14:16:54.603 [main] TRACE - Resolving type for handle ctsheetdimensiond310type
14:16:54.614 [main] TRACE - Resolving type for handle stref90a2type
14:16:54.614 [main] TRACE - Resolving type for handle ctsheetdata8408type
14:16:54.631 [main] TRACE - Resolving type for handle ctpagemargins5455type
14:16:54.639 [main] TRACE - Resolving type for handle ctcols627ctype
14:16:54.642 [main] TRACE - Resolving type for handle strelationshipid1e94type
14:16:54.644 [main] TRACE - Resolving type for handle ctrowdd39type
14:16:54.648 [main] TRACE - Resolving type for handle ctcell842btype
14:16:54.665 [main] TRACE - Resolving type for handle stcellrefe4e0type
14:16:54.669 [main] TRACE - Resolving type for handle ctrsta472type
14:16:54.669 [main] TRACE - Resolving type for handle stcelltypebf95type
14:16:54.821 [main] DEBUG - Save core properties part
14:16:54.824 [main] DEBUG - Save content types part
14:16:54.983 [main] DEBUG - Save package relationships
14:16:54.988 [main] DEBUG - Save part 'docProps/core.xml'
14:16:55.014 [main] DEBUG - Save part 'xl/sharedStrings.xml'
14:16:55.014 [main] DEBUG - Save part 'xl/styles.xml'
14:16:55.031 [main] DEBUG - Save part 'xl/workbook.xml'
14:16:55.031 [main] DEBUG - Save part 'xl/worksheets/sheet1.xml'
15:05:06.724 [main] INFO  - Goto crm URL 
15:05:13.641 [main] TRACE - Loading type system org.apache.poi.schemas.ooxml.system.ooxml
15:05:13.641 [main] TRACE - Loading type system org.apache.xmlbeans.metadata.system.sXMLCONFIG
15:05:13.650 [main] TRACE - Loading type system org.apache.xmlbeans.metadata.system.sXMLLANG
15:05:13.650 [main] TRACE - Loading type system org.apache.xmlbeans.metadata.system.sXMLSCHEMA
15:05:13.653 [main] TRACE - Loading type system org.apache.xmlbeans.metadata.system.sXMLTOOLS
15:05:13.653 [main] TRACE - Reading unresolved handles for type system org.apache.xmlbeans.metadata.system.sXMLTOOLS
15:05:13.678 [main] TRACE - Finished loading type system org.apache.xmlbeans.metadata.system.sXMLTOOLS
15:05:13.680 [main] TRACE - Reading unresolved handles for type system org.apache.xmlbeans.metadata.system.sXMLSCHEMA
15:05:13.687 [main] TRACE - Finished loading type system org.apache.xmlbeans.metadata.system.sXMLSCHEMA
15:05:13.690 [main] TRACE - Reading unresolved handles for type system org.apache.xmlbeans.metadata.system.sXMLLANG
15:05:13.693 [main] TRACE - Finished loading type system org.apache.xmlbeans.metadata.system.sXMLLANG
15:05:13.693 [main] TRACE - Reading unresolved handles for type system org.apache.xmlbeans.metadata.system.sXMLCONFIG
15:05:13.698 [main] TRACE - Finished loading type system org.apache.xmlbeans.metadata.system.sXMLCONFIG
15:05:13.700 [main] TRACE - Reading unresolved handles for type system org.apache.poi.schemas.ooxml.system.ooxml
15:05:13.788 [main] TRACE - Finished loading type system org.apache.poi.schemas.ooxml.system.ooxml
15:05:13.788 [main] TRACE - Resolving type for handle ctworkbook83c3type
15:05:13.857 [main] TRACE - Resolving type for handle ctworkbookpr03a5type
15:05:13.870 [main] TRACE - Resolving type for handle ctbookviewsb864type
15:05:13.876 [main] TRACE - Resolving type for handle ctbookviewf677type
15:05:13.884 [main] TRACE - Resolving type for handle ctsheets49fdtype
15:05:13.887 [main] TRACE - Resolving type for handle propertiesee84doctype
15:05:13.893 [main] TRACE - Resolving type for handle ctproperties3f10type
15:05:13.903 [main] TRACE - Resolving type for handle properties288cdoctype
15:05:13.903 [main] TRACE - Resolving type for handle ctproperties2c18type
15:05:13.913 [main] TRACE - Resolving type for handle sstf81fdoctype
15:05:13.916 [main] TRACE - Resolving type for handle ctsst44f3type
15:05:13.920 [main] TRACE - Resolving type for handle stylesheet5d8bdoctype
15:05:13.920 [main] TRACE - Resolving type for handle ctstylesheet4257type
15:05:13.925 [main] TRACE - Resolving type for handle ctfont14d8type
15:05:13.938 [main] TRACE - Resolving type for handle ctfontsizeb3b9type
15:05:13.942 [main] TRACE - Resolving type for handle ctcolord2c2type
15:05:13.950 [main] TRACE - Resolving type for handle ctfontname2dc3type
15:05:13.954 [main] TRACE - Resolving type for handle stxstringf179type
15:05:13.958 [main] TRACE - Resolving type for handle ctfontfamily685ctype
15:05:13.958 [main] TRACE - Resolving type for handle stfontfamily9c6ctype
15:05:13.967 [main] TRACE - Resolving type for handle ctfontschemebf5dtype
15:05:13.970 [main] TRACE - Resolving type for handle stfontschemef36dtype
15:05:13.977 [main] TRACE - Resolving type for handle ctfill550ctype
15:05:13.977 [main] TRACE - Resolving type for handle ctpatternfill7452type
15:05:13.987 [main] TRACE - Resolving type for handle stpatterntype7939type
15:05:13.991 [main] TRACE - Resolving type for handle ctborderf935type
15:05:13.991 [main] TRACE - Resolving type for handle ctborderpre497type
15:05:14.001 [main] TRACE - Resolving type for handle ctxf97f7type
15:05:14.007 [main] TRACE - Resolving type for handle stnumfmtid76fbtype
15:05:14.007 [main] TRACE - Resolving type for handle stfontid9d63type
15:05:14.007 [main] TRACE - Resolving type for handle stfillida097type
15:05:14.007 [main] TRACE - Resolving type for handle stborderid1a80type
15:05:14.016 [main] TRACE - Resolving type for handle stcellstylexfid70c7type
15:05:14.025 [main] TRACE - Resolving type for handle ctsheet4dbetype
15:05:14.037 [main] TRACE - Resolving type for handle ctworksheet530dtype
15:05:14.045 [main] TRACE - Resolving type for handle ctsheetformatprdef7type
15:05:14.053 [main] TRACE - Resolving type for handle ctsheetviewsb918type
15:05:14.053 [main] TRACE - Resolving type for handle ctsheetview0f43type
15:05:14.064 [main] TRACE - Resolving type for handle ctsheetdimensiond310type
15:05:14.070 [main] TRACE - Resolving type for handle stref90a2type
15:05:14.070 [main] TRACE - Resolving type for handle ctsheetdata8408type
15:05:14.070 [main] TRACE - Resolving type for handle ctpagemargins5455type
15:05:14.080 [main] TRACE - Resolving type for handle ctcols627ctype
15:05:14.087 [main] TRACE - Resolving type for handle strelationshipid1e94type
15:05:14.087 [main] TRACE - Resolving type for handle ctrowdd39type
15:05:14.096 [main] TRACE - Resolving type for handle ctcell842btype
15:05:14.104 [main] TRACE - Resolving type for handle stcellrefe4e0type
15:05:14.112 [main] TRACE - Resolving type for handle ctrsta472type
15:05:14.120 [main] TRACE - Resolving type for handle stcelltypebf95type
15:05:14.426 [main] DEBUG - Save core properties part
15:05:14.426 [main] DEBUG - Save content types part
15:05:14.581 [main] DEBUG - Save package relationships
15:05:14.587 [main] DEBUG - Save part 'docProps/core.xml'
15:05:14.610 [main] DEBUG - Save part 'xl/sharedStrings.xml'
15:05:14.610 [main] DEBUG - Save part 'xl/styles.xml'
15:05:14.618 [main] DEBUG - Save part 'xl/workbook.xml'
15:05:14.620 [main] DEBUG - Save part 'xl/worksheets/sheet1.xml'
15:10:27.793 [main] INFO  - Goto crm URL 
15:10:34.479 [main] TRACE - Loading type system org.apache.poi.schemas.ooxml.system.ooxml
15:10:34.487 [main] TRACE - Loading type system org.apache.xmlbeans.metadata.system.sXMLCONFIG
15:10:34.494 [main] TRACE - Loading type system org.apache.xmlbeans.metadata.system.sXMLLANG
15:10:34.494 [main] TRACE - Loading type system org.apache.xmlbeans.metadata.system.sXMLSCHEMA
15:10:34.496 [main] TRACE - Loading type system org.apache.xmlbeans.metadata.system.sXMLTOOLS
15:10:34.496 [main] TRACE - Reading unresolved handles for type system org.apache.xmlbeans.metadata.system.sXMLTOOLS
15:10:34.518 [main] TRACE - Finished loading type system org.apache.xmlbeans.metadata.system.sXMLTOOLS
15:10:34.521 [main] TRACE - Reading unresolved handles for type system org.apache.xmlbeans.metadata.system.sXMLSCHEMA
15:10:34.531 [main] TRACE - Finished loading type system org.apache.xmlbeans.metadata.system.sXMLSCHEMA
15:10:34.531 [main] TRACE - Reading unresolved handles for type system org.apache.xmlbeans.metadata.system.sXMLLANG
15:10:34.536 [main] TRACE - Finished loading type system org.apache.xmlbeans.metadata.system.sXMLLANG
15:10:34.537 [main] TRACE - Reading unresolved handles for type system org.apache.xmlbeans.metadata.system.sXMLCONFIG
15:10:34.537 [main] TRACE - Finished loading type system org.apache.xmlbeans.metadata.system.sXMLCONFIG
15:10:34.543 [main] TRACE - Reading unresolved handles for type system org.apache.poi.schemas.ooxml.system.ooxml
15:10:34.625 [main] TRACE - Finished loading type system org.apache.poi.schemas.ooxml.system.ooxml
15:10:34.640 [main] TRACE - Resolving type for handle ctworkbook83c3type
15:10:34.697 [main] TRACE - Resolving type for handle ctworkbookpr03a5type
15:10:34.721 [main] TRACE - Resolving type for handle ctbookviewsb864type
15:10:34.726 [main] TRACE - Resolving type for handle ctbookviewf677type
15:10:34.737 [main] TRACE - Resolving type for handle ctsheets49fdtype
15:10:34.737 [main] TRACE - Resolving type for handle propertiesee84doctype
15:10:34.744 [main] TRACE - Resolving type for handle ctproperties3f10type
15:10:34.756 [main] TRACE - Resolving type for handle properties288cdoctype
15:10:34.759 [main] TRACE - Resolving type for handle ctproperties2c18type
15:10:34.769 [main] TRACE - Resolving type for handle sstf81fdoctype
15:10:34.770 [main] TRACE - Resolving type for handle ctsst44f3type
15:10:34.775 [main] TRACE - Resolving type for handle stylesheet5d8bdoctype
15:10:34.778 [main] TRACE - Resolving type for handle ctstylesheet4257type
15:10:34.786 [main] TRACE - Resolving type for handle ctfont14d8type
15:10:34.794 [main] TRACE - Resolving type for handle ctfontsizeb3b9type
15:10:34.802 [main] TRACE - Resolving type for handle ctcolord2c2type
15:10:34.802 [main] TRACE - Resolving type for handle ctfontname2dc3type
15:10:34.809 [main] TRACE - Resolving type for handle stxstringf179type
15:10:34.812 [main] TRACE - Resolving type for handle ctfontfamily685ctype
15:10:34.816 [main] TRACE - Resolving type for handle stfontfamily9c6ctype
15:10:34.819 [main] TRACE - Resolving type for handle ctfontschemebf5dtype
15:10:34.819 [main] TRACE - Resolving type for handle stfontschemef36dtype
15:10:34.827 [main] TRACE - Resolving type for handle ctfill550ctype
15:10:34.827 [main] TRACE - Resolving type for handle ctpatternfill7452type
15:10:34.827 [main] TRACE - Resolving type for handle stpatterntype7939type
15:10:34.836 [main] TRACE - Resolving type for handle ctborderf935type
15:10:34.842 [main] TRACE - Resolving type for handle ctborderpre497type
15:10:34.844 [main] TRACE - Resolving type for handle ctxf97f7type
15:10:34.853 [main] TRACE - Resolving type for handle stnumfmtid76fbtype
15:10:34.853 [main] TRACE - Resolving type for handle stfontid9d63type
15:10:34.858 [main] TRACE - Resolving type for handle stfillida097type
15:10:34.861 [main] TRACE - Resolving type for handle stborderid1a80type
15:10:34.865 [main] TRACE - Resolving type for handle stcellstylexfid70c7type
15:10:34.869 [main] TRACE - Resolving type for handle ctsheet4dbetype
15:10:34.877 [main] TRACE - Resolving type for handle ctworksheet530dtype
15:10:34.886 [main] TRACE - Resolving type for handle ctsheetformatprdef7type
15:10:34.894 [main] TRACE - Resolving type for handle ctsheetviewsb918type
15:10:34.898 [main] TRACE - Resolving type for handle ctsheetview0f43type
15:10:34.907 [main] TRACE - Resolving type for handle ctsheetdimensiond310type
15:10:34.908 [main] TRACE - Resolving type for handle stref90a2type
15:10:34.911 [main] TRACE - Resolving type for handle ctsheetdata8408type
15:10:34.911 [main] TRACE - Resolving type for handle ctpagemargins5455type
15:10:34.923 [main] TRACE - Resolving type for handle ctcols627ctype
15:10:34.927 [main] TRACE - Resolving type for handle strelationshipid1e94type
15:10:34.927 [main] TRACE - Resolving type for handle ctrowdd39type
15:10:34.938 [main] TRACE - Resolving type for handle ctcell842btype
15:10:34.952 [main] TRACE - Resolving type for handle stcellrefe4e0type
15:10:34.956 [main] TRACE - Resolving type for handle ctrsta472type
15:10:34.963 [main] TRACE - Resolving type for handle stcelltypebf95type
15:10:35.267 [main] DEBUG - Save core properties part
15:10:35.268 [main] DEBUG - Save content types part
15:10:35.426 [main] DEBUG - Save package relationships
15:10:35.426 [main] DEBUG - Save part 'docProps/core.xml'
15:10:35.452 [main] DEBUG - Save part 'xl/sharedStrings.xml'
15:10:35.454 [main] DEBUG - Save part 'xl/styles.xml'
15:10:35.475 [main] DEBUG - Save part 'xl/workbook.xml'
15:10:35.476 [main] DEBUG - Save part 'xl/worksheets/sheet1.xml'
15:11:34.332 [main] INFO  - Goto crm URL 
15:11:40.940 [main] TRACE - Loading type system org.apache.poi.schemas.ooxml.system.ooxml
15:11:40.940 [main] TRACE - Loading type system org.apache.xmlbeans.metadata.system.sXMLCONFIG
15:11:40.950 [main] TRACE - Loading type system org.apache.xmlbeans.metadata.system.sXMLLANG
15:11:40.950 [main] TRACE - Loading type system org.apache.xmlbeans.metadata.system.sXMLSCHEMA
15:11:40.950 [main] TRACE - Loading type system org.apache.xmlbeans.metadata.system.sXMLTOOLS
15:11:40.952 [main] TRACE - Reading unresolved handles for type system org.apache.xmlbeans.metadata.system.sXMLTOOLS
15:11:40.973 [main] TRACE - Finished loading type system org.apache.xmlbeans.metadata.system.sXMLTOOLS
15:11:40.973 [main] TRACE - Reading unresolved handles for type system org.apache.xmlbeans.metadata.system.sXMLSCHEMA
15:11:40.985 [main] TRACE - Finished loading type system org.apache.xmlbeans.metadata.system.sXMLSCHEMA
15:11:40.987 [main] TRACE - Reading unresolved handles for type system org.apache.xmlbeans.metadata.system.sXMLLANG
15:11:40.987 [main] TRACE - Finished loading type system org.apache.xmlbeans.metadata.system.sXMLLANG
15:11:40.990 [main] TRACE - Reading unresolved handles for type system org.apache.xmlbeans.metadata.system.sXMLCONFIG
15:11:40.992 [main] TRACE - Finished loading type system org.apache.xmlbeans.metadata.system.sXMLCONFIG
15:11:40.994 [main] TRACE - Reading unresolved handles for type system org.apache.poi.schemas.ooxml.system.ooxml
15:11:41.083 [main] TRACE - Finished loading type system org.apache.poi.schemas.ooxml.system.ooxml
15:11:41.085 [main] TRACE - Resolving type for handle ctworkbook83c3type
15:11:41.152 [main] TRACE - Resolving type for handle ctworkbookpr03a5type
15:11:41.166 [main] TRACE - Resolving type for handle ctbookviewsb864type
15:11:41.169 [main] TRACE - Resolving type for handle ctbookviewf677type
15:11:41.177 [main] TRACE - Resolving type for handle ctsheets49fdtype
15:11:41.177 [main] TRACE - Resolving type for handle propertiesee84doctype
15:11:41.182 [main] TRACE - Resolving type for handle ctproperties3f10type
15:11:41.187 [main] TRACE - Resolving type for handle properties288cdoctype
15:11:41.194 [main] TRACE - Resolving type for handle ctproperties2c18type
15:11:41.206 [main] TRACE - Resolving type for handle sstf81fdoctype
15:11:41.206 [main] TRACE - Resolving type for handle ctsst44f3type
15:11:41.211 [main] TRACE - Resolving type for handle stylesheet5d8bdoctype
15:11:41.219 [main] TRACE - Resolving type for handle ctstylesheet4257type
15:11:41.226 [main] TRACE - Resolving type for handle ctfont14d8type
15:11:41.236 [main] TRACE - Resolving type for handle ctfontsizeb3b9type
15:11:41.244 [main] TRACE - Resolving type for handle ctcolord2c2type
15:11:41.248 [main] TRACE - Resolving type for handle ctfontname2dc3type
15:11:41.248 [main] TRACE - Resolving type for handle stxstringf179type
15:11:41.254 [main] TRACE - Resolving type for handle ctfontfamily685ctype
15:11:41.257 [main] TRACE - Resolving type for handle stfontfamily9c6ctype
15:11:41.260 [main] TRACE - Resolving type for handle ctfontschemebf5dtype
15:11:41.269 [main] TRACE - Resolving type for handle stfontschemef36dtype
15:11:41.273 [main] TRACE - Resolving type for handle ctfill550ctype
15:11:41.277 [main] TRACE - Resolving type for handle ctpatternfill7452type
15:11:41.277 [main] TRACE - Resolving type for handle stpatterntype7939type
15:11:41.288 [main] TRACE - Resolving type for handle ctborderf935type
15:11:41.293 [main] TRACE - Resolving type for handle ctborderpre497type
15:11:41.301 [main] TRACE - Resolving type for handle ctxf97f7type
15:11:41.303 [main] TRACE - Resolving type for handle stnumfmtid76fbtype
15:11:41.309 [main] TRACE - Resolving type for handle stfontid9d63type
15:11:41.311 [main] TRACE - Resolving type for handle stfillida097type
15:11:41.311 [main] TRACE - Resolving type for handle stborderid1a80type
15:11:41.318 [main] TRACE - Resolving type for handle stcellstylexfid70c7type
15:11:41.326 [main] TRACE - Resolving type for handle ctsheet4dbetype
15:11:41.335 [main] TRACE - Resolving type for handle ctworksheet530dtype
15:11:41.349 [main] TRACE - Resolving type for handle ctsheetformatprdef7type
15:11:41.351 [main] TRACE - Resolving type for handle ctsheetviewsb918type
15:11:41.351 [main] TRACE - Resolving type for handle ctsheetview0f43type
15:11:41.368 [main] TRACE - Resolving type for handle ctsheetdimensiond310type
15:11:41.368 [main] TRACE - Resolving type for handle stref90a2type
15:11:41.373 [main] TRACE - Resolving type for handle ctsheetdata8408type
15:11:41.376 [main] TRACE - Resolving type for handle ctpagemargins5455type
15:11:41.384 [main] TRACE - Resolving type for handle ctcols627ctype
15:11:41.390 [main] TRACE - Resolving type for handle strelationshipid1e94type
15:11:41.392 [main] TRACE - Resolving type for handle ctrowdd39type
15:11:41.401 [main] TRACE - Resolving type for handle ctcell842btype
15:11:41.408 [main] TRACE - Resolving type for handle stcellrefe4e0type
15:11:41.417 [main] TRACE - Resolving type for handle ctrsta472type
15:11:41.417 [main] TRACE - Resolving type for handle stcelltypebf95type
15:11:41.722 [main] DEBUG - Save core properties part
15:11:41.722 [main] DEBUG - Save content types part
15:11:41.892 [main] DEBUG - Save package relationships
15:11:41.900 [main] DEBUG - Save part 'docProps/core.xml'
15:11:41.921 [main] DEBUG - Save part 'xl/sharedStrings.xml'
15:11:41.921 [main] DEBUG - Save part 'xl/styles.xml'
15:11:41.929 [main] DEBUG - Save part 'xl/workbook.xml'
15:11:41.937 [main] DEBUG - Save part 'xl/worksheets/sheet1.xml'
15:21:37.284 [main] INFO  - Goto crm URL 
15:21:44.223 [main] TRACE - Loading type system org.apache.poi.schemas.ooxml.system.ooxml
15:21:44.229 [main] TRACE - Loading type system org.apache.xmlbeans.metadata.system.sXMLCONFIG
15:21:44.231 [main] TRACE - Loading type system org.apache.xmlbeans.metadata.system.sXMLLANG
15:21:44.232 [main] TRACE - Loading type system org.apache.xmlbeans.metadata.system.sXMLSCHEMA
15:21:44.234 [main] TRACE - Loading type system org.apache.xmlbeans.metadata.system.sXMLTOOLS
15:21:44.237 [main] TRACE - Reading unresolved handles for type system org.apache.xmlbeans.metadata.system.sXMLTOOLS
15:21:44.280 [main] TRACE - Finished loading type system org.apache.xmlbeans.metadata.system.sXMLTOOLS
15:21:44.282 [main] TRACE - Reading unresolved handles for type system org.apache.xmlbeans.metadata.system.sXMLSCHEMA
15:21:44.291 [main] TRACE - Finished loading type system org.apache.xmlbeans.metadata.system.sXMLSCHEMA
15:21:44.293 [main] TRACE - Reading unresolved handles for type system org.apache.xmlbeans.metadata.system.sXMLLANG
15:21:44.295 [main] TRACE - Finished loading type system org.apache.xmlbeans.metadata.system.sXMLLANG
15:21:44.296 [main] TRACE - Reading unresolved handles for type system org.apache.xmlbeans.metadata.system.sXMLCONFIG
15:21:44.297 [main] TRACE - Finished loading type system org.apache.xmlbeans.metadata.system.sXMLCONFIG
15:21:44.299 [main] TRACE - Reading unresolved handles for type system org.apache.poi.schemas.ooxml.system.ooxml
15:21:44.414 [main] TRACE - Finished loading type system org.apache.poi.schemas.ooxml.system.ooxml
15:21:44.416 [main] TRACE - Resolving type for handle ctworkbook83c3type
15:21:44.493 [main] TRACE - Resolving type for handle ctworkbookpr03a5type
15:21:44.507 [main] TRACE - Resolving type for handle ctbookviewsb864type
15:21:44.512 [main] TRACE - Resolving type for handle ctbookviewf677type
15:21:44.524 [main] TRACE - Resolving type for handle ctsheets49fdtype
15:21:44.530 [main] TRACE - Resolving type for handle propertiesee84doctype
15:21:44.534 [main] TRACE - Resolving type for handle ctproperties3f10type
15:21:44.543 [main] TRACE - Resolving type for handle properties288cdoctype
15:21:44.545 [main] TRACE - Resolving type for handle ctproperties2c18type
15:21:44.556 [main] TRACE - Resolving type for handle sstf81fdoctype
15:21:44.558 [main] TRACE - Resolving type for handle ctsst44f3type
15:21:44.568 [main] TRACE - Resolving type for handle stylesheet5d8bdoctype
15:21:44.570 [main] TRACE - Resolving type for handle ctstylesheet4257type
15:21:44.576 [main] TRACE - Resolving type for handle ctfont14d8type
15:21:44.587 [main] TRACE - Resolving type for handle ctfontsizeb3b9type
15:21:44.593 [main] TRACE - Resolving type for handle ctcolord2c2type
15:21:44.600 [main] TRACE - Resolving type for handle ctfontname2dc3type
15:21:44.603 [main] TRACE - Resolving type for handle stxstringf179type
15:21:44.608 [main] TRACE - Resolving type for handle ctfontfamily685ctype
15:21:44.612 [main] TRACE - Resolving type for handle stfontfamily9c6ctype
15:21:44.617 [main] TRACE - Resolving type for handle ctfontschemebf5dtype
15:21:44.620 [main] TRACE - Resolving type for handle stfontschemef36dtype
15:21:44.626 [main] TRACE - Resolving type for handle ctfill550ctype
15:21:44.628 [main] TRACE - Resolving type for handle ctpatternfill7452type
15:21:44.631 [main] TRACE - Resolving type for handle stpatterntype7939type
15:21:44.635 [main] TRACE - Resolving type for handle ctborderf935type
15:21:44.638 [main] TRACE - Resolving type for handle ctborderpre497type
15:21:44.646 [main] TRACE - Resolving type for handle ctxf97f7type
15:21:44.651 [main] TRACE - Resolving type for handle stnumfmtid76fbtype
15:21:44.654 [main] TRACE - Resolving type for handle stfontid9d63type
15:21:44.656 [main] TRACE - Resolving type for handle stfillida097type
15:21:44.659 [main] TRACE - Resolving type for handle stborderid1a80type
15:21:44.661 [main] TRACE - Resolving type for handle stcellstylexfid70c7type
15:21:44.668 [main] TRACE - Resolving type for handle ctsheet4dbetype
15:21:44.677 [main] TRACE - Resolving type for handle ctworksheet530dtype
15:21:44.684 [main] TRACE - Resolving type for handle ctsheetformatprdef7type
15:21:44.694 [main] TRACE - Resolving type for handle ctsheetviewsb918type
15:21:44.699 [main] TRACE - Resolving type for handle ctsheetview0f43type
15:21:44.708 [main] TRACE - Resolving type for handle ctsheetdimensiond310type
15:21:44.711 [main] TRACE - Resolving type for handle stref90a2type
15:21:44.713 [main] TRACE - Resolving type for handle ctsheetdata8408type
15:21:44.716 [main] TRACE - Resolving type for handle ctpagemargins5455type
15:21:44.724 [main] TRACE - Resolving type for handle ctcols627ctype
15:21:44.729 [main] TRACE - Resolving type for handle strelationshipid1e94type
15:21:44.732 [main] TRACE - Resolving type for handle ctrowdd39type
15:21:44.743 [main] TRACE - Resolving type for handle ctcell842btype
15:21:44.758 [main] TRACE - Resolving type for handle stcellrefe4e0type
15:21:44.763 [main] TRACE - Resolving type for handle ctrsta472type
15:21:44.767 [main] TRACE - Resolving type for handle stcelltypebf95type
15:21:44.943 [main] DEBUG - Save core properties part
15:21:44.944 [main] DEBUG - Save content types part
15:21:45.087 [main] DEBUG - Save package relationships
15:21:45.093 [main] DEBUG - Save part 'docProps/core.xml'
15:21:45.118 [main] DEBUG - Save part 'xl/sharedStrings.xml'
15:21:45.118 [main] DEBUG - Save part 'xl/styles.xml'
15:21:45.127 [main] DEBUG - Save part 'xl/workbook.xml'
15:21:45.129 [main] DEBUG - Save part 'xl/worksheets/sheet1.xml'
15:22:52.931 [main] INFO  - Goto crm URL 
15:22:59.968 [main] TRACE - Loading type system org.apache.poi.schemas.ooxml.system.ooxml
15:22:59.992 [main] TRACE - Loading type system org.apache.xmlbeans.metadata.system.sXMLCONFIG
15:22:59.994 [main] TRACE - Loading type system org.apache.xmlbeans.metadata.system.sXMLLANG
15:22:59.994 [main] TRACE - Loading type system org.apache.xmlbeans.metadata.system.sXMLSCHEMA
15:22:59.994 [main] TRACE - Loading type system org.apache.xmlbeans.metadata.system.sXMLTOOLS
15:22:59.994 [main] TRACE - Reading unresolved handles for type system org.apache.xmlbeans.metadata.system.sXMLTOOLS
15:23:00.018 [main] TRACE - Finished loading type system org.apache.xmlbeans.metadata.system.sXMLTOOLS
15:23:00.022 [main] TRACE - Reading unresolved handles for type system org.apache.xmlbeans.metadata.system.sXMLSCHEMA
15:23:00.031 [main] TRACE - Finished loading type system org.apache.xmlbeans.metadata.system.sXMLSCHEMA
15:23:00.033 [main] TRACE - Reading unresolved handles for type system org.apache.xmlbeans.metadata.system.sXMLLANG
15:23:00.036 [main] TRACE - Finished loading type system org.apache.xmlbeans.metadata.system.sXMLLANG
15:23:00.036 [main] TRACE - Reading unresolved handles for type system org.apache.xmlbeans.metadata.system.sXMLCONFIG
15:23:00.038 [main] TRACE - Finished loading type system org.apache.xmlbeans.metadata.system.sXMLCONFIG
15:23:00.040 [main] TRACE - Reading unresolved handles for type system org.apache.poi.schemas.ooxml.system.ooxml
15:23:00.152 [main] TRACE - Finished loading type system org.apache.poi.schemas.ooxml.system.ooxml
15:23:00.155 [main] TRACE - Resolving type for handle ctworkbook83c3type
15:23:00.215 [main] TRACE - Resolving type for handle ctworkbookpr03a5type
15:23:00.235 [main] TRACE - Resolving type for handle ctbookviewsb864type
15:23:00.235 [main] TRACE - Resolving type for handle ctbookviewf677type
15:23:00.253 [main] TRACE - Resolving type for handle ctsheets49fdtype
15:23:00.259 [main] TRACE - Resolving type for handle propertiesee84doctype
15:23:00.263 [main] TRACE - Resolving type for handle ctproperties3f10type
15:23:00.272 [main] TRACE - Resolving type for handle properties288cdoctype
15:23:00.276 [main] TRACE - Resolving type for handle ctproperties2c18type
15:23:00.278 [main] TRACE - Resolving type for handle sstf81fdoctype
15:23:00.278 [main] TRACE - Resolving type for handle ctsst44f3type
15:23:00.297 [main] TRACE - Resolving type for handle stylesheet5d8bdoctype
15:23:00.297 [main] TRACE - Resolving type for handle ctstylesheet4257type
15:23:00.297 [main] TRACE - Resolving type for handle ctfont14d8type
15:23:00.309 [main] TRACE - Resolving type for handle ctfontsizeb3b9type
15:23:00.322 [main] TRACE - Resolving type for handle ctcolord2c2type
15:23:00.325 [main] TRACE - Resolving type for handle ctfontname2dc3type
15:23:00.332 [main] TRACE - Resolving type for handle stxstringf179type
15:23:00.332 [main] TRACE - Resolving type for handle ctfontfamily685ctype
15:23:00.340 [main] TRACE - Resolving type for handle stfontfamily9c6ctype
15:23:00.344 [main] TRACE - Resolving type for handle ctfontschemebf5dtype
15:23:00.348 [main] TRACE - Resolving type for handle stfontschemef36dtype
15:23:00.350 [main] TRACE - Resolving type for handle ctfill550ctype
15:23:00.350 [main] TRACE - Resolving type for handle ctpatternfill7452type
15:23:00.357 [main] TRACE - Resolving type for handle stpatterntype7939type
15:23:00.357 [main] TRACE - Resolving type for handle ctborderf935type
15:23:00.357 [main] TRACE - Resolving type for handle ctborderpre497type
15:23:00.372 [main] TRACE - Resolving type for handle ctxf97f7type
15:23:00.377 [main] TRACE - Resolving type for handle stnumfmtid76fbtype
15:23:00.379 [main] TRACE - Resolving type for handle stfontid9d63type
15:23:00.379 [main] TRACE - Resolving type for handle stfillida097type
15:23:00.379 [main] TRACE - Resolving type for handle stborderid1a80type
15:23:00.388 [main] TRACE - Resolving type for handle stcellstylexfid70c7type
15:23:00.394 [main] TRACE - Resolving type for handle ctsheet4dbetype
15:23:00.394 [main] TRACE - Resolving type for handle ctworksheet530dtype
15:23:00.413 [main] TRACE - Resolving type for handle ctsheetformatprdef7type
15:23:00.422 [main] TRACE - Resolving type for handle ctsheetviewsb918type
15:23:00.426 [main] TRACE - Resolving type for handle ctsheetview0f43type
15:23:00.436 [main] TRACE - Resolving type for handle ctsheetdimensiond310type
15:23:00.436 [main] TRACE - Resolving type for handle stref90a2type
15:23:00.436 [main] TRACE - Resolving type for handle ctsheetdata8408type
15:23:00.436 [main] TRACE - Resolving type for handle ctpagemargins5455type
15:23:00.436 [main] TRACE - Resolving type for handle ctcols627ctype
15:23:00.452 [main] TRACE - Resolving type for handle strelationshipid1e94type
15:23:00.452 [main] TRACE - Resolving type for handle ctrowdd39type
15:23:00.461 [main] TRACE - Resolving type for handle ctcell842btype
15:23:00.468 [main] TRACE - Resolving type for handle stcellrefe4e0type
15:23:00.484 [main] TRACE - Resolving type for handle ctrsta472type
15:23:00.491 [main] TRACE - Resolving type for handle stcelltypebf95type
15:23:00.680 [main] DEBUG - Save core properties part
15:23:00.680 [main] DEBUG - Save content types part
15:23:00.840 [main] DEBUG - Save package relationships
15:23:00.844 [main] DEBUG - Save part 'docProps/core.xml'
15:23:00.849 [main] DEBUG - Save part 'xl/sharedStrings.xml'
15:23:00.849 [main] DEBUG - Save part 'xl/styles.xml'
15:23:00.866 [main] DEBUG - Save part 'xl/workbook.xml'
15:23:00.871 [main] DEBUG - Save part 'xl/worksheets/sheet1.xml'
15:24:04.784 [main] INFO  - Goto crm URL 
15:24:11.695 [main] TRACE - Loading type system org.apache.poi.schemas.ooxml.system.ooxml
15:24:11.716 [main] TRACE - Loading type system org.apache.xmlbeans.metadata.system.sXMLCONFIG
15:24:11.718 [main] TRACE - Loading type system org.apache.xmlbeans.metadata.system.sXMLLANG
15:24:11.718 [main] TRACE - Loading type system org.apache.xmlbeans.metadata.system.sXMLSCHEMA
15:24:11.720 [main] TRACE - Loading type system org.apache.xmlbeans.metadata.system.sXMLTOOLS
15:24:11.722 [main] TRACE - Reading unresolved handles for type system org.apache.xmlbeans.metadata.system.sXMLTOOLS
15:24:11.754 [main] TRACE - Finished loading type system org.apache.xmlbeans.metadata.system.sXMLTOOLS
15:24:11.756 [main] TRACE - Reading unresolved handles for type system org.apache.xmlbeans.metadata.system.sXMLSCHEMA
15:24:11.763 [main] TRACE - Finished loading type system org.apache.xmlbeans.metadata.system.sXMLSCHEMA
15:24:11.765 [main] TRACE - Reading unresolved handles for type system org.apache.xmlbeans.metadata.system.sXMLLANG
15:24:11.767 [main] TRACE - Finished loading type system org.apache.xmlbeans.metadata.system.sXMLLANG
15:24:11.769 [main] TRACE - Reading unresolved handles for type system org.apache.xmlbeans.metadata.system.sXMLCONFIG
15:24:11.771 [main] TRACE - Finished loading type system org.apache.xmlbeans.metadata.system.sXMLCONFIG
15:24:11.774 [main] TRACE - Reading unresolved handles for type system org.apache.poi.schemas.ooxml.system.ooxml
15:24:11.852 [main] TRACE - Finished loading type system org.apache.poi.schemas.ooxml.system.ooxml
15:24:11.868 [main] TRACE - Resolving type for handle ctworkbook83c3type
15:24:11.932 [main] TRACE - Resolving type for handle ctworkbookpr03a5type
15:24:11.947 [main] TRACE - Resolving type for handle ctbookviewsb864type
15:24:11.953 [main] TRACE - Resolving type for handle ctbookviewf677type
15:24:11.963 [main] TRACE - Resolving type for handle ctsheets49fdtype
15:24:11.963 [main] TRACE - Resolving type for handle propertiesee84doctype
15:24:11.963 [main] TRACE - Resolving type for handle ctproperties3f10type
15:24:11.979 [main] TRACE - Resolving type for handle properties288cdoctype
15:24:11.979 [main] TRACE - Resolving type for handle ctproperties2c18type
15:24:11.993 [main] TRACE - Resolving type for handle sstf81fdoctype
15:24:11.995 [main] TRACE - Resolving type for handle ctsst44f3type
15:24:11.995 [main] TRACE - Resolving type for handle stylesheet5d8bdoctype
15:24:11.995 [main] TRACE - Resolving type for handle ctstylesheet4257type
15:24:12.010 [main] TRACE - Resolving type for handle ctfont14d8type
15:24:12.016 [main] TRACE - Resolving type for handle ctfontsizeb3b9type
15:24:12.026 [main] TRACE - Resolving type for handle ctcolord2c2type
15:24:12.032 [main] TRACE - Resolving type for handle ctfontname2dc3type
15:24:12.035 [main] TRACE - Resolving type for handle stxstringf179type
15:24:12.038 [main] TRACE - Resolving type for handle ctfontfamily685ctype
15:24:12.042 [main] TRACE - Resolving type for handle stfontfamily9c6ctype
15:24:12.042 [main] TRACE - Resolving type for handle ctfontschemebf5dtype
15:24:12.042 [main] TRACE - Resolving type for handle stfontschemef36dtype
15:24:12.058 [main] TRACE - Resolving type for handle ctfill550ctype
15:24:12.058 [main] TRACE - Resolving type for handle ctpatternfill7452type
15:24:12.058 [main] TRACE - Resolving type for handle stpatterntype7939type
15:24:12.058 [main] TRACE - Resolving type for handle ctborderf935type
15:24:12.073 [main] TRACE - Resolving type for handle ctborderpre497type
15:24:12.073 [main] TRACE - Resolving type for handle ctxf97f7type
15:24:12.073 [main] TRACE - Resolving type for handle stnumfmtid76fbtype
15:24:12.089 [main] TRACE - Resolving type for handle stfontid9d63type
15:24:12.089 [main] TRACE - Resolving type for handle stfillida097type
15:24:12.093 [main] TRACE - Resolving type for handle stborderid1a80type
15:24:12.095 [main] TRACE - Resolving type for handle stcellstylexfid70c7type
15:24:12.102 [main] TRACE - Resolving type for handle ctsheet4dbetype
15:24:12.108 [main] TRACE - Resolving type for handle ctworksheet530dtype
15:24:12.112 [main] TRACE - Resolving type for handle ctsheetformatprdef7type
15:24:12.120 [main] TRACE - Resolving type for handle ctsheetviewsb918type
15:24:12.126 [main] TRACE - Resolving type for handle ctsheetview0f43type
15:24:12.136 [main] TRACE - Resolving type for handle ctsheetdimensiond310type
15:24:12.136 [main] TRACE - Resolving type for handle stref90a2type
15:24:12.136 [main] TRACE - Resolving type for handle ctsheetdata8408type
15:24:12.136 [main] TRACE - Resolving type for handle ctpagemargins5455type
15:24:12.136 [main] TRACE - Resolving type for handle ctcols627ctype
15:24:12.152 [main] TRACE - Resolving type for handle strelationshipid1e94type
15:24:12.152 [main] TRACE - Resolving type for handle ctrowdd39type
15:24:12.168 [main] TRACE - Resolving type for handle ctcell842btype
15:24:12.188 [main] TRACE - Resolving type for handle stcellrefe4e0type
15:24:12.193 [main] TRACE - Resolving type for handle ctrsta472type
15:24:12.199 [main] TRACE - Resolving type for handle stcelltypebf95type
15:24:12.394 [main] DEBUG - Save core properties part
15:24:12.394 [main] DEBUG - Save content types part
15:24:12.557 [main] DEBUG - Save package relationships
15:24:12.564 [main] DEBUG - Save part 'docProps/core.xml'
15:24:12.581 [main] DEBUG - Save part 'xl/sharedStrings.xml'
15:24:12.581 [main] DEBUG - Save part 'xl/styles.xml'
15:24:12.590 [main] DEBUG - Save part 'xl/workbook.xml'
15:24:12.592 [main] DEBUG - Save part 'xl/worksheets/sheet1.xml'
15:25:39.978 [main] INFO  - Goto crm URL 
15:25:46.642 [main] TRACE - Loading type system org.apache.poi.schemas.ooxml.system.ooxml
15:25:46.647 [main] TRACE - Loading type system org.apache.xmlbeans.metadata.system.sXMLCONFIG
15:25:46.649 [main] TRACE - Loading type system org.apache.xmlbeans.metadata.system.sXMLLANG
15:25:46.649 [main] TRACE - Loading type system org.apache.xmlbeans.metadata.system.sXMLSCHEMA
15:25:46.651 [main] TRACE - Loading type system org.apache.xmlbeans.metadata.system.sXMLTOOLS
15:25:46.651 [main] TRACE - Reading unresolved handles for type system org.apache.xmlbeans.metadata.system.sXMLTOOLS
15:25:46.671 [main] TRACE - Finished loading type system org.apache.xmlbeans.metadata.system.sXMLTOOLS
15:25:46.673 [main] TRACE - Reading unresolved handles for type system org.apache.xmlbeans.metadata.system.sXMLSCHEMA
15:25:46.682 [main] TRACE - Finished loading type system org.apache.xmlbeans.metadata.system.sXMLSCHEMA
15:25:46.682 [main] TRACE - Reading unresolved handles for type system org.apache.xmlbeans.metadata.system.sXMLLANG
15:25:46.682 [main] TRACE - Finished loading type system org.apache.xmlbeans.metadata.system.sXMLLANG
15:25:46.688 [main] TRACE - Reading unresolved handles for type system org.apache.xmlbeans.metadata.system.sXMLCONFIG
15:25:46.689 [main] TRACE - Finished loading type system org.apache.xmlbeans.metadata.system.sXMLCONFIG
15:25:46.692 [main] TRACE - Reading unresolved handles for type system org.apache.poi.schemas.ooxml.system.ooxml
15:25:46.788 [main] TRACE - Finished loading type system org.apache.poi.schemas.ooxml.system.ooxml
15:25:46.792 [main] TRACE - Resolving type for handle ctworkbook83c3type
15:25:46.859 [main] TRACE - Resolving type for handle ctworkbookpr03a5type
15:25:46.875 [main] TRACE - Resolving type for handle ctbookviewsb864type
15:25:46.879 [main] TRACE - Resolving type for handle ctbookviewf677type
15:25:46.889 [main] TRACE - Resolving type for handle ctsheets49fdtype
15:25:46.892 [main] TRACE - Resolving type for handle propertiesee84doctype
15:25:46.892 [main] TRACE - Resolving type for handle ctproperties3f10type
15:25:46.909 [main] TRACE - Resolving type for handle properties288cdoctype
15:25:46.911 [main] TRACE - Resolving type for handle ctproperties2c18type
15:25:46.919 [main] TRACE - Resolving type for handle sstf81fdoctype
15:25:46.922 [main] TRACE - Resolving type for handle ctsst44f3type
15:25:46.928 [main] TRACE - Resolving type for handle stylesheet5d8bdoctype
15:25:46.930 [main] TRACE - Resolving type for handle ctstylesheet4257type
15:25:46.936 [main] TRACE - Resolving type for handle ctfont14d8type
15:25:46.945 [main] TRACE - Resolving type for handle ctfontsizeb3b9type
15:25:46.945 [main] TRACE - Resolving type for handle ctcolord2c2type
15:25:46.956 [main] TRACE - Resolving type for handle ctfontname2dc3type
15:25:46.960 [main] TRACE - Resolving type for handle stxstringf179type
15:25:46.960 [main] TRACE - Resolving type for handle ctfontfamily685ctype
15:25:46.967 [main] TRACE - Resolving type for handle stfontfamily9c6ctype
15:25:46.967 [main] TRACE - Resolving type for handle ctfontschemebf5dtype
15:25:46.967 [main] TRACE - Resolving type for handle stfontschemef36dtype
15:25:46.977 [main] TRACE - Resolving type for handle ctfill550ctype
15:25:46.981 [main] TRACE - Resolving type for handle ctpatternfill7452type
15:25:46.983 [main] TRACE - Resolving type for handle stpatterntype7939type
15:25:46.991 [main] TRACE - Resolving type for handle ctborderf935type
15:25:46.993 [main] TRACE - Resolving type for handle ctborderpre497type
15:25:46.993 [main] TRACE - Resolving type for handle ctxf97f7type
15:25:46.993 [main] TRACE - Resolving type for handle stnumfmtid76fbtype
15:25:46.993 [main] TRACE - Resolving type for handle stfontid9d63type
15:25:47.009 [main] TRACE - Resolving type for handle stfillida097type
15:25:47.011 [main] TRACE - Resolving type for handle stborderid1a80type
15:25:47.013 [main] TRACE - Resolving type for handle stcellstylexfid70c7type
15:25:47.019 [main] TRACE - Resolving type for handle ctsheet4dbetype
15:25:47.026 [main] TRACE - Resolving type for handle ctworksheet530dtype
15:25:47.037 [main] TRACE - Resolving type for handle ctsheetformatprdef7type
15:25:47.042 [main] TRACE - Resolving type for handle ctsheetviewsb918type
15:25:47.051 [main] TRACE - Resolving type for handle ctsheetview0f43type
15:25:47.059 [main] TRACE - Resolving type for handle ctsheetdimensiond310type
15:25:47.059 [main] TRACE - Resolving type for handle stref90a2type
15:25:47.059 [main] TRACE - Resolving type for handle ctsheetdata8408type
15:25:47.066 [main] TRACE - Resolving type for handle ctpagemargins5455type
15:25:47.074 [main] TRACE - Resolving type for handle ctcols627ctype
15:25:47.076 [main] TRACE - Resolving type for handle strelationshipid1e94type
15:25:47.076 [main] TRACE - Resolving type for handle ctrowdd39type
15:25:47.082 [main] TRACE - Resolving type for handle ctcell842btype
15:25:47.100 [main] TRACE - Resolving type for handle stcellrefe4e0type
15:25:47.104 [main] TRACE - Resolving type for handle ctrsta472type
15:25:47.108 [main] TRACE - Resolving type for handle stcelltypebf95type
15:25:47.377 [main] DEBUG - Save core properties part
15:25:47.377 [main] DEBUG - Save content types part
15:25:47.525 [main] DEBUG - Save package relationships
15:25:47.527 [main] DEBUG - Save part 'docProps/core.xml'
15:25:47.544 [main] DEBUG - Save part 'xl/sharedStrings.xml'
15:25:47.544 [main] DEBUG - Save part 'xl/styles.xml'
15:25:47.560 [main] DEBUG - Save part 'xl/workbook.xml'
15:25:47.560 [main] DEBUG - Save part 'xl/worksheets/sheet1.xml'
15:32:51.172 [main] INFO  - Goto crm URL 
15:32:58.093 [main] TRACE - Loading type system org.apache.poi.schemas.ooxml.system.ooxml
15:32:58.099 [main] TRACE - Loading type system org.apache.xmlbeans.metadata.system.sXMLCONFIG
15:32:58.100 [main] TRACE - Loading type system org.apache.xmlbeans.metadata.system.sXMLLANG
15:32:58.103 [main] TRACE - Loading type system org.apache.xmlbeans.metadata.system.sXMLSCHEMA
15:32:58.103 [main] TRACE - Loading type system org.apache.xmlbeans.metadata.system.sXMLTOOLS
15:32:58.105 [main] TRACE - Reading unresolved handles for type system org.apache.xmlbeans.metadata.system.sXMLTOOLS
15:32:58.125 [main] TRACE - Finished loading type system org.apache.xmlbeans.metadata.system.sXMLTOOLS
15:32:58.130 [main] TRACE - Reading unresolved handles for type system org.apache.xmlbeans.metadata.system.sXMLSCHEMA
15:32:58.140 [main] TRACE - Finished loading type system org.apache.xmlbeans.metadata.system.sXMLSCHEMA
15:32:58.140 [main] TRACE - Reading unresolved handles for type system org.apache.xmlbeans.metadata.system.sXMLLANG
15:32:58.143 [main] TRACE - Finished loading type system org.apache.xmlbeans.metadata.system.sXMLLANG
15:32:58.145 [main] TRACE - Reading unresolved handles for type system org.apache.xmlbeans.metadata.system.sXMLCONFIG
15:32:58.145 [main] TRACE - Finished loading type system org.apache.xmlbeans.metadata.system.sXMLCONFIG
15:32:58.148 [main] TRACE - Reading unresolved handles for type system org.apache.poi.schemas.ooxml.system.ooxml
15:32:58.275 [main] TRACE - Finished loading type system org.apache.poi.schemas.ooxml.system.ooxml
15:32:58.285 [main] TRACE - Resolving type for handle ctworkbook83c3type
15:32:58.367 [main] TRACE - Resolving type for handle ctworkbookpr03a5type
15:32:58.385 [main] TRACE - Resolving type for handle ctbookviewsb864type
15:32:58.393 [main] TRACE - Resolving type for handle ctbookviewf677type
15:32:58.403 [main] TRACE - Resolving type for handle ctsheets49fdtype
15:32:58.405 [main] TRACE - Resolving type for handle propertiesee84doctype
15:32:58.410 [main] TRACE - Resolving type for handle ctproperties3f10type
15:32:58.433 [main] TRACE - Resolving type for handle properties288cdoctype
15:32:58.435 [main] TRACE - Resolving type for handle ctproperties2c18type
15:32:58.445 [main] TRACE - Resolving type for handle sstf81fdoctype
15:32:58.449 [main] TRACE - Resolving type for handle ctsst44f3type
15:32:58.455 [main] TRACE - Resolving type for handle stylesheet5d8bdoctype
15:32:58.460 [main] TRACE - Resolving type for handle ctstylesheet4257type
15:32:58.467 [main] TRACE - Resolving type for handle ctfont14d8type
15:32:58.477 [main] TRACE - Resolving type for handle ctfontsizeb3b9type
15:32:58.495 [main] TRACE - Resolving type for handle ctcolord2c2type
15:32:58.500 [main] TRACE - Resolving type for handle ctfontname2dc3type
15:32:58.503 [main] TRACE - Resolving type for handle stxstringf179type
15:32:58.505 [main] TRACE - Resolving type for handle ctfontfamily685ctype
15:32:58.510 [main] TRACE - Resolving type for handle stfontfamily9c6ctype
15:32:58.517 [main] TRACE - Resolving type for handle ctfontschemebf5dtype
15:32:58.517 [main] TRACE - Resolving type for handle stfontschemef36dtype
15:32:58.540 [main] TRACE - Resolving type for handle ctfill550ctype
15:32:58.552 [main] TRACE - Resolving type for handle ctpatternfill7452type
15:32:58.559 [main] TRACE - Resolving type for handle stpatterntype7939type
15:32:58.566 [main] TRACE - Resolving type for handle ctborderf935type
15:32:58.568 [main] TRACE - Resolving type for handle ctborderpre497type
15:32:58.576 [main] TRACE - Resolving type for handle ctxf97f7type
15:32:58.586 [main] TRACE - Resolving type for handle stnumfmtid76fbtype
15:32:58.586 [main] TRACE - Resolving type for handle stfontid9d63type
15:32:58.586 [main] TRACE - Resolving type for handle stfillida097type
15:32:58.586 [main] TRACE - Resolving type for handle stborderid1a80type
15:32:58.586 [main] TRACE - Resolving type for handle stcellstylexfid70c7type
15:32:58.605 [main] TRACE - Resolving type for handle ctsheet4dbetype
15:32:58.615 [main] TRACE - Resolving type for handle ctworksheet530dtype
15:32:58.625 [main] TRACE - Resolving type for handle ctsheetformatprdef7type
15:32:58.643 [main] TRACE - Resolving type for handle ctsheetviewsb918type
15:32:58.649 [main] TRACE - Resolving type for handle ctsheetview0f43type
15:32:58.660 [main] TRACE - Resolving type for handle ctsheetdimensiond310type
15:32:58.665 [main] TRACE - Resolving type for handle stref90a2type
15:32:58.667 [main] TRACE - Resolving type for handle ctsheetdata8408type
15:32:58.671 [main] TRACE - Resolving type for handle ctpagemargins5455type
15:32:58.680 [main] TRACE - Resolving type for handle ctcols627ctype
15:32:58.685 [main] TRACE - Resolving type for handle strelationshipid1e94type
15:32:58.690 [main] TRACE - Resolving type for handle ctrowdd39type
15:32:58.705 [main] TRACE - Resolving type for handle ctcell842btype
15:32:58.717 [main] TRACE - Resolving type for handle stcellrefe4e0type
15:32:58.727 [main] TRACE - Resolving type for handle ctrsta472type
15:32:58.735 [main] TRACE - Resolving type for handle stcelltypebf95type
15:32:59.035 [main] DEBUG - Save core properties part
15:32:59.035 [main] DEBUG - Save content types part
15:32:59.225 [main] DEBUG - Save package relationships
15:32:59.245 [main] DEBUG - Save part 'docProps/core.xml'
15:32:59.273 [main] DEBUG - Save part 'xl/sharedStrings.xml'
15:32:59.273 [main] DEBUG - Save part 'xl/styles.xml'
15:32:59.285 [main] DEBUG - Save part 'xl/workbook.xml'
15:32:59.297 [main] DEBUG - Save part 'xl/worksheets/sheet1.xml'
10:12:28.907 [main] INFO  - Goto crm URL 
10:12:36.506 [main] TRACE - Loading type system org.apache.poi.schemas.ooxml.system.ooxml
10:12:36.529 [main] TRACE - Loading type system org.apache.xmlbeans.metadata.system.sXMLCONFIG
10:12:36.537 [main] TRACE - Loading type system org.apache.xmlbeans.metadata.system.sXMLLANG
10:12:36.538 [main] TRACE - Loading type system org.apache.xmlbeans.metadata.system.sXMLSCHEMA
10:12:36.538 [main] TRACE - Loading type system org.apache.xmlbeans.metadata.system.sXMLTOOLS
10:12:36.546 [main] TRACE - Reading unresolved handles for type system org.apache.xmlbeans.metadata.system.sXMLTOOLS
10:12:36.585 [main] TRACE - Finished loading type system org.apache.xmlbeans.metadata.system.sXMLTOOLS
10:12:36.587 [main] TRACE - Reading unresolved handles for type system org.apache.xmlbeans.metadata.system.sXMLSCHEMA
