09:54:39.318 [main] TRACE - Resolving type for handle stxstringf179type
09:54:39.331 [main] TRACE - Resolving type for handle ctfontfamily685ctype
09:54:39.334 [main] TRACE - Resolving type for handle stfontfamily9c6ctype
09:54:39.339 [main] TRACE - Resolving type for handle ctfontschemebf5dtype
09:54:39.341 [main] TRACE - Resolving type for handle stfontschemef36dtype
09:54:39.348 [main] TRACE - Resolving type for handle ctfill550ctype
09:54:39.348 [main] TRACE - Resolving type for handle ctpatternfill7452type
09:54:39.356 [main] TRACE - Resolving type for handle stpatterntype7939type
09:54:39.356 [main] TRACE - Resolving type for handle ctborderf935type
09:54:39.364 [main] TRACE - Resolving type for handle ctborderpre497type
09:54:39.373 [main] TRACE - Resolving type for handle ctxf97f7type
09:54:39.373 [main] TRACE - Resolving type for handle stnumfmtid76fbtype
09:54:39.381 [main] TRACE - Resolving type for handle stfontid9d63type
09:54:39.381 [main] TRACE - Resolving type for handle stfillida097type
09:54:39.381 [main] TRACE - Resolving type for handle stborderid1a80type
09:54:39.389 [main] TRACE - Resolving type for handle stcellstylexfid70c7type
09:54:39.389 [main] TRACE - Resolving type for handle ctsheet4dbetype
09:54:39.397 [main] TRACE - Resolving type for handle ctworksheet530dtype
09:54:39.405 [main] TRACE - Resolving type for handle ctsheetformatprdef7type
09:54:39.414 [main] TRACE - Resolving type for handle ctsheetviewsb918type
09:54:39.422 [main] TRACE - Resolving type for handle ctsheetview0f43type
09:54:39.434 [main] TRACE - Resolving type for handle ctsheetdimensiond310type
09:54:39.436 [main] TRACE - Resolving type for handle stref90a2type
09:54:39.438 [main] TRACE - Resolving type for handle ctsheetdata8408type
09:54:39.441 [main] TRACE - Resolving type for handle ctpagemargins5455type
09:54:39.446 [main] TRACE - Resolving type for handle ctcols627ctype
09:54:39.446 [main] TRACE - Resolving type for handle strelationshipid1e94type
09:54:39.455 [main] TRACE - Resolving type for handle ctrowdd39type
09:54:39.463 [main] TRACE - Resolving type for handle ctcell842btype
09:54:39.475 [main] TRACE - Resolving type for handle stcellrefe4e0type
09:54:39.480 [main] TRACE - Resolving type for handle ctrsta472type
09:54:39.480 [main] TRACE - Resolving type for handle stcelltypebf95type
09:54:39.786 [main] DEBUG - Save core properties part
09:54:39.792 [main] DEBUG - Save content types part
09:54:39.958 [main] DEBUG - Save package relationships
09:54:39.958 [main] DEBUG - Save part 'docProps/core.xml'
09:54:39.975 [main] DEBUG - Save part 'xl/sharedStrings.xml'
09:54:39.975 [main] DEBUG - Save part 'xl/styles.xml'
09:54:39.991 [main] DEBUG - Save part 'xl/workbook.xml'
09:54:39.992 [main] DEBUG - Save part 'xl/worksheets/sheet1.xml'
10:01:07.160 [main] INFO  - Goto crm URL 
10:01:14.044 [main] TRACE - Loading type system org.apache.poi.schemas.ooxml.system.ooxml
10:01:14.051 [main] TRACE - Loading type system org.apache.xmlbeans.metadata.system.sXMLCONFIG
10:01:14.054 [main] TRACE - Loading type system org.apache.xmlbeans.metadata.system.sXMLLANG
10:01:14.054 [main] TRACE - Loading type system org.apache.xmlbeans.metadata.system.sXMLSCHEMA
10:01:14.054 [main] TRACE - Loading type system org.apache.xmlbeans.metadata.system.sXMLTOOLS
10:01:14.054 [main] TRACE - Reading unresolved handles for type system org.apache.xmlbeans.metadata.system.sXMLTOOLS
10:01:14.079 [main] TRACE - Finished loading type system org.apache.xmlbeans.metadata.system.sXMLTOOLS
10:01:14.080 [main] TRACE - Reading unresolved handles for type system org.apache.xmlbeans.metadata.system.sXMLSCHEMA
10:01:14.090 [main] TRACE - Finished loading type system org.apache.xmlbeans.metadata.system.sXMLSCHEMA
10:01:14.090 [main] TRACE - Reading unresolved handles for type system org.apache.xmlbeans.metadata.system.sXMLLANG
10:01:14.090 [main] TRACE - Finished loading type system org.apache.xmlbeans.metadata.system.sXMLLANG
10:01:14.095 [main] TRACE - Reading unresolved handles for type system org.apache.xmlbeans.metadata.system.sXMLCONFIG
10:01:14.095 [main] TRACE - Finished loading type system org.apache.xmlbeans.metadata.system.sXMLCONFIG
10:01:14.095 [main] TRACE - Reading unresolved handles for type system org.apache.poi.schemas.ooxml.system.ooxml
10:01:14.203 [main] TRACE - Finished loading type system org.apache.poi.schemas.ooxml.system.ooxml
10:01:14.203 [main] TRACE - Resolving type for handle ctworkbook83c3type
10:01:14.269 [main] TRACE - Resolving type for handle ctworkbookpr03a5type
10:01:14.287 [main] TRACE - Resolving type for handle ctbookviewsb864type
10:01:14.290 [main] TRACE - Resolving type for handle ctbookviewf677type
10:01:14.302 [main] TRACE - Resolving type for handle ctsheets49fdtype
10:01:14.308 [main] TRACE - Resolving type for handle propertiesee84doctype
10:01:14.310 [main] TRACE - Resolving type for handle ctproperties3f10type
10:01:14.321 [main] TRACE - Resolving type for handle properties288cdoctype
10:01:14.321 [main] TRACE - Resolving type for handle ctproperties2c18type
10:01:14.335 [main] TRACE - Resolving type for handle sstf81fdoctype
10:01:14.339 [main] TRACE - Resolving type for handle ctsst44f3type
10:01:14.345 [main] TRACE - Resolving type for handle stylesheet5d8bdoctype
10:01:14.347 [main] TRACE - Resolving type for handle ctstylesheet4257type
10:01:14.354 [main] TRACE - Resolving type for handle ctfont14d8type
10:01:14.367 [main] TRACE - Resolving type for handle ctfontsizeb3b9type
10:01:14.367 [main] TRACE - Resolving type for handle ctcolord2c2type
10:01:14.376 [main] TRACE - Resolving type for handle ctfontname2dc3type
10:01:14.384 [main] TRACE - Resolving type for handle stxstringf179type
10:01:14.386 [main] TRACE - Resolving type for handle ctfontfamily685ctype
10:01:14.386 [main] TRACE - Resolving type for handle stfontfamily9c6ctype
10:01:14.392 [main] TRACE - Resolving type for handle ctfontschemebf5dtype
10:01:14.392 [main] TRACE - Resolving type for handle stfontschemef36dtype
10:01:14.400 [main] TRACE - Resolving type for handle ctfill550ctype
10:01:14.400 [main] TRACE - Resolving type for handle ctpatternfill7452type
10:01:14.409 [main] TRACE - Resolving type for handle stpatterntype7939type
10:01:14.409 [main] TRACE - Resolving type for handle ctborderf935type
10:01:14.418 [main] TRACE - Resolving type for handle ctborderpre497type
10:01:14.426 [main] TRACE - Resolving type for handle ctxf97f7type
10:01:14.434 [main] TRACE - Resolving type for handle stnumfmtid76fbtype
10:01:14.434 [main] TRACE - Resolving type for handle stfontid9d63type
10:01:14.434 [main] TRACE - Resolving type for handle stfillida097type
10:01:14.434 [main] TRACE - Resolving type for handle stborderid1a80type
10:01:14.442 [main] TRACE - Resolving type for handle stcellstylexfid70c7type
10:01:14.450 [main] TRACE - Resolving type for handle ctsheet4dbetype
10:01:14.459 [main] TRACE - Resolving type for handle ctworksheet530dtype
10:01:14.467 [main] TRACE - Resolving type for handle ctsheetformatprdef7type
10:01:14.475 [main] TRACE - Resolving type for handle ctsheetviewsb918type
10:01:14.475 [main] TRACE - Resolving type for handle ctsheetview0f43type
10:01:14.484 [main] TRACE - Resolving type for handle ctsheetdimensiond310type
10:01:14.492 [main] TRACE - Resolving type for handle stref90a2type
10:01:14.492 [main] TRACE - Resolving type for handle ctsheetdata8408type
10:01:14.492 [main] TRACE - Resolving type for handle ctpagemargins5455type
10:01:14.507 [main] TRACE - Resolving type for handle ctcols627ctype
10:01:14.508 [main] TRACE - Resolving type for handle strelationshipid1e94type
10:01:14.508 [main] TRACE - Resolving type for handle ctrowdd39type
10:01:14.524 [main] TRACE - Resolving type for handle ctcell842btype
10:01:14.533 [main] TRACE - Resolving type for handle stcellrefe4e0type
10:01:14.542 [main] TRACE - Resolving type for handle ctrsta472type
10:01:14.542 [main] TRACE - Resolving type for handle stcelltypebf95type
10:01:14.886 [main] DEBUG - Save core properties part
10:01:14.886 [main] DEBUG - Save content types part
10:01:15.060 [main] DEBUG - Save package relationships
10:01:15.072 [main] DEBUG - Save part 'docProps/core.xml'
10:01:15.096 [main] DEBUG - Save part 'xl/sharedStrings.xml'
10:01:15.096 [main] DEBUG - Save part 'xl/styles.xml'
10:01:15.111 [main] DEBUG - Save part 'xl/workbook.xml'
10:01:15.118 [main] DEBUG - Save part 'xl/worksheets/sheet1.xml'
10:07:33.770 [main] INFO  - Goto crm URL 
10:07:40.477 [main] TRACE - Loading type system org.apache.poi.schemas.ooxml.system.ooxml
10:07:40.484 [main] TRACE - Loading type system org.apache.xmlbeans.metadata.system.sXMLCONFIG
10:07:40.484 [main] TRACE - Loading type system org.apache.xmlbeans.metadata.system.sXMLLANG
10:07:40.484 [main] TRACE - Loading type system org.apache.xmlbeans.metadata.system.sXMLSCHEMA
10:07:40.484 [main] TRACE - Loading type system org.apache.xmlbeans.metadata.system.sXMLTOOLS
10:07:40.493 [main] TRACE - Reading unresolved handles for type system org.apache.xmlbeans.metadata.system.sXMLTOOLS
10:07:40.518 [main] TRACE - Finished loading type system org.apache.xmlbeans.metadata.system.sXMLTOOLS
10:07:40.518 [main] TRACE - Reading unresolved handles for type system org.apache.xmlbeans.metadata.system.sXMLSCHEMA
10:07:40.530 [main] TRACE - Finished loading type system org.apache.xmlbeans.metadata.system.sXMLSCHEMA
10:07:40.534 [main] TRACE - Reading unresolved handles for type system org.apache.xmlbeans.metadata.system.sXMLLANG
10:07:40.536 [main] TRACE - Finished loading type system org.apache.xmlbeans.metadata.system.sXMLLANG
10:07:40.536 [main] TRACE - Reading unresolved handles for type system org.apache.xmlbeans.metadata.system.sXMLCONFIG
10:07:40.539 [main] TRACE - Finished loading type system org.apache.xmlbeans.metadata.system.sXMLCONFIG
10:07:40.541 [main] TRACE - Reading unresolved handles for type system org.apache.poi.schemas.ooxml.system.ooxml
10:07:40.643 [main] TRACE - Finished loading type system org.apache.poi.schemas.ooxml.system.ooxml
10:07:40.647 [main] TRACE - Resolving type for handle ctworkbook83c3type
10:07:40.700 [main] TRACE - Resolving type for handle ctworkbookpr03a5type
10:07:40.724 [main] TRACE - Resolving type for handle ctbookviewsb864type
10:07:40.726 [main] TRACE - Resolving type for handle ctbookviewf677type
10:07:40.733 [main] TRACE - Resolving type for handle ctsheets49fdtype
10:07:40.740 [main] TRACE - Resolving type for handle propertiesee84doctype
10:07:40.740 [main] TRACE - Resolving type for handle ctproperties3f10type
10:07:40.752 [main] TRACE - Resolving type for handle properties288cdoctype
10:07:40.754 [main] TRACE - Resolving type for handle ctproperties2c18type
10:07:40.764 [main] TRACE - Resolving type for handle sstf81fdoctype
10:07:40.767 [main] TRACE - Resolving type for handle ctsst44f3type
10:07:40.771 [main] TRACE - Resolving type for handle stylesheet5d8bdoctype
10:07:40.771 [main] TRACE - Resolving type for handle ctstylesheet4257type
10:07:40.782 [main] TRACE - Resolving type for handle ctfont14d8type
10:07:40.784 [main] TRACE - Resolving type for handle ctfontsizeb3b9type
10:07:40.800 [main] TRACE - Resolving type for handle ctcolord2c2type
10:07:40.804 [main] TRACE - Resolving type for handle ctfontname2dc3type
10:07:40.804 [main] TRACE - Resolving type for handle stxstringf179type
10:07:40.804 [main] TRACE - Resolving type for handle ctfontfamily685ctype
10:07:40.812 [main] TRACE - Resolving type for handle stfontfamily9c6ctype
10:07:40.816 [main] TRACE - Resolving type for handle ctfontschemebf5dtype
10:07:40.816 [main] TRACE - Resolving type for handle stfontschemef36dtype
10:07:40.816 [main] TRACE - Resolving type for handle ctfill550ctype
10:07:40.816 [main] TRACE - Resolving type for handle ctpatternfill7452type
10:07:40.832 [main] TRACE - Resolving type for handle stpatterntype7939type
10:07:40.836 [main] TRACE - Resolving type for handle ctborderf935type
10:07:40.836 [main] TRACE - Resolving type for handle ctborderpre497type
10:07:40.845 [main] TRACE - Resolving type for handle ctxf97f7type
10:07:40.850 [main] TRACE - Resolving type for handle stnumfmtid76fbtype
10:07:40.853 [main] TRACE - Resolving type for handle stfontid9d63type
10:07:40.853 [main] TRACE - Resolving type for handle stfillida097type
10:07:40.853 [main] TRACE - Resolving type for handle stborderid1a80type
10:07:40.853 [main] TRACE - Resolving type for handle stcellstylexfid70c7type
10:07:40.866 [main] TRACE - Resolving type for handle ctsheet4dbetype
10:07:40.869 [main] TRACE - Resolving type for handle ctworksheet530dtype
10:07:40.877 [main] TRACE - Resolving type for handle ctsheetformatprdef7type
10:07:40.889 [main] TRACE - Resolving type for handle ctsheetviewsb918type
10:07:40.893 [main] TRACE - Resolving type for handle ctsheetview0f43type
10:07:40.901 [main] TRACE - Resolving type for handle ctsheetdimensiond310type
10:07:40.901 [main] TRACE - Resolving type for handle stref90a2type
10:07:40.901 [main] TRACE - Resolving type for handle ctsheetdata8408type
10:07:40.901 [main] TRACE - Resolving type for handle ctpagemargins5455type
10:07:40.909 [main] TRACE - Resolving type for handle ctcols627ctype
10:07:40.917 [main] TRACE - Resolving type for handle strelationshipid1e94type
10:07:40.917 [main] TRACE - Resolving type for handle ctrowdd39type
10:07:40.917 [main] TRACE - Resolving type for handle ctcell842btype
10:07:40.933 [main] TRACE - Resolving type for handle stcellrefe4e0type
10:07:40.933 [main] TRACE - Resolving type for handle ctrsta472type
10:07:40.950 [main] TRACE - Resolving type for handle stcelltypebf95type
10:07:41.224 [main] DEBUG - Save core properties part
10:07:41.224 [main] DEBUG - Save content types part
10:07:41.374 [main] DEBUG - Save package relationships
10:07:41.382 [main] DEBUG - Save part 'docProps/core.xml'
10:07:41.394 [main] DEBUG - Save part 'xl/sharedStrings.xml'
10:07:41.395 [main] DEBUG - Save part 'xl/styles.xml'
10:07:41.400 [main] DEBUG - Save part 'xl/workbook.xml'
10:07:41.400 [main] DEBUG - Save part 'xl/worksheets/sheet1.xml'
10:10:56.824 [main] INFO  - Goto crm URL 
10:11:03.310 [main] TRACE - Loading type system org.apache.poi.schemas.ooxml.system.ooxml
10:11:03.315 [main] TRACE - Loading type system org.apache.xmlbeans.metadata.system.sXMLCONFIG
10:11:03.316 [main] TRACE - Loading type system org.apache.xmlbeans.metadata.system.sXMLLANG
10:11:03.317 [main] TRACE - Loading type system org.apache.xmlbeans.metadata.system.sXMLSCHEMA
10:11:03.317 [main] TRACE - Loading type system org.apache.xmlbeans.metadata.system.sXMLTOOLS
10:11:03.318 [main] TRACE - Reading unresolved handles for type system org.apache.xmlbeans.metadata.system.sXMLTOOLS
10:11:03.333 [main] TRACE - Finished loading type system org.apache.xmlbeans.metadata.system.sXMLTOOLS
10:11:03.334 [main] TRACE - Reading unresolved handles for type system org.apache.xmlbeans.metadata.system.sXMLSCHEMA
10:11:03.338 [main] TRACE - Finished loading type system org.apache.xmlbeans.metadata.system.sXMLSCHEMA
10:11:03.340 [main] TRACE - Reading unresolved handles for type system org.apache.xmlbeans.metadata.system.sXMLLANG
10:11:03.341 [main] TRACE - Finished loading type system org.apache.xmlbeans.metadata.system.sXMLLANG
10:11:03.342 [main] TRACE - Reading unresolved handles for type system org.apache.xmlbeans.metadata.system.sXMLCONFIG
10:11:03.343 [main] TRACE - Finished loading type system org.apache.xmlbeans.metadata.system.sXMLCONFIG
10:11:03.344 [main] TRACE - Reading unresolved handles for type system org.apache.poi.schemas.ooxml.system.ooxml
10:11:03.401 [main] TRACE - Finished loading type system org.apache.poi.schemas.ooxml.system.ooxml
10:11:03.402 [main] TRACE - Resolving type for handle ctworkbook83c3type
10:11:03.431 [main] TRACE - Resolving type for handle ctworkbookpr03a5type
10:11:03.437 [main] TRACE - Resolving type for handle ctbookviewsb864type
10:11:03.438 [main] TRACE - Resolving type for handle ctbookviewf677type
10:11:03.443 [main] TRACE - Resolving type for handle ctsheets49fdtype
10:11:03.445 [main] TRACE - Resolving type for handle propertiesee84doctype
10:11:03.447 [main] TRACE - Resolving type for handle ctproperties3f10type
10:11:03.451 [main] TRACE - Resolving type for handle properties288cdoctype
10:11:03.452 [main] TRACE - Resolving type for handle ctproperties2c18type
10:11:03.455 [main] TRACE - Resolving type for handle sstf81fdoctype
10:11:03.456 [main] TRACE - Resolving type for handle ctsst44f3type
10:11:03.458 [main] TRACE - Resolving type for handle stylesheet5d8bdoctype
10:11:03.459 [main] TRACE - Resolving type for handle ctstylesheet4257type
10:11:03.461 [main] TRACE - Resolving type for handle ctfont14d8type
10:11:03.465 [main] TRACE - Resolving type for handle ctfontsizeb3b9type
10:11:03.467 [main] TRACE - Resolving type for handle ctcolord2c2type
10:11:03.468 [main] TRACE - Resolving type for handle ctfontname2dc3type
10:11:03.470 [main] TRACE - Resolving type for handle stxstringf179type
10:11:03.472 [main] TRACE - Resolving type for handle ctfontfamily685ctype
10:11:03.472 [main] TRACE - Resolving type for handle stfontfamily9c6ctype
10:11:03.474 [main] TRACE - Resolving type for handle ctfontschemebf5dtype
10:11:03.476 [main] TRACE - Resolving type for handle stfontschemef36dtype
10:11:03.478 [main] TRACE - Resolving type for handle ctfill550ctype
10:11:03.479 [main] TRACE - Resolving type for handle ctpatternfill7452type
10:11:03.482 [main] TRACE - Resolving type for handle stpatterntype7939type
10:11:03.484 [main] TRACE - Resolving type for handle ctborderf935type
10:11:03.485 [main] TRACE - Resolving type for handle ctborderpre497type
10:11:03.488 [main] TRACE - Resolving type for handle ctxf97f7type
10:11:03.490 [main] TRACE - Resolving type for handle stnumfmtid76fbtype
10:11:03.491 [main] TRACE - Resolving type for handle stfontid9d63type
10:11:03.492 [main] TRACE - Resolving type for handle stfillida097type
10:11:03.492 [main] TRACE - Resolving type for handle stborderid1a80type
10:11:03.493 [main] TRACE - Resolving type for handle stcellstylexfid70c7type
10:11:03.496 [main] TRACE - Resolving type for handle ctsheet4dbetype
10:11:03.499 [main] TRACE - Resolving type for handle ctworksheet530dtype
10:11:03.502 [main] TRACE - Resolving type for handle ctsheetformatprdef7type
10:11:03.506 [main] TRACE - Resolving type for handle ctsheetviewsb918type
10:11:03.507 [main] TRACE - Resolving type for handle ctsheetview0f43type
10:11:03.511 [main] TRACE - Resolving type for handle ctsheetdimensiond310type
10:11:03.513 [main] TRACE - Resolving type for handle stref90a2type
10:11:03.514 [main] TRACE - Resolving type for handle ctsheetdata8408type
10:11:03.515 [main] TRACE - Resolving type for handle ctpagemargins5455type
10:11:03.520 [main] TRACE - Resolving type for handle ctcols627ctype
10:11:03.522 [main] TRACE - Resolving type for handle strelationshipid1e94type
10:11:03.523 [main] TRACE - Resolving type for handle ctrowdd39type
10:11:03.527 [main] TRACE - Resolving type for handle ctcell842btype
10:11:03.532 [main] TRACE - Resolving type for handle stcellrefe4e0type
10:11:03.534 [main] TRACE - Resolving type for handle ctrsta472type
10:11:03.536 [main] TRACE - Resolving type for handle stcelltypebf95type
10:11:03.823 [main] DEBUG - Save core properties part
10:11:03.823 [main] DEBUG - Save content types part
10:11:03.936 [main] DEBUG - Save package relationships
10:11:03.939 [main] DEBUG - Save part 'docProps/core.xml'
10:11:03.950 [main] DEBUG - Save part 'xl/sharedStrings.xml'
10:11:03.950 [main] DEBUG - Save part 'xl/styles.xml'
10:11:03.960 [main] DEBUG - Save part 'xl/workbook.xml'
10:11:03.963 [main] DEBUG - Save part 'xl/worksheets/sheet1.xml'
10:14:23.596 [main] INFO  - Goto crm URL 
10:14:30.310 [main] TRACE - Loading type system org.apache.poi.schemas.ooxml.system.ooxml
10:14:30.318 [main] TRACE - Loading type system org.apache.xmlbeans.metadata.system.sXMLCONFIG
10:14:30.318 [main] TRACE - Loading type system org.apache.xmlbeans.metadata.system.sXMLLANG
10:14:30.324 [main] TRACE - Loading type system org.apache.xmlbeans.metadata.system.sXMLSCHEMA
10:14:30.324 [main] TRACE - Loading type system org.apache.xmlbeans.metadata.system.sXMLTOOLS
10:14:30.326 [main] TRACE - Reading unresolved handles for type system org.apache.xmlbeans.metadata.system.sXMLTOOLS
10:14:30.349 [main] TRACE - Finished loading type system org.apache.xmlbeans.metadata.system.sXMLTOOLS
10:14:30.351 [main] TRACE - Reading unresolved handles for type system org.apache.xmlbeans.metadata.system.sXMLSCHEMA
10:14:30.359 [main] TRACE - Finished loading type system org.apache.xmlbeans.metadata.system.sXMLSCHEMA
10:14:30.359 [main] TRACE - Reading unresolved handles for type system org.apache.xmlbeans.metadata.system.sXMLLANG
10:14:30.359 [main] TRACE - Finished loading type system org.apache.xmlbeans.metadata.system.sXMLLANG
10:14:30.359 [main] TRACE - Reading unresolved handles for type system org.apache.xmlbeans.metadata.system.sXMLCONFIG
10:14:30.368 [main] TRACE - Finished loading type system org.apache.xmlbeans.metadata.system.sXMLCONFIG
10:14:30.368 [main] TRACE - Reading unresolved handles for type system org.apache.poi.schemas.ooxml.system.ooxml
10:14:30.458 [main] TRACE - Finished loading type system org.apache.poi.schemas.ooxml.system.ooxml
10:14:30.466 [main] TRACE - Resolving type for handle ctworkbook83c3type
10:14:30.544 [main] TRACE - Resolving type for handle ctworkbookpr03a5type
10:14:30.557 [main] TRACE - Resolving type for handle ctbookviewsb864type
10:14:30.557 [main] TRACE - Resolving type for handle ctbookviewf677type
10:14:30.565 [main] TRACE - Resolving type for handle ctsheets49fdtype
10:14:30.573 [main] TRACE - Resolving type for handle propertiesee84doctype
10:14:30.577 [main] TRACE - Resolving type for handle ctproperties3f10type
10:14:30.581 [main] TRACE - Resolving type for handle properties288cdoctype
10:14:30.590 [main] TRACE - Resolving type for handle ctproperties2c18type
10:14:30.598 [main] TRACE - Resolving type for handle sstf81fdoctype
10:14:30.600 [main] TRACE - Resolving type for handle ctsst44f3type
10:14:30.605 [main] TRACE - Resolving type for handle stylesheet5d8bdoctype
10:14:30.608 [main] TRACE - Resolving type for handle ctstylesheet4257type
10:14:30.613 [main] TRACE - Resolving type for handle ctfont14d8type
10:14:30.621 [main] TRACE - Resolving type for handle ctfontsizeb3b9type
10:14:30.621 [main] TRACE - Resolving type for handle ctcolord2c2type
10:14:30.629 [main] TRACE - Resolving type for handle ctfontname2dc3type
10:14:30.630 [main] TRACE - Resolving type for handle stxstringf179type
10:14:30.634 [main] TRACE - Resolving type for handle ctfontfamily685ctype
10:14:30.638 [main] TRACE - Resolving type for handle stfontfamily9c6ctype
10:14:30.640 [main] TRACE - Resolving type for handle ctfontschemebf5dtype
10:14:30.646 [main] TRACE - Resolving type for handle stfontschemef36dtype
10:14:30.653 [main] TRACE - Resolving type for handle ctfill550ctype
10:14:30.654 [main] TRACE - Resolving type for handle ctpatternfill7452type
10:14:30.654 [main] TRACE - Resolving type for handle stpatterntype7939type
10:14:30.662 [main] TRACE - Resolving type for handle ctborderf935type
10:14:30.662 [main] TRACE - Resolving type for handle ctborderpre497type
10:14:30.673 [main] TRACE - Resolving type for handle ctxf97f7type
10:14:30.679 [main] TRACE - Resolving type for handle stnumfmtid76fbtype
10:14:30.679 [main] TRACE - Resolving type for handle stfontid9d63type
10:14:30.683 [main] TRACE - Resolving type for handle stfillida097type
10:14:30.683 [main] TRACE - Resolving type for handle stborderid1a80type
10:14:30.687 [main] TRACE - Resolving type for handle stcellstylexfid70c7type
10:14:30.696 [main] TRACE - Resolving type for handle ctsheet4dbetype
10:14:30.704 [main] TRACE - Resolving type for handle ctworksheet530dtype
10:14:30.712 [main] TRACE - Resolving type for handle ctsheetformatprdef7type
10:14:30.726 [main] TRACE - Resolving type for handle ctsheetviewsb918type
10:14:30.731 [main] TRACE - Resolving type for handle ctsheetview0f43type
10:14:30.741 [main] TRACE - Resolving type for handle ctsheetdimensiond310type
10:14:30.744 [main] TRACE - Resolving type for handle stref90a2type
10:14:30.746 [main] TRACE - Resolving type for handle ctsheetdata8408type
10:14:30.749 [main] TRACE - Resolving type for handle ctpagemargins5455type
10:14:30.755 [main] TRACE - Resolving type for handle ctcols627ctype
10:14:30.761 [main] TRACE - Resolving type for handle strelationshipid1e94type
10:14:30.761 [main] TRACE - Resolving type for handle ctrowdd39type
10:14:30.771 [main] TRACE - Resolving type for handle ctcell842btype
10:14:30.785 [main] TRACE - Resolving type for handle stcellrefe4e0type
10:14:30.793 [main] TRACE - Resolving type for handle ctrsta472type
10:14:30.793 [main] TRACE - Resolving type for handle stcelltypebf95type
10:14:31.088 [main] DEBUG - Save core properties part
10:14:31.088 [main] DEBUG - Save content types part
10:14:31.250 [main] DEBUG - Save package relationships
10:14:31.259 [main] DEBUG - Save part 'docProps/core.xml'
10:14:31.278 [main] DEBUG - Save part 'xl/sharedStrings.xml'
10:14:31.278 [main] DEBUG - Save part 'xl/styles.xml'
10:14:31.295 [main] DEBUG - Save part 'xl/workbook.xml'
10:14:31.295 [main] DEBUG - Save part 'xl/worksheets/sheet1.xml'
10:17:17.084 [main] INFO  - Goto crm URL 
10:17:23.658 [main] TRACE - Loading type system org.apache.poi.schemas.ooxml.system.ooxml
10:17:23.662 [main] TRACE - Loading type system org.apache.xmlbeans.metadata.system.sXMLCONFIG
10:17:23.666 [main] TRACE - Loading type system org.apache.xmlbeans.metadata.system.sXMLLANG
10:17:23.666 [main] TRACE - Loading type system org.apache.xmlbeans.metadata.system.sXMLSCHEMA
10:17:23.666 [main] TRACE - Loading type system org.apache.xmlbeans.metadata.system.sXMLTOOLS
10:17:23.666 [main] TRACE - Reading unresolved handles for type system org.apache.xmlbeans.metadata.system.sXMLTOOLS
10:17:23.688 [main] TRACE - Finished loading type system org.apache.xmlbeans.metadata.system.sXMLTOOLS
10:17:23.692 [main] TRACE - Reading unresolved handles for type system org.apache.xmlbeans.metadata.system.sXMLSCHEMA
10:17:23.700 [main] TRACE - Finished loading type system org.apache.xmlbeans.metadata.system.sXMLSCHEMA
10:17:23.700 [main] TRACE - Reading unresolved handles for type system org.apache.xmlbeans.metadata.system.sXMLLANG
10:17:23.704 [main] TRACE - Finished loading type system org.apache.xmlbeans.metadata.system.sXMLLANG
10:17:23.704 [main] TRACE - Reading unresolved handles for type system org.apache.xmlbeans.metadata.system.sXMLCONFIG
10:17:23.704 [main] TRACE - Finished loading type system org.apache.xmlbeans.metadata.system.sXMLCONFIG
10:17:23.704 [main] TRACE - Reading unresolved handles for type system org.apache.poi.schemas.ooxml.system.ooxml
10:17:23.798 [main] TRACE - Finished loading type system org.apache.poi.schemas.ooxml.system.ooxml
10:17:23.799 [main] TRACE - Resolving type for handle ctworkbook83c3type
10:17:23.861 [main] TRACE - Resolving type for handle ctworkbookpr03a5type
10:17:23.877 [main] TRACE - Resolving type for handle ctbookviewsb864type
10:17:23.879 [main] TRACE - Resolving type for handle ctbookviewf677type
10:17:23.885 [main] TRACE - Resolving type for handle ctsheets49fdtype
10:17:23.897 [main] TRACE - Resolving type for handle propertiesee84doctype
10:17:23.900 [main] TRACE - Resolving type for handle ctproperties3f10type
10:17:23.909 [main] TRACE - Resolving type for handle properties288cdoctype
10:17:23.909 [main] TRACE - Resolving type for handle ctproperties2c18type
10:17:23.916 [main] TRACE - Resolving type for handle sstf81fdoctype
10:17:23.916 [main] TRACE - Resolving type for handle ctsst44f3type
10:17:23.925 [main] TRACE - Resolving type for handle stylesheet5d8bdoctype
10:17:23.932 [main] TRACE - Resolving type for handle ctstylesheet4257type
10:17:23.932 [main] TRACE - Resolving type for handle ctfont14d8type
10:17:23.952 [main] TRACE - Resolving type for handle ctfontsizeb3b9type
10:17:23.957 [main] TRACE - Resolving type for handle ctcolord2c2type
10:17:23.959 [main] TRACE - Resolving type for handle ctfontname2dc3type
10:17:23.966 [main] TRACE - Resolving type for handle stxstringf179type
10:17:23.971 [main] TRACE - Resolving type for handle ctfontfamily685ctype
10:17:23.973 [main] TRACE - Resolving type for handle stfontfamily9c6ctype
10:17:23.979 [main] TRACE - Resolving type for handle ctfontschemebf5dtype
10:17:23.984 [main] TRACE - Resolving type for handle stfontschemef36dtype
10:17:23.989 [main] TRACE - Resolving type for handle ctfill550ctype
10:17:23.990 [main] TRACE - Resolving type for handle ctpatternfill7452type
10:17:23.997 [main] TRACE - Resolving type for handle stpatterntype7939type
10:17:23.999 [main] TRACE - Resolving type for handle ctborderf935type
10:17:24.005 [main] TRACE - Resolving type for handle ctborderpre497type
10:17:24.005 [main] TRACE - Resolving type for handle ctxf97f7type
10:17:24.015 [main] TRACE - Resolving type for handle stnumfmtid76fbtype
10:17:24.015 [main] TRACE - Resolving type for handle stfontid9d63type
10:17:24.022 [main] TRACE - Resolving type for handle stfillida097type
10:17:24.022 [main] TRACE - Resolving type for handle stborderid1a80type
10:17:24.022 [main] TRACE - Resolving type for handle stcellstylexfid70c7type
10:17:24.033 [main] TRACE - Resolving type for handle ctsheet4dbetype
10:17:24.043 [main] TRACE - Resolving type for handle ctworksheet530dtype
10:17:24.049 [main] TRACE - Resolving type for handle ctsheetformatprdef7type
10:17:24.060 [main] TRACE - Resolving type for handle ctsheetviewsb918type
10:17:24.065 [main] TRACE - Resolving type for handle ctsheetview0f43type
10:17:24.073 [main] TRACE - Resolving type for handle ctsheetdimensiond310type
10:17:24.073 [main] TRACE - Resolving type for handle stref90a2type
10:17:24.079 [main] TRACE - Resolving type for handle ctsheetdata8408type
10:17:24.082 [main] TRACE - Resolving type for handle ctpagemargins5455type
10:17:24.082 [main] TRACE - Resolving type for handle ctcols627ctype
10:17:24.094 [main] TRACE - Resolving type for handle strelationshipid1e94type
10:17:24.094 [main] TRACE - Resolving type for handle ctrowdd39type
10:17:24.103 [main] TRACE - Resolving type for handle ctcell842btype
10:17:24.118 [main] TRACE - Resolving type for handle stcellrefe4e0type
10:17:24.118 [main] TRACE - Resolving type for handle ctrsta472type
10:17:24.128 [main] TRACE - Resolving type for handle stcelltypebf95type
10:17:24.391 [main] DEBUG - Save core properties part
10:17:24.398 [main] DEBUG - Save content types part
10:17:24.554 [main] DEBUG - Save package relationships
10:17:24.561 [main] DEBUG - Save part 'docProps/core.xml'
10:17:24.577 [main] DEBUG - Save part 'xl/sharedStrings.xml'
10:17:24.577 [main] DEBUG - Save part 'xl/styles.xml'
10:17:24.587 [main] DEBUG - Save part 'xl/workbook.xml'
10:17:24.590 [main] DEBUG - Save part 'xl/worksheets/sheet1.xml'
10:19:00.743 [main] INFO  - Goto crm URL 
10:19:07.422 [main] TRACE - Loading type system org.apache.poi.schemas.ooxml.system.ooxml
10:19:07.422 [main] TRACE - Loading type system org.apache.xmlbeans.metadata.system.sXMLCONFIG
10:19:07.433 [main] TRACE - Loading type system org.apache.xmlbeans.metadata.system.sXMLLANG
10:19:07.433 [main] TRACE - Loading type system org.apache.xmlbeans.metadata.system.sXMLSCHEMA
10:19:07.433 [main] TRACE - Loading type system org.apache.xmlbeans.metadata.system.sXMLTOOLS
10:19:07.437 [main] TRACE - Reading unresolved handles for type system org.apache.xmlbeans.metadata.system.sXMLTOOLS
10:19:07.459 [main] TRACE - Finished loading type system org.apache.xmlbeans.metadata.system.sXMLTOOLS
10:19:07.461 [main] TRACE - Reading unresolved handles for type system org.apache.xmlbeans.metadata.system.sXMLSCHEMA
10:19:07.470 [main] TRACE - Finished loading type system org.apache.xmlbeans.metadata.system.sXMLSCHEMA
10:19:07.473 [main] TRACE - Reading unresolved handles for type system org.apache.xmlbeans.metadata.system.sXMLLANG
10:19:07.474 [main] TRACE - Finished loading type system org.apache.xmlbeans.metadata.system.sXMLLANG
10:19:07.477 [main] TRACE - Reading unresolved handles for type system org.apache.xmlbeans.metadata.system.sXMLCONFIG
10:19:07.479 [main] TRACE - Finished loading type system org.apache.xmlbeans.metadata.system.sXMLCONFIG
10:19:07.481 [main] TRACE - Reading unresolved handles for type system org.apache.poi.schemas.ooxml.system.ooxml
10:19:07.568 [main] TRACE - Finished loading type system org.apache.poi.schemas.ooxml.system.ooxml
10:19:07.570 [main] TRACE - Resolving type for handle ctworkbook83c3type
10:19:07.680 [main] TRACE - Resolving type for handle ctworkbookpr03a5type
10:19:07.696 [main] TRACE - Resolving type for handle ctbookviewsb864type
10:19:07.702 [main] TRACE - Resolving type for handle ctbookviewf677type
10:19:07.712 [main] TRACE - Resolving type for handle ctsheets49fdtype
10:19:07.717 [main] TRACE - Resolving type for handle propertiesee84doctype
10:19:07.721 [main] TRACE - Resolving type for handle ctproperties3f10type
10:19:07.728 [main] TRACE - Resolving type for handle properties288cdoctype
10:19:07.728 [main] TRACE - Resolving type for handle ctproperties2c18type
10:19:07.737 [main] TRACE - Resolving type for handle sstf81fdoctype
10:19:07.743 [main] TRACE - Resolving type for handle ctsst44f3type
10:19:07.745 [main] TRACE - Resolving type for handle stylesheet5d8bdoctype
10:19:07.753 [main] TRACE - Resolving type for handle ctstylesheet4257type
10:19:07.754 [main] TRACE - Resolving type for handle ctfont14d8type
10:19:07.771 [main] TRACE - Resolving type for handle ctfontsizeb3b9type
10:19:07.771 [main] TRACE - Resolving type for handle ctcolord2c2type
10:19:07.779 [main] TRACE - Resolving type for handle ctfontname2dc3type
10:19:07.781 [main] TRACE - Resolving type for handle stxstringf179type
10:19:07.785 [main] TRACE - Resolving type for handle ctfontfamily685ctype
10:19:07.789 [main] TRACE - Resolving type for handle stfontfamily9c6ctype
10:19:07.795 [main] TRACE - Resolving type for handle ctfontschemebf5dtype
10:19:07.799 [main] TRACE - Resolving type for handle stfontschemef36dtype
10:19:07.804 [main] TRACE - Resolving type for handle ctfill550ctype
10:19:07.806 [main] TRACE - Resolving type for handle ctpatternfill7452type
10:19:07.808 [main] TRACE - Resolving type for handle stpatterntype7939type
10:19:07.817 [main] TRACE - Resolving type for handle ctborderf935type
10:19:07.821 [main] TRACE - Resolving type for handle ctborderpre497type
10:19:07.825 [main] TRACE - Resolving type for handle ctxf97f7type
10:19:07.835 [main] TRACE - Resolving type for handle stnumfmtid76fbtype
10:19:07.837 [main] TRACE - Resolving type for handle stfontid9d63type
10:19:07.837 [main] TRACE - Resolving type for handle stfillida097type
10:19:07.842 [main] TRACE - Resolving type for handle stborderid1a80type
10:19:07.842 [main] TRACE - Resolving type for handle stcellstylexfid70c7type
10:19:07.854 [main] TRACE - Resolving type for handle ctsheet4dbetype
10:19:07.854 [main] TRACE - Resolving type for handle ctworksheet530dtype
10:19:07.871 [main] TRACE - Resolving type for handle ctsheetformatprdef7type
10:19:07.875 [main] TRACE - Resolving type for handle ctsheetviewsb918type
10:19:07.882 [main] TRACE - Resolving type for handle ctsheetview0f43type
10:19:07.898 [main] TRACE - Resolving type for handle ctsheetdimensiond310type
10:19:07.905 [main] TRACE - Resolving type for handle stref90a2type
10:19:07.906 [main] TRACE - Resolving type for handle ctsheetdata8408type
10:19:07.910 [main] TRACE - Resolving type for handle ctpagemargins5455type
10:19:07.923 [main] TRACE - Resolving type for handle ctcols627ctype
10:19:07.923 [main] TRACE - Resolving type for handle strelationshipid1e94type
10:19:07.928 [main] TRACE - Resolving type for handle ctrowdd39type
10:19:07.942 [main] TRACE - Resolving type for handle ctcell842btype
10:19:07.954 [main] TRACE - Resolving type for handle stcellrefe4e0type
10:19:07.954 [main] TRACE - Resolving type for handle ctrsta472type
10:19:07.963 [main] TRACE - Resolving type for handle stcelltypebf95type
10:19:08.261 [main] DEBUG - Save core properties part
10:19:08.261 [main] DEBUG - Save content types part
10:19:08.415 [main] DEBUG - Save package relationships
10:19:08.421 [main] DEBUG - Save part 'docProps/core.xml'
10:19:08.434 [main] DEBUG - Save part 'xl/sharedStrings.xml'
10:19:08.434 [main] DEBUG - Save part 'xl/styles.xml'
10:19:08.441 [main] DEBUG - Save part 'xl/workbook.xml'
10:19:08.445 [main] DEBUG - Save part 'xl/worksheets/sheet1.xml'
09:15:45.813 [main] INFO  - Goto crm URL 
09:15:52.407 [main] TRACE - Loading type system org.apache.poi.schemas.ooxml.system.ooxml
09:15:52.407 [main] TRACE - Loading type system org.apache.xmlbeans.metadata.system.sXMLCONFIG
09:15:52.416 [main] TRACE - Loading type system org.apache.xmlbeans.metadata.system.sXMLLANG
09:15:52.416 [main] TRACE - Loading type system org.apache.xmlbeans.metadata.system.sXMLSCHEMA
09:15:52.419 [main] TRACE - Loading type system org.apache.xmlbeans.metadata.system.sXMLTOOLS
09:15:52.419 [main] TRACE - Reading unresolved handles for type system org.apache.xmlbeans.metadata.system.sXMLTOOLS
09:15:52.440 [main] TRACE - Finished loading type system org.apache.xmlbeans.metadata.system.sXMLTOOLS
09:15:52.440 [main] TRACE - Reading unresolved handles for type system org.apache.xmlbeans.metadata.system.sXMLSCHEMA
09:15:52.448 [main] TRACE - Finished loading type system org.apache.xmlbeans.metadata.system.sXMLSCHEMA
09:15:52.451 [main] TRACE - Reading unresolved handles for type system org.apache.xmlbeans.metadata.system.sXMLLANG
09:15:52.451 [main] TRACE - Finished loading type system org.apache.xmlbeans.metadata.system.sXMLLANG
09:15:52.451 [main] TRACE - Reading unresolved handles for type system org.apache.xmlbeans.metadata.system.sXMLCONFIG
09:15:52.456 [main] TRACE - Finished loading type system org.apache.xmlbeans.metadata.system.sXMLCONFIG
09:15:52.456 [main] TRACE - Reading unresolved handles for type system org.apache.poi.schemas.ooxml.system.ooxml
09:15:52.540 [main] TRACE - Finished loading type system org.apache.poi.schemas.ooxml.system.ooxml
09:15:52.540 [main] TRACE - Resolving type for handle ctworkbook83c3type
09:15:52.605 [main] TRACE - Resolving type for handle ctworkbookpr03a5type
09:15:52.620 [main] TRACE - Resolving type for handle ctbookviewsb864type
09:15:52.624 [main] TRACE - Resolving type for handle ctbookviewf677type
09:15:52.635 [main] TRACE - Resolving type for handle ctsheets49fdtype
09:15:52.636 [main] TRACE - Resolving type for handle propertiesee84doctype
09:15:52.640 [main] TRACE - Resolving type for handle ctproperties3f10type
09:15:52.651 [main] TRACE - Resolving type for handle properties288cdoctype
09:15:52.651 [main] TRACE - Resolving type for handle ctproperties2c18type
09:15:52.659 [main] TRACE - Resolving type for handle sstf81fdoctype
09:15:52.659 [main] TRACE - Resolving type for handle ctsst44f3type
09:15:52.673 [main] TRACE - Resolving type for handle stylesheet5d8bdoctype
09:15:52.675 [main] TRACE - Resolving type for handle ctstylesheet4257type
09:15:52.683 [main] TRACE - Resolving type for handle ctfont14d8type
09:15:52.694 [main] TRACE - Resolving type for handle ctfontsizeb3b9type
09:15:52.699 [main] TRACE - Resolving type for handle ctcolord2c2type
09:15:52.703 [main] TRACE - Resolving type for handle ctfontname2dc3type
09:15:52.706 [main] TRACE - Resolving type for handle stxstringf179type
09:15:52.708 [main] TRACE - Resolving type for handle ctfontfamily685ctype
09:15:52.708 [main] TRACE - Resolving type for handle stfontfamily9c6ctype
09:15:52.716 [main] TRACE - Resolving type for handle ctfontschemebf5dtype
09:15:52.716 [main] TRACE - Resolving type for handle stfontschemef36dtype
09:15:52.724 [main] TRACE - Resolving type for handle ctfill550ctype
09:15:52.724 [main] TRACE - Resolving type for handle ctpatternfill7452type
09:15:52.731 [main] TRACE - Resolving type for handle stpatterntype7939type
09:15:52.731 [main] TRACE - Resolving type for handle ctborderf935type
09:15:52.740 [main] TRACE - Resolving type for handle ctborderpre497type
09:15:52.748 [main] TRACE - Resolving type for handle ctxf97f7type
09:15:52.748 [main] TRACE - Resolving type for handle stnumfmtid76fbtype
09:15:52.748 [main] TRACE - Resolving type for handle stfontid9d63type
09:15:52.757 [main] TRACE - Resolving type for handle stfillida097type
09:15:52.758 [main] TRACE - Resolving type for handle stborderid1a80type
09:15:52.758 [main] TRACE - Resolving type for handle stcellstylexfid70c7type
09:15:52.764 [main] TRACE - Resolving type for handle ctsheet4dbetype
09:15:52.773 [main] TRACE - Resolving type for handle ctworksheet530dtype
09:15:52.779 [main] TRACE - Resolving type for handle ctsheetformatprdef7type
09:15:52.793 [main] TRACE - Resolving type for handle ctsheetviewsb918type
09:15:52.796 [main] TRACE - Resolving type for handle ctsheetview0f43type
09:15:52.807 [main] TRACE - Resolving type for handle ctsheetdimensiond310type
09:15:52.807 [main] TRACE - Resolving type for handle stref90a2type
09:15:52.807 [main] TRACE - Resolving type for handle ctsheetdata8408type
09:15:52.813 [main] TRACE - Resolving type for handle ctpagemargins5455type
09:15:52.823 [main] TRACE - Resolving type for handle ctcols627ctype
09:15:52.823 [main] TRACE - Resolving type for handle strelationshipid1e94type
09:15:52.823 [main] TRACE - Resolving type for handle ctrowdd39type
09:15:52.839 [main] TRACE - Resolving type for handle ctcell842btype
09:15:52.853 [main] TRACE - Resolving type for handle stcellrefe4e0type
09:15:52.856 [main] TRACE - Resolving type for handle ctrsta472type
09:15:52.866 [main] TRACE - Resolving type for handle stcelltypebf95type
09:15:53.183 [main] DEBUG - Save core properties part
09:15:53.183 [main] DEBUG - Save content types part
09:15:53.362 [main] DEBUG - Save package relationships
09:15:53.362 [main] DEBUG - Save part 'docProps/core.xml'
09:15:53.390 [main] DEBUG - Save part 'xl/sharedStrings.xml'
09:15:53.390 [main] DEBUG - Save part 'xl/styles.xml'
09:15:53.407 [main] DEBUG - Save part 'xl/workbook.xml'
09:15:53.410 [main] DEBUG - Save part 'xl/worksheets/sheet1.xml'
10:02:52.845 [main] INFO  - Goto crm URL 
10:02:59.572 [main] TRACE - Loading type system org.apache.poi.schemas.ooxml.system.ooxml
10:02:59.586 [main] TRACE - Loading type system org.apache.xmlbeans.metadata.system.sXMLCONFIG
10:02:59.587 [main] TRACE - Loading type system org.apache.xmlbeans.metadata.system.sXMLLANG
10:02:59.587 [main] TRACE - Loading type system org.apache.xmlbeans.metadata.system.sXMLSCHEMA
10:02:59.587 [main] TRACE - Loading type system org.apache.xmlbeans.metadata.system.sXMLTOOLS
10:02:59.591 [main] TRACE - Reading unresolved handles for type system org.apache.xmlbeans.metadata.system.sXMLTOOLS
10:02:59.613 [main] TRACE - Finished loading type system org.apache.xmlbeans.metadata.system.sXMLTOOLS
10:02:59.615 [main] TRACE - Reading unresolved handles for type system org.apache.xmlbeans.metadata.system.sXMLSCHEMA
10:02:59.620 [main] TRACE - Finished loading type system org.apache.xmlbeans.metadata.system.sXMLSCHEMA
10:02:59.627 [main] TRACE - Reading unresolved handles for type system org.apache.xmlbeans.metadata.system.sXMLLANG
10:02:59.629 [main] TRACE - Finished loading type system org.apache.xmlbeans.metadata.system.sXMLLANG
10:02:59.629 [main] TRACE - Reading unresolved handles for type system org.apache.xmlbeans.metadata.system.sXMLCONFIG
10:02:59.629 [main] TRACE - Finished loading type system org.apache.xmlbeans.metadata.system.sXMLCONFIG
10:02:59.629 [main] TRACE - Reading unresolved handles for type system org.apache.poi.schemas.ooxml.system.ooxml
10:02:59.737 [main] TRACE - Finished loading type system org.apache.poi.schemas.ooxml.system.ooxml
10:02:59.738 [main] TRACE - Resolving type for handle ctworkbook83c3type
10:02:59.804 [main] TRACE - Resolving type for handle ctworkbookpr03a5type
10:02:59.827 [main] TRACE - Resolving type for handle ctbookviewsb864type
10:02:59.830 [main] TRACE - Resolving type for handle ctbookviewf677type
10:02:59.840 [main] TRACE - Resolving type for handle ctsheets49fdtype
10:02:59.843 [main] TRACE - Resolving type for handle propertiesee84doctype
10:02:59.847 [main] TRACE - Resolving type for handle ctproperties3f10type
10:02:59.853 [main] TRACE - Resolving type for handle properties288cdoctype
10:02:59.853 [main] TRACE - Resolving type for handle ctproperties2c18type
10:02:59.866 [main] TRACE - Resolving type for handle sstf81fdoctype
10:02:59.870 [main] TRACE - Resolving type for handle ctsst44f3type
10:02:59.877 [main] TRACE - Resolving type for handle stylesheet5d8bdoctype
10:02:59.877 [main] TRACE - Resolving type for handle ctstylesheet4257type
10:02:59.887 [main] TRACE - Resolving type for handle ctfont14d8type
10:02:59.902 [main] TRACE - Resolving type for handle ctfontsizeb3b9type
10:02:59.908 [main] TRACE - Resolving type for handle ctcolord2c2type
10:02:59.914 [main] TRACE - Resolving type for handle ctfontname2dc3type
10:02:59.916 [main] TRACE - Resolving type for handle stxstringf179type
10:02:59.920 [main] TRACE - Resolving type for handle ctfontfamily685ctype
10:02:59.920 [main] TRACE - Resolving type for handle stfontfamily9c6ctype
10:02:59.927 [main] TRACE - Resolving type for handle ctfontschemebf5dtype
10:02:59.930 [main] TRACE - Resolving type for handle stfontschemef36dtype
10:02:59.939 [main] TRACE - Resolving type for handle ctfill550ctype
10:02:59.942 [main] TRACE - Resolving type for handle ctpatternfill7452type
10:02:59.945 [main] TRACE - Resolving type for handle stpatterntype7939type
10:02:59.956 [main] TRACE - Resolving type for handle ctborderf935type
10:02:59.967 [main] TRACE - Resolving type for handle ctborderpre497type
10:02:59.971 [main] TRACE - Resolving type for handle ctxf97f7type
10:02:59.981 [main] TRACE - Resolving type for handle stnumfmtid76fbtype
10:02:59.987 [main] TRACE - Resolving type for handle stfontid9d63type
10:02:59.988 [main] TRACE - Resolving type for handle stfillida097type
10:02:59.992 [main] TRACE - Resolving type for handle stborderid1a80type
10:02:59.996 [main] TRACE - Resolving type for handle stcellstylexfid70c7type
10:03:00.012 [main] TRACE - Resolving type for handle ctsheet4dbetype
10:03:00.021 [main] TRACE - Resolving type for handle ctworksheet530dtype
10:03:00.036 [main] TRACE - Resolving type for handle ctsheetformatprdef7type
10:03:00.043 [main] TRACE - Resolving type for handle ctsheetviewsb918type
10:03:00.054 [main] TRACE - Resolving type for handle ctsheetview0f43type
10:03:00.067 [main] TRACE - Resolving type for handle ctsheetdimensiond310type
10:03:00.071 [main] TRACE - Resolving type for handle stref90a2type
10:03:00.075 [main] TRACE - Resolving type for handle ctsheetdata8408type
10:03:00.075 [main] TRACE - Resolving type for handle ctpagemargins5455type
10:03:00.092 [main] TRACE - Resolving type for handle ctcols627ctype
10:03:00.092 [main] TRACE - Resolving type for handle strelationshipid1e94type
10:03:00.100 [main] TRACE - Resolving type for handle ctrowdd39type
10:03:00.109 [main] TRACE - Resolving type for handle ctcell842btype
10:03:00.137 [main] TRACE - Resolving type for handle stcellrefe4e0type
10:03:00.145 [main] TRACE - Resolving type for handle ctrsta472type
10:03:00.154 [main] TRACE - Resolving type for handle stcelltypebf95type
10:03:00.555 [main] DEBUG - Save core properties part
10:03:00.557 [main] DEBUG - Save content types part
10:03:00.772 [main] DEBUG - Save package relationships
10:03:00.784 [main] DEBUG - Save part 'docProps/core.xml'
10:03:00.805 [main] DEBUG - Save part 'xl/sharedStrings.xml'
10:03:00.808 [main] DEBUG - Save part 'xl/styles.xml'
10:03:00.817 [main] DEBUG - Save part 'xl/workbook.xml'
10:03:00.823 [main] DEBUG - Save part 'xl/worksheets/sheet1.xml'
10:05:04.783 [main] INFO  - Goto crm URL 
10:05:11.629 [main] TRACE - Loading type system org.apache.poi.schemas.ooxml.system.ooxml
10:05:11.630 [main] TRACE - Loading type system org.apache.xmlbeans.metadata.system.sXMLCONFIG
10:05:11.630 [main] TRACE - Loading type system org.apache.xmlbeans.metadata.system.sXMLLANG
10:05:11.630 [main] TRACE - Loading type system org.apache.xmlbeans.metadata.system.sXMLSCHEMA
10:05:11.630 [main] TRACE - Loading type system org.apache.xmlbeans.metadata.system.sXMLTOOLS
10:05:11.630 [main] TRACE - Reading unresolved handles for type system org.apache.xmlbeans.metadata.system.sXMLTOOLS
10:05:11.664 [main] TRACE - Finished loading type system org.apache.xmlbeans.metadata.system.sXMLTOOLS
10:05:11.667 [main] TRACE - Reading unresolved handles for type system org.apache.xmlbeans.metadata.system.sXMLSCHEMA
10:05:11.677 [main] TRACE - Finished loading type system org.apache.xmlbeans.metadata.system.sXMLSCHEMA
10:05:11.680 [main] TRACE - Reading unresolved handles for type system org.apache.xmlbeans.metadata.system.sXMLLANG
10:05:11.680 [main] TRACE - Finished loading type system org.apache.xmlbeans.metadata.system.sXMLLANG
10:05:11.680 [main] TRACE - Reading unresolved handles for type system org.apache.xmlbeans.metadata.system.sXMLCONFIG
10:05:11.685 [main] TRACE - Finished loading type system org.apache.xmlbeans.metadata.system.sXMLCONFIG
10:05:11.685 [main] TRACE - Reading unresolved handles for type system org.apache.poi.schemas.ooxml.system.ooxml
