16:27:38.332 [main] TRACE - Loading type system org.apache.xmlbeans.metadata.system.sXMLTOOLS
16:27:38.357 [main] TRACE - Reading unresolved handles for type system org.apache.xmlbeans.metadata.system.sXMLTOOLS
16:27:38.378 [main] TRACE - Finished loading type system org.apache.xmlbeans.metadata.system.sXMLTOOLS
16:27:38.380 [main] TRACE - Reading unresolved handles for type system org.apache.xmlbeans.metadata.system.sXMLSCHEMA
16:27:38.383 [main] TRACE - Finished loading type system org.apache.xmlbeans.metadata.system.sXMLSCHEMA
16:27:38.383 [main] TRACE - Reading unresolved handles for type system org.apache.xmlbeans.metadata.system.sXMLLANG
16:27:38.426 [main] TRACE - Finished loading type system org.apache.xmlbeans.metadata.system.sXMLLANG
16:27:38.428 [main] TRACE - Reading unresolved handles for type system org.apache.xmlbeans.metadata.system.sXMLCONFIG
16:27:38.428 [main] TRACE - Finished loading type system org.apache.xmlbeans.metadata.system.sXMLCONFIG
16:27:38.428 [main] TRACE - Reading unresolved handles for type system org.apache.poi.schemas.ooxml.system.ooxml
16:27:38.521 [main] TRACE - Finished loading type system org.apache.poi.schemas.ooxml.system.ooxml
16:27:38.525 [main] TRACE - Resolving type for handle ctworkbook83c3type
16:27:38.601 [main] TRACE - Resolving type for handle ctworkbookpr03a5type
16:27:38.619 [main] TRACE - Resolving type for handle ctbookviewsb864type
16:27:38.622 [main] TRACE - Resolving type for handle ctbookviewf677type
16:27:38.635 [main] TRACE - Resolving type for handle ctsheets49fdtype
16:27:38.639 [main] TRACE - Resolving type for handle propertiesee84doctype
16:27:38.643 [main] TRACE - Resolving type for handle ctproperties3f10type
16:27:38.652 [main] TRACE - Resolving type for handle properties288cdoctype
16:27:38.652 [main] TRACE - Resolving type for handle ctproperties2c18type
16:27:38.664 [main] TRACE - Resolving type for handle sstf81fdoctype
16:27:38.664 [main] TRACE - Resolving type for handle ctsst44f3type
16:27:38.664 [main] TRACE - Resolving type for handle stylesheet5d8bdoctype
16:27:38.664 [main] TRACE - Resolving type for handle ctstylesheet4257type
16:27:38.684 [main] TRACE - Resolving type for handle ctfont14d8type
16:27:38.695 [main] TRACE - Resolving type for handle ctfontsizeb3b9type
16:27:38.697 [main] TRACE - Resolving type for handle ctcolord2c2type
16:27:38.704 [main] TRACE - Resolving type for handle ctfontname2dc3type
16:27:38.704 [main] TRACE - Resolving type for handle stxstringf179type
16:27:38.714 [main] TRACE - Resolving type for handle ctfontfamily685ctype
16:27:38.718 [main] TRACE - Resolving type for handle stfontfamily9c6ctype
16:27:38.718 [main] TRACE - Resolving type for handle ctfontschemebf5dtype
16:27:38.727 [main] TRACE - Resolving type for handle stfontschemef36dtype
16:27:38.732 [main] TRACE - Resolving type for handle ctfill550ctype
16:27:38.734 [main] TRACE - Resolving type for handle ctpatternfill7452type
16:27:38.734 [main] TRACE - Resolving type for handle stpatterntype7939type
16:27:38.743 [main] TRACE - Resolving type for handle ctborderf935type
16:27:38.743 [main] TRACE - Resolving type for handle ctborderpre497type
16:27:38.752 [main] TRACE - Resolving type for handle ctxf97f7type
16:27:38.762 [main] TRACE - Resolving type for handle stnumfmtid76fbtype
16:27:38.764 [main] TRACE - Resolving type for handle stfontid9d63type
16:27:38.764 [main] TRACE - Resolving type for handle stfillida097type
16:27:38.769 [main] TRACE - Resolving type for handle stborderid1a80type
16:27:38.771 [main] TRACE - Resolving type for handle stcellstylexfid70c7type
16:27:38.774 [main] TRACE - Resolving type for handle ctsheet4dbetype
16:27:38.785 [main] TRACE - Resolving type for handle ctworksheet530dtype
16:27:38.793 [main] TRACE - Resolving type for handle ctsheetformatprdef7type
16:27:38.806 [main] TRACE - Resolving type for handle ctsheetviewsb918type
16:27:38.806 [main] TRACE - Resolving type for handle ctsheetview0f43type
16:27:38.823 [main] TRACE - Resolving type for handle ctsheetdimensiond310type
16:27:38.823 [main] TRACE - Resolving type for handle stref90a2type
16:27:38.823 [main] TRACE - Resolving type for handle ctsheetdata8408type
16:27:38.823 [main] TRACE - Resolving type for handle ctpagemargins5455type
16:27:38.837 [main] TRACE - Resolving type for handle ctcols627ctype
16:27:38.837 [main] TRACE - Resolving type for handle strelationshipid1e94type
16:27:38.837 [main] TRACE - Resolving type for handle ctrowdd39type
16:27:38.855 [main] TRACE - Resolving type for handle ctcell842btype
16:27:38.865 [main] TRACE - Resolving type for handle stcellrefe4e0type
16:27:38.869 [main] TRACE - Resolving type for handle ctrsta472type
16:27:38.869 [main] TRACE - Resolving type for handle stcelltypebf95type
16:27:39.222 [main] DEBUG - Save core properties part
16:27:39.222 [main] DEBUG - Save content types part
16:27:39.385 [main] DEBUG - Save package relationships
16:27:39.385 [main] DEBUG - Save part 'docProps/core.xml'
16:27:39.401 [main] DEBUG - Save part 'xl/sharedStrings.xml'
16:27:39.401 [main] DEBUG - Save part 'xl/styles.xml'
16:27:39.412 [main] DEBUG - Save part 'xl/workbook.xml'
16:27:39.412 [main] DEBUG - Save part 'xl/worksheets/sheet1.xml'
16:28:41.134 [main] TRACE - Loading type system org.apache.poi.schemas.ooxml.system.ooxml
16:28:41.142 [main] TRACE - Loading type system org.apache.xmlbeans.metadata.system.sXMLCONFIG
16:28:41.142 [main] TRACE - Loading type system org.apache.xmlbeans.metadata.system.sXMLLANG
16:28:41.142 [main] TRACE - Loading type system org.apache.xmlbeans.metadata.system.sXMLSCHEMA
16:28:41.142 [main] TRACE - Loading type system org.apache.xmlbeans.metadata.system.sXMLTOOLS
16:28:41.142 [main] TRACE - Reading unresolved handles for type system org.apache.xmlbeans.metadata.system.sXMLTOOLS
16:28:41.174 [main] TRACE - Finished loading type system org.apache.xmlbeans.metadata.system.sXMLTOOLS
16:28:41.175 [main] TRACE - Reading unresolved handles for type system org.apache.xmlbeans.metadata.system.sXMLSCHEMA
16:28:41.182 [main] TRACE - Finished loading type system org.apache.xmlbeans.metadata.system.sXMLSCHEMA
16:28:41.182 [main] TRACE - Reading unresolved handles for type system org.apache.xmlbeans.metadata.system.sXMLLANG
16:28:41.187 [main] TRACE - Finished loading type system org.apache.xmlbeans.metadata.system.sXMLLANG
16:28:41.187 [main] TRACE - Reading unresolved handles for type system org.apache.xmlbeans.metadata.system.sXMLCONFIG
16:28:41.192 [main] TRACE - Finished loading type system org.apache.xmlbeans.metadata.system.sXMLCONFIG
16:28:41.224 [main] TRACE - Reading unresolved handles for type system org.apache.poi.schemas.ooxml.system.ooxml
16:28:41.324 [main] TRACE - Finished loading type system org.apache.poi.schemas.ooxml.system.ooxml
16:28:41.324 [main] TRACE - Resolving type for handle ctworkbook83c3type
16:28:41.395 [main] TRACE - Resolving type for handle ctworkbookpr03a5type
16:28:41.412 [main] TRACE - Resolving type for handle ctbookviewsb864type
16:28:41.412 [main] TRACE - Resolving type for handle ctbookviewf677type
16:28:41.427 [main] TRACE - Resolving type for handle ctsheets49fdtype
16:28:41.427 [main] TRACE - Resolving type for handle propertiesee84doctype
16:28:41.427 [main] TRACE - Resolving type for handle ctproperties3f10type
16:28:41.443 [main] TRACE - Resolving type for handle properties288cdoctype
16:28:41.443 [main] TRACE - Resolving type for handle ctproperties2c18type
16:28:41.454 [main] TRACE - Resolving type for handle sstf81fdoctype
16:28:41.460 [main] TRACE - Resolving type for handle ctsst44f3type
16:28:41.462 [main] TRACE - Resolving type for handle stylesheet5d8bdoctype
16:28:41.462 [main] TRACE - Resolving type for handle ctstylesheet4257type
16:28:41.475 [main] TRACE - Resolving type for handle ctfont14d8type
16:28:41.483 [main] TRACE - Resolving type for handle ctfontsizeb3b9type
16:28:41.492 [main] TRACE - Resolving type for handle ctcolord2c2type
16:28:41.498 [main] TRACE - Resolving type for handle ctfontname2dc3type
16:28:41.500 [main] TRACE - Resolving type for handle stxstringf179type
16:28:41.506 [main] TRACE - Resolving type for handle ctfontfamily685ctype
16:28:41.510 [main] TRACE - Resolving type for handle stfontfamily9c6ctype
16:28:41.510 [main] TRACE - Resolving type for handle ctfontschemebf5dtype
16:28:41.510 [main] TRACE - Resolving type for handle stfontschemef36dtype
16:28:41.525 [main] TRACE - Resolving type for handle ctfill550ctype
16:28:41.525 [main] TRACE - Resolving type for handle ctpatternfill7452type
16:28:41.533 [main] TRACE - Resolving type for handle stpatterntype7939type
16:28:41.540 [main] TRACE - Resolving type for handle ctborderf935type
16:28:41.540 [main] TRACE - Resolving type for handle ctborderpre497type
16:28:41.540 [main] TRACE - Resolving type for handle ctxf97f7type
16:28:41.554 [main] TRACE - Resolving type for handle stnumfmtid76fbtype
16:28:41.554 [main] TRACE - Resolving type for handle stfontid9d63type
16:28:41.554 [main] TRACE - Resolving type for handle stfillida097type
16:28:41.554 [main] TRACE - Resolving type for handle stborderid1a80type
16:28:41.554 [main] TRACE - Resolving type for handle stcellstylexfid70c7type
16:28:41.570 [main] TRACE - Resolving type for handle ctsheet4dbetype
16:28:41.570 [main] TRACE - Resolving type for handle ctworksheet530dtype
16:28:41.586 [main] TRACE - Resolving type for handle ctsheetformatprdef7type
16:28:41.602 [main] TRACE - Resolving type for handle ctsheetviewsb918type
16:28:41.604 [main] TRACE - Resolving type for handle ctsheetview0f43type
16:28:41.611 [main] TRACE - Resolving type for handle ctsheetdimensiond310type
16:28:41.618 [main] TRACE - Resolving type for handle stref90a2type
16:28:41.618 [main] TRACE - Resolving type for handle ctsheetdata8408type
16:28:41.618 [main] TRACE - Resolving type for handle ctpagemargins5455type
16:28:41.626 [main] TRACE - Resolving type for handle ctcols627ctype
16:28:41.634 [main] TRACE - Resolving type for handle strelationshipid1e94type
16:28:41.634 [main] TRACE - Resolving type for handle ctrowdd39type
16:28:41.645 [main] TRACE - Resolving type for handle ctcell842btype
16:28:41.658 [main] TRACE - Resolving type for handle stcellrefe4e0type
16:28:41.658 [main] TRACE - Resolving type for handle ctrsta472type
16:28:41.658 [main] TRACE - Resolving type for handle stcelltypebf95type
16:28:42.039 [main] DEBUG - Save core properties part
16:28:42.041 [main] DEBUG - Save content types part
16:28:42.193 [main] DEBUG - Save package relationships
16:28:42.193 [main] DEBUG - Save part 'docProps/core.xml'
16:28:42.212 [main] DEBUG - Save part 'xl/sharedStrings.xml'
16:28:42.212 [main] DEBUG - Save part 'xl/styles.xml'
16:28:42.221 [main] DEBUG - Save part 'xl/workbook.xml'
16:28:42.224 [main] DEBUG - Save part 'xl/worksheets/sheet1.xml'
17:54:33.658 [main] TRACE - Loading type system org.apache.poi.schemas.ooxml.system.ooxml
17:54:33.658 [main] TRACE - Loading type system org.apache.xmlbeans.metadata.system.sXMLCONFIG
17:54:33.658 [main] TRACE - Loading type system org.apache.xmlbeans.metadata.system.sXMLLANG
17:54:33.658 [main] TRACE - Loading type system org.apache.xmlbeans.metadata.system.sXMLSCHEMA
17:54:33.658 [main] TRACE - Loading type system org.apache.xmlbeans.metadata.system.sXMLTOOLS
17:54:33.675 [main] TRACE - Reading unresolved handles for type system org.apache.xmlbeans.metadata.system.sXMLTOOLS
17:54:33.694 [main] TRACE - Finished loading type system org.apache.xmlbeans.metadata.system.sXMLTOOLS
17:54:33.694 [main] TRACE - Reading unresolved handles for type system org.apache.xmlbeans.metadata.system.sXMLSCHEMA
17:54:33.707 [main] TRACE - Finished loading type system org.apache.xmlbeans.metadata.system.sXMLSCHEMA
17:54:33.707 [main] TRACE - Reading unresolved handles for type system org.apache.xmlbeans.metadata.system.sXMLLANG
17:54:33.707 [main] TRACE - Finished loading type system org.apache.xmlbeans.metadata.system.sXMLLANG
17:54:33.707 [main] TRACE - Reading unresolved handles for type system org.apache.xmlbeans.metadata.system.sXMLCONFIG
17:54:33.707 [main] TRACE - Finished loading type system org.apache.xmlbeans.metadata.system.sXMLCONFIG
17:54:33.723 [main] TRACE - Reading unresolved handles for type system org.apache.poi.schemas.ooxml.system.ooxml
17:54:33.786 [main] TRACE - Finished loading type system org.apache.poi.schemas.ooxml.system.ooxml
17:54:33.786 [main] TRACE - Resolving type for handle ctworkbook83c3type
17:54:33.850 [main] TRACE - Resolving type for handle ctworkbookpr03a5type
17:54:33.882 [main] TRACE - Resolving type for handle ctbookviewsb864type
17:54:33.882 [main] TRACE - Resolving type for handle ctbookviewf677type
17:54:33.882 [main] TRACE - Resolving type for handle ctsheets49fdtype
17:54:33.882 [main] TRACE - Resolving type for handle propertiesee84doctype
17:54:33.882 [main] TRACE - Resolving type for handle ctproperties3f10type
17:54:33.898 [main] TRACE - Resolving type for handle properties288cdoctype
17:54:33.911 [main] TRACE - Resolving type for handle ctproperties2c18type
17:54:33.914 [main] TRACE - Resolving type for handle sstf81fdoctype
17:54:33.914 [main] TRACE - Resolving type for handle ctsst44f3type
17:54:33.923 [main] TRACE - Resolving type for handle stylesheet5d8bdoctype
17:54:33.923 [main] TRACE - Resolving type for handle ctstylesheet4257type
17:54:33.930 [main] TRACE - Resolving type for handle ctfont14d8type
17:54:33.946 [main] TRACE - Resolving type for handle ctfontsizeb3b9type
17:54:33.946 [main] TRACE - Resolving type for handle ctcolord2c2type
17:54:33.962 [main] TRACE - Resolving type for handle ctfontname2dc3type
17:54:33.962 [main] TRACE - Resolving type for handle stxstringf179type
17:54:33.962 [main] TRACE - Resolving type for handle ctfontfamily685ctype
17:54:33.962 [main] TRACE - Resolving type for handle stfontfamily9c6ctype
17:54:33.962 [main] TRACE - Resolving type for handle ctfontschemebf5dtype
17:54:33.978 [main] TRACE - Resolving type for handle stfontschemef36dtype
17:54:33.978 [main] TRACE - Resolving type for handle ctfill550ctype
17:54:33.978 [main] TRACE - Resolving type for handle ctpatternfill7452type
17:54:33.978 [main] TRACE - Resolving type for handle stpatterntype7939type
17:54:33.978 [main] TRACE - Resolving type for handle ctborderf935type
17:54:33.994 [main] TRACE - Resolving type for handle ctborderpre497type
17:54:33.994 [main] TRACE - Resolving type for handle ctxf97f7type
17:54:33.994 [main] TRACE - Resolving type for handle stnumfmtid76fbtype
17:54:33.994 [main] TRACE - Resolving type for handle stfontid9d63type
17:54:34.010 [main] TRACE - Resolving type for handle stfillida097type
17:54:34.012 [main] TRACE - Resolving type for handle stborderid1a80type
17:54:34.012 [main] TRACE - Resolving type for handle stcellstylexfid70c7type
17:54:34.012 [main] TRACE - Resolving type for handle ctsheet4dbetype
17:54:34.026 [main] TRACE - Resolving type for handle ctworksheet530dtype
17:54:34.026 [main] TRACE - Resolving type for handle ctsheetformatprdef7type
17:54:34.026 [main] TRACE - Resolving type for handle ctsheetviewsb918type
17:54:34.026 [main] TRACE - Resolving type for handle ctsheetview0f43type
17:54:34.041 [main] TRACE - Resolving type for handle ctsheetdimensiond310type
17:54:34.041 [main] TRACE - Resolving type for handle stref90a2type
17:54:34.041 [main] TRACE - Resolving type for handle ctsheetdata8408type
17:54:34.041 [main] TRACE - Resolving type for handle ctpagemargins5455type
17:54:34.041 [main] TRACE - Resolving type for handle ctcols627ctype
17:54:34.041 [main] TRACE - Resolving type for handle strelationshipid1e94type
17:54:34.041 [main] TRACE - Resolving type for handle ctrowdd39type
17:54:34.057 [main] TRACE - Resolving type for handle ctcell842btype
17:54:34.057 [main] TRACE - Resolving type for handle stcellrefe4e0type
17:54:34.057 [main] TRACE - Resolving type for handle ctrsta472type
17:54:34.057 [main] TRACE - Resolving type for handle stcelltypebf95type
17:54:34.312 [main] DEBUG - Save core properties part
17:54:34.312 [main] DEBUG - Save content types part
17:54:34.478 [main] DEBUG - Save package relationships
17:54:34.493 [main] DEBUG - Save part 'docProps/core.xml'
17:54:34.512 [main] DEBUG - Save part 'xl/sharedStrings.xml'
17:54:34.512 [main] DEBUG - Save part 'xl/styles.xml'
17:54:34.512 [main] DEBUG - Save part 'xl/workbook.xml'
17:54:34.524 [main] DEBUG - Save part 'xl/worksheets/sheet1.xml'
17:55:42.575 [main] TRACE - Loading type system org.apache.poi.schemas.ooxml.system.ooxml
17:55:42.577 [main] TRACE - Loading type system org.apache.xmlbeans.metadata.system.sXMLCONFIG
17:55:42.577 [main] TRACE - Loading type system org.apache.xmlbeans.metadata.system.sXMLLANG
17:55:42.577 [main] TRACE - Loading type system org.apache.xmlbeans.metadata.system.sXMLSCHEMA
17:55:42.577 [main] TRACE - Loading type system org.apache.xmlbeans.metadata.system.sXMLTOOLS
17:55:42.577 [main] TRACE - Reading unresolved handles for type system org.apache.xmlbeans.metadata.system.sXMLTOOLS
17:55:42.597 [main] TRACE - Finished loading type system org.apache.xmlbeans.metadata.system.sXMLTOOLS
17:55:42.600 [main] TRACE - Reading unresolved handles for type system org.apache.xmlbeans.metadata.system.sXMLSCHEMA
17:55:42.616 [main] TRACE - Finished loading type system org.apache.xmlbeans.metadata.system.sXMLSCHEMA
17:55:42.618 [main] TRACE - Reading unresolved handles for type system org.apache.xmlbeans.metadata.system.sXMLLANG
17:55:42.620 [main] TRACE - Finished loading type system org.apache.xmlbeans.metadata.system.sXMLLANG
17:55:42.629 [main] TRACE - Reading unresolved handles for type system org.apache.xmlbeans.metadata.system.sXMLCONFIG
17:55:42.631 [main] TRACE - Finished loading type system org.apache.xmlbeans.metadata.system.sXMLCONFIG
17:55:42.631 [main] TRACE - Reading unresolved handles for type system org.apache.poi.schemas.ooxml.system.ooxml
17:55:42.700 [main] TRACE - Finished loading type system org.apache.poi.schemas.ooxml.system.ooxml
17:55:42.704 [main] TRACE - Resolving type for handle ctworkbook83c3type
17:55:42.738 [main] TRACE - Resolving type for handle ctworkbookpr03a5type
17:55:42.749 [main] TRACE - Resolving type for handle ctbookviewsb864type
17:55:42.751 [main] TRACE - Resolving type for handle ctbookviewf677type
17:55:42.765 [main] TRACE - Resolving type for handle ctsheets49fdtype
17:55:42.765 [main] TRACE - Resolving type for handle propertiesee84doctype
17:55:42.765 [main] TRACE - Resolving type for handle ctproperties3f10type
17:55:42.788 [main] TRACE - Resolving type for handle properties288cdoctype
17:55:42.790 [main] TRACE - Resolving type for handle ctproperties2c18type
17:55:42.797 [main] TRACE - Resolving type for handle sstf81fdoctype
17:55:42.797 [main] TRACE - Resolving type for handle ctsst44f3type
17:55:42.802 [main] TRACE - Resolving type for handle stylesheet5d8bdoctype
17:55:42.804 [main] TRACE - Resolving type for handle ctstylesheet4257type
17:55:42.804 [main] TRACE - Resolving type for handle ctfont14d8type
17:55:42.820 [main] TRACE - Resolving type for handle ctfontsizeb3b9type
17:55:42.823 [main] TRACE - Resolving type for handle ctcolord2c2type
17:55:42.825 [main] TRACE - Resolving type for handle ctfontname2dc3type
17:55:42.827 [main] TRACE - Resolving type for handle stxstringf179type
17:55:42.827 [main] TRACE - Resolving type for handle ctfontfamily685ctype
17:55:42.827 [main] TRACE - Resolving type for handle stfontfamily9c6ctype
17:55:42.831 [main] TRACE - Resolving type for handle ctfontschemebf5dtype
17:55:42.831 [main] TRACE - Resolving type for handle stfontschemef36dtype
17:55:42.831 [main] TRACE - Resolving type for handle ctfill550ctype
17:55:42.831 [main] TRACE - Resolving type for handle ctpatternfill7452type
17:55:42.831 [main] TRACE - Resolving type for handle stpatterntype7939type
17:55:42.841 [main] TRACE - Resolving type for handle ctborderf935type
17:55:42.841 [main] TRACE - Resolving type for handle ctborderpre497type
17:55:42.841 [main] TRACE - Resolving type for handle ctxf97f7type
17:55:42.851 [main] TRACE - Resolving type for handle stnumfmtid76fbtype
17:55:42.853 [main] TRACE - Resolving type for handle stfontid9d63type
17:55:42.853 [main] TRACE - Resolving type for handle stfillida097type
17:55:42.855 [main] TRACE - Resolving type for handle stborderid1a80type
17:55:42.857 [main] TRACE - Resolving type for handle stcellstylexfid70c7type
17:55:42.875 [main] TRACE - Resolving type for handle ctsheet4dbetype
17:55:42.879 [main] TRACE - Resolving type for handle ctworksheet530dtype
17:55:42.883 [main] TRACE - Resolving type for handle ctsheetformatprdef7type
17:55:42.891 [main] TRACE - Resolving type for handle ctsheetviewsb918type
17:55:42.893 [main] TRACE - Resolving type for handle ctsheetview0f43type
17:55:42.897 [main] TRACE - Resolving type for handle ctsheetdimensiond310type
17:55:42.900 [main] TRACE - Resolving type for handle stref90a2type
17:55:42.900 [main] TRACE - Resolving type for handle ctsheetdata8408type
17:55:42.902 [main] TRACE - Resolving type for handle ctpagemargins5455type
17:55:42.906 [main] TRACE - Resolving type for handle ctcols627ctype
17:55:42.909 [main] TRACE - Resolving type for handle strelationshipid1e94type
17:55:42.909 [main] TRACE - Resolving type for handle ctrowdd39type
17:55:42.914 [main] TRACE - Resolving type for handle ctcell842btype
17:55:42.921 [main] TRACE - Resolving type for handle stcellrefe4e0type
17:55:42.923 [main] TRACE - Resolving type for handle ctrsta472type
17:55:42.925 [main] TRACE - Resolving type for handle stcelltypebf95type
17:55:43.117 [main] DEBUG - Save core properties part
17:55:43.117 [main] DEBUG - Save content types part
17:55:43.278 [main] DEBUG - Save package relationships
17:55:43.282 [main] DEBUG - Save part 'docProps/core.xml'
17:55:43.299 [main] DEBUG - Save part 'xl/sharedStrings.xml'
17:55:43.299 [main] DEBUG - Save part 'xl/styles.xml'
17:55:43.320 [main] DEBUG - Save part 'xl/workbook.xml'
17:55:43.320 [main] DEBUG - Save part 'xl/worksheets/sheet1.xml'
17:59:23.294 [main] TRACE - Loading type system org.apache.poi.schemas.ooxml.system.ooxml
17:59:23.302 [main] TRACE - Loading type system org.apache.xmlbeans.metadata.system.sXMLCONFIG
17:59:23.302 [main] TRACE - Loading type system org.apache.xmlbeans.metadata.system.sXMLLANG
17:59:23.302 [main] TRACE - Loading type system org.apache.xmlbeans.metadata.system.sXMLSCHEMA
17:59:23.302 [main] TRACE - Loading type system org.apache.xmlbeans.metadata.system.sXMLTOOLS
17:59:23.302 [main] TRACE - Reading unresolved handles for type system org.apache.xmlbeans.metadata.system.sXMLTOOLS
17:59:23.318 [main] TRACE - Finished loading type system org.apache.xmlbeans.metadata.system.sXMLTOOLS
17:59:23.318 [main] TRACE - Reading unresolved handles for type system org.apache.xmlbeans.metadata.system.sXMLSCHEMA
17:59:23.339 [main] TRACE - Finished loading type system org.apache.xmlbeans.metadata.system.sXMLSCHEMA
17:59:23.343 [main] TRACE - Reading unresolved handles for type system org.apache.xmlbeans.metadata.system.sXMLLANG
17:59:23.343 [main] TRACE - Finished loading type system org.apache.xmlbeans.metadata.system.sXMLLANG
17:59:23.345 [main] TRACE - Reading unresolved handles for type system org.apache.xmlbeans.metadata.system.sXMLCONFIG
17:59:23.346 [main] TRACE - Finished loading type system org.apache.xmlbeans.metadata.system.sXMLCONFIG
17:59:23.348 [main] TRACE - Reading unresolved handles for type system org.apache.poi.schemas.ooxml.system.ooxml
17:59:23.410 [main] TRACE - Finished loading type system org.apache.poi.schemas.ooxml.system.ooxml
17:59:23.413 [main] TRACE - Resolving type for handle ctworkbook83c3type
17:59:23.456 [main] TRACE - Resolving type for handle ctworkbookpr03a5type
17:59:23.469 [main] TRACE - Resolving type for handle ctbookviewsb864type
17:59:23.471 [main] TRACE - Resolving type for handle ctbookviewf677type
17:59:23.471 [main] TRACE - Resolving type for handle ctsheets49fdtype
17:59:23.471 [main] TRACE - Resolving type for handle propertiesee84doctype
17:59:23.471 [main] TRACE - Resolving type for handle ctproperties3f10type
17:59:23.486 [main] TRACE - Resolving type for handle properties288cdoctype
17:59:23.486 [main] TRACE - Resolving type for handle ctproperties2c18type
17:59:23.486 [main] TRACE - Resolving type for handle sstf81fdoctype
17:59:23.496 [main] TRACE - Resolving type for handle ctsst44f3type
17:59:23.499 [main] TRACE - Resolving type for handle stylesheet5d8bdoctype
17:59:23.503 [main] TRACE - Resolving type for handle ctstylesheet4257type
17:59:23.511 [main] TRACE - Resolving type for handle ctfont14d8type
17:59:23.521 [main] TRACE - Resolving type for handle ctfontsizeb3b9type
17:59:23.521 [main] TRACE - Resolving type for handle ctcolord2c2type
17:59:23.529 [main] TRACE - Resolving type for handle ctfontname2dc3type
17:59:23.531 [main] TRACE - Resolving type for handle stxstringf179type
17:59:23.535 [main] TRACE - Resolving type for handle ctfontfamily685ctype
17:59:23.537 [main] TRACE - Resolving type for handle stfontfamily9c6ctype
17:59:23.541 [main] TRACE - Resolving type for handle ctfontschemebf5dtype
17:59:23.546 [main] TRACE - Resolving type for handle stfontschemef36dtype
17:59:23.548 [main] TRACE - Resolving type for handle ctfill550ctype
17:59:23.553 [main] TRACE - Resolving type for handle ctpatternfill7452type
17:59:23.555 [main] TRACE - Resolving type for handle stpatterntype7939type
17:59:23.555 [main] TRACE - Resolving type for handle ctborderf935type
17:59:23.555 [main] TRACE - Resolving type for handle ctborderpre497type
17:59:23.555 [main] TRACE - Resolving type for handle ctxf97f7type
17:59:23.564 [main] TRACE - Resolving type for handle stnumfmtid76fbtype
17:59:23.569 [main] TRACE - Resolving type for handle stfontid9d63type
17:59:23.569 [main] TRACE - Resolving type for handle stfillida097type
17:59:23.572 [main] TRACE - Resolving type for handle stborderid1a80type
17:59:23.572 [main] TRACE - Resolving type for handle stcellstylexfid70c7type
17:59:23.576 [main] TRACE - Resolving type for handle ctsheet4dbetype
17:59:23.578 [main] TRACE - Resolving type for handle ctworksheet530dtype
17:59:23.587 [main] TRACE - Resolving type for handle ctsheetformatprdef7type
17:59:23.592 [main] TRACE - Resolving type for handle ctsheetviewsb918type
17:59:23.594 [main] TRACE - Resolving type for handle ctsheetview0f43type
17:59:23.601 [main] TRACE - Resolving type for handle ctsheetdimensiond310type
17:59:23.602 [main] TRACE - Resolving type for handle stref90a2type
17:59:23.602 [main] TRACE - Resolving type for handle ctsheetdata8408type
17:59:23.607 [main] TRACE - Resolving type for handle ctpagemargins5455type
17:59:23.611 [main] TRACE - Resolving type for handle ctcols627ctype
17:59:23.613 [main] TRACE - Resolving type for handle strelationshipid1e94type
17:59:23.613 [main] TRACE - Resolving type for handle ctrowdd39type
17:59:23.624 [main] TRACE - Resolving type for handle ctcell842btype
17:59:23.631 [main] TRACE - Resolving type for handle stcellrefe4e0type
17:59:23.636 [main] TRACE - Resolving type for handle ctrsta472type
17:59:23.637 [main] TRACE - Resolving type for handle stcelltypebf95type
17:59:23.804 [main] DEBUG - Save core properties part
17:59:23.804 [main] DEBUG - Save content types part
17:59:23.943 [main] DEBUG - Save package relationships
17:59:23.952 [main] DEBUG - Save part 'docProps/core.xml'
17:59:23.963 [main] DEBUG - Save part 'xl/sharedStrings.xml'
17:59:23.963 [main] DEBUG - Save part 'xl/styles.xml'
17:59:23.971 [main] DEBUG - Save part 'xl/workbook.xml'
17:59:23.971 [main] DEBUG - Save part 'xl/worksheets/sheet1.xml'
18:41:48.695 [main] TRACE - Loading type system org.apache.poi.schemas.ooxml.system.ooxml
18:41:48.706 [main] TRACE - Loading type system org.apache.xmlbeans.metadata.system.sXMLCONFIG
18:41:48.706 [main] TRACE - Loading type system org.apache.xmlbeans.metadata.system.sXMLLANG
18:41:48.706 [main] TRACE - Loading type system org.apache.xmlbeans.metadata.system.sXMLSCHEMA
18:41:48.706 [main] TRACE - Loading type system org.apache.xmlbeans.metadata.system.sXMLTOOLS
18:41:48.706 [main] TRACE - Reading unresolved handles for type system org.apache.xmlbeans.metadata.system.sXMLTOOLS
18:41:48.732 [main] TRACE - Finished loading type system org.apache.xmlbeans.metadata.system.sXMLTOOLS
18:41:48.734 [main] TRACE - Reading unresolved handles for type system org.apache.xmlbeans.metadata.system.sXMLSCHEMA
18:41:48.746 [main] TRACE - Finished loading type system org.apache.xmlbeans.metadata.system.sXMLSCHEMA
18:41:48.746 [main] TRACE - Reading unresolved handles for type system org.apache.xmlbeans.metadata.system.sXMLLANG
18:41:48.746 [main] TRACE - Finished loading type system org.apache.xmlbeans.metadata.system.sXMLLANG
18:41:48.746 [main] TRACE - Reading unresolved handles for type system org.apache.xmlbeans.metadata.system.sXMLCONFIG
18:41:48.746 [main] TRACE - Finished loading type system org.apache.xmlbeans.metadata.system.sXMLCONFIG
18:41:48.753 [main] TRACE - Reading unresolved handles for type system org.apache.poi.schemas.ooxml.system.ooxml
18:41:48.816 [main] TRACE - Finished loading type system org.apache.poi.schemas.ooxml.system.ooxml
18:41:48.819 [main] TRACE - Resolving type for handle ctworkbook83c3type
18:41:48.851 [main] TRACE - Resolving type for handle ctworkbookpr03a5type
18:41:48.858 [main] TRACE - Resolving type for handle ctbookviewsb864type
18:41:48.862 [main] TRACE - Resolving type for handle ctbookviewf677type
18:41:48.866 [main] TRACE - Resolving type for handle ctsheets49fdtype
18:41:48.869 [main] TRACE - Resolving type for handle propertiesee84doctype
18:41:48.876 [main] TRACE - Resolving type for handle ctproperties3f10type
18:41:48.890 [main] TRACE - Resolving type for handle properties288cdoctype
18:41:48.890 [main] TRACE - Resolving type for handle ctproperties2c18type
18:41:48.896 [main] TRACE - Resolving type for handle sstf81fdoctype
18:41:48.896 [main] TRACE - Resolving type for handle ctsst44f3type
18:41:48.905 [main] TRACE - Resolving type for handle stylesheet5d8bdoctype
18:41:48.905 [main] TRACE - Resolving type for handle ctstylesheet4257type
18:41:48.912 [main] TRACE - Resolving type for handle ctfont14d8type
18:41:48.926 [main] TRACE - Resolving type for handle ctfontsizeb3b9type
18:41:48.926 [main] TRACE - Resolving type for handle ctcolord2c2type
18:41:48.936 [main] TRACE - Resolving type for handle ctfontname2dc3type
18:41:48.936 [main] TRACE - Resolving type for handle stxstringf179type
18:41:48.940 [main] TRACE - Resolving type for handle ctfontfamily685ctype
18:41:48.940 [main] TRACE - Resolving type for handle stfontfamily9c6ctype
18:41:48.940 [main] TRACE - Resolving type for handle ctfontschemebf5dtype
18:41:48.946 [main] TRACE - Resolving type for handle stfontschemef36dtype
18:41:48.946 [main] TRACE - Resolving type for handle ctfill550ctype
18:41:48.946 [main] TRACE - Resolving type for handle ctpatternfill7452type
18:41:48.951 [main] TRACE - Resolving type for handle stpatterntype7939type
18:41:48.952 [main] TRACE - Resolving type for handle ctborderf935type
18:41:48.955 [main] TRACE - Resolving type for handle ctborderpre497type
18:41:48.955 [main] TRACE - Resolving type for handle ctxf97f7type
18:41:48.955 [main] TRACE - Resolving type for handle stnumfmtid76fbtype
18:41:48.955 [main] TRACE - Resolving type for handle stfontid9d63type
18:41:48.963 [main] TRACE - Resolving type for handle stfillida097type
18:41:48.963 [main] TRACE - Resolving type for handle stborderid1a80type
18:41:48.966 [main] TRACE - Resolving type for handle stcellstylexfid70c7type
18:41:48.968 [main] TRACE - Resolving type for handle ctsheet4dbetype
18:41:48.975 [main] TRACE - Resolving type for handle ctworksheet530dtype
18:41:48.979 [main] TRACE - Resolving type for handle ctsheetformatprdef7type
18:41:48.996 [main] TRACE - Resolving type for handle ctsheetviewsb918type
18:41:48.998 [main] TRACE - Resolving type for handle ctsheetview0f43type
18:41:49.003 [main] TRACE - Resolving type for handle ctsheetdimensiond310type
18:41:49.004 [main] TRACE - Resolving type for handle stref90a2type
18:41:49.005 [main] TRACE - Resolving type for handle ctsheetdata8408type
18:41:49.007 [main] TRACE - Resolving type for handle ctpagemargins5455type
18:41:49.011 [main] TRACE - Resolving type for handle ctcols627ctype
18:41:49.012 [main] TRACE - Resolving type for handle strelationshipid1e94type
18:41:49.013 [main] TRACE - Resolving type for handle ctrowdd39type
18:41:49.018 [main] TRACE - Resolving type for handle ctcell842btype
18:41:49.024 [main] TRACE - Resolving type for handle stcellrefe4e0type
18:41:49.027 [main] TRACE - Resolving type for handle ctrsta472type
18:41:49.029 [main] TRACE - Resolving type for handle stcelltypebf95type
18:41:49.236 [main] DEBUG - Save core properties part
18:41:49.236 [main] DEBUG - Save content types part
18:41:49.354 [main] DEBUG - Save package relationships
18:41:49.357 [main] DEBUG - Save part 'docProps/core.xml'
18:41:49.370 [main] DEBUG - Save part 'xl/sharedStrings.xml'
18:41:49.370 [main] DEBUG - Save part 'xl/styles.xml'
18:41:49.376 [main] DEBUG - Save part 'xl/workbook.xml'
18:41:49.378 [main] DEBUG - Save part 'xl/worksheets/sheet1.xml'
18:49:04.010 [main] TRACE - Loading type system org.apache.poi.schemas.ooxml.system.ooxml
18:49:04.011 [main] TRACE - Loading type system org.apache.xmlbeans.metadata.system.sXMLCONFIG
18:49:04.020 [main] TRACE - Loading type system org.apache.xmlbeans.metadata.system.sXMLLANG
18:49:04.020 [main] TRACE - Loading type system org.apache.xmlbeans.metadata.system.sXMLSCHEMA
18:49:04.020 [main] TRACE - Loading type system org.apache.xmlbeans.metadata.system.sXMLTOOLS
18:49:04.024 [main] TRACE - Reading unresolved handles for type system org.apache.xmlbeans.metadata.system.sXMLTOOLS
18:49:04.045 [main] TRACE - Finished loading type system org.apache.xmlbeans.metadata.system.sXMLTOOLS
18:49:04.045 [main] TRACE - Reading unresolved handles for type system org.apache.xmlbeans.metadata.system.sXMLSCHEMA
18:49:04.057 [main] TRACE - Finished loading type system org.apache.xmlbeans.metadata.system.sXMLSCHEMA
18:49:04.057 [main] TRACE - Reading unresolved handles for type system org.apache.xmlbeans.metadata.system.sXMLLANG
18:49:04.057 [main] TRACE - Finished loading type system org.apache.xmlbeans.metadata.system.sXMLLANG
18:49:04.063 [main] TRACE - Reading unresolved handles for type system org.apache.xmlbeans.metadata.system.sXMLCONFIG
18:49:04.063 [main] TRACE - Finished loading type system org.apache.xmlbeans.metadata.system.sXMLCONFIG
18:49:04.063 [main] TRACE - Reading unresolved handles for type system org.apache.poi.schemas.ooxml.system.ooxml
18:49:04.167 [main] TRACE - Finished loading type system org.apache.poi.schemas.ooxml.system.ooxml
18:49:04.168 [main] TRACE - Resolving type for handle ctworkbook83c3type
18:49:04.238 [main] TRACE - Resolving type for handle ctworkbookpr03a5type
18:49:04.254 [main] TRACE - Resolving type for handle ctbookviewsb864type
18:49:04.254 [main] TRACE - Resolving type for handle ctbookviewf677type
18:49:04.254 [main] TRACE - Resolving type for handle ctsheets49fdtype
18:49:04.270 [main] TRACE - Resolving type for handle propertiesee84doctype
18:49:04.273 [main] TRACE - Resolving type for handle ctproperties3f10type
18:49:04.286 [main] TRACE - Resolving type for handle properties288cdoctype
18:49:04.286 [main] TRACE - Resolving type for handle ctproperties2c18type
18:49:04.289 [main] TRACE - Resolving type for handle sstf81fdoctype
18:49:04.289 [main] TRACE - Resolving type for handle ctsst44f3type
18:49:04.302 [main] TRACE - Resolving type for handle stylesheet5d8bdoctype
18:49:04.302 [main] TRACE - Resolving type for handle ctstylesheet4257type
18:49:04.302 [main] TRACE - Resolving type for handle ctfont14d8type
18:49:04.318 [main] TRACE - Resolving type for handle ctfontsizeb3b9type
18:49:04.334 [main] TRACE - Resolving type for handle ctcolord2c2type
18:49:04.334 [main] TRACE - Resolving type for handle ctfontname2dc3type
18:49:04.334 [main] TRACE - Resolving type for handle stxstringf179type
18:49:04.334 [main] TRACE - Resolving type for handle ctfontfamily685ctype
18:49:04.334 [main] TRACE - Resolving type for handle stfontfamily9c6ctype
18:49:04.350 [main] TRACE - Resolving type for handle ctfontschemebf5dtype
18:49:04.350 [main] TRACE - Resolving type for handle stfontschemef36dtype
18:49:04.359 [main] TRACE - Resolving type for handle ctfill550ctype
18:49:04.359 [main] TRACE - Resolving type for handle ctpatternfill7452type
18:49:04.366 [main] TRACE - Resolving type for handle stpatterntype7939type
18:49:04.366 [main] TRACE - Resolving type for handle ctborderf935type
18:49:04.366 [main] TRACE - Resolving type for handle ctborderpre497type
18:49:04.366 [main] TRACE - Resolving type for handle ctxf97f7type
18:49:04.382 [main] TRACE - Resolving type for handle stnumfmtid76fbtype
18:49:04.382 [main] TRACE - Resolving type for handle stfontid9d63type
18:49:04.390 [main] TRACE - Resolving type for handle stfillida097type
18:49:04.392 [main] TRACE - Resolving type for handle stborderid1a80type
18:49:04.394 [main] TRACE - Resolving type for handle stcellstylexfid70c7type
18:49:04.394 [main] TRACE - Resolving type for handle ctsheet4dbetype
18:49:04.406 [main] TRACE - Resolving type for handle ctworksheet530dtype
18:49:04.406 [main] TRACE - Resolving type for handle ctsheetformatprdef7type
18:49:04.422 [main] TRACE - Resolving type for handle ctsheetviewsb918type
18:49:04.434 [main] TRACE - Resolving type for handle ctsheetview0f43type
18:49:04.438 [main] TRACE - Resolving type for handle ctsheetdimensiond310type
18:49:04.438 [main] TRACE - Resolving type for handle stref90a2type
18:49:04.438 [main] TRACE - Resolving type for handle ctsheetdata8408type
18:49:04.454 [main] TRACE - Resolving type for handle ctpagemargins5455type
18:49:04.454 [main] TRACE - Resolving type for handle ctcols627ctype
18:49:04.454 [main] TRACE - Resolving type for handle strelationshipid1e94type
18:49:04.469 [main] TRACE - Resolving type for handle ctrowdd39type
18:49:04.469 [main] TRACE - Resolving type for handle ctcell842btype
18:49:04.485 [main] TRACE - Resolving type for handle stcellrefe4e0type
18:49:04.485 [main] TRACE - Resolving type for handle ctrsta472type
18:49:04.485 [main] TRACE - Resolving type for handle stcelltypebf95type
18:49:04.876 [main] DEBUG - Save core properties part
18:49:04.876 [main] DEBUG - Save content types part
18:49:05.039 [main] DEBUG - Save package relationships
18:49:05.050 [main] DEBUG - Save part 'docProps/core.xml'
18:49:05.067 [main] DEBUG - Save part 'xl/sharedStrings.xml'
18:49:05.067 [main] DEBUG - Save part 'xl/styles.xml'
18:49:05.073 [main] DEBUG - Save part 'xl/workbook.xml'
18:49:05.080 [main] DEBUG - Save part 'xl/worksheets/sheet1.xml'
18:50:32.957 [main] TRACE - Loading type system org.apache.poi.schemas.ooxml.system.ooxml
18:50:32.957 [main] TRACE - Loading type system org.apache.xmlbeans.metadata.system.sXMLCONFIG
18:50:32.969 [main] TRACE - Loading type system org.apache.xmlbeans.metadata.system.sXMLLANG
18:50:32.969 [main] TRACE - Loading type system org.apache.xmlbeans.metadata.system.sXMLSCHEMA
18:50:32.969 [main] TRACE - Loading type system org.apache.xmlbeans.metadata.system.sXMLTOOLS
18:50:32.969 [main] TRACE - Reading unresolved handles for type system org.apache.xmlbeans.metadata.system.sXMLTOOLS
18:50:32.990 [main] TRACE - Finished loading type system org.apache.xmlbeans.metadata.system.sXMLTOOLS
18:50:32.990 [main] TRACE - Reading unresolved handles for type system org.apache.xmlbeans.metadata.system.sXMLSCHEMA
18:50:33.006 [main] TRACE - Finished loading type system org.apache.xmlbeans.metadata.system.sXMLSCHEMA
18:50:33.006 [main] TRACE - Reading unresolved handles for type system org.apache.xmlbeans.metadata.system.sXMLLANG
18:50:33.006 [main] TRACE - Finished loading type system org.apache.xmlbeans.metadata.system.sXMLLANG
18:50:33.006 [main] TRACE - Reading unresolved handles for type system org.apache.xmlbeans.metadata.system.sXMLCONFIG
18:50:33.006 [main] TRACE - Finished loading type system org.apache.xmlbeans.metadata.system.sXMLCONFIG
18:50:33.006 [main] TRACE - Reading unresolved handles for type system org.apache.poi.schemas.ooxml.system.ooxml
18:50:33.112 [main] TRACE - Finished loading type system org.apache.poi.schemas.ooxml.system.ooxml
18:50:33.112 [main] TRACE - Resolving type for handle ctworkbook83c3type
18:50:33.184 [main] TRACE - Resolving type for handle ctworkbookpr03a5type
18:50:33.200 [main] TRACE - Resolving type for handle ctbookviewsb864type
18:50:33.200 [main] TRACE - Resolving type for handle ctbookviewf677type
18:50:33.214 [main] TRACE - Resolving type for handle ctsheets49fdtype
18:50:33.214 [main] TRACE - Resolving type for handle propertiesee84doctype
18:50:33.214 [main] TRACE - Resolving type for handle ctproperties3f10type
18:50:33.237 [main] TRACE - Resolving type for handle properties288cdoctype
18:50:33.237 [main] TRACE - Resolving type for handle ctproperties2c18type
18:50:33.246 [main] TRACE - Resolving type for handle sstf81fdoctype
18:50:33.246 [main] TRACE - Resolving type for handle ctsst44f3type
18:50:33.262 [main] TRACE - Resolving type for handle stylesheet5d8bdoctype
18:50:33.262 [main] TRACE - Resolving type for handle ctstylesheet4257type
18:50:33.271 [main] TRACE - Resolving type for handle ctfont14d8type
18:50:33.284 [main] TRACE - Resolving type for handle ctfontsizeb3b9type
18:50:33.284 [main] TRACE - Resolving type for handle ctcolord2c2type
18:50:33.296 [main] TRACE - Resolving type for handle ctfontname2dc3type
18:50:33.299 [main] TRACE - Resolving type for handle stxstringf179type
18:50:33.299 [main] TRACE - Resolving type for handle ctfontfamily685ctype
18:50:33.299 [main] TRACE - Resolving type for handle stfontfamily9c6ctype
18:50:33.310 [main] TRACE - Resolving type for handle ctfontschemebf5dtype
18:50:33.310 [main] TRACE - Resolving type for handle stfontschemef36dtype
18:50:33.315 [main] TRACE - Resolving type for handle ctfill550ctype
18:50:33.315 [main] TRACE - Resolving type for handle ctpatternfill7452type
18:50:33.330 [main] TRACE - Resolving type for handle stpatterntype7939type
18:50:33.330 [main] TRACE - Resolving type for handle ctborderf935type
18:50:33.330 [main] TRACE - Resolving type for handle ctborderpre497type
18:50:33.346 [main] TRACE - Resolving type for handle ctxf97f7type
18:50:33.348 [main] TRACE - Resolving type for handle stnumfmtid76fbtype
18:50:33.348 [main] TRACE - Resolving type for handle stfontid9d63type
18:50:33.348 [main] TRACE - Resolving type for handle stfillida097type
18:50:33.348 [main] TRACE - Resolving type for handle stborderid1a80type
18:50:33.359 [main] TRACE - Resolving type for handle stcellstylexfid70c7type
18:50:33.365 [main] TRACE - Resolving type for handle ctsheet4dbetype
18:50:33.373 [main] TRACE - Resolving type for handle ctworksheet530dtype
18:50:33.384 [main] TRACE - Resolving type for handle ctsheetformatprdef7type
18:50:33.391 [main] TRACE - Resolving type for handle ctsheetviewsb918type
18:50:33.399 [main] TRACE - Resolving type for handle ctsheetview0f43type
18:50:33.409 [main] TRACE - Resolving type for handle ctsheetdimensiond310type
18:50:33.409 [main] TRACE - Resolving type for handle stref90a2type
18:50:33.409 [main] TRACE - Resolving type for handle ctsheetdata8408type
18:50:33.409 [main] TRACE - Resolving type for handle ctpagemargins5455type
18:50:33.428 [main] TRACE - Resolving type for handle ctcols627ctype
18:50:33.428 [main] TRACE - Resolving type for handle strelationshipid1e94type
18:50:33.436 [main] TRACE - Resolving type for handle ctrowdd39type
18:50:33.444 [main] TRACE - Resolving type for handle ctcell842btype
18:50:33.452 [main] TRACE - Resolving type for handle stcellrefe4e0type
18:50:33.452 [main] TRACE - Resolving type for handle ctrsta472type
18:50:33.452 [main] TRACE - Resolving type for handle stcelltypebf95type
18:50:33.824 [main] DEBUG - Save core properties part
18:50:33.824 [main] DEBUG - Save content types part
18:50:33.990 [main] DEBUG - Save package relationships
18:50:33.990 [main] DEBUG - Save part 'docProps/core.xml'
18:50:34.016 [main] DEBUG - Save part 'xl/sharedStrings.xml'
18:50:34.016 [main] DEBUG - Save part 'xl/styles.xml'
18:50:34.025 [main] DEBUG - Save part 'xl/workbook.xml'
18:50:34.025 [main] DEBUG - Save part 'xl/worksheets/sheet1.xml'
18:57:10.755 [main] TRACE - Loading type system org.apache.poi.schemas.ooxml.system.ooxml
18:57:10.762 [main] TRACE - Loading type system org.apache.xmlbeans.metadata.system.sXMLCONFIG
18:57:10.762 [main] TRACE - Loading type system org.apache.xmlbeans.metadata.system.sXMLLANG
18:57:10.762 [main] TRACE - Loading type system org.apache.xmlbeans.metadata.system.sXMLSCHEMA
18:57:10.771 [main] TRACE - Loading type system org.apache.xmlbeans.metadata.system.sXMLTOOLS
18:57:10.774 [main] TRACE - Reading unresolved handles for type system org.apache.xmlbeans.metadata.system.sXMLTOOLS
18:57:10.802 [main] TRACE - Finished loading type system org.apache.xmlbeans.metadata.system.sXMLTOOLS
18:57:10.806 [main] TRACE - Reading unresolved handles for type system org.apache.xmlbeans.metadata.system.sXMLSCHEMA
18:57:10.813 [main] TRACE - Finished loading type system org.apache.xmlbeans.metadata.system.sXMLSCHEMA
18:57:10.817 [main] TRACE - Reading unresolved handles for type system org.apache.xmlbeans.metadata.system.sXMLLANG
18:57:10.818 [main] TRACE - Finished loading type system org.apache.xmlbeans.metadata.system.sXMLLANG
18:57:10.820 [main] TRACE - Reading unresolved handles for type system org.apache.xmlbeans.metadata.system.sXMLCONFIG
18:57:10.821 [main] TRACE - Finished loading type system org.apache.xmlbeans.metadata.system.sXMLCONFIG
18:57:10.823 [main] TRACE - Reading unresolved handles for type system org.apache.poi.schemas.ooxml.system.ooxml
18:57:10.921 [main] TRACE - Finished loading type system org.apache.poi.schemas.ooxml.system.ooxml
18:57:10.921 [main] TRACE - Resolving type for handle ctworkbook83c3type
18:57:10.978 [main] TRACE - Resolving type for handle ctworkbookpr03a5type
18:57:10.995 [main] TRACE - Resolving type for handle ctbookviewsb864type
18:57:10.995 [main] TRACE - Resolving type for handle ctbookviewf677type
18:57:11.011 [main] TRACE - Resolving type for handle ctsheets49fdtype
18:57:11.016 [main] TRACE - Resolving type for handle propertiesee84doctype
18:57:11.016 [main] TRACE - Resolving type for handle ctproperties3f10type
18:57:11.028 [main] TRACE - Resolving type for handle properties288cdoctype
18:57:11.031 [main] TRACE - Resolving type for handle ctproperties2c18type
18:57:11.042 [main] TRACE - Resolving type for handle sstf81fdoctype
18:57:11.044 [main] TRACE - Resolving type for handle ctsst44f3type
18:57:11.052 [main] TRACE - Resolving type for handle stylesheet5d8bdoctype
18:57:11.054 [main] TRACE - Resolving type for handle ctstylesheet4257type
18:57:11.056 [main] TRACE - Resolving type for handle ctfont14d8type
18:57:11.072 [main] TRACE - Resolving type for handle ctfontsizeb3b9type
18:57:11.072 [main] TRACE - Resolving type for handle ctcolord2c2type
18:57:11.084 [main] TRACE - Resolving type for handle ctfontname2dc3type
18:57:11.087 [main] TRACE - Resolving type for handle stxstringf179type
18:57:11.089 [main] TRACE - Resolving type for handle ctfontfamily685ctype
18:57:11.089 [main] TRACE - Resolving type for handle stfontfamily9c6ctype
18:57:11.098 [main] TRACE - Resolving type for handle ctfontschemebf5dtype
18:57:11.106 [main] TRACE - Resolving type for handle stfontschemef36dtype
18:57:11.110 [main] TRACE - Resolving type for handle ctfill550ctype
18:57:11.110 [main] TRACE - Resolving type for handle ctpatternfill7452type
18:57:11.119 [main] TRACE - Resolving type for handle stpatterntype7939type
18:57:11.124 [main] TRACE - Resolving type for handle ctborderf935type
18:57:11.124 [main] TRACE - Resolving type for handle ctborderpre497type
18:57:11.135 [main] TRACE - Resolving type for handle ctxf97f7type
18:57:11.135 [main] TRACE - Resolving type for handle stnumfmtid76fbtype
18:57:11.142 [main] TRACE - Resolving type for handle stfontid9d63type
18:57:11.146 [main] TRACE - Resolving type for handle stfillida097type
18:57:11.146 [main] TRACE - Resolving type for handle stborderid1a80type
18:57:11.151 [main] TRACE - Resolving type for handle stcellstylexfid70c7type
18:57:11.161 [main] TRACE - Resolving type for handle ctsheet4dbetype
18:57:11.169 [main] TRACE - Resolving type for handle ctworksheet530dtype
18:57:11.183 [main] TRACE - Resolving type for handle ctsheetformatprdef7type
18:57:11.193 [main] TRACE - Resolving type for handle ctsheetviewsb918type
18:57:11.197 [main] TRACE - Resolving type for handle ctsheetview0f43type
18:57:11.205 [main] TRACE - Resolving type for handle ctsheetdimensiond310type
18:57:11.208 [main] TRACE - Resolving type for handle stref90a2type
18:57:11.211 [main] TRACE - Resolving type for handle ctsheetdata8408type
18:57:11.214 [main] TRACE - Resolving type for handle ctpagemargins5455type
18:57:11.223 [main] TRACE - Resolving type for handle ctcols627ctype
18:57:11.229 [main] TRACE - Resolving type for handle strelationshipid1e94type
18:57:11.232 [main] TRACE - Resolving type for handle ctrowdd39type
18:57:11.240 [main] TRACE - Resolving type for handle ctcell842btype
18:57:11.244 [main] TRACE - Resolving type for handle stcellrefe4e0type
