13:20:52.831 [main] TRACE - Resolving type for handle ctworkbookpr03a5type
13:20:52.865 [main] TRACE - Resolving type for handle ctbookviewsb864type
13:20:52.865 [main] TRACE - Resolving type for handle ctbookviewf677type
13:20:52.880 [main] TRACE - Resolving type for handle ctsheets49fdtype
13:20:52.892 [main] TRACE - Resolving type for handle propertiesee84doctype
13:20:52.908 [main] TRACE - Resolving type for handle ctproperties3f10type
13:20:52.914 [main] TRACE - Resolving type for handle properties288cdoctype
13:20:52.914 [main] TRACE - Resolving type for handle ctproperties2c18type
13:20:52.936 [main] TRACE - Resolving type for handle sstf81fdoctype
13:20:52.938 [main] TRACE - Resolving type for handle ctsst44f3type
13:20:52.946 [main] TRACE - Resolving type for handle stylesheet5d8bdoctype
13:20:52.950 [main] TRACE - Resolving type for handle ctstylesheet4257type
13:20:52.958 [main] TRACE - Resolving type for handle ctfont14d8type
13:20:52.963 [main] TRACE - Resolving type for handle ctfontsizeb3b9type
13:20:52.980 [main] TRACE - Resolving type for handle ctcolord2c2type
13:20:52.988 [main] TRACE - Resolving type for handle ctfontname2dc3type
13:20:52.988 [main] TRACE - Resolving type for handle stxstringf179type
13:20:52.997 [main] TRACE - Resolving type for handle ctfontfamily685ctype
13:20:52.997 [main] TRACE - Resolving type for handle stfontfamily9c6ctype
13:20:52.997 [main] TRACE - Resolving type for handle ctfontschemebf5dtype
13:20:53.014 [main] TRACE - Resolving type for handle stfontschemef36dtype
13:20:53.018 [main] TRACE - Resolving type for handle ctfill550ctype
13:20:53.019 [main] TRACE - Resolving type for handle ctpatternfill7452type
13:20:53.023 [main] TRACE - Resolving type for handle stpatterntype7939type
13:20:53.025 [main] TRACE - Resolving type for handle ctborderf935type
13:20:53.030 [main] TRACE - Resolving type for handle ctborderpre497type
13:20:53.036 [main] TRACE - Resolving type for handle ctxf97f7type
13:20:53.038 [main] TRACE - Resolving type for handle stnumfmtid76fbtype
13:20:53.040 [main] TRACE - Resolving type for handle stfontid9d63type
13:20:53.042 [main] TRACE - Resolving type for handle stfillida097type
13:20:53.043 [main] TRACE - Resolving type for handle stborderid1a80type
13:20:53.045 [main] TRACE - Resolving type for handle stcellstylexfid70c7type
13:20:53.051 [main] TRACE - Resolving type for handle ctsheet4dbetype
13:20:53.051 [main] TRACE - Resolving type for handle ctworksheet530dtype
13:20:53.063 [main] TRACE - Resolving type for handle ctsheetformatprdef7type
13:20:53.063 [main] TRACE - Resolving type for handle ctsheetviewsb918type
13:20:53.063 [main] TRACE - Resolving type for handle ctsheetview0f43type
13:20:53.063 [main] TRACE - Resolving type for handle ctsheetdimensiond310type
13:20:53.079 [main] TRACE - Resolving type for handle stref90a2type
13:20:53.080 [main] TRACE - Resolving type for handle ctsheetdata8408type
13:20:53.083 [main] TRACE - Resolving type for handle ctpagemargins5455type
13:20:53.088 [main] TRACE - Resolving type for handle ctcols627ctype
13:20:53.091 [main] TRACE - Resolving type for handle strelationshipid1e94type
13:20:53.093 [main] TRACE - Resolving type for handle ctrowdd39type
13:20:53.097 [main] TRACE - Resolving type for handle ctcell842btype
13:20:53.097 [main] TRACE - Resolving type for handle stcellrefe4e0type
13:20:53.097 [main] TRACE - Resolving type for handle ctrsta472type
13:20:53.097 [main] TRACE - Resolving type for handle stcelltypebf95type
13:20:53.274 [main] DEBUG - Save core properties part
13:20:53.275 [main] DEBUG - Save content types part
13:20:53.410 [main] DEBUG - Save package relationships
13:20:53.417 [main] DEBUG - Save part 'docProps/core.xml'
13:20:53.430 [main] DEBUG - Save part 'xl/sharedStrings.xml'
13:20:53.430 [main] DEBUG - Save part 'xl/styles.xml'
13:20:53.448 [main] DEBUG - Save part 'xl/workbook.xml'
13:20:53.451 [main] DEBUG - Save part 'xl/worksheets/sheet1.xml'
13:21:51.122 [main] INFO  - Goto crm URL 
13:21:57.503 [main] TRACE - Loading type system org.apache.poi.schemas.ooxml.system.ooxml
13:21:57.520 [main] TRACE - Loading type system org.apache.xmlbeans.metadata.system.sXMLCONFIG
13:21:57.520 [main] TRACE - Loading type system org.apache.xmlbeans.metadata.system.sXMLLANG
13:21:57.520 [main] TRACE - Loading type system org.apache.xmlbeans.metadata.system.sXMLSCHEMA
13:21:57.520 [main] TRACE - Loading type system org.apache.xmlbeans.metadata.system.sXMLTOOLS
13:21:57.520 [main] TRACE - Reading unresolved handles for type system org.apache.xmlbeans.metadata.system.sXMLTOOLS
13:21:57.536 [main] TRACE - Finished loading type system org.apache.xmlbeans.metadata.system.sXMLTOOLS
13:21:57.536 [main] TRACE - Reading unresolved handles for type system org.apache.xmlbeans.metadata.system.sXMLSCHEMA
13:21:57.553 [main] TRACE - Finished loading type system org.apache.xmlbeans.metadata.system.sXMLSCHEMA
13:21:57.553 [main] TRACE - Reading unresolved handles for type system org.apache.xmlbeans.metadata.system.sXMLLANG
13:21:57.553 [main] TRACE - Finished loading type system org.apache.xmlbeans.metadata.system.sXMLLANG
13:21:57.553 [main] TRACE - Reading unresolved handles for type system org.apache.xmlbeans.metadata.system.sXMLCONFIG
13:21:57.569 [main] TRACE - Finished loading type system org.apache.xmlbeans.metadata.system.sXMLCONFIG
13:21:57.571 [main] TRACE - Reading unresolved handles for type system org.apache.poi.schemas.ooxml.system.ooxml
13:21:57.652 [main] TRACE - Finished loading type system org.apache.poi.schemas.ooxml.system.ooxml
13:21:57.653 [main] TRACE - Resolving type for handle ctworkbook83c3type
13:21:57.686 [main] TRACE - Resolving type for handle ctworkbookpr03a5type
13:21:57.686 [main] TRACE - Resolving type for handle ctbookviewsb864type
13:21:57.702 [main] TRACE - Resolving type for handle ctbookviewf677type
13:21:57.705 [main] TRACE - Resolving type for handle ctsheets49fdtype
13:21:57.705 [main] TRACE - Resolving type for handle propertiesee84doctype
13:21:57.705 [main] TRACE - Resolving type for handle ctproperties3f10type
13:21:57.719 [main] TRACE - Resolving type for handle properties288cdoctype
13:21:57.719 [main] TRACE - Resolving type for handle ctproperties2c18type
13:21:57.719 [main] TRACE - Resolving type for handle sstf81fdoctype
13:21:57.719 [main] TRACE - Resolving type for handle ctsst44f3type
13:21:57.736 [main] TRACE - Resolving type for handle stylesheet5d8bdoctype
13:21:57.736 [main] TRACE - Resolving type for handle ctstylesheet4257type
13:21:57.736 [main] TRACE - Resolving type for handle ctfont14d8type
13:21:57.752 [main] TRACE - Resolving type for handle ctfontsizeb3b9type
13:21:57.753 [main] TRACE - Resolving type for handle ctcolord2c2type
13:21:57.753 [main] TRACE - Resolving type for handle ctfontname2dc3type
13:21:57.753 [main] TRACE - Resolving type for handle stxstringf179type
13:21:57.753 [main] TRACE - Resolving type for handle ctfontfamily685ctype
13:21:57.753 [main] TRACE - Resolving type for handle stfontfamily9c6ctype
13:21:57.753 [main] TRACE - Resolving type for handle ctfontschemebf5dtype
13:21:57.768 [main] TRACE - Resolving type for handle stfontschemef36dtype
13:21:57.771 [main] TRACE - Resolving type for handle ctfill550ctype
13:21:57.771 [main] TRACE - Resolving type for handle ctpatternfill7452type
13:21:57.771 [main] TRACE - Resolving type for handle stpatterntype7939type
13:21:57.771 [main] TRACE - Resolving type for handle ctborderf935type
13:21:57.771 [main] TRACE - Resolving type for handle ctborderpre497type
13:21:57.771 [main] TRACE - Resolving type for handle ctxf97f7type
13:21:57.786 [main] TRACE - Resolving type for handle stnumfmtid76fbtype
13:21:57.786 [main] TRACE - Resolving type for handle stfontid9d63type
13:21:57.786 [main] TRACE - Resolving type for handle stfillida097type
13:21:57.786 [main] TRACE - Resolving type for handle stborderid1a80type
13:21:57.786 [main] TRACE - Resolving type for handle stcellstylexfid70c7type
13:21:57.786 [main] TRACE - Resolving type for handle ctsheet4dbetype
13:21:57.803 [main] TRACE - Resolving type for handle ctworksheet530dtype
13:21:57.803 [main] TRACE - Resolving type for handle ctsheetformatprdef7type
13:21:57.818 [main] TRACE - Resolving type for handle ctsheetviewsb918type
13:21:57.819 [main] TRACE - Resolving type for handle ctsheetview0f43type
13:21:57.819 [main] TRACE - Resolving type for handle ctsheetdimensiond310type
13:21:57.819 [main] TRACE - Resolving type for handle stref90a2type
13:21:57.819 [main] TRACE - Resolving type for handle ctsheetdata8408type
13:21:57.819 [main] TRACE - Resolving type for handle ctpagemargins5455type
13:21:57.819 [main] TRACE - Resolving type for handle ctcols627ctype
13:21:57.834 [main] TRACE - Resolving type for handle strelationshipid1e94type
13:21:57.836 [main] TRACE - Resolving type for handle ctrowdd39type
13:21:57.836 [main] TRACE - Resolving type for handle ctcell842btype
13:21:57.836 [main] TRACE - Resolving type for handle stcellrefe4e0type
13:21:57.836 [main] TRACE - Resolving type for handle ctrsta472type
13:21:57.836 [main] TRACE - Resolving type for handle stcelltypebf95type
13:21:58.024 [main] DEBUG - Save core properties part
13:21:58.024 [main] DEBUG - Save content types part
13:21:58.152 [main] DEBUG - Save package relationships
13:21:58.152 [main] DEBUG - Save part 'docProps/core.xml'
13:21:58.186 [main] DEBUG - Save part 'xl/sharedStrings.xml'
13:21:58.186 [main] DEBUG - Save part 'xl/styles.xml'
13:21:58.186 [main] DEBUG - Save part 'xl/workbook.xml'
13:21:58.186 [main] DEBUG - Save part 'xl/worksheets/sheet1.xml'
14:19:32.130 [main] INFO  - Goto crm URL 
14:19:39.216 [main] TRACE - Loading type system org.apache.poi.schemas.ooxml.system.ooxml
14:19:39.225 [main] TRACE - Loading type system org.apache.xmlbeans.metadata.system.sXMLCONFIG
14:19:39.228 [main] TRACE - Loading type system org.apache.xmlbeans.metadata.system.sXMLLANG
14:19:39.228 [main] TRACE - Loading type system org.apache.xmlbeans.metadata.system.sXMLSCHEMA
14:19:39.228 [main] TRACE - Loading type system org.apache.xmlbeans.metadata.system.sXMLTOOLS
14:19:39.228 [main] TRACE - Reading unresolved handles for type system org.apache.xmlbeans.metadata.system.sXMLTOOLS
14:19:39.262 [main] TRACE - Finished loading type system org.apache.xmlbeans.metadata.system.sXMLTOOLS
14:19:39.265 [main] TRACE - Reading unresolved handles for type system org.apache.xmlbeans.metadata.system.sXMLSCHEMA
14:19:39.277 [main] TRACE - Finished loading type system org.apache.xmlbeans.metadata.system.sXMLSCHEMA
14:19:39.281 [main] TRACE - Reading unresolved handles for type system org.apache.xmlbeans.metadata.system.sXMLLANG
14:19:39.281 [main] TRACE - Finished loading type system org.apache.xmlbeans.metadata.system.sXMLLANG
14:19:39.281 [main] TRACE - Reading unresolved handles for type system org.apache.xmlbeans.metadata.system.sXMLCONFIG
14:19:39.281 [main] TRACE - Finished loading type system org.apache.xmlbeans.metadata.system.sXMLCONFIG
14:19:39.281 [main] TRACE - Reading unresolved handles for type system org.apache.poi.schemas.ooxml.system.ooxml
14:19:39.365 [main] TRACE - Finished loading type system org.apache.poi.schemas.ooxml.system.ooxml
14:19:39.365 [main] TRACE - Resolving type for handle ctworkbook83c3type
14:19:39.417 [main] TRACE - Resolving type for handle ctworkbookpr03a5type
14:19:39.437 [main] TRACE - Resolving type for handle ctbookviewsb864type
14:19:39.441 [main] TRACE - Resolving type for handle ctbookviewf677type
14:19:39.449 [main] TRACE - Resolving type for handle ctsheets49fdtype
14:19:39.458 [main] TRACE - Resolving type for handle propertiesee84doctype
14:19:39.461 [main] TRACE - Resolving type for handle ctproperties3f10type
14:19:39.472 [main] TRACE - Resolving type for handle properties288cdoctype
14:19:39.475 [main] TRACE - Resolving type for handle ctproperties2c18type
14:19:39.478 [main] TRACE - Resolving type for handle sstf81fdoctype
14:19:39.478 [main] TRACE - Resolving type for handle ctsst44f3type
14:19:39.494 [main] TRACE - Resolving type for handle stylesheet5d8bdoctype
14:19:39.494 [main] TRACE - Resolving type for handle ctstylesheet4257type
14:19:39.498 [main] TRACE - Resolving type for handle ctfont14d8type
14:19:39.511 [main] TRACE - Resolving type for handle ctfontsizeb3b9type
14:19:39.517 [main] TRACE - Resolving type for handle ctcolord2c2type
14:19:39.523 [main] TRACE - Resolving type for handle ctfontname2dc3type
14:19:39.528 [main] TRACE - Resolving type for handle stxstringf179type
14:19:39.529 [main] TRACE - Resolving type for handle ctfontfamily685ctype
14:19:39.529 [main] TRACE - Resolving type for handle stfontfamily9c6ctype
14:19:39.539 [main] TRACE - Resolving type for handle ctfontschemebf5dtype
14:19:39.544 [main] TRACE - Resolving type for handle stfontschemef36dtype
14:19:39.550 [main] TRACE - Resolving type for handle ctfill550ctype
14:19:39.550 [main] TRACE - Resolving type for handle ctpatternfill7452type
14:19:39.560 [main] TRACE - Resolving type for handle stpatterntype7939type
14:19:39.563 [main] TRACE - Resolving type for handle ctborderf935type
14:19:39.569 [main] TRACE - Resolving type for handle ctborderpre497type
14:19:39.578 [main] TRACE - Resolving type for handle ctxf97f7type
14:19:39.580 [main] TRACE - Resolving type for handle stnumfmtid76fbtype
14:19:39.580 [main] TRACE - Resolving type for handle stfontid9d63type
14:19:39.580 [main] TRACE - Resolving type for handle stfillida097type
14:19:39.588 [main] TRACE - Resolving type for handle stborderid1a80type
14:19:39.593 [main] TRACE - Resolving type for handle stcellstylexfid70c7type
14:19:39.597 [main] TRACE - Resolving type for handle ctsheet4dbetype
14:19:39.607 [main] TRACE - Resolving type for handle ctworksheet530dtype
14:19:39.614 [main] TRACE - Resolving type for handle ctsheetformatprdef7type
14:19:39.623 [main] TRACE - Resolving type for handle ctsheetviewsb918type
14:19:39.628 [main] TRACE - Resolving type for handle ctsheetview0f43type
14:19:39.637 [main] TRACE - Resolving type for handle ctsheetdimensiond310type
14:19:39.640 [main] TRACE - Resolving type for handle stref90a2type
14:19:39.641 [main] TRACE - Resolving type for handle ctsheetdata8408type
14:19:39.645 [main] TRACE - Resolving type for handle ctpagemargins5455type
14:19:39.653 [main] TRACE - Resolving type for handle ctcols627ctype
14:19:39.661 [main] TRACE - Resolving type for handle strelationshipid1e94type
14:19:39.661 [main] TRACE - Resolving type for handle ctrowdd39type
14:19:39.672 [main] TRACE - Resolving type for handle ctcell842btype
14:19:39.685 [main] TRACE - Resolving type for handle stcellrefe4e0type
14:19:39.685 [main] TRACE - Resolving type for handle ctrsta472type
14:19:39.695 [main] TRACE - Resolving type for handle stcelltypebf95type
14:19:39.978 [main] DEBUG - Save core properties part
14:19:39.978 [main] DEBUG - Save content types part
14:19:40.163 [main] DEBUG - Save package relationships
14:19:40.171 [main] DEBUG - Save part 'docProps/core.xml'
14:19:40.182 [main] DEBUG - Save part 'xl/sharedStrings.xml'
14:19:40.182 [main] DEBUG - Save part 'xl/styles.xml'
14:19:40.194 [main] DEBUG - Save part 'xl/workbook.xml'
14:19:40.194 [main] DEBUG - Save part 'xl/worksheets/sheet1.xml'
10:23:56.561 [main] INFO  - Goto crm URL 
10:24:03.052 [main] TRACE - Loading type system org.apache.poi.schemas.ooxml.system.ooxml
10:24:03.058 [main] TRACE - Loading type system org.apache.xmlbeans.metadata.system.sXMLCONFIG
10:24:03.061 [main] TRACE - Loading type system org.apache.xmlbeans.metadata.system.sXMLLANG
10:24:03.062 [main] TRACE - Loading type system org.apache.xmlbeans.metadata.system.sXMLSCHEMA
10:24:03.063 [main] TRACE - Loading type system org.apache.xmlbeans.metadata.system.sXMLTOOLS
10:24:03.066 [main] TRACE - Reading unresolved handles for type system org.apache.xmlbeans.metadata.system.sXMLTOOLS
10:24:03.089 [main] TRACE - Finished loading type system org.apache.xmlbeans.metadata.system.sXMLTOOLS
10:24:03.090 [main] TRACE - Reading unresolved handles for type system org.apache.xmlbeans.metadata.system.sXMLSCHEMA
10:24:03.106 [main] TRACE - Finished loading type system org.apache.xmlbeans.metadata.system.sXMLSCHEMA
10:24:03.110 [main] TRACE - Reading unresolved handles for type system org.apache.xmlbeans.metadata.system.sXMLLANG
10:24:03.111 [main] TRACE - Finished loading type system org.apache.xmlbeans.metadata.system.sXMLLANG
10:24:03.115 [main] TRACE - Reading unresolved handles for type system org.apache.xmlbeans.metadata.system.sXMLCONFIG
10:24:03.116 [main] TRACE - Finished loading type system org.apache.xmlbeans.metadata.system.sXMLCONFIG
10:24:03.119 [main] TRACE - Reading unresolved handles for type system org.apache.poi.schemas.ooxml.system.ooxml
10:24:03.195 [main] TRACE - Finished loading type system org.apache.poi.schemas.ooxml.system.ooxml
10:24:03.200 [main] TRACE - Resolving type for handle ctworkbook83c3type
10:24:03.258 [main] TRACE - Resolving type for handle ctworkbookpr03a5type
10:24:03.275 [main] TRACE - Resolving type for handle ctbookviewsb864type
10:24:03.280 [main] TRACE - Resolving type for handle ctbookviewf677type
10:24:03.295 [main] TRACE - Resolving type for handle ctsheets49fdtype
10:24:03.300 [main] TRACE - Resolving type for handle propertiesee84doctype
10:24:03.304 [main] TRACE - Resolving type for handle ctproperties3f10type
10:24:03.314 [main] TRACE - Resolving type for handle properties288cdoctype
10:24:03.318 [main] TRACE - Resolving type for handle ctproperties2c18type
10:24:03.323 [main] TRACE - Resolving type for handle sstf81fdoctype
10:24:03.325 [main] TRACE - Resolving type for handle ctsst44f3type
10:24:03.330 [main] TRACE - Resolving type for handle stylesheet5d8bdoctype
10:24:03.332 [main] TRACE - Resolving type for handle ctstylesheet4257type
10:24:03.340 [main] TRACE - Resolving type for handle ctfont14d8type
10:24:03.352 [main] TRACE - Resolving type for handle ctfontsizeb3b9type
10:24:03.358 [main] TRACE - Resolving type for handle ctcolord2c2type
10:24:03.361 [main] TRACE - Resolving type for handle ctfontname2dc3type
10:24:03.366 [main] TRACE - Resolving type for handle stxstringf179type
10:24:03.368 [main] TRACE - Resolving type for handle ctfontfamily685ctype
10:24:03.370 [main] TRACE - Resolving type for handle stfontfamily9c6ctype
10:24:03.374 [main] TRACE - Resolving type for handle ctfontschemebf5dtype
10:24:03.376 [main] TRACE - Resolving type for handle stfontschemef36dtype
10:24:03.382 [main] TRACE - Resolving type for handle ctfill550ctype
10:24:03.384 [main] TRACE - Resolving type for handle ctpatternfill7452type
10:24:03.389 [main] TRACE - Resolving type for handle stpatterntype7939type
10:24:03.391 [main] TRACE - Resolving type for handle ctborderf935type
10:24:03.393 [main] TRACE - Resolving type for handle ctborderpre497type
10:24:03.398 [main] TRACE - Resolving type for handle ctxf97f7type
10:24:03.401 [main] TRACE - Resolving type for handle stnumfmtid76fbtype
10:24:03.403 [main] TRACE - Resolving type for handle stfontid9d63type
10:24:03.404 [main] TRACE - Resolving type for handle stfillida097type
10:24:03.410 [main] TRACE - Resolving type for handle stborderid1a80type
10:24:03.413 [main] TRACE - Resolving type for handle stcellstylexfid70c7type
10:24:03.420 [main] TRACE - Resolving type for handle ctsheet4dbetype
10:24:03.428 [main] TRACE - Resolving type for handle ctworksheet530dtype
10:24:03.439 [main] TRACE - Resolving type for handle ctsheetformatprdef7type
10:24:03.446 [main] TRACE - Resolving type for handle ctsheetviewsb918type
10:24:03.450 [main] TRACE - Resolving type for handle ctsheetview0f43type
10:24:03.457 [main] TRACE - Resolving type for handle ctsheetdimensiond310type
10:24:03.459 [main] TRACE - Resolving type for handle stref90a2type
10:24:03.461 [main] TRACE - Resolving type for handle ctsheetdata8408type
10:24:03.465 [main] TRACE - Resolving type for handle ctpagemargins5455type
10:24:03.471 [main] TRACE - Resolving type for handle ctcols627ctype
10:24:03.478 [main] TRACE - Resolving type for handle strelationshipid1e94type
10:24:03.490 [main] TRACE - Resolving type for handle ctrowdd39type
10:24:03.499 [main] TRACE - Resolving type for handle ctcell842btype
10:24:03.509 [main] TRACE - Resolving type for handle stcellrefe4e0type
10:24:03.513 [main] TRACE - Resolving type for handle ctrsta472type
10:24:03.518 [main] TRACE - Resolving type for handle stcelltypebf95type
10:24:03.762 [main] DEBUG - Save core properties part
10:24:03.762 [main] DEBUG - Save content types part
10:24:03.908 [main] DEBUG - Save package relationships
10:24:03.916 [main] DEBUG - Save part 'docProps/core.xml'
10:24:03.937 [main] DEBUG - Save part 'xl/sharedStrings.xml'
10:24:03.938 [main] DEBUG - Save part 'xl/styles.xml'
10:24:03.952 [main] DEBUG - Save part 'xl/workbook.xml'
10:24:03.955 [main] DEBUG - Save part 'xl/worksheets/sheet1.xml'
10:27:40.514 [main] INFO  - Goto crm URL 
10:27:47.292 [main] TRACE - Loading type system org.apache.poi.schemas.ooxml.system.ooxml
10:27:47.299 [main] TRACE - Loading type system org.apache.xmlbeans.metadata.system.sXMLCONFIG
10:27:47.300 [main] TRACE - Loading type system org.apache.xmlbeans.metadata.system.sXMLLANG
10:27:47.302 [main] TRACE - Loading type system org.apache.xmlbeans.metadata.system.sXMLSCHEMA
10:27:47.302 [main] TRACE - Loading type system org.apache.xmlbeans.metadata.system.sXMLTOOLS
10:27:47.307 [main] TRACE - Reading unresolved handles for type system org.apache.xmlbeans.metadata.system.sXMLTOOLS
10:27:47.332 [main] TRACE - Finished loading type system org.apache.xmlbeans.metadata.system.sXMLTOOLS
10:27:47.336 [main] TRACE - Reading unresolved handles for type system org.apache.xmlbeans.metadata.system.sXMLSCHEMA
10:27:47.345 [main] TRACE - Finished loading type system org.apache.xmlbeans.metadata.system.sXMLSCHEMA
10:27:47.349 [main] TRACE - Reading unresolved handles for type system org.apache.xmlbeans.metadata.system.sXMLLANG
10:27:47.350 [main] TRACE - Finished loading type system org.apache.xmlbeans.metadata.system.sXMLLANG
10:27:47.352 [main] TRACE - Reading unresolved handles for type system org.apache.xmlbeans.metadata.system.sXMLCONFIG
10:27:47.354 [main] TRACE - Finished loading type system org.apache.xmlbeans.metadata.system.sXMLCONFIG
10:27:47.358 [main] TRACE - Reading unresolved handles for type system org.apache.poi.schemas.ooxml.system.ooxml
10:27:47.450 [main] TRACE - Finished loading type system org.apache.poi.schemas.ooxml.system.ooxml
10:27:47.452 [main] TRACE - Resolving type for handle ctworkbook83c3type
10:27:47.505 [main] TRACE - Resolving type for handle ctworkbookpr03a5type
10:27:47.518 [main] TRACE - Resolving type for handle ctbookviewsb864type
10:27:47.522 [main] TRACE - Resolving type for handle ctbookviewf677type
10:27:47.530 [main] TRACE - Resolving type for handle ctsheets49fdtype
10:27:47.536 [main] TRACE - Resolving type for handle propertiesee84doctype
10:27:47.540 [main] TRACE - Resolving type for handle ctproperties3f10type
10:27:47.545 [main] TRACE - Resolving type for handle properties288cdoctype
10:27:47.547 [main] TRACE - Resolving type for handle ctproperties2c18type
10:27:47.553 [main] TRACE - Resolving type for handle sstf81fdoctype
10:27:47.554 [main] TRACE - Resolving type for handle ctsst44f3type
10:27:47.557 [main] TRACE - Resolving type for handle stylesheet5d8bdoctype
10:27:47.564 [main] TRACE - Resolving type for handle ctstylesheet4257type
10:27:47.567 [main] TRACE - Resolving type for handle ctfont14d8type
10:27:47.576 [main] TRACE - Resolving type for handle ctfontsizeb3b9type
10:27:47.581 [main] TRACE - Resolving type for handle ctcolord2c2type
10:27:47.586 [main] TRACE - Resolving type for handle ctfontname2dc3type
10:27:47.589 [main] TRACE - Resolving type for handle stxstringf179type
10:27:47.592 [main] TRACE - Resolving type for handle ctfontfamily685ctype
10:27:47.594 [main] TRACE - Resolving type for handle stfontfamily9c6ctype
10:27:47.597 [main] TRACE - Resolving type for handle ctfontschemebf5dtype
10:27:47.600 [main] TRACE - Resolving type for handle stfontschemef36dtype
10:27:47.607 [main] TRACE - Resolving type for handle ctfill550ctype
10:27:47.607 [main] TRACE - Resolving type for handle ctpatternfill7452type
10:27:47.613 [main] TRACE - Resolving type for handle stpatterntype7939type
10:27:47.616 [main] TRACE - Resolving type for handle ctborderf935type
10:27:47.622 [main] TRACE - Resolving type for handle ctborderpre497type
10:27:47.630 [main] TRACE - Resolving type for handle ctxf97f7type
10:27:47.632 [main] TRACE - Resolving type for handle stnumfmtid76fbtype
10:27:47.636 [main] TRACE - Resolving type for handle stfontid9d63type
10:27:47.641 [main] TRACE - Resolving type for handle stfillida097type
10:27:47.641 [main] TRACE - Resolving type for handle stborderid1a80type
10:27:47.641 [main] TRACE - Resolving type for handle stcellstylexfid70c7type
10:27:47.652 [main] TRACE - Resolving type for handle ctsheet4dbetype
10:27:47.658 [main] TRACE - Resolving type for handle ctworksheet530dtype
10:27:47.668 [main] TRACE - Resolving type for handle ctsheetformatprdef7type
10:27:47.678 [main] TRACE - Resolving type for handle ctsheetviewsb918type
10:27:47.682 [main] TRACE - Resolving type for handle ctsheetview0f43type
10:27:47.691 [main] TRACE - Resolving type for handle ctsheetdimensiond310type
10:27:47.691 [main] TRACE - Resolving type for handle stref90a2type
10:27:47.697 [main] TRACE - Resolving type for handle ctsheetdata8408type
10:27:47.699 [main] TRACE - Resolving type for handle ctpagemargins5455type
10:27:47.709 [main] TRACE - Resolving type for handle ctcols627ctype
10:27:47.713 [main] TRACE - Resolving type for handle strelationshipid1e94type
10:27:47.713 [main] TRACE - Resolving type for handle ctrowdd39type
10:27:47.722 [main] TRACE - Resolving type for handle ctcell842btype
10:27:47.737 [main] TRACE - Resolving type for handle stcellrefe4e0type
10:27:47.742 [main] TRACE - Resolving type for handle ctrsta472type
10:27:47.749 [main] TRACE - Resolving type for handle stcelltypebf95type
10:27:48.083 [main] DEBUG - Save core properties part
10:27:48.083 [main] DEBUG - Save content types part
10:27:48.288 [main] DEBUG - Save package relationships
10:27:48.311 [main] DEBUG - Save part 'docProps/core.xml'
10:27:48.348 [main] DEBUG - Save part 'xl/sharedStrings.xml'
10:27:48.348 [main] DEBUG - Save part 'xl/styles.xml'
10:27:48.359 [main] DEBUG - Save part 'xl/workbook.xml'
10:27:48.361 [main] DEBUG - Save part 'xl/worksheets/sheet1.xml'
11:39:04.433 [main] INFO  - Goto crm URL 
11:39:12.506 [main] TRACE - Loading type system org.apache.poi.schemas.ooxml.system.ooxml
11:39:12.506 [main] TRACE - Loading type system org.apache.xmlbeans.metadata.system.sXMLCONFIG
11:39:12.506 [main] TRACE - Loading type system org.apache.xmlbeans.metadata.system.sXMLLANG
11:39:12.514 [main] TRACE - Loading type system org.apache.xmlbeans.metadata.system.sXMLSCHEMA
11:39:12.514 [main] TRACE - Loading type system org.apache.xmlbeans.metadata.system.sXMLTOOLS
11:39:12.517 [main] TRACE - Reading unresolved handles for type system org.apache.xmlbeans.metadata.system.sXMLTOOLS
11:39:12.542 [main] TRACE - Finished loading type system org.apache.xmlbeans.metadata.system.sXMLTOOLS
11:39:12.543 [main] TRACE - Reading unresolved handles for type system org.apache.xmlbeans.metadata.system.sXMLSCHEMA
11:39:12.553 [main] TRACE - Finished loading type system org.apache.xmlbeans.metadata.system.sXMLSCHEMA
11:39:12.555 [main] TRACE - Reading unresolved handles for type system org.apache.xmlbeans.metadata.system.sXMLLANG
11:39:12.558 [main] TRACE - Finished loading type system org.apache.xmlbeans.metadata.system.sXMLLANG
11:39:12.558 [main] TRACE - Reading unresolved handles for type system org.apache.xmlbeans.metadata.system.sXMLCONFIG
11:39:12.563 [main] TRACE - Finished loading type system org.apache.xmlbeans.metadata.system.sXMLCONFIG
11:39:12.568 [main] TRACE - Reading unresolved handles for type system org.apache.poi.schemas.ooxml.system.ooxml
11:39:12.651 [main] TRACE - Finished loading type system org.apache.poi.schemas.ooxml.system.ooxml
11:39:12.651 [main] TRACE - Resolving type for handle ctworkbook83c3type
11:39:12.726 [main] TRACE - Resolving type for handle ctworkbookpr03a5type
11:39:12.734 [main] TRACE - Resolving type for handle ctbookviewsb864type
11:39:12.741 [main] TRACE - Resolving type for handle ctbookviewf677type
11:39:12.755 [main] TRACE - Resolving type for handle ctsheets49fdtype
11:39:12.757 [main] TRACE - Resolving type for handle propertiesee84doctype
11:39:12.757 [main] TRACE - Resolving type for handle ctproperties3f10type
11:39:12.773 [main] TRACE - Resolving type for handle properties288cdoctype
11:39:12.775 [main] TRACE - Resolving type for handle ctproperties2c18type
11:39:12.786 [main] TRACE - Resolving type for handle sstf81fdoctype
11:39:12.788 [main] TRACE - Resolving type for handle ctsst44f3type
11:39:12.797 [main] TRACE - Resolving type for handle stylesheet5d8bdoctype
11:39:12.800 [main] TRACE - Resolving type for handle ctstylesheet4257type
11:39:12.800 [main] TRACE - Resolving type for handle ctfont14d8type
11:39:12.820 [main] TRACE - Resolving type for handle ctfontsizeb3b9type
11:39:12.826 [main] TRACE - Resolving type for handle ctcolord2c2type
11:39:12.831 [main] TRACE - Resolving type for handle ctfontname2dc3type
11:39:12.834 [main] TRACE - Resolving type for handle stxstringf179type
11:39:12.837 [main] TRACE - Resolving type for handle ctfontfamily685ctype
11:39:12.837 [main] TRACE - Resolving type for handle stfontfamily9c6ctype
11:39:12.844 [main] TRACE - Resolving type for handle ctfontschemebf5dtype
11:39:12.850 [main] TRACE - Resolving type for handle stfontschemef36dtype
11:39:12.855 [main] TRACE - Resolving type for handle ctfill550ctype
11:39:12.855 [main] TRACE - Resolving type for handle ctpatternfill7452type
11:39:12.862 [main] TRACE - Resolving type for handle stpatterntype7939type
11:39:12.868 [main] TRACE - Resolving type for handle ctborderf935type
11:39:12.872 [main] TRACE - Resolving type for handle ctborderpre497type
11:39:12.877 [main] TRACE - Resolving type for handle ctxf97f7type
11:39:12.884 [main] TRACE - Resolving type for handle stnumfmtid76fbtype
11:39:12.884 [main] TRACE - Resolving type for handle stfontid9d63type
11:39:12.884 [main] TRACE - Resolving type for handle stfillida097type
11:39:12.892 [main] TRACE - Resolving type for handle stborderid1a80type
11:39:12.895 [main] TRACE - Resolving type for handle stcellstylexfid70c7type
11:39:12.900 [main] TRACE - Resolving type for handle ctsheet4dbetype
11:39:12.910 [main] TRACE - Resolving type for handle ctworksheet530dtype
11:39:12.917 [main] TRACE - Resolving type for handle ctsheetformatprdef7type
11:39:12.925 [main] TRACE - Resolving type for handle ctsheetviewsb918type
11:39:12.925 [main] TRACE - Resolving type for handle ctsheetview0f43type
11:39:12.938 [main] TRACE - Resolving type for handle ctsheetdimensiond310type
11:39:12.940 [main] TRACE - Resolving type for handle stref90a2type
11:39:12.940 [main] TRACE - Resolving type for handle ctsheetdata8408type
11:39:12.948 [main] TRACE - Resolving type for handle ctpagemargins5455type
11:39:12.957 [main] TRACE - Resolving type for handle ctcols627ctype
11:39:12.959 [main] TRACE - Resolving type for handle strelationshipid1e94type
11:39:12.968 [main] TRACE - Resolving type for handle ctrowdd39type
11:39:12.974 [main] TRACE - Resolving type for handle ctcell842btype
11:39:12.990 [main] TRACE - Resolving type for handle stcellrefe4e0type
11:39:12.994 [main] TRACE - Resolving type for handle ctrsta472type
11:39:13.001 [main] TRACE - Resolving type for handle stcelltypebf95type
11:39:13.299 [main] DEBUG - Save core properties part
11:39:13.300 [main] DEBUG - Save content types part
11:39:13.467 [main] DEBUG - Save package relationships
11:39:13.471 [main] DEBUG - Save part 'docProps/core.xml'
11:39:13.494 [main] DEBUG - Save part 'xl/sharedStrings.xml'
11:39:13.494 [main] DEBUG - Save part 'xl/styles.xml'
11:39:13.504 [main] DEBUG - Save part 'xl/workbook.xml'
11:39:13.504 [main] DEBUG - Save part 'xl/worksheets/sheet1.xml'
11:58:10.121 [main] INFO  - Goto crm URL 
11:58:17.043 [main] TRACE - Loading type system org.apache.poi.schemas.ooxml.system.ooxml
11:58:17.043 [main] TRACE - Loading type system org.apache.xmlbeans.metadata.system.sXMLCONFIG
11:58:17.043 [main] TRACE - Loading type system org.apache.xmlbeans.metadata.system.sXMLLANG
11:58:17.043 [main] TRACE - Loading type system org.apache.xmlbeans.metadata.system.sXMLSCHEMA
11:58:17.043 [main] TRACE - Loading type system org.apache.xmlbeans.metadata.system.sXMLTOOLS
11:58:17.053 [main] TRACE - Reading unresolved handles for type system org.apache.xmlbeans.metadata.system.sXMLTOOLS
11:58:17.077 [main] TRACE - Finished loading type system org.apache.xmlbeans.metadata.system.sXMLTOOLS
11:58:17.085 [main] TRACE - Reading unresolved handles for type system org.apache.xmlbeans.metadata.system.sXMLSCHEMA
11:58:17.093 [main] TRACE - Finished loading type system org.apache.xmlbeans.metadata.system.sXMLSCHEMA
11:58:17.094 [main] TRACE - Reading unresolved handles for type system org.apache.xmlbeans.metadata.system.sXMLLANG
11:58:17.094 [main] TRACE - Finished loading type system org.apache.xmlbeans.metadata.system.sXMLLANG
11:58:17.101 [main] TRACE - Reading unresolved handles for type system org.apache.xmlbeans.metadata.system.sXMLCONFIG
11:58:17.103 [main] TRACE - Finished loading type system org.apache.xmlbeans.metadata.system.sXMLCONFIG
11:58:17.103 [main] TRACE - Reading unresolved handles for type system org.apache.poi.schemas.ooxml.system.ooxml
11:58:17.207 [main] TRACE - Finished loading type system org.apache.poi.schemas.ooxml.system.ooxml
11:58:17.209 [main] TRACE - Resolving type for handle ctworkbook83c3type
11:58:17.276 [main] TRACE - Resolving type for handle ctworkbookpr03a5type
11:58:17.294 [main] TRACE - Resolving type for handle ctbookviewsb864type
11:58:17.296 [main] TRACE - Resolving type for handle ctbookviewf677type
11:58:17.310 [main] TRACE - Resolving type for handle ctsheets49fdtype
11:58:17.317 [main] TRACE - Resolving type for handle propertiesee84doctype
11:58:17.321 [main] TRACE - Resolving type for handle ctproperties3f10type
11:58:17.332 [main] TRACE - Resolving type for handle properties288cdoctype
11:58:17.333 [main] TRACE - Resolving type for handle ctproperties2c18type
11:58:17.344 [main] TRACE - Resolving type for handle sstf81fdoctype
11:58:17.344 [main] TRACE - Resolving type for handle ctsst44f3type
11:58:17.353 [main] TRACE - Resolving type for handle stylesheet5d8bdoctype
11:58:17.353 [main] TRACE - Resolving type for handle ctstylesheet4257type
11:58:17.361 [main] TRACE - Resolving type for handle ctfont14d8type
11:58:17.377 [main] TRACE - Resolving type for handle ctfontsizeb3b9type
11:58:17.377 [main] TRACE - Resolving type for handle ctcolord2c2type
11:58:17.387 [main] TRACE - Resolving type for handle ctfontname2dc3type
11:58:17.392 [main] TRACE - Resolving type for handle stxstringf179type
11:58:17.394 [main] TRACE - Resolving type for handle ctfontfamily685ctype
11:58:17.394 [main] TRACE - Resolving type for handle stfontfamily9c6ctype
11:58:17.402 [main] TRACE - Resolving type for handle ctfontschemebf5dtype
11:58:17.409 [main] TRACE - Resolving type for handle stfontschemef36dtype
11:58:17.410 [main] TRACE - Resolving type for handle ctfill550ctype
11:58:17.418 [main] TRACE - Resolving type for handle ctpatternfill7452type
11:58:17.422 [main] TRACE - Resolving type for handle stpatterntype7939type
11:58:17.427 [main] TRACE - Resolving type for handle ctborderf935type
11:58:17.437 [main] TRACE - Resolving type for handle ctborderpre497type
11:58:17.447 [main] TRACE - Resolving type for handle ctxf97f7type
11:58:17.453 [main] TRACE - Resolving type for handle stnumfmtid76fbtype
11:58:17.455 [main] TRACE - Resolving type for handle stfontid9d63type
11:58:17.459 [main] TRACE - Resolving type for handle stfillida097type
11:58:17.459 [main] TRACE - Resolving type for handle stborderid1a80type
11:58:17.465 [main] TRACE - Resolving type for handle stcellstylexfid70c7type
11:58:17.471 [main] TRACE - Resolving type for handle ctsheet4dbetype
11:58:17.476 [main] TRACE - Resolving type for handle ctworksheet530dtype
11:58:17.485 [main] TRACE - Resolving type for handle ctsheetformatprdef7type
11:58:17.493 [main] TRACE - Resolving type for handle ctsheetviewsb918type
11:58:17.498 [main] TRACE - Resolving type for handle ctsheetview0f43type
11:58:17.503 [main] TRACE - Resolving type for handle ctsheetdimensiond310type
11:58:17.507 [main] TRACE - Resolving type for handle stref90a2type
11:58:17.508 [main] TRACE - Resolving type for handle ctsheetdata8408type
11:58:17.508 [main] TRACE - Resolving type for handle ctpagemargins5455type
11:58:17.520 [main] TRACE - Resolving type for handle ctcols627ctype
11:58:17.525 [main] TRACE - Resolving type for handle strelationshipid1e94type
11:58:17.528 [main] TRACE - Resolving type for handle ctrowdd39type
11:58:17.532 [main] TRACE - Resolving type for handle ctcell842btype
11:58:17.548 [main] TRACE - Resolving type for handle stcellrefe4e0type
11:58:17.548 [main] TRACE - Resolving type for handle ctrsta472type
11:58:17.559 [main] TRACE - Resolving type for handle stcelltypebf95type
11:58:17.842 [main] DEBUG - Save core properties part
11:58:17.842 [main] DEBUG - Save content types part
11:58:17.966 [main] DEBUG - Save package relationships
11:58:17.972 [main] DEBUG - Save part 'docProps/core.xml'
11:58:17.983 [main] DEBUG - Save part 'xl/sharedStrings.xml'
11:58:17.983 [main] DEBUG - Save part 'xl/styles.xml'
11:58:17.995 [main] DEBUG - Save part 'xl/workbook.xml'
11:58:17.995 [main] DEBUG - Save part 'xl/worksheets/sheet1.xml'
15:44:28.827 [main] INFO  - Goto crm URL 
15:44:35.576 [main] TRACE - Loading type system org.apache.poi.schemas.ooxml.system.ooxml
15:44:35.576 [main] TRACE - Loading type system org.apache.xmlbeans.metadata.system.sXMLCONFIG
15:44:35.576 [main] TRACE - Loading type system org.apache.xmlbeans.metadata.system.sXMLLANG
15:44:35.576 [main] TRACE - Loading type system org.apache.xmlbeans.metadata.system.sXMLSCHEMA
15:44:35.576 [main] TRACE - Loading type system org.apache.xmlbeans.metadata.system.sXMLTOOLS
15:44:35.588 [main] TRACE - Reading unresolved handles for type system org.apache.xmlbeans.metadata.system.sXMLTOOLS
15:44:35.604 [main] TRACE - Finished loading type system org.apache.xmlbeans.metadata.system.sXMLTOOLS
15:44:35.607 [main] TRACE - Reading unresolved handles for type system org.apache.xmlbeans.metadata.system.sXMLSCHEMA
15:44:35.607 [main] TRACE - Finished loading type system org.apache.xmlbeans.metadata.system.sXMLSCHEMA
15:44:35.607 [main] TRACE - Reading unresolved handles for type system org.apache.xmlbeans.metadata.system.sXMLLANG
15:44:35.607 [main] TRACE - Finished loading type system org.apache.xmlbeans.metadata.system.sXMLLANG
15:44:35.620 [main] TRACE - Reading unresolved handles for type system org.apache.xmlbeans.metadata.system.sXMLCONFIG
15:44:35.620 [main] TRACE - Finished loading type system org.apache.xmlbeans.metadata.system.sXMLCONFIG
15:44:35.624 [main] TRACE - Reading unresolved handles for type system org.apache.poi.schemas.ooxml.system.ooxml
15:44:35.708 [main] TRACE - Finished loading type system org.apache.poi.schemas.ooxml.system.ooxml
15:44:35.708 [main] TRACE - Resolving type for handle ctworkbook83c3type
15:44:35.775 [main] TRACE - Resolving type for handle ctworkbookpr03a5type
15:44:35.793 [main] TRACE - Resolving type for handle ctbookviewsb864type
15:44:35.798 [main] TRACE - Resolving type for handle ctbookviewf677type
15:44:35.811 [main] TRACE - Resolving type for handle ctsheets49fdtype
15:44:35.815 [main] TRACE - Resolving type for handle propertiesee84doctype
15:44:35.819 [main] TRACE - Resolving type for handle ctproperties3f10type
15:44:35.828 [main] TRACE - Resolving type for handle properties288cdoctype
15:44:35.828 [main] TRACE - Resolving type for handle ctproperties2c18type
15:44:35.844 [main] TRACE - Resolving type for handle sstf81fdoctype
15:44:35.844 [main] TRACE - Resolving type for handle ctsst44f3type
15:44:35.856 [main] TRACE - Resolving type for handle stylesheet5d8bdoctype
15:44:35.858 [main] TRACE - Resolving type for handle ctstylesheet4257type
15:44:35.858 [main] TRACE - Resolving type for handle ctfont14d8type
15:44:35.874 [main] TRACE - Resolving type for handle ctfontsizeb3b9type
15:44:35.880 [main] TRACE - Resolving type for handle ctcolord2c2type
15:44:35.884 [main] TRACE - Resolving type for handle ctfontname2dc3type
15:44:35.891 [main] TRACE - Resolving type for handle stxstringf179type
15:44:35.895 [main] TRACE - Resolving type for handle ctfontfamily685ctype
15:44:35.895 [main] TRACE - Resolving type for handle stfontfamily9c6ctype
15:44:35.906 [main] TRACE - Resolving type for handle ctfontschemebf5dtype
15:44:35.908 [main] TRACE - Resolving type for handle stfontschemef36dtype
15:44:35.916 [main] TRACE - Resolving type for handle ctfill550ctype
15:44:35.918 [main] TRACE - Resolving type for handle ctpatternfill7452type
15:44:35.924 [main] TRACE - Resolving type for handle stpatterntype7939type
15:44:35.928 [main] TRACE - Resolving type for handle ctborderf935type
15:44:35.935 [main] TRACE - Resolving type for handle ctborderpre497type
15:44:35.941 [main] TRACE - Resolving type for handle ctxf97f7type
15:44:35.941 [main] TRACE - Resolving type for handle stnumfmtid76fbtype
15:44:35.941 [main] TRACE - Resolving type for handle stfontid9d63type
15:44:35.953 [main] TRACE - Resolving type for handle stfillida097type
15:44:35.958 [main] TRACE - Resolving type for handle stborderid1a80type
15:44:35.959 [main] TRACE - Resolving type for handle stcellstylexfid70c7type
15:44:35.969 [main] TRACE - Resolving type for handle ctsheet4dbetype
15:44:35.982 [main] TRACE - Resolving type for handle ctworksheet530dtype
15:44:35.991 [main] TRACE - Resolving type for handle ctsheetformatprdef7type
15:44:36.002 [main] TRACE - Resolving type for handle ctsheetviewsb918type
15:44:36.008 [main] TRACE - Resolving type for handle ctsheetview0f43type
15:44:36.016 [main] TRACE - Resolving type for handle ctsheetdimensiond310type
15:44:36.016 [main] TRACE - Resolving type for handle stref90a2type
15:44:36.016 [main] TRACE - Resolving type for handle ctsheetdata8408type
15:44:36.025 [main] TRACE - Resolving type for handle ctpagemargins5455type
15:44:36.032 [main] TRACE - Resolving type for handle ctcols627ctype
15:44:36.032 [main] TRACE - Resolving type for handle strelationshipid1e94type
15:44:36.041 [main] TRACE - Resolving type for handle ctrowdd39type
15:44:36.051 [main] TRACE - Resolving type for handle ctcell842btype
15:44:36.058 [main] TRACE - Resolving type for handle stcellrefe4e0type
15:44:36.058 [main] TRACE - Resolving type for handle ctrsta472type
15:44:36.074 [main] TRACE - Resolving type for handle stcelltypebf95type
15:44:36.365 [main] DEBUG - Save core properties part
15:44:36.365 [main] DEBUG - Save content types part
15:44:36.490 [main] DEBUG - Save package relationships
15:44:36.493 [main] DEBUG - Save part 'docProps/core.xml'
15:44:36.510 [main] DEBUG - Save part 'xl/sharedStrings.xml'
15:44:36.517 [main] DEBUG - Save part 'xl/styles.xml'
15:44:36.533 [main] DEBUG - Save part 'xl/workbook.xml'
15:44:36.540 [main] DEBUG - Save part 'xl/worksheets/sheet1.xml'
16:22:16.915 [main] INFO  - Goto crm URL 
16:22:23.732 [main] TRACE - Loading type system org.apache.poi.schemas.ooxml.system.ooxml
16:22:23.732 [main] TRACE - Loading type system org.apache.xmlbeans.metadata.system.sXMLCONFIG
16:22:23.732 [main] TRACE - Loading type system org.apache.xmlbeans.metadata.system.sXMLLANG
16:22:23.732 [main] TRACE - Loading type system org.apache.xmlbeans.metadata.system.sXMLSCHEMA
16:22:23.746 [main] TRACE - Loading type system org.apache.xmlbeans.metadata.system.sXMLTOOLS
16:22:23.749 [main] TRACE - Reading unresolved handles for type system org.apache.xmlbeans.metadata.system.sXMLTOOLS
16:22:23.769 [main] TRACE - Finished loading type system org.apache.xmlbeans.metadata.system.sXMLTOOLS
16:22:23.778 [main] TRACE - Reading unresolved handles for type system org.apache.xmlbeans.metadata.system.sXMLSCHEMA
16:22:23.788 [main] TRACE - Finished loading type system org.apache.xmlbeans.metadata.system.sXMLSCHEMA
16:22:23.790 [main] TRACE - Reading unresolved handles for type system org.apache.xmlbeans.metadata.system.sXMLLANG
16:22:23.792 [main] TRACE - Finished loading type system org.apache.xmlbeans.metadata.system.sXMLLANG
16:22:23.794 [main] TRACE - Reading unresolved handles for type system org.apache.xmlbeans.metadata.system.sXMLCONFIG
16:22:23.797 [main] TRACE - Finished loading type system org.apache.xmlbeans.metadata.system.sXMLCONFIG
16:22:23.799 [main] TRACE - Reading unresolved handles for type system org.apache.poi.schemas.ooxml.system.ooxml
16:22:23.892 [main] TRACE - Finished loading type system org.apache.poi.schemas.ooxml.system.ooxml
16:22:23.892 [main] TRACE - Resolving type for handle ctworkbook83c3type
16:22:23.964 [main] TRACE - Resolving type for handle ctworkbookpr03a5type
16:22:23.982 [main] TRACE - Resolving type for handle ctbookviewsb864type
16:22:23.986 [main] TRACE - Resolving type for handle ctbookviewf677type
16:22:23.998 [main] TRACE - Resolving type for handle ctsheets49fdtype
16:22:23.998 [main] TRACE - Resolving type for handle propertiesee84doctype
16:22:23.998 [main] TRACE - Resolving type for handle ctproperties3f10type
16:22:24.015 [main] TRACE - Resolving type for handle properties288cdoctype
16:22:24.017 [main] TRACE - Resolving type for handle ctproperties2c18type
16:22:24.025 [main] TRACE - Resolving type for handle sstf81fdoctype
16:22:24.025 [main] TRACE - Resolving type for handle ctsst44f3type
16:22:24.034 [main] TRACE - Resolving type for handle stylesheet5d8bdoctype
16:22:24.034 [main] TRACE - Resolving type for handle ctstylesheet4257type
16:22:24.042 [main] TRACE - Resolving type for handle ctfont14d8type
16:22:24.051 [main] TRACE - Resolving type for handle ctfontsizeb3b9type
16:22:24.058 [main] TRACE - Resolving type for handle ctcolord2c2type
16:22:24.065 [main] TRACE - Resolving type for handle ctfontname2dc3type
16:22:24.070 [main] TRACE - Resolving type for handle stxstringf179type
16:22:24.074 [main] TRACE - Resolving type for handle ctfontfamily685ctype
16:22:24.078 [main] TRACE - Resolving type for handle stfontfamily9c6ctype
16:22:24.083 [main] TRACE - Resolving type for handle ctfontschemebf5dtype
16:22:24.089 [main] TRACE - Resolving type for handle stfontschemef36dtype
16:22:24.096 [main] TRACE - Resolving type for handle ctfill550ctype
16:22:24.098 [main] TRACE - Resolving type for handle ctpatternfill7452type
16:22:24.104 [main] TRACE - Resolving type for handle stpatterntype7939type
16:22:24.110 [main] TRACE - Resolving type for handle ctborderf935type
16:22:24.114 [main] TRACE - Resolving type for handle ctborderpre497type
16:22:24.118 [main] TRACE - Resolving type for handle ctxf97f7type
16:22:24.118 [main] TRACE - Resolving type for handle stnumfmtid76fbtype
16:22:24.130 [main] TRACE - Resolving type for handle stfontid9d63type
16:22:24.132 [main] TRACE - Resolving type for handle stfillida097type
16:22:24.132 [main] TRACE - Resolving type for handle stborderid1a80type
16:22:24.132 [main] TRACE - Resolving type for handle stcellstylexfid70c7type
16:22:24.132 [main] TRACE - Resolving type for handle ctsheet4dbetype
16:22:24.152 [main] TRACE - Resolving type for handle ctworksheet530dtype
16:22:24.154 [main] TRACE - Resolving type for handle ctsheetformatprdef7type
16:22:24.170 [main] TRACE - Resolving type for handle ctsheetviewsb918type
16:22:24.175 [main] TRACE - Resolving type for handle ctsheetview0f43type
16:22:24.183 [main] TRACE - Resolving type for handle ctsheetdimensiond310type
16:22:24.215 [main] TRACE - Resolving type for handle stref90a2type
16:22:24.215 [main] TRACE - Resolving type for handle ctsheetdata8408type
16:22:24.215 [main] TRACE - Resolving type for handle ctpagemargins5455type
16:22:24.231 [main] TRACE - Resolving type for handle ctcols627ctype
16:22:24.231 [main] TRACE - Resolving type for handle strelationshipid1e94type
16:22:24.231 [main] TRACE - Resolving type for handle ctrowdd39type
16:22:24.249 [main] TRACE - Resolving type for handle ctcell842btype
16:22:24.258 [main] TRACE - Resolving type for handle stcellrefe4e0type
16:22:24.265 [main] TRACE - Resolving type for handle ctrsta472type
16:22:24.276 [main] TRACE - Resolving type for handle stcelltypebf95type
16:22:24.554 [main] DEBUG - Save core properties part
16:22:24.554 [main] DEBUG - Save content types part
16:22:24.685 [main] DEBUG - Save package relationships
16:22:24.690 [main] DEBUG - Save part 'docProps/core.xml'
16:22:24.705 [main] DEBUG - Save part 'xl/sharedStrings.xml'
16:22:24.705 [main] DEBUG - Save part 'xl/styles.xml'
16:22:24.712 [main] DEBUG - Save part 'xl/workbook.xml'
16:22:24.712 [main] DEBUG - Save part 'xl/worksheets/sheet1.xml'
16:50:33.906 [main] INFO  - Goto crm URL 
16:50:40.855 [main] TRACE - Loading type system org.apache.poi.schemas.ooxml.system.ooxml
16:50:40.869 [main] TRACE - Loading type system org.apache.xmlbeans.metadata.system.sXMLCONFIG
16:50:40.871 [main] TRACE - Loading type system org.apache.xmlbeans.metadata.system.sXMLLANG
