14:20:53.800 [main] TRACE - Resolving type for handle sstf81fdoctype
14:20:53.820 [main] TRACE - Resolving type for handle ctsst44f3type
14:20:53.825 [main] TRACE - Resolving type for handle stylesheet5d8bdoctype
14:20:53.830 [main] TRACE - Resolving type for handle ctstylesheet4257type
14:20:53.835 [main] TRACE - Resolving type for handle ctfont14d8type
14:20:53.845 [main] TRACE - Resolving type for handle ctfontsizeb3b9type
14:20:53.847 [main] TRACE - Resolving type for handle ctcolord2c2type
14:20:53.854 [main] TRACE - Resolving type for handle ctfontname2dc3type
14:20:53.856 [main] TRACE - Resolving type for handle stxstringf179type
14:20:53.862 [main] TRACE - Resolving type for handle ctfontfamily685ctype
14:20:53.863 [main] TRACE - Resolving type for handle stfontfamily9c6ctype
14:20:53.863 [main] TRACE - Resolving type for handle ctfontschemebf5dtype
14:20:53.863 [main] TRACE - Resolving type for handle stfontschemef36dtype
14:20:53.878 [main] TRACE - Resolving type for handle ctfill550ctype
14:20:53.881 [main] TRACE - Resolving type for handle ctpatternfill7452type
14:20:53.887 [main] TRACE - Resolving type for handle stpatterntype7939type
14:20:53.887 [main] TRACE - Resolving type for handle ctborderf935type
14:20:53.887 [main] TRACE - Resolving type for handle ctborderpre497type
14:20:53.898 [main] TRACE - Resolving type for handle ctxf97f7type
14:20:53.903 [main] TRACE - Resolving type for handle stnumfmtid76fbtype
14:20:53.903 [main] TRACE - Resolving type for handle stfontid9d63type
14:20:53.903 [main] TRACE - Resolving type for handle stfillida097type
14:20:53.903 [main] TRACE - Resolving type for handle stborderid1a80type
14:20:53.914 [main] TRACE - Resolving type for handle stcellstylexfid70c7type
14:20:53.920 [main] TRACE - Resolving type for handle ctsheet4dbetype
14:20:53.921 [main] TRACE - Resolving type for handle ctworksheet530dtype
14:20:53.930 [main] TRACE - Resolving type for handle ctsheetformatprdef7type
14:20:53.947 [main] TRACE - Resolving type for handle ctsheetviewsb918type
14:20:53.951 [main] TRACE - Resolving type for handle ctsheetview0f43type
14:20:53.960 [main] TRACE - Resolving type for handle ctsheetdimensiond310type
14:20:53.962 [main] TRACE - Resolving type for handle stref90a2type
14:20:53.962 [main] TRACE - Resolving type for handle ctsheetdata8408type
14:20:53.962 [main] TRACE - Resolving type for handle ctpagemargins5455type
14:20:53.979 [main] TRACE - Resolving type for handle ctcols627ctype
14:20:53.979 [main] TRACE - Resolving type for handle strelationshipid1e94type
14:20:53.979 [main] TRACE - Resolving type for handle ctrowdd39type
14:20:53.996 [main] TRACE - Resolving type for handle ctcell842btype
14:20:53.996 [main] TRACE - Resolving type for handle stcellrefe4e0type
14:20:54.013 [main] TRACE - Resolving type for handle ctrsta472type
14:20:54.017 [main] TRACE - Resolving type for handle stcelltypebf95type
14:21:49.824 [main] TRACE - Loading type system org.apache.poi.schemas.ooxml.system.ooxml
14:21:49.845 [main] TRACE - Loading type system org.apache.xmlbeans.metadata.system.sXMLCONFIG
14:21:49.847 [main] TRACE - Loading type system org.apache.xmlbeans.metadata.system.sXMLLANG
14:21:49.847 [main] TRACE - Loading type system org.apache.xmlbeans.metadata.system.sXMLSCHEMA
14:21:49.849 [main] TRACE - Loading type system org.apache.xmlbeans.metadata.system.sXMLTOOLS
14:21:49.851 [main] TRACE - Reading unresolved handles for type system org.apache.xmlbeans.metadata.system.sXMLTOOLS
14:21:49.868 [main] TRACE - Finished loading type system org.apache.xmlbeans.metadata.system.sXMLTOOLS
14:21:49.868 [main] TRACE - Reading unresolved handles for type system org.apache.xmlbeans.metadata.system.sXMLSCHEMA
14:21:49.880 [main] TRACE - Finished loading type system org.apache.xmlbeans.metadata.system.sXMLSCHEMA
14:21:49.884 [main] TRACE - Reading unresolved handles for type system org.apache.xmlbeans.metadata.system.sXMLLANG
14:21:49.884 [main] TRACE - Finished loading type system org.apache.xmlbeans.metadata.system.sXMLLANG
14:21:49.884 [main] TRACE - Reading unresolved handles for type system org.apache.xmlbeans.metadata.system.sXMLCONFIG
14:21:49.884 [main] TRACE - Finished loading type system org.apache.xmlbeans.metadata.system.sXMLCONFIG
14:21:49.891 [main] TRACE - Reading unresolved handles for type system org.apache.poi.schemas.ooxml.system.ooxml
14:21:49.976 [main] TRACE - Finished loading type system org.apache.poi.schemas.ooxml.system.ooxml
14:21:49.978 [main] TRACE - Resolving type for handle ctworkbook83c3type
14:21:50.041 [main] TRACE - Resolving type for handle ctworkbookpr03a5type
14:21:50.058 [main] TRACE - Resolving type for handle ctbookviewsb864type
14:21:50.068 [main] TRACE - Resolving type for handle ctbookviewf677type
14:21:50.078 [main] TRACE - Resolving type for handle ctsheets49fdtype
14:21:50.082 [main] TRACE - Resolving type for handle propertiesee84doctype
14:21:50.086 [main] TRACE - Resolving type for handle ctproperties3f10type
14:21:50.096 [main] TRACE - Resolving type for handle properties288cdoctype
14:21:50.098 [main] TRACE - Resolving type for handle ctproperties2c18type
14:21:50.108 [main] TRACE - Resolving type for handle sstf81fdoctype
14:21:50.108 [main] TRACE - Resolving type for handle ctsst44f3type
14:21:50.116 [main] TRACE - Resolving type for handle stylesheet5d8bdoctype
14:21:50.119 [main] TRACE - Resolving type for handle ctstylesheet4257type
14:21:50.126 [main] TRACE - Resolving type for handle ctfont14d8type
14:21:50.132 [main] TRACE - Resolving type for handle ctfontsizeb3b9type
14:21:50.140 [main] TRACE - Resolving type for handle ctcolord2c2type
14:21:50.141 [main] TRACE - Resolving type for handle ctfontname2dc3type
14:21:50.141 [main] TRACE - Resolving type for handle stxstringf179type
14:21:50.141 [main] TRACE - Resolving type for handle ctfontfamily685ctype
14:21:50.141 [main] TRACE - Resolving type for handle stfontfamily9c6ctype
14:21:50.157 [main] TRACE - Resolving type for handle ctfontschemebf5dtype
14:21:50.158 [main] TRACE - Resolving type for handle stfontschemef36dtype
14:21:50.164 [main] TRACE - Resolving type for handle ctfill550ctype
14:21:50.164 [main] TRACE - Resolving type for handle ctpatternfill7452type
14:21:50.170 [main] TRACE - Resolving type for handle stpatterntype7939type
14:21:50.174 [main] TRACE - Resolving type for handle ctborderf935type
14:21:50.174 [main] TRACE - Resolving type for handle ctborderpre497type
14:21:50.174 [main] TRACE - Resolving type for handle ctxf97f7type
14:21:50.188 [main] TRACE - Resolving type for handle stnumfmtid76fbtype
14:21:50.191 [main] TRACE - Resolving type for handle stfontid9d63type
14:21:50.191 [main] TRACE - Resolving type for handle stfillida097type
14:21:50.191 [main] TRACE - Resolving type for handle stborderid1a80type
14:21:50.197 [main] TRACE - Resolving type for handle stcellstylexfid70c7type
14:21:50.204 [main] TRACE - Resolving type for handle ctsheet4dbetype
14:21:50.207 [main] TRACE - Resolving type for handle ctworksheet530dtype
14:21:50.219 [main] TRACE - Resolving type for handle ctsheetformatprdef7type
14:21:50.228 [main] TRACE - Resolving type for handle ctsheetviewsb918type
14:21:50.235 [main] TRACE - Resolving type for handle ctsheetview0f43type
14:21:50.243 [main] TRACE - Resolving type for handle ctsheetdimensiond310type
14:21:50.243 [main] TRACE - Resolving type for handle stref90a2type
14:21:50.251 [main] TRACE - Resolving type for handle ctsheetdata8408type
14:21:50.253 [main] TRACE - Resolving type for handle ctpagemargins5455type
14:21:50.265 [main] TRACE - Resolving type for handle ctcols627ctype
14:21:50.269 [main] TRACE - Resolving type for handle strelationshipid1e94type
14:21:50.272 [main] TRACE - Resolving type for handle ctrowdd39type
14:21:50.283 [main] TRACE - Resolving type for handle ctcell842btype
14:21:50.295 [main] TRACE - Resolving type for handle stcellrefe4e0type
14:21:50.298 [main] TRACE - Resolving type for handle ctrsta472type
14:21:50.300 [main] TRACE - Resolving type for handle stcelltypebf95type
14:21:50.643 [main] DEBUG - Save core properties part
14:21:50.643 [main] DEBUG - Save content types part
14:21:50.792 [main] DEBUG - Save package relationships
14:21:50.802 [main] DEBUG - Save part 'docProps/core.xml'
14:21:50.814 [main] DEBUG - Save part 'xl/sharedStrings.xml'
14:21:50.818 [main] DEBUG - Save part 'xl/styles.xml'
14:21:50.824 [main] DEBUG - Save part 'xl/workbook.xml'
14:21:50.834 [main] DEBUG - Save part 'xl/worksheets/sheet1.xml'
14:21:56.461 [main] DEBUG - Parsing relationship: /xl/_rels/workbook.xml.rels
14:21:56.461 [main] DEBUG - Parsing relationship: /_rels/.rels
14:21:56.500 [main] TRACE - Resolving type for handle themefd26doctype
14:21:56.539 [main] TRACE - Resolving type for handle ctfonts6623type
14:21:56.539 [main] TRACE - Resolving type for handle ctfills2c6ftype
14:21:56.548 [main] TRACE - Resolving type for handle ctborders0d66type
14:21:56.548 [main] TRACE - Resolving type for handle ctcellxfs1322type
14:21:56.555 [main] TRACE - Resolving type for handle ctcellstylexfsa81ftype
14:21:56.555 [main] TRACE - Resolving type for handle ctdxfsb26atype
14:21:56.561 [main] TRACE - Resolving type for handle cttablestyles872ftype
14:21:56.766 [main] TRACE - Resolving type for handle workbookec17doctype
14:21:56.777 [main] TRACE - Resolving type for handle worksheetf539doctype
14:21:56.851 [main] TRACE - Resolving type for handle ctcola95ftype
14:22:28.307 [main] DEBUG - Save core properties part
14:22:28.307 [main] DEBUG - Save content types part
14:22:28.311 [main] DEBUG - Save package relationships
14:22:28.314 [main] DEBUG - Save part 'docProps/core.xml'
14:22:28.316 [main] DEBUG - Save part 'xl/sharedStrings.xml'
14:22:28.316 [main] DEBUG - Save part 'xl/styles.xml'
14:22:28.317 [main] DEBUG - Save part 'xl/workbook.xml'
14:22:28.319 [main] DEBUG - Save part 'xl/worksheets/sheet1.xml'
14:22:33.730 [main] DEBUG - Parsing relationship: /xl/_rels/workbook.xml.rels
14:22:33.732 [main] DEBUG - Parsing relationship: /_rels/.rels
14:23:04.596 [main] DEBUG - Save core properties part
14:23:04.598 [main] DEBUG - Save content types part
14:23:04.599 [main] DEBUG - Save package relationships
14:23:04.601 [main] DEBUG - Save part 'docProps/core.xml'
14:23:04.603 [main] DEBUG - Save part 'xl/sharedStrings.xml'
14:23:04.603 [main] DEBUG - Save part 'xl/styles.xml'
14:23:04.603 [main] DEBUG - Save part 'xl/workbook.xml'
14:23:04.604 [main] DEBUG - Save part 'xl/worksheets/sheet1.xml'
14:23:09.777 [main] DEBUG - Parsing relationship: /xl/_rels/workbook.xml.rels
14:23:09.779 [main] DEBUG - Parsing relationship: /_rels/.rels
14:24:09.245 [main] DEBUG - Save core properties part
14:24:09.246 [main] DEBUG - Save content types part
14:24:09.249 [main] DEBUG - Save package relationships
14:24:09.250 [main] DEBUG - Save part 'docProps/core.xml'
14:24:09.253 [main] DEBUG - Save part 'xl/sharedStrings.xml'
14:24:09.253 [main] DEBUG - Save part 'xl/styles.xml'
14:24:09.253 [main] DEBUG - Save part 'xl/workbook.xml'
14:24:09.257 [main] DEBUG - Save part 'xl/worksheets/sheet1.xml'
14:32:44.191 [main] TRACE - Loading type system org.apache.poi.schemas.ooxml.system.ooxml
14:32:44.199 [main] TRACE - Loading type system org.apache.xmlbeans.metadata.system.sXMLCONFIG
14:32:44.202 [main] TRACE - Loading type system org.apache.xmlbeans.metadata.system.sXMLLANG
14:32:44.202 [main] TRACE - Loading type system org.apache.xmlbeans.metadata.system.sXMLSCHEMA
14:32:44.202 [main] TRACE - Loading type system org.apache.xmlbeans.metadata.system.sXMLTOOLS
14:32:44.207 [main] TRACE - Reading unresolved handles for type system org.apache.xmlbeans.metadata.system.sXMLTOOLS
14:32:44.224 [main] TRACE - Finished loading type system org.apache.xmlbeans.metadata.system.sXMLTOOLS
14:32:44.231 [main] TRACE - Reading unresolved handles for type system org.apache.xmlbeans.metadata.system.sXMLSCHEMA
14:32:44.240 [main] TRACE - Finished loading type system org.apache.xmlbeans.metadata.system.sXMLSCHEMA
14:32:44.240 [main] TRACE - Reading unresolved handles for type system org.apache.xmlbeans.metadata.system.sXMLLANG
14:32:44.240 [main] TRACE - Finished loading type system org.apache.xmlbeans.metadata.system.sXMLLANG
14:32:44.246 [main] TRACE - Reading unresolved handles for type system org.apache.xmlbeans.metadata.system.sXMLCONFIG
14:32:44.247 [main] TRACE - Finished loading type system org.apache.xmlbeans.metadata.system.sXMLCONFIG
14:32:44.250 [main] TRACE - Reading unresolved handles for type system org.apache.poi.schemas.ooxml.system.ooxml
14:32:44.355 [main] TRACE - Finished loading type system org.apache.poi.schemas.ooxml.system.ooxml
14:32:44.355 [main] TRACE - Resolving type for handle ctworkbook83c3type
14:32:44.430 [main] TRACE - Resolving type for handle ctworkbookpr03a5type
14:32:44.446 [main] TRACE - Resolving type for handle ctbookviewsb864type
14:32:44.446 [main] TRACE - Resolving type for handle ctbookviewf677type
14:32:44.455 [main] TRACE - Resolving type for handle ctsheets49fdtype
14:32:44.455 [main] TRACE - Resolving type for handle propertiesee84doctype
14:32:44.455 [main] TRACE - Resolving type for handle ctproperties3f10type
14:32:44.491 [main] TRACE - Resolving type for handle properties288cdoctype
14:32:44.491 [main] TRACE - Resolving type for handle ctproperties2c18type
14:32:44.506 [main] TRACE - Resolving type for handle sstf81fdoctype
14:32:44.509 [main] TRACE - Resolving type for handle ctsst44f3type
14:32:44.509 [main] TRACE - Resolving type for handle stylesheet5d8bdoctype
14:32:44.521 [main] TRACE - Resolving type for handle ctstylesheet4257type
14:32:44.521 [main] TRACE - Resolving type for handle ctfont14d8type
14:32:44.538 [main] TRACE - Resolving type for handle ctfontsizeb3b9type
14:32:44.538 [main] TRACE - Resolving type for handle ctcolord2c2type
14:32:44.551 [main] TRACE - Resolving type for handle ctfontname2dc3type
14:32:44.554 [main] TRACE - Resolving type for handle stxstringf179type
14:32:44.555 [main] TRACE - Resolving type for handle ctfontfamily685ctype
14:32:44.555 [main] TRACE - Resolving type for handle stfontfamily9c6ctype
14:32:44.567 [main] TRACE - Resolving type for handle ctfontschemebf5dtype
14:32:44.573 [main] TRACE - Resolving type for handle stfontschemef36dtype
14:32:44.575 [main] TRACE - Resolving type for handle ctfill550ctype
14:32:44.575 [main] TRACE - Resolving type for handle ctpatternfill7452type
14:32:44.588 [main] TRACE - Resolving type for handle stpatterntype7939type
14:32:44.591 [main] TRACE - Resolving type for handle ctborderf935type
14:32:44.599 [main] TRACE - Resolving type for handle ctborderpre497type
14:32:44.605 [main] TRACE - Resolving type for handle ctxf97f7type
14:32:44.608 [main] TRACE - Resolving type for handle stnumfmtid76fbtype
14:32:44.608 [main] TRACE - Resolving type for handle stfontid9d63type
14:32:44.614 [main] TRACE - Resolving type for handle stfillida097type
14:32:44.618 [main] TRACE - Resolving type for handle stborderid1a80type
14:32:44.622 [main] TRACE - Resolving type for handle stcellstylexfid70c7type
14:32:44.622 [main] TRACE - Resolving type for handle ctsheet4dbetype
14:32:44.631 [main] TRACE - Resolving type for handle ctworksheet530dtype
14:32:44.638 [main] TRACE - Resolving type for handle ctsheetformatprdef7type
14:32:44.655 [main] TRACE - Resolving type for handle ctsheetviewsb918type
14:32:44.655 [main] TRACE - Resolving type for handle ctsheetview0f43type
14:32:44.668 [main] TRACE - Resolving type for handle ctsheetdimensiond310type
14:32:44.671 [main] TRACE - Resolving type for handle stref90a2type
14:32:44.675 [main] TRACE - Resolving type for handle ctsheetdata8408type
14:32:44.677 [main] TRACE - Resolving type for handle ctpagemargins5455type
14:32:44.688 [main] TRACE - Resolving type for handle ctcols627ctype
14:32:44.688 [main] TRACE - Resolving type for handle strelationshipid1e94type
14:32:44.688 [main] TRACE - Resolving type for handle ctrowdd39type
14:32:44.708 [main] TRACE - Resolving type for handle ctcell842btype
14:32:44.719 [main] TRACE - Resolving type for handle stcellrefe4e0type
14:32:44.725 [main] TRACE - Resolving type for handle ctrsta472type
14:32:44.725 [main] TRACE - Resolving type for handle stcelltypebf95type
14:32:45.083 [main] DEBUG - Save core properties part
14:32:45.083 [main] DEBUG - Save content types part
14:32:45.246 [main] DEBUG - Save package relationships
14:32:45.256 [main] DEBUG - Save part 'docProps/core.xml'
14:32:45.272 [main] DEBUG - Save part 'xl/sharedStrings.xml'
14:32:45.272 [main] DEBUG - Save part 'xl/styles.xml'
14:32:45.288 [main] DEBUG - Save part 'xl/workbook.xml'
14:32:45.289 [main] DEBUG - Save part 'xl/worksheets/sheet1.xml'
14:42:46.439 [main] TRACE - Loading type system org.apache.poi.schemas.ooxml.system.ooxml
14:42:46.448 [main] TRACE - Loading type system org.apache.xmlbeans.metadata.system.sXMLCONFIG
14:42:46.456 [main] TRACE - Loading type system org.apache.xmlbeans.metadata.system.sXMLLANG
14:42:46.456 [main] TRACE - Loading type system org.apache.xmlbeans.metadata.system.sXMLSCHEMA
14:42:46.456 [main] TRACE - Loading type system org.apache.xmlbeans.metadata.system.sXMLTOOLS
14:42:46.456 [main] TRACE - Reading unresolved handles for type system org.apache.xmlbeans.metadata.system.sXMLTOOLS
14:42:46.481 [main] TRACE - Finished loading type system org.apache.xmlbeans.metadata.system.sXMLTOOLS
14:42:46.481 [main] TRACE - Reading unresolved handles for type system org.apache.xmlbeans.metadata.system.sXMLSCHEMA
14:42:46.481 [main] TRACE - Finished loading type system org.apache.xmlbeans.metadata.system.sXMLSCHEMA
14:42:46.492 [main] TRACE - Reading unresolved handles for type system org.apache.xmlbeans.metadata.system.sXMLLANG
14:42:46.492 [main] TRACE - Finished loading type system org.apache.xmlbeans.metadata.system.sXMLLANG
14:42:46.494 [main] TRACE - Reading unresolved handles for type system org.apache.xmlbeans.metadata.system.sXMLCONFIG
14:42:46.496 [main] TRACE - Finished loading type system org.apache.xmlbeans.metadata.system.sXMLCONFIG
14:42:46.498 [main] TRACE - Reading unresolved handles for type system org.apache.poi.schemas.ooxml.system.ooxml
14:42:46.622 [main] TRACE - Finished loading type system org.apache.poi.schemas.ooxml.system.ooxml
14:42:46.622 [main] TRACE - Resolving type for handle ctworkbook83c3type
14:42:46.711 [main] TRACE - Resolving type for handle ctworkbookpr03a5type
14:42:46.727 [main] TRACE - Resolving type for handle ctbookviewsb864type
14:42:46.735 [main] TRACE - Resolving type for handle ctbookviewf677type
14:42:46.743 [main] TRACE - Resolving type for handle ctsheets49fdtype
14:42:46.750 [main] TRACE - Resolving type for handle propertiesee84doctype
14:42:46.755 [main] TRACE - Resolving type for handle ctproperties3f10type
14:42:46.765 [main] TRACE - Resolving type for handle properties288cdoctype
14:42:46.765 [main] TRACE - Resolving type for handle ctproperties2c18type
14:42:46.775 [main] TRACE - Resolving type for handle sstf81fdoctype
14:42:46.782 [main] TRACE - Resolving type for handle ctsst44f3type
14:42:46.791 [main] TRACE - Resolving type for handle stylesheet5d8bdoctype
14:42:46.791 [main] TRACE - Resolving type for handle ctstylesheet4257type
14:42:46.798 [main] TRACE - Resolving type for handle ctfont14d8type
14:42:46.815 [main] TRACE - Resolving type for handle ctfontsizeb3b9type
14:42:46.816 [main] TRACE - Resolving type for handle ctcolord2c2type
14:42:46.823 [main] TRACE - Resolving type for handle ctfontname2dc3type
14:42:46.830 [main] TRACE - Resolving type for handle stxstringf179type
14:42:46.835 [main] TRACE - Resolving type for handle ctfontfamily685ctype
14:42:46.835 [main] TRACE - Resolving type for handle stfontfamily9c6ctype
14:42:46.844 [main] TRACE - Resolving type for handle ctfontschemebf5dtype
14:42:46.848 [main] TRACE - Resolving type for handle stfontschemef36dtype
14:42:46.857 [main] TRACE - Resolving type for handle ctfill550ctype
14:42:46.857 [main] TRACE - Resolving type for handle ctpatternfill7452type
14:42:46.880 [main] TRACE - Resolving type for handle stpatterntype7939type
14:42:46.901 [main] TRACE - Resolving type for handle ctborderf935type
14:42:46.906 [main] TRACE - Resolving type for handle ctborderpre497type
14:42:46.917 [main] TRACE - Resolving type for handle ctxf97f7type
14:42:46.920 [main] TRACE - Resolving type for handle stnumfmtid76fbtype
14:42:46.920 [main] TRACE - Resolving type for handle stfontid9d63type
14:42:46.928 [main] TRACE - Resolving type for handle stfillida097type
14:42:46.934 [main] TRACE - Resolving type for handle stborderid1a80type
14:42:46.937 [main] TRACE - Resolving type for handle stcellstylexfid70c7type
14:42:46.937 [main] TRACE - Resolving type for handle ctsheet4dbetype
14:42:46.951 [main] TRACE - Resolving type for handle ctworksheet530dtype
14:42:46.960 [main] TRACE - Resolving type for handle ctsheetformatprdef7type
14:42:46.967 [main] TRACE - Resolving type for handle ctsheetviewsb918type
14:42:46.976 [main] TRACE - Resolving type for handle ctsheetview0f43type
14:42:46.986 [main] TRACE - Resolving type for handle ctsheetdimensiond310type
14:42:46.988 [main] TRACE - Resolving type for handle stref90a2type
14:42:46.988 [main] TRACE - Resolving type for handle ctsheetdata8408type
14:42:46.992 [main] TRACE - Resolving type for handle ctpagemargins5455type
14:42:46.999 [main] TRACE - Resolving type for handle ctcols627ctype
14:42:46.999 [main] TRACE - Resolving type for handle strelationshipid1e94type
14:42:47.008 [main] TRACE - Resolving type for handle ctrowdd39type
14:42:47.016 [main] TRACE - Resolving type for handle ctcell842btype
14:42:47.024 [main] TRACE - Resolving type for handle stcellrefe4e0type
14:42:47.031 [main] TRACE - Resolving type for handle ctrsta472type
14:42:47.031 [main] TRACE - Resolving type for handle stcelltypebf95type
14:42:47.331 [main] DEBUG - Save core properties part
14:42:47.331 [main] DEBUG - Save content types part
14:42:47.511 [main] DEBUG - Save package relationships
14:42:47.517 [main] DEBUG - Save part 'docProps/core.xml'
14:42:47.532 [main] DEBUG - Save part 'xl/sharedStrings.xml'
14:42:47.532 [main] DEBUG - Save part 'xl/styles.xml'
14:42:47.541 [main] DEBUG - Save part 'xl/workbook.xml'
14:42:47.544 [main] DEBUG - Save part 'xl/worksheets/sheet1.xml'
14:49:39.013 [main] TRACE - Loading type system org.apache.poi.schemas.ooxml.system.ooxml
14:49:39.016 [main] TRACE - Loading type system org.apache.xmlbeans.metadata.system.sXMLCONFIG
14:49:39.016 [main] TRACE - Loading type system org.apache.xmlbeans.metadata.system.sXMLLANG
14:49:39.016 [main] TRACE - Loading type system org.apache.xmlbeans.metadata.system.sXMLSCHEMA
14:49:39.016 [main] TRACE - Loading type system org.apache.xmlbeans.metadata.system.sXMLTOOLS
14:49:39.016 [main] TRACE - Reading unresolved handles for type system org.apache.xmlbeans.metadata.system.sXMLTOOLS
14:49:39.025 [main] TRACE - Finished loading type system org.apache.xmlbeans.metadata.system.sXMLTOOLS
14:49:39.025 [main] TRACE - Reading unresolved handles for type system org.apache.xmlbeans.metadata.system.sXMLSCHEMA
14:49:39.030 [main] TRACE - Finished loading type system org.apache.xmlbeans.metadata.system.sXMLSCHEMA
14:49:39.032 [main] TRACE - Reading unresolved handles for type system org.apache.xmlbeans.metadata.system.sXMLLANG
14:49:39.034 [main] TRACE - Finished loading type system org.apache.xmlbeans.metadata.system.sXMLLANG
14:49:39.034 [main] TRACE - Reading unresolved handles for type system org.apache.xmlbeans.metadata.system.sXMLCONFIG
14:49:39.034 [main] TRACE - Finished loading type system org.apache.xmlbeans.metadata.system.sXMLCONFIG
14:49:39.034 [main] TRACE - Reading unresolved handles for type system org.apache.poi.schemas.ooxml.system.ooxml
14:49:39.065 [main] TRACE - Finished loading type system org.apache.poi.schemas.ooxml.system.ooxml
14:49:39.067 [main] TRACE - Resolving type for handle ctworkbook83c3type
14:49:39.092 [main] TRACE - Resolving type for handle ctworkbookpr03a5type
14:49:39.102 [main] TRACE - Resolving type for handle ctbookviewsb864type
14:49:39.102 [main] TRACE - Resolving type for handle ctbookviewf677type
14:49:39.102 [main] TRACE - Resolving type for handle ctsheets49fdtype
14:49:39.112 [main] TRACE - Resolving type for handle propertiesee84doctype
14:49:39.112 [main] TRACE - Resolving type for handle ctproperties3f10type
14:49:39.116 [main] TRACE - Resolving type for handle properties288cdoctype
14:49:39.116 [main] TRACE - Resolving type for handle ctproperties2c18type
14:49:39.116 [main] TRACE - Resolving type for handle sstf81fdoctype
14:49:39.116 [main] TRACE - Resolving type for handle ctsst44f3type
14:49:39.116 [main] TRACE - Resolving type for handle stylesheet5d8bdoctype
14:49:39.128 [main] TRACE - Resolving type for handle ctstylesheet4257type
14:49:39.130 [main] TRACE - Resolving type for handle ctfont14d8type
14:49:39.133 [main] TRACE - Resolving type for handle ctfontsizeb3b9type
14:49:39.133 [main] TRACE - Resolving type for handle ctcolord2c2type
14:49:39.133 [main] TRACE - Resolving type for handle ctfontname2dc3type
14:49:39.133 [main] TRACE - Resolving type for handle stxstringf179type
14:49:39.144 [main] TRACE - Resolving type for handle ctfontfamily685ctype
14:49:39.144 [main] TRACE - Resolving type for handle stfontfamily9c6ctype
14:49:39.144 [main] TRACE - Resolving type for handle ctfontschemebf5dtype
14:49:39.150 [main] TRACE - Resolving type for handle stfontschemef36dtype
14:49:39.150 [main] TRACE - Resolving type for handle ctfill550ctype
14:49:39.152 [main] TRACE - Resolving type for handle ctpatternfill7452type
14:49:39.152 [main] TRACE - Resolving type for handle stpatterntype7939type
14:49:39.156 [main] TRACE - Resolving type for handle ctborderf935type
14:49:39.158 [main] TRACE - Resolving type for handle ctborderpre497type
14:49:39.160 [main] TRACE - Resolving type for handle ctxf97f7type
14:49:39.160 [main] TRACE - Resolving type for handle stnumfmtid76fbtype
14:49:39.160 [main] TRACE - Resolving type for handle stfontid9d63type
14:49:39.160 [main] TRACE - Resolving type for handle stfillida097type
14:49:39.160 [main] TRACE - Resolving type for handle stborderid1a80type
14:49:39.167 [main] TRACE - Resolving type for handle stcellstylexfid70c7type
14:49:39.169 [main] TRACE - Resolving type for handle ctsheet4dbetype
14:49:39.174 [main] TRACE - Resolving type for handle ctworksheet530dtype
14:49:39.177 [main] TRACE - Resolving type for handle ctsheetformatprdef7type
14:49:39.177 [main] TRACE - Resolving type for handle ctsheetviewsb918type
14:49:39.185 [main] TRACE - Resolving type for handle ctsheetview0f43type
14:49:39.185 [main] TRACE - Resolving type for handle ctsheetdimensiond310type
14:49:39.185 [main] TRACE - Resolving type for handle stref90a2type
14:49:39.185 [main] TRACE - Resolving type for handle ctsheetdata8408type
14:49:39.185 [main] TRACE - Resolving type for handle ctpagemargins5455type
14:49:39.193 [main] TRACE - Resolving type for handle ctcols627ctype
14:49:39.193 [main] TRACE - Resolving type for handle strelationshipid1e94type
14:49:39.193 [main] TRACE - Resolving type for handle ctrowdd39type
14:49:39.199 [main] TRACE - Resolving type for handle ctcell842btype
14:49:39.199 [main] TRACE - Resolving type for handle stcellrefe4e0type
14:49:39.199 [main] TRACE - Resolving type for handle ctrsta472type
14:49:39.209 [main] TRACE - Resolving type for handle stcelltypebf95type
14:49:39.456 [main] DEBUG - Save core properties part
14:49:39.456 [main] DEBUG - Save content types part
14:49:39.585 [main] DEBUG - Save package relationships
14:49:39.585 [main] DEBUG - Save part 'docProps/core.xml'
14:49:39.600 [main] DEBUG - Save part 'xl/sharedStrings.xml'
14:49:39.600 [main] DEBUG - Save part 'xl/styles.xml'
14:49:39.601 [main] DEBUG - Save part 'xl/workbook.xml'
14:49:39.601 [main] DEBUG - Save part 'xl/worksheets/sheet1.xml'
14:54:16.600 [main] TRACE - Loading type system org.apache.poi.schemas.ooxml.system.ooxml
14:54:16.603 [main] TRACE - Loading type system org.apache.xmlbeans.metadata.system.sXMLCONFIG
14:54:16.603 [main] TRACE - Loading type system org.apache.xmlbeans.metadata.system.sXMLLANG
14:54:16.603 [main] TRACE - Loading type system org.apache.xmlbeans.metadata.system.sXMLSCHEMA
14:54:16.603 [main] TRACE - Loading type system org.apache.xmlbeans.metadata.system.sXMLTOOLS
14:54:16.616 [main] TRACE - Reading unresolved handles for type system org.apache.xmlbeans.metadata.system.sXMLTOOLS
14:54:16.637 [main] TRACE - Finished loading type system org.apache.xmlbeans.metadata.system.sXMLTOOLS
14:54:16.637 [main] TRACE - Reading unresolved handles for type system org.apache.xmlbeans.metadata.system.sXMLSCHEMA
14:54:16.650 [main] TRACE - Finished loading type system org.apache.xmlbeans.metadata.system.sXMLSCHEMA
14:54:16.653 [main] TRACE - Reading unresolved handles for type system org.apache.xmlbeans.metadata.system.sXMLLANG
14:54:16.653 [main] TRACE - Finished loading type system org.apache.xmlbeans.metadata.system.sXMLLANG
14:54:16.653 [main] TRACE - Reading unresolved handles for type system org.apache.xmlbeans.metadata.system.sXMLCONFIG
14:54:16.653 [main] TRACE - Finished loading type system org.apache.xmlbeans.metadata.system.sXMLCONFIG
14:54:16.653 [main] TRACE - Reading unresolved handles for type system org.apache.poi.schemas.ooxml.system.ooxml
14:54:16.753 [main] TRACE - Finished loading type system org.apache.poi.schemas.ooxml.system.ooxml
14:54:16.753 [main] TRACE - Resolving type for handle ctworkbook83c3type
14:54:16.820 [main] TRACE - Resolving type for handle ctworkbookpr03a5type
14:54:16.841 [main] TRACE - Resolving type for handle ctbookviewsb864type
14:54:16.843 [main] TRACE - Resolving type for handle ctbookviewf677type
14:54:16.853 [main] TRACE - Resolving type for handle ctsheets49fdtype
14:54:16.853 [main] TRACE - Resolving type for handle propertiesee84doctype
14:54:16.853 [main] TRACE - Resolving type for handle ctproperties3f10type
14:54:16.873 [main] TRACE - Resolving type for handle properties288cdoctype
14:54:16.875 [main] TRACE - Resolving type for handle ctproperties2c18type
14:54:16.884 [main] TRACE - Resolving type for handle sstf81fdoctype
14:54:16.886 [main] TRACE - Resolving type for handle ctsst44f3type
14:54:16.890 [main] TRACE - Resolving type for handle stylesheet5d8bdoctype
14:54:16.897 [main] TRACE - Resolving type for handle ctstylesheet4257type
14:54:16.903 [main] TRACE - Resolving type for handle ctfont14d8type
14:54:16.913 [main] TRACE - Resolving type for handle ctfontsizeb3b9type
14:54:16.920 [main] TRACE - Resolving type for handle ctcolord2c2type
14:54:16.923 [main] TRACE - Resolving type for handle ctfontname2dc3type
14:54:16.923 [main] TRACE - Resolving type for handle stxstringf179type
14:54:16.929 [main] TRACE - Resolving type for handle ctfontfamily685ctype
14:54:16.937 [main] TRACE - Resolving type for handle stfontfamily9c6ctype
14:54:16.937 [main] TRACE - Resolving type for handle ctfontschemebf5dtype
14:54:16.945 [main] TRACE - Resolving type for handle stfontschemef36dtype
14:54:16.945 [main] TRACE - Resolving type for handle ctfill550ctype
14:54:16.953 [main] TRACE - Resolving type for handle ctpatternfill7452type
14:54:16.956 [main] TRACE - Resolving type for handle stpatterntype7939type
14:54:16.956 [main] TRACE - Resolving type for handle ctborderf935type
14:54:16.956 [main] TRACE - Resolving type for handle ctborderpre497type
14:54:16.970 [main] TRACE - Resolving type for handle ctxf97f7type
14:54:16.970 [main] TRACE - Resolving type for handle stnumfmtid76fbtype
14:54:16.970 [main] TRACE - Resolving type for handle stfontid9d63type
14:54:16.970 [main] TRACE - Resolving type for handle stfillida097type
14:54:16.986 [main] TRACE - Resolving type for handle stborderid1a80type
14:54:16.986 [main] TRACE - Resolving type for handle stcellstylexfid70c7type
14:54:16.986 [main] TRACE - Resolving type for handle ctsheet4dbetype
14:54:17.003 [main] TRACE - Resolving type for handle ctworksheet530dtype
14:54:17.003 [main] TRACE - Resolving type for handle ctsheetformatprdef7type
14:54:17.024 [main] TRACE - Resolving type for handle ctsheetviewsb918type
14:54:17.029 [main] TRACE - Resolving type for handle ctsheetview0f43type
14:54:17.036 [main] TRACE - Resolving type for handle ctsheetdimensiond310type
14:54:17.036 [main] TRACE - Resolving type for handle stref90a2type
14:54:17.044 [main] TRACE - Resolving type for handle ctsheetdata8408type
14:54:17.044 [main] TRACE - Resolving type for handle ctpagemargins5455type
14:54:17.053 [main] TRACE - Resolving type for handle ctcols627ctype
14:54:17.053 [main] TRACE - Resolving type for handle strelationshipid1e94type
14:54:17.060 [main] TRACE - Resolving type for handle ctrowdd39type
14:54:17.070 [main] TRACE - Resolving type for handle ctcell842btype
14:54:17.080 [main] TRACE - Resolving type for handle stcellrefe4e0type
14:54:17.087 [main] TRACE - Resolving type for handle ctrsta472type
14:54:17.087 [main] TRACE - Resolving type for handle stcelltypebf95type
14:54:17.422 [main] DEBUG - Save core properties part
14:54:17.422 [main] DEBUG - Save content types part
14:54:17.596 [main] DEBUG - Save package relationships
14:54:17.603 [main] DEBUG - Save part 'docProps/core.xml'
14:54:17.619 [main] DEBUG - Save part 'xl/sharedStrings.xml'
14:54:17.619 [main] DEBUG - Save part 'xl/styles.xml'
14:54:17.632 [main] DEBUG - Save part 'xl/workbook.xml'
14:54:17.632 [main] DEBUG - Save part 'xl/worksheets/sheet1.xml'
14:57:54.225 [main] TRACE - Loading type system org.apache.poi.schemas.ooxml.system.ooxml
14:57:54.232 [main] TRACE - Loading type system org.apache.xmlbeans.metadata.system.sXMLCONFIG
14:57:54.232 [main] TRACE - Loading type system org.apache.xmlbeans.metadata.system.sXMLLANG
14:57:54.232 [main] TRACE - Loading type system org.apache.xmlbeans.metadata.system.sXMLSCHEMA
14:57:54.232 [main] TRACE - Loading type system org.apache.xmlbeans.metadata.system.sXMLTOOLS
14:57:54.232 [main] TRACE - Reading unresolved handles for type system org.apache.xmlbeans.metadata.system.sXMLTOOLS
14:57:54.264 [main] TRACE - Finished loading type system org.apache.xmlbeans.metadata.system.sXMLTOOLS
14:57:54.264 [main] TRACE - Reading unresolved handles for type system org.apache.xmlbeans.metadata.system.sXMLSCHEMA
14:57:54.264 [main] TRACE - Finished loading type system org.apache.xmlbeans.metadata.system.sXMLSCHEMA
14:57:54.276 [main] TRACE - Reading unresolved handles for type system org.apache.xmlbeans.metadata.system.sXMLLANG
14:57:54.276 [main] TRACE - Finished loading type system org.apache.xmlbeans.metadata.system.sXMLLANG
14:57:54.280 [main] TRACE - Reading unresolved handles for type system org.apache.xmlbeans.metadata.system.sXMLCONFIG
14:57:54.282 [main] TRACE - Finished loading type system org.apache.xmlbeans.metadata.system.sXMLCONFIG
14:57:54.282 [main] TRACE - Reading unresolved handles for type system org.apache.poi.schemas.ooxml.system.ooxml
14:57:54.381 [main] TRACE - Finished loading type system org.apache.poi.schemas.ooxml.system.ooxml
14:57:54.381 [main] TRACE - Resolving type for handle ctworkbook83c3type
14:57:54.459 [main] TRACE - Resolving type for handle ctworkbookpr03a5type
14:57:54.475 [main] TRACE - Resolving type for handle ctbookviewsb864type
14:57:54.477 [main] TRACE - Resolving type for handle ctbookviewf677type
14:57:54.490 [main] TRACE - Resolving type for handle ctsheets49fdtype
14:57:54.491 [main] TRACE - Resolving type for handle propertiesee84doctype
14:57:54.499 [main] TRACE - Resolving type for handle ctproperties3f10type
14:57:54.507 [main] TRACE - Resolving type for handle properties288cdoctype
14:57:54.511 [main] TRACE - Resolving type for handle ctproperties2c18type
14:57:54.515 [main] TRACE - Resolving type for handle sstf81fdoctype
14:57:54.523 [main] TRACE - Resolving type for handle ctsst44f3type
14:57:54.532 [main] TRACE - Resolving type for handle stylesheet5d8bdoctype
14:57:54.532 [main] TRACE - Resolving type for handle ctstylesheet4257type
14:57:54.539 [main] TRACE - Resolving type for handle ctfont14d8type
14:57:54.548 [main] TRACE - Resolving type for handle ctfontsizeb3b9type
14:57:54.561 [main] TRACE - Resolving type for handle ctcolord2c2type
14:57:54.566 [main] TRACE - Resolving type for handle ctfontname2dc3type
14:57:54.568 [main] TRACE - Resolving type for handle stxstringf179type
14:57:54.574 [main] TRACE - Resolving type for handle ctfontfamily685ctype
14:57:54.574 [main] TRACE - Resolving type for handle stfontfamily9c6ctype
14:57:54.581 [main] TRACE - Resolving type for handle ctfontschemebf5dtype
14:57:54.587 [main] TRACE - Resolving type for handle stfontschemef36dtype
14:57:54.590 [main] TRACE - Resolving type for handle ctfill550ctype
14:57:54.595 [main] TRACE - Resolving type for handle ctpatternfill7452type
14:57:54.601 [main] TRACE - Resolving type for handle stpatterntype7939type
14:57:54.603 [main] TRACE - Resolving type for handle ctborderf935type
14:57:54.610 [main] TRACE - Resolving type for handle ctborderpre497type
14:57:54.618 [main] TRACE - Resolving type for handle ctxf97f7type
14:57:54.622 [main] TRACE - Resolving type for handle stnumfmtid76fbtype
14:57:54.626 [main] TRACE - Resolving type for handle stfontid9d63type
14:57:54.629 [main] TRACE - Resolving type for handle stfillida097type
14:57:54.631 [main] TRACE - Resolving type for handle stborderid1a80type
14:57:54.631 [main] TRACE - Resolving type for handle stcellstylexfid70c7type
14:57:54.642 [main] TRACE - Resolving type for handle ctsheet4dbetype
14:57:54.647 [main] TRACE - Resolving type for handle ctworksheet530dtype
14:57:54.657 [main] TRACE - Resolving type for handle ctsheetformatprdef7type
14:57:54.666 [main] TRACE - Resolving type for handle ctsheetviewsb918type
14:57:54.669 [main] TRACE - Resolving type for handle ctsheetview0f43type
14:57:54.680 [main] TRACE - Resolving type for handle ctsheetdimensiond310type
14:57:54.682 [main] TRACE - Resolving type for handle stref90a2type
14:57:54.682 [main] TRACE - Resolving type for handle ctsheetdata8408type
14:57:54.689 [main] TRACE - Resolving type for handle ctpagemargins5455type
14:57:54.699 [main] TRACE - Resolving type for handle ctcols627ctype
14:57:54.703 [main] TRACE - Resolving type for handle strelationshipid1e94type
14:57:54.703 [main] TRACE - Resolving type for handle ctrowdd39type
14:57:54.714 [main] TRACE - Resolving type for handle ctcell842btype
14:57:54.728 [main] TRACE - Resolving type for handle stcellrefe4e0type
14:57:54.733 [main] TRACE - Resolving type for handle ctrsta472type
14:57:54.737 [main] TRACE - Resolving type for handle stcelltypebf95type
14:57:55.051 [main] DEBUG - Save core properties part
14:57:55.051 [main] DEBUG - Save content types part
14:57:55.214 [main] DEBUG - Save package relationships
14:57:55.224 [main] DEBUG - Save part 'docProps/core.xml'
14:57:55.243 [main] DEBUG - Save part 'xl/sharedStrings.xml'
14:57:55.243 [main] DEBUG - Save part 'xl/styles.xml'
14:57:55.257 [main] DEBUG - Save part 'xl/workbook.xml'
14:57:55.264 [main] DEBUG - Save part 'xl/worksheets/sheet1.xml'
15:00:39.864 [main] TRACE - Loading type system org.apache.poi.schemas.ooxml.system.ooxml
15:00:39.880 [main] TRACE - Loading type system org.apache.xmlbeans.metadata.system.sXMLCONFIG
15:00:39.880 [main] TRACE - Loading type system org.apache.xmlbeans.metadata.system.sXMLLANG
15:00:39.880 [main] TRACE - Loading type system org.apache.xmlbeans.metadata.system.sXMLSCHEMA
15:00:39.896 [main] TRACE - Loading type system org.apache.xmlbeans.metadata.system.sXMLTOOLS
15:00:39.897 [main] TRACE - Reading unresolved handles for type system org.apache.xmlbeans.metadata.system.sXMLTOOLS
15:00:39.930 [main] TRACE - Finished loading type system org.apache.xmlbeans.metadata.system.sXMLTOOLS
15:00:39.930 [main] TRACE - Reading unresolved handles for type system org.apache.xmlbeans.metadata.system.sXMLSCHEMA
15:00:39.947 [main] TRACE - Finished loading type system org.apache.xmlbeans.metadata.system.sXMLSCHEMA
15:00:39.947 [main] TRACE - Reading unresolved handles for type system org.apache.xmlbeans.metadata.system.sXMLLANG
15:00:39.954 [main] TRACE - Finished loading type system org.apache.xmlbeans.metadata.system.sXMLLANG
15:00:39.955 [main] TRACE - Reading unresolved handles for type system org.apache.xmlbeans.metadata.system.sXMLCONFIG
15:00:39.957 [main] TRACE - Finished loading type system org.apache.xmlbeans.metadata.system.sXMLCONFIG
15:00:39.960 [main] TRACE - Reading unresolved handles for type system org.apache.poi.schemas.ooxml.system.ooxml
15:00:40.126 [main] TRACE - Finished loading type system org.apache.poi.schemas.ooxml.system.ooxml
15:00:40.131 [main] TRACE - Resolving type for handle ctworkbook83c3type
15:00:40.230 [main] TRACE - Resolving type for handle ctworkbookpr03a5type
15:00:40.247 [main] TRACE - Resolving type for handle ctbookviewsb864type
15:00:40.247 [main] TRACE - Resolving type for handle ctbookviewf677type
15:00:40.264 [main] TRACE - Resolving type for handle ctsheets49fdtype
15:00:40.279 [main] TRACE - Resolving type for handle propertiesee84doctype
15:00:40.281 [main] TRACE - Resolving type for handle ctproperties3f10type
15:00:40.298 [main] TRACE - Resolving type for handle properties288cdoctype
15:00:40.309 [main] TRACE - Resolving type for handle ctproperties2c18type
15:00:40.325 [main] TRACE - Resolving type for handle sstf81fdoctype
15:00:40.331 [main] TRACE - Resolving type for handle ctsst44f3type
15:00:40.357 [main] TRACE - Resolving type for handle stylesheet5d8bdoctype
15:00:40.365 [main] TRACE - Resolving type for handle ctstylesheet4257type
15:00:40.373 [main] TRACE - Resolving type for handle ctfont14d8type
15:00:40.389 [main] TRACE - Resolving type for handle ctfontsizeb3b9type
15:00:40.397 [main] TRACE - Resolving type for handle ctcolord2c2type
15:00:40.406 [main] TRACE - Resolving type for handle ctfontname2dc3type
15:00:40.406 [main] TRACE - Resolving type for handle stxstringf179type
15:00:40.414 [main] TRACE - Resolving type for handle ctfontfamily685ctype
15:00:40.422 [main] TRACE - Resolving type for handle stfontfamily9c6ctype
15:00:40.430 [main] TRACE - Resolving type for handle ctfontschemebf5dtype
15:00:40.430 [main] TRACE - Resolving type for handle stfontschemef36dtype
15:00:40.430 [main] TRACE - Resolving type for handle ctfill550ctype
15:00:40.430 [main] TRACE - Resolving type for handle ctpatternfill7452type
15:00:40.446 [main] TRACE - Resolving type for handle stpatterntype7939type
15:00:40.446 [main] TRACE - Resolving type for handle ctborderf935type
15:00:40.446 [main] TRACE - Resolving type for handle ctborderpre497type
15:00:40.464 [main] TRACE - Resolving type for handle ctxf97f7type
15:00:40.464 [main] TRACE - Resolving type for handle stnumfmtid76fbtype
15:00:40.464 [main] TRACE - Resolving type for handle stfontid9d63type
15:00:40.477 [main] TRACE - Resolving type for handle stfillida097type
15:00:40.480 [main] TRACE - Resolving type for handle stborderid1a80type
15:00:40.480 [main] TRACE - Resolving type for handle stcellstylexfid70c7type
15:00:40.493 [main] TRACE - Resolving type for handle ctsheet4dbetype
15:00:40.497 [main] TRACE - Resolving type for handle ctworksheet530dtype
15:00:40.513 [main] TRACE - Resolving type for handle ctsheetformatprdef7type
15:00:40.513 [main] TRACE - Resolving type for handle ctsheetviewsb918type
15:00:40.530 [main] TRACE - Resolving type for handle ctsheetview0f43type
15:00:40.530 [main] TRACE - Resolving type for handle ctsheetdimensiond310type
15:00:40.541 [main] TRACE - Resolving type for handle stref90a2type
15:00:40.541 [main] TRACE - Resolving type for handle ctsheetdata8408type
15:00:40.547 [main] TRACE - Resolving type for handle ctpagemargins5455type
15:00:40.558 [main] TRACE - Resolving type for handle ctcols627ctype
15:00:40.563 [main] TRACE - Resolving type for handle strelationshipid1e94type
15:00:40.563 [main] TRACE - Resolving type for handle ctrowdd39type
15:00:40.574 [main] TRACE - Resolving type for handle ctcell842btype
15:00:40.597 [main] TRACE - Resolving type for handle stcellrefe4e0type
15:00:40.613 [main] TRACE - Resolving type for handle ctrsta472type
15:00:40.613 [main] TRACE - Resolving type for handle stcelltypebf95type
15:00:40.982 [main] DEBUG - Save core properties part
15:00:40.982 [main] DEBUG - Save content types part
15:00:41.274 [main] DEBUG - Save package relationships
15:00:41.281 [main] DEBUG - Save part 'docProps/core.xml'
15:00:41.330 [main] DEBUG - Save part 'xl/sharedStrings.xml'
15:00:41.330 [main] DEBUG - Save part 'xl/styles.xml'
15:00:41.347 [main] DEBUG - Save part 'xl/workbook.xml'
15:00:41.347 [main] DEBUG - Save part 'xl/worksheets/sheet1.xml'
15:08:17.715 [main] TRACE - Loading type system org.apache.poi.schemas.ooxml.system.ooxml
15:08:17.717 [main] TRACE - Loading type system org.apache.xmlbeans.metadata.system.sXMLCONFIG
15:08:17.718 [main] TRACE - Loading type system org.apache.xmlbeans.metadata.system.sXMLLANG
15:08:17.718 [main] TRACE - Loading type system org.apache.xmlbeans.metadata.system.sXMLSCHEMA
15:08:17.718 [main] TRACE - Loading type system org.apache.xmlbeans.metadata.system.sXMLTOOLS
15:08:17.720 [main] TRACE - Reading unresolved handles for type system org.apache.xmlbeans.metadata.system.sXMLTOOLS
15:08:17.729 [main] TRACE - Finished loading type system org.apache.xmlbeans.metadata.system.sXMLTOOLS
15:08:17.730 [main] TRACE - Reading unresolved handles for type system org.apache.xmlbeans.metadata.system.sXMLSCHEMA
15:08:17.731 [main] TRACE - Finished loading type system org.apache.xmlbeans.metadata.system.sXMLSCHEMA
15:08:17.732 [main] TRACE - Reading unresolved handles for type system org.apache.xmlbeans.metadata.system.sXMLLANG
15:08:17.732 [main] TRACE - Finished loading type system org.apache.xmlbeans.metadata.system.sXMLLANG
15:08:17.733 [main] TRACE - Reading unresolved handles for type system org.apache.xmlbeans.metadata.system.sXMLCONFIG
15:08:17.733 [main] TRACE - Finished loading type system org.apache.xmlbeans.metadata.system.sXMLCONFIG
15:08:17.733 [main] TRACE - Reading unresolved handles for type system org.apache.poi.schemas.ooxml.system.ooxml
15:08:17.764 [main] TRACE - Finished loading type system org.apache.poi.schemas.ooxml.system.ooxml
15:08:17.765 [main] TRACE - Resolving type for handle ctworkbook83c3type
15:08:17.793 [main] TRACE - Resolving type for handle ctworkbookpr03a5type
15:08:17.836 [main] TRACE - Resolving type for handle ctbookviewsb864type
15:08:17.838 [main] TRACE - Resolving type for handle ctbookviewf677type
15:08:17.846 [main] TRACE - Resolving type for handle ctsheets49fdtype
15:08:17.850 [main] TRACE - Resolving type for handle propertiesee84doctype
15:08:17.852 [main] TRACE - Resolving type for handle ctproperties3f10type
15:08:17.858 [main] TRACE - Resolving type for handle properties288cdoctype
15:08:17.860 [main] TRACE - Resolving type for handle ctproperties2c18type
15:08:17.865 [main] TRACE - Resolving type for handle sstf81fdoctype
15:08:17.866 [main] TRACE - Resolving type for handle ctsst44f3type
15:08:17.871 [main] TRACE - Resolving type for handle stylesheet5d8bdoctype
15:08:17.872 [main] TRACE - Resolving type for handle ctstylesheet4257type
15:08:17.877 [main] TRACE - Resolving type for handle ctfont14d8type
15:08:17.888 [main] TRACE - Resolving type for handle ctfontsizeb3b9type
15:08:17.892 [main] TRACE - Resolving type for handle ctcolord2c2type
15:08:17.893 [main] TRACE - Resolving type for handle ctfontname2dc3type
15:08:17.894 [main] TRACE - Resolving type for handle stxstringf179type
15:08:17.896 [main] TRACE - Resolving type for handle ctfontfamily685ctype
15:08:17.898 [main] TRACE - Resolving type for handle stfontfamily9c6ctype
15:08:17.903 [main] TRACE - Resolving type for handle ctfontschemebf5dtype
15:08:17.904 [main] TRACE - Resolving type for handle stfontschemef36dtype
15:08:17.906 [main] TRACE - Resolving type for handle ctfill550ctype
15:08:17.906 [main] TRACE - Resolving type for handle ctpatternfill7452type
15:08:17.909 [main] TRACE - Resolving type for handle stpatterntype7939type
15:08:17.913 [main] TRACE - Resolving type for handle ctborderf935type
15:08:17.914 [main] TRACE - Resolving type for handle ctborderpre497type
15:08:17.916 [main] TRACE - Resolving type for handle ctxf97f7type
15:08:17.919 [main] TRACE - Resolving type for handle stnumfmtid76fbtype
15:08:17.920 [main] TRACE - Resolving type for handle stfontid9d63type
15:08:17.920 [main] TRACE - Resolving type for handle stfillida097type
15:08:17.921 [main] TRACE - Resolving type for handle stborderid1a80type
15:08:17.922 [main] TRACE - Resolving type for handle stcellstylexfid70c7type
15:08:17.924 [main] TRACE - Resolving type for handle ctsheet4dbetype
15:08:17.928 [main] TRACE - Resolving type for handle ctworksheet530dtype
15:08:17.930 [main] TRACE - Resolving type for handle ctsheetformatprdef7type
15:08:17.933 [main] TRACE - Resolving type for handle ctsheetviewsb918type
15:08:17.934 [main] TRACE - Resolving type for handle ctsheetview0f43type
15:08:17.936 [main] TRACE - Resolving type for handle ctsheetdimensiond310type
15:08:17.936 [main] TRACE - Resolving type for handle stref90a2type
15:08:17.937 [main] TRACE - Resolving type for handle ctsheetdata8408type
15:08:17.939 [main] TRACE - Resolving type for handle ctpagemargins5455type
15:08:17.943 [main] TRACE - Resolving type for handle ctcols627ctype
15:08:17.947 [main] TRACE - Resolving type for handle strelationshipid1e94type
