10:12:36.593 [main] TRACE - Finished loading type system org.apache.xmlbeans.metadata.system.sXMLSCHEMA
10:12:36.610 [main] TRACE - Reading unresolved handles for type system org.apache.xmlbeans.metadata.system.sXMLLANG
10:12:36.610 [main] TRACE - Finished loading type system org.apache.xmlbeans.metadata.system.sXMLLANG
10:12:36.618 [main] TRACE - Reading unresolved handles for type system org.apache.xmlbeans.metadata.system.sXMLCONFIG
10:12:36.621 [main] TRACE - Finished loading type system org.apache.xmlbeans.metadata.system.sXMLCONFIG
10:12:36.622 [main] TRACE - Reading unresolved handles for type system org.apache.poi.schemas.ooxml.system.ooxml
10:12:36.755 [main] TRACE - Finished loading type system org.apache.poi.schemas.ooxml.system.ooxml
10:12:36.755 [main] TRACE - Resolving type for handle ctworkbook83c3type
10:12:36.859 [main] TRACE - Resolving type for handle ctworkbookpr03a5type
10:12:36.881 [main] TRACE - Resolving type for handle ctbookviewsb864type
10:12:36.887 [main] TRACE - Resolving type for handle ctbookviewf677type
10:12:36.903 [main] TRACE - Resolving type for handle ctsheets49fdtype
10:12:36.908 [main] TRACE - Resolving type for handle propertiesee84doctype
10:12:36.908 [main] TRACE - Resolving type for handle ctproperties3f10type
10:12:36.929 [main] TRACE - Resolving type for handle properties288cdoctype
10:12:36.929 [main] TRACE - Resolving type for handle ctproperties2c18type
10:12:36.946 [main] TRACE - Resolving type for handle sstf81fdoctype
10:12:36.950 [main] TRACE - Resolving type for handle ctsst44f3type
10:12:36.962 [main] TRACE - Resolving type for handle stylesheet5d8bdoctype
10:12:36.965 [main] TRACE - Resolving type for handle ctstylesheet4257type
10:12:36.971 [main] TRACE - Resolving type for handle ctfont14d8type
10:12:36.988 [main] TRACE - Resolving type for handle ctfontsizeb3b9type
10:12:37.004 [main] TRACE - Resolving type for handle ctcolord2c2type
10:12:37.012 [main] TRACE - Resolving type for handle ctfontname2dc3type
10:12:37.012 [main] TRACE - Resolving type for handle stxstringf179type
10:12:37.021 [main] TRACE - Resolving type for handle ctfontfamily685ctype
10:12:37.021 [main] TRACE - Resolving type for handle stfontfamily9c6ctype
10:12:37.029 [main] TRACE - Resolving type for handle ctfontschemebf5dtype
10:12:37.029 [main] TRACE - Resolving type for handle stfontschemef36dtype
10:12:37.038 [main] TRACE - Resolving type for handle ctfill550ctype
10:12:37.045 [main] TRACE - Resolving type for handle ctpatternfill7452type
10:12:37.048 [main] TRACE - Resolving type for handle stpatterntype7939type
10:12:37.054 [main] TRACE - Resolving type for handle ctborderf935type
10:12:37.054 [main] TRACE - Resolving type for handle ctborderpre497type
10:12:37.070 [main] TRACE - Resolving type for handle ctxf97f7type
10:12:37.071 [main] TRACE - Resolving type for handle stnumfmtid76fbtype
10:12:37.071 [main] TRACE - Resolving type for handle stfontid9d63type
10:12:37.071 [main] TRACE - Resolving type for handle stfillida097type
10:12:37.086 [main] TRACE - Resolving type for handle stborderid1a80type
10:12:37.087 [main] TRACE - Resolving type for handle stcellstylexfid70c7type
10:12:37.102 [main] TRACE - Resolving type for handle ctsheet4dbetype
10:12:37.104 [main] TRACE - Resolving type for handle ctworksheet530dtype
10:12:37.121 [main] TRACE - Resolving type for handle ctsheetformatprdef7type
10:12:37.126 [main] TRACE - Resolving type for handle ctsheetviewsb918type
10:12:37.137 [main] TRACE - Resolving type for handle ctsheetview0f43type
10:12:37.148 [main] TRACE - Resolving type for handle ctsheetdimensiond310type
10:12:37.151 [main] TRACE - Resolving type for handle stref90a2type
10:12:37.155 [main] TRACE - Resolving type for handle ctsheetdata8408type
10:12:37.155 [main] TRACE - Resolving type for handle ctpagemargins5455type
10:12:37.171 [main] TRACE - Resolving type for handle ctcols627ctype
10:12:37.171 [main] TRACE - Resolving type for handle strelationshipid1e94type
10:12:37.183 [main] TRACE - Resolving type for handle ctrowdd39type
10:12:37.199 [main] TRACE - Resolving type for handle ctcell842btype
10:12:37.215 [main] TRACE - Resolving type for handle stcellrefe4e0type
10:12:37.221 [main] TRACE - Resolving type for handle ctrsta472type
10:12:37.231 [main] TRACE - Resolving type for handle stcelltypebf95type
10:12:37.689 [main] DEBUG - Save core properties part
10:12:37.689 [main] DEBUG - Save content types part
10:12:37.949 [main] DEBUG - Save package relationships
10:12:37.955 [main] DEBUG - Save part 'docProps/core.xml'
10:12:37.997 [main] DEBUG - Save part 'xl/sharedStrings.xml'
10:12:38.003 [main] DEBUG - Save part 'xl/styles.xml'
10:12:38.050 [main] DEBUG - Save part 'xl/workbook.xml'
10:12:38.055 [main] DEBUG - Save part 'xl/worksheets/sheet1.xml'
12:47:36.938 [main] INFO  - Goto crm URL 
16:26:11.257 [main] INFO  - Goto crm URL 
16:26:18.599 [main] TRACE - Loading type system org.apache.poi.schemas.ooxml.system.ooxml
16:26:18.608 [main] TRACE - Loading type system org.apache.xmlbeans.metadata.system.sXMLCONFIG
16:26:18.610 [main] TRACE - Loading type system org.apache.xmlbeans.metadata.system.sXMLLANG
16:26:18.610 [main] TRACE - Loading type system org.apache.xmlbeans.metadata.system.sXMLSCHEMA
16:26:18.612 [main] TRACE - Loading type system org.apache.xmlbeans.metadata.system.sXMLTOOLS
16:26:18.612 [main] TRACE - Reading unresolved handles for type system org.apache.xmlbeans.metadata.system.sXMLTOOLS
16:26:18.636 [main] TRACE - Finished loading type system org.apache.xmlbeans.metadata.system.sXMLTOOLS
16:26:18.636 [main] TRACE - Reading unresolved handles for type system org.apache.xmlbeans.metadata.system.sXMLSCHEMA
16:26:18.644 [main] TRACE - Finished loading type system org.apache.xmlbeans.metadata.system.sXMLSCHEMA
16:26:18.648 [main] TRACE - Reading unresolved handles for type system org.apache.xmlbeans.metadata.system.sXMLLANG
16:26:18.652 [main] TRACE - Finished loading type system org.apache.xmlbeans.metadata.system.sXMLLANG
16:26:18.653 [main] TRACE - Reading unresolved handles for type system org.apache.xmlbeans.metadata.system.sXMLCONFIG
16:26:18.653 [main] TRACE - Finished loading type system org.apache.xmlbeans.metadata.system.sXMLCONFIG
16:26:18.653 [main] TRACE - Reading unresolved handles for type system org.apache.poi.schemas.ooxml.system.ooxml
16:26:18.753 [main] TRACE - Finished loading type system org.apache.poi.schemas.ooxml.system.ooxml
16:26:18.759 [main] TRACE - Resolving type for handle ctworkbook83c3type
16:26:18.848 [main] TRACE - Resolving type for handle ctworkbookpr03a5type
16:26:18.865 [main] TRACE - Resolving type for handle ctbookviewsb864type
16:26:18.871 [main] TRACE - Resolving type for handle ctbookviewf677type
16:26:18.882 [main] TRACE - Resolving type for handle ctsheets49fdtype
16:26:18.882 [main] TRACE - Resolving type for handle propertiesee84doctype
16:26:18.882 [main] TRACE - Resolving type for handle ctproperties3f10type
16:26:18.906 [main] TRACE - Resolving type for handle properties288cdoctype
16:26:18.909 [main] TRACE - Resolving type for handle ctproperties2c18type
16:26:18.916 [main] TRACE - Resolving type for handle sstf81fdoctype
16:26:18.916 [main] TRACE - Resolving type for handle ctsst44f3type
16:26:18.931 [main] TRACE - Resolving type for handle stylesheet5d8bdoctype
16:26:18.937 [main] TRACE - Resolving type for handle ctstylesheet4257type
16:26:18.944 [main] TRACE - Resolving type for handle ctfont14d8type
16:26:18.959 [main] TRACE - Resolving type for handle ctfontsizeb3b9type
16:26:18.961 [main] TRACE - Resolving type for handle ctcolord2c2type
16:26:18.977 [main] TRACE - Resolving type for handle ctfontname2dc3type
16:26:18.977 [main] TRACE - Resolving type for handle stxstringf179type
16:26:18.982 [main] TRACE - Resolving type for handle ctfontfamily685ctype
16:26:18.982 [main] TRACE - Resolving type for handle stfontfamily9c6ctype
16:26:18.993 [main] TRACE - Resolving type for handle ctfontschemebf5dtype
16:26:19.001 [main] TRACE - Resolving type for handle stfontschemef36dtype
16:26:19.001 [main] TRACE - Resolving type for handle ctfill550ctype
16:26:19.009 [main] TRACE - Resolving type for handle ctpatternfill7452type
16:26:19.018 [main] TRACE - Resolving type for handle stpatterntype7939type
16:26:19.022 [main] TRACE - Resolving type for handle ctborderf935type
16:26:19.027 [main] TRACE - Resolving type for handle ctborderpre497type
16:26:19.036 [main] TRACE - Resolving type for handle ctxf97f7type
16:26:19.044 [main] TRACE - Resolving type for handle stnumfmtid76fbtype
16:26:19.049 [main] TRACE - Resolving type for handle stfontid9d63type
16:26:19.049 [main] TRACE - Resolving type for handle stfillida097type
16:26:19.054 [main] TRACE - Resolving type for handle stborderid1a80type
16:26:19.057 [main] TRACE - Resolving type for handle stcellstylexfid70c7type
16:26:19.071 [main] TRACE - Resolving type for handle ctsheet4dbetype
16:26:19.078 [main] TRACE - Resolving type for handle ctworksheet530dtype
16:26:19.090 [main] TRACE - Resolving type for handle ctsheetformatprdef7type
16:26:19.098 [main] TRACE - Resolving type for handle ctsheetviewsb918type
16:26:19.098 [main] TRACE - Resolving type for handle ctsheetview0f43type
16:26:19.114 [main] TRACE - Resolving type for handle ctsheetdimensiond310type
16:26:19.114 [main] TRACE - Resolving type for handle stref90a2type
16:26:19.122 [main] TRACE - Resolving type for handle ctsheetdata8408type
16:26:19.122 [main] TRACE - Resolving type for handle ctpagemargins5455type
16:26:19.139 [main] TRACE - Resolving type for handle ctcols627ctype
16:26:19.147 [main] TRACE - Resolving type for handle strelationshipid1e94type
16:26:19.149 [main] TRACE - Resolving type for handle ctrowdd39type
16:26:19.164 [main] TRACE - Resolving type for handle ctcell842btype
16:26:19.179 [main] TRACE - Resolving type for handle stcellrefe4e0type
16:26:19.187 [main] TRACE - Resolving type for handle ctrsta472type
16:26:19.187 [main] TRACE - Resolving type for handle stcelltypebf95type
16:26:19.733 [main] DEBUG - Save core properties part
16:26:19.733 [main] DEBUG - Save content types part
16:26:19.921 [main] DEBUG - Save package relationships
16:26:19.931 [main] DEBUG - Save part 'docProps/core.xml'
16:26:19.956 [main] DEBUG - Save part 'xl/sharedStrings.xml'
16:26:19.956 [main] DEBUG - Save part 'xl/styles.xml'
16:26:19.998 [main] DEBUG - Save part 'xl/workbook.xml'
16:26:19.998 [main] DEBUG - Save part 'xl/worksheets/sheet1.xml'
18:51:52.485 [main] INFO  - Goto crm URL 
18:51:59.043 [main] TRACE - Loading type system org.apache.poi.schemas.ooxml.system.ooxml
18:51:59.049 [main] TRACE - Loading type system org.apache.xmlbeans.metadata.system.sXMLCONFIG
18:51:59.050 [main] TRACE - Loading type system org.apache.xmlbeans.metadata.system.sXMLLANG
18:51:59.050 [main] TRACE - Loading type system org.apache.xmlbeans.metadata.system.sXMLSCHEMA
18:51:59.051 [main] TRACE - Loading type system org.apache.xmlbeans.metadata.system.sXMLTOOLS
18:51:59.052 [main] TRACE - Reading unresolved handles for type system org.apache.xmlbeans.metadata.system.sXMLTOOLS
18:51:59.065 [main] TRACE - Finished loading type system org.apache.xmlbeans.metadata.system.sXMLTOOLS
18:51:59.067 [main] TRACE - Reading unresolved handles for type system org.apache.xmlbeans.metadata.system.sXMLSCHEMA
18:51:59.076 [main] TRACE - Finished loading type system org.apache.xmlbeans.metadata.system.sXMLSCHEMA
18:51:59.077 [main] TRACE - Reading unresolved handles for type system org.apache.xmlbeans.metadata.system.sXMLLANG
18:51:59.077 [main] TRACE - Finished loading type system org.apache.xmlbeans.metadata.system.sXMLLANG
18:51:59.078 [main] TRACE - Reading unresolved handles for type system org.apache.xmlbeans.metadata.system.sXMLCONFIG
18:51:59.079 [main] TRACE - Finished loading type system org.apache.xmlbeans.metadata.system.sXMLCONFIG
18:51:59.082 [main] TRACE - Reading unresolved handles for type system org.apache.poi.schemas.ooxml.system.ooxml
18:51:59.147 [main] TRACE - Finished loading type system org.apache.poi.schemas.ooxml.system.ooxml
18:51:59.149 [main] TRACE - Resolving type for handle ctworkbook83c3type
18:51:59.182 [main] TRACE - Resolving type for handle ctworkbookpr03a5type
18:51:59.193 [main] TRACE - Resolving type for handle ctbookviewsb864type
18:51:59.195 [main] TRACE - Resolving type for handle ctbookviewf677type
18:51:59.204 [main] TRACE - Resolving type for handle ctsheets49fdtype
18:51:59.207 [main] TRACE - Resolving type for handle propertiesee84doctype
18:51:59.209 [main] TRACE - Resolving type for handle ctproperties3f10type
18:51:59.216 [main] TRACE - Resolving type for handle properties288cdoctype
18:51:59.219 [main] TRACE - Resolving type for handle ctproperties2c18type
18:51:59.223 [main] TRACE - Resolving type for handle sstf81fdoctype
18:51:59.225 [main] TRACE - Resolving type for handle ctsst44f3type
18:51:59.229 [main] TRACE - Resolving type for handle stylesheet5d8bdoctype
18:51:59.231 [main] TRACE - Resolving type for handle ctstylesheet4257type
18:51:59.258 [main] TRACE - Resolving type for handle ctfont14d8type
18:51:59.270 [main] TRACE - Resolving type for handle ctfontsizeb3b9type
18:51:59.273 [main] TRACE - Resolving type for handle ctcolord2c2type
18:51:59.278 [main] TRACE - Resolving type for handle ctfontname2dc3type
18:51:59.279 [main] TRACE - Resolving type for handle stxstringf179type
18:51:59.281 [main] TRACE - Resolving type for handle ctfontfamily685ctype
18:51:59.282 [main] TRACE - Resolving type for handle stfontfamily9c6ctype
18:51:59.284 [main] TRACE - Resolving type for handle ctfontschemebf5dtype
18:51:59.286 [main] TRACE - Resolving type for handle stfontschemef36dtype
18:51:59.289 [main] TRACE - Resolving type for handle ctfill550ctype
18:51:59.290 [main] TRACE - Resolving type for handle ctpatternfill7452type
18:51:59.293 [main] TRACE - Resolving type for handle stpatterntype7939type
18:51:59.303 [main] TRACE - Resolving type for handle ctborderf935type
18:51:59.305 [main] TRACE - Resolving type for handle ctborderpre497type
18:51:59.309 [main] TRACE - Resolving type for handle ctxf97f7type
18:51:59.311 [main] TRACE - Resolving type for handle stnumfmtid76fbtype
18:51:59.312 [main] TRACE - Resolving type for handle stfontid9d63type
18:51:59.313 [main] TRACE - Resolving type for handle stfillida097type
18:51:59.315 [main] TRACE - Resolving type for handle stborderid1a80type
18:51:59.318 [main] TRACE - Resolving type for handle stcellstylexfid70c7type
18:51:59.321 [main] TRACE - Resolving type for handle ctsheet4dbetype
18:51:59.324 [main] TRACE - Resolving type for handle ctworksheet530dtype
18:51:59.334 [main] TRACE - Resolving type for handle ctsheetformatprdef7type
18:51:59.358 [main] TRACE - Resolving type for handle ctsheetviewsb918type
18:51:59.360 [main] TRACE - Resolving type for handle ctsheetview0f43type
18:51:59.364 [main] TRACE - Resolving type for handle ctsheetdimensiond310type
18:51:59.365 [main] TRACE - Resolving type for handle stref90a2type
18:51:59.366 [main] TRACE - Resolving type for handle ctsheetdata8408type
18:51:59.369 [main] TRACE - Resolving type for handle ctpagemargins5455type
18:51:59.373 [main] TRACE - Resolving type for handle ctcols627ctype
18:51:59.375 [main] TRACE - Resolving type for handle strelationshipid1e94type
18:51:59.376 [main] TRACE - Resolving type for handle ctrowdd39type
18:51:59.383 [main] TRACE - Resolving type for handle ctcell842btype
18:51:59.395 [main] TRACE - Resolving type for handle stcellrefe4e0type
18:51:59.397 [main] TRACE - Resolving type for handle ctrsta472type
18:51:59.402 [main] TRACE - Resolving type for handle stcelltypebf95type
18:51:59.554 [main] DEBUG - Save core properties part
18:51:59.555 [main] DEBUG - Save content types part
18:51:59.753 [main] DEBUG - Save package relationships
18:51:59.758 [main] DEBUG - Save part 'docProps/core.xml'
18:51:59.804 [main] DEBUG - Save part 'xl/sharedStrings.xml'
18:51:59.804 [main] DEBUG - Save part 'xl/styles.xml'
18:51:59.819 [main] DEBUG - Save part 'xl/workbook.xml'
18:51:59.821 [main] DEBUG - Save part 'xl/worksheets/sheet1.xml'
14:37:47.517 [main] INFO  - Goto crm URL 
14:38:49.482 [main] INFO  - Goto crm URL 
14:38:56.374 [main] TRACE - Loading type system org.apache.poi.schemas.ooxml.system.ooxml
14:38:56.381 [main] TRACE - Loading type system org.apache.xmlbeans.metadata.system.sXMLCONFIG
14:38:56.381 [main] TRACE - Loading type system org.apache.xmlbeans.metadata.system.sXMLLANG
14:38:56.381 [main] TRACE - Loading type system org.apache.xmlbeans.metadata.system.sXMLSCHEMA
14:38:56.381 [main] TRACE - Loading type system org.apache.xmlbeans.metadata.system.sXMLTOOLS
14:38:56.381 [main] TRACE - Reading unresolved handles for type system org.apache.xmlbeans.metadata.system.sXMLTOOLS
14:38:56.406 [main] TRACE - Finished loading type system org.apache.xmlbeans.metadata.system.sXMLTOOLS
14:38:56.406 [main] TRACE - Reading unresolved handles for type system org.apache.xmlbeans.metadata.system.sXMLSCHEMA
14:38:56.417 [main] TRACE - Finished loading type system org.apache.xmlbeans.metadata.system.sXMLSCHEMA
14:38:56.419 [main] TRACE - Reading unresolved handles for type system org.apache.xmlbeans.metadata.system.sXMLLANG
14:38:56.421 [main] TRACE - Finished loading type system org.apache.xmlbeans.metadata.system.sXMLLANG
14:38:56.421 [main] TRACE - Reading unresolved handles for type system org.apache.xmlbeans.metadata.system.sXMLCONFIG
14:38:56.421 [main] TRACE - Finished loading type system org.apache.xmlbeans.metadata.system.sXMLCONFIG
14:38:56.421 [main] TRACE - Reading unresolved handles for type system org.apache.poi.schemas.ooxml.system.ooxml
14:38:56.532 [main] TRACE - Finished loading type system org.apache.poi.schemas.ooxml.system.ooxml
14:38:56.538 [main] TRACE - Resolving type for handle ctworkbook83c3type
14:38:56.614 [main] TRACE - Resolving type for handle ctworkbookpr03a5type
14:38:56.638 [main] TRACE - Resolving type for handle ctbookviewsb864type
14:38:56.638 [main] TRACE - Resolving type for handle ctbookviewf677type
14:38:56.653 [main] TRACE - Resolving type for handle ctsheets49fdtype
14:38:56.666 [main] TRACE - Resolving type for handle propertiesee84doctype
14:38:56.670 [main] TRACE - Resolving type for handle ctproperties3f10type
14:38:56.681 [main] TRACE - Resolving type for handle properties288cdoctype
14:38:56.683 [main] TRACE - Resolving type for handle ctproperties2c18type
14:38:56.695 [main] TRACE - Resolving type for handle sstf81fdoctype
14:38:56.697 [main] TRACE - Resolving type for handle ctsst44f3type
14:38:56.697 [main] TRACE - Resolving type for handle stylesheet5d8bdoctype
14:38:56.697 [main] TRACE - Resolving type for handle ctstylesheet4257type
14:38:56.717 [main] TRACE - Resolving type for handle ctfont14d8type
14:38:56.731 [main] TRACE - Resolving type for handle ctfontsizeb3b9type
14:38:56.735 [main] TRACE - Resolving type for handle ctcolord2c2type
14:38:56.735 [main] TRACE - Resolving type for handle ctfontname2dc3type
14:38:56.743 [main] TRACE - Resolving type for handle stxstringf179type
14:38:56.748 [main] TRACE - Resolving type for handle ctfontfamily685ctype
14:38:56.748 [main] TRACE - Resolving type for handle stfontfamily9c6ctype
14:38:56.759 [main] TRACE - Resolving type for handle ctfontschemebf5dtype
14:38:56.766 [main] TRACE - Resolving type for handle stfontschemef36dtype
14:38:56.769 [main] TRACE - Resolving type for handle ctfill550ctype
14:38:56.769 [main] TRACE - Resolving type for handle ctpatternfill7452type
14:38:56.780 [main] TRACE - Resolving type for handle stpatterntype7939type
14:38:56.780 [main] TRACE - Resolving type for handle ctborderf935type
14:38:56.780 [main] TRACE - Resolving type for handle ctborderpre497type
14:38:56.796 [main] TRACE - Resolving type for handle ctxf97f7type
14:38:56.800 [main] TRACE - Resolving type for handle stnumfmtid76fbtype
14:38:56.800 [main] TRACE - Resolving type for handle stfontid9d63type
14:38:56.800 [main] TRACE - Resolving type for handle stfillida097type
14:38:56.800 [main] TRACE - Resolving type for handle stborderid1a80type
14:38:56.808 [main] TRACE - Resolving type for handle stcellstylexfid70c7type
14:38:56.818 [main] TRACE - Resolving type for handle ctsheet4dbetype
14:38:56.831 [main] TRACE - Resolving type for handle ctworksheet530dtype
14:38:56.838 [main] TRACE - Resolving type for handle ctsheetformatprdef7type
14:38:56.848 [main] TRACE - Resolving type for handle ctsheetviewsb918type
14:38:56.852 [main] TRACE - Resolving type for handle ctsheetview0f43type
14:38:56.862 [main] TRACE - Resolving type for handle ctsheetdimensiond310type
14:38:56.865 [main] TRACE - Resolving type for handle stref90a2type
14:38:56.865 [main] TRACE - Resolving type for handle ctsheetdata8408type
14:38:56.872 [main] TRACE - Resolving type for handle ctpagemargins5455type
14:38:56.880 [main] TRACE - Resolving type for handle ctcols627ctype
14:38:56.880 [main] TRACE - Resolving type for handle strelationshipid1e94type
14:38:56.880 [main] TRACE - Resolving type for handle ctrowdd39type
14:38:56.897 [main] TRACE - Resolving type for handle ctcell842btype
14:38:56.914 [main] TRACE - Resolving type for handle stcellrefe4e0type
14:38:56.921 [main] TRACE - Resolving type for handle ctrsta472type
14:38:56.921 [main] TRACE - Resolving type for handle stcelltypebf95type
14:38:57.203 [main] DEBUG - Save core properties part
14:38:57.203 [main] DEBUG - Save content types part
14:38:57.364 [main] DEBUG - Save package relationships
14:38:57.379 [main] DEBUG - Save part 'docProps/core.xml'
14:38:57.394 [main] DEBUG - Save part 'xl/sharedStrings.xml'
14:38:57.394 [main] DEBUG - Save part 'xl/styles.xml'
14:38:57.412 [main] DEBUG - Save part 'xl/workbook.xml'
14:38:57.414 [main] DEBUG - Save part 'xl/worksheets/sheet1.xml'
17:01:00.884 [main] INFO  - Goto crm URL 
17:01:07.590 [main] TRACE - Loading type system org.apache.poi.schemas.ooxml.system.ooxml
17:01:07.598 [main] TRACE - Loading type system org.apache.xmlbeans.metadata.system.sXMLCONFIG
17:01:07.598 [main] TRACE - Loading type system org.apache.xmlbeans.metadata.system.sXMLLANG
17:01:07.598 [main] TRACE - Loading type system org.apache.xmlbeans.metadata.system.sXMLSCHEMA
17:01:07.598 [main] TRACE - Loading type system org.apache.xmlbeans.metadata.system.sXMLTOOLS
17:01:07.606 [main] TRACE - Reading unresolved handles for type system org.apache.xmlbeans.metadata.system.sXMLTOOLS
17:01:07.622 [main] TRACE - Finished loading type system org.apache.xmlbeans.metadata.system.sXMLTOOLS
17:01:07.622 [main] TRACE - Reading unresolved handles for type system org.apache.xmlbeans.metadata.system.sXMLSCHEMA
17:01:07.631 [main] TRACE - Finished loading type system org.apache.xmlbeans.metadata.system.sXMLSCHEMA
17:01:07.631 [main] TRACE - Reading unresolved handles for type system org.apache.xmlbeans.metadata.system.sXMLLANG
17:01:07.641 [main] TRACE - Finished loading type system org.apache.xmlbeans.metadata.system.sXMLLANG
17:01:07.643 [main] TRACE - Reading unresolved handles for type system org.apache.xmlbeans.metadata.system.sXMLCONFIG
17:01:07.643 [main] TRACE - Finished loading type system org.apache.xmlbeans.metadata.system.sXMLCONFIG
17:01:07.646 [main] TRACE - Reading unresolved handles for type system org.apache.poi.schemas.ooxml.system.ooxml
17:01:07.740 [main] TRACE - Finished loading type system org.apache.poi.schemas.ooxml.system.ooxml
17:01:07.742 [main] TRACE - Resolving type for handle ctworkbook83c3type
17:01:07.813 [main] TRACE - Resolving type for handle ctworkbookpr03a5type
17:01:07.829 [main] TRACE - Resolving type for handle ctbookviewsb864type
17:01:07.830 [main] TRACE - Resolving type for handle ctbookviewf677type
17:01:07.843 [main] TRACE - Resolving type for handle ctsheets49fdtype
17:01:07.846 [main] TRACE - Resolving type for handle propertiesee84doctype
17:01:07.846 [main] TRACE - Resolving type for handle ctproperties3f10type
17:01:07.861 [main] TRACE - Resolving type for handle properties288cdoctype
17:01:07.863 [main] TRACE - Resolving type for handle ctproperties2c18type
17:01:07.863 [main] TRACE - Resolving type for handle sstf81fdoctype
17:01:07.875 [main] TRACE - Resolving type for handle ctsst44f3type
17:01:07.880 [main] TRACE - Resolving type for handle stylesheet5d8bdoctype
17:01:07.889 [main] TRACE - Resolving type for handle ctstylesheet4257type
17:01:07.896 [main] TRACE - Resolving type for handle ctfont14d8type
17:01:07.910 [main] TRACE - Resolving type for handle ctfontsizeb3b9type
17:01:07.913 [main] TRACE - Resolving type for handle ctcolord2c2type
17:01:07.921 [main] TRACE - Resolving type for handle ctfontname2dc3type
17:01:07.922 [main] TRACE - Resolving type for handle stxstringf179type
17:01:07.930 [main] TRACE - Resolving type for handle ctfontfamily685ctype
17:01:07.930 [main] TRACE - Resolving type for handle stfontfamily9c6ctype
17:01:07.930 [main] TRACE - Resolving type for handle ctfontschemebf5dtype
17:01:07.938 [main] TRACE - Resolving type for handle stfontschemef36dtype
17:01:07.942 [main] TRACE - Resolving type for handle ctfill550ctype
17:01:07.946 [main] TRACE - Resolving type for handle ctpatternfill7452type
17:01:07.951 [main] TRACE - Resolving type for handle stpatterntype7939type
17:01:07.954 [main] TRACE - Resolving type for handle ctborderf935type
17:01:07.963 [main] TRACE - Resolving type for handle ctborderpre497type
17:01:07.963 [main] TRACE - Resolving type for handle ctxf97f7type
17:01:07.963 [main] TRACE - Resolving type for handle stnumfmtid76fbtype
17:01:07.979 [main] TRACE - Resolving type for handle stfontid9d63type
17:01:07.979 [main] TRACE - Resolving type for handle stfillida097type
17:01:07.985 [main] TRACE - Resolving type for handle stborderid1a80type
17:01:07.986 [main] TRACE - Resolving type for handle stcellstylexfid70c7type
17:01:07.996 [main] TRACE - Resolving type for handle ctsheet4dbetype
17:01:08.005 [main] TRACE - Resolving type for handle ctworksheet530dtype
17:01:08.013 [main] TRACE - Resolving type for handle ctsheetformatprdef7type
17:01:08.013 [main] TRACE - Resolving type for handle ctsheetviewsb918type
17:01:08.028 [main] TRACE - Resolving type for handle ctsheetview0f43type
17:01:08.029 [main] TRACE - Resolving type for handle ctsheetdimensiond310type
17:01:08.029 [main] TRACE - Resolving type for handle stref90a2type
17:01:08.029 [main] TRACE - Resolving type for handle ctsheetdata8408type
17:01:08.029 [main] TRACE - Resolving type for handle ctpagemargins5455type
17:01:08.045 [main] TRACE - Resolving type for handle ctcols627ctype
17:01:08.045 [main] TRACE - Resolving type for handle strelationshipid1e94type
17:01:08.045 [main] TRACE - Resolving type for handle ctrowdd39type
17:01:08.064 [main] TRACE - Resolving type for handle ctcell842btype
17:01:08.079 [main] TRACE - Resolving type for handle stcellrefe4e0type
17:01:08.079 [main] TRACE - Resolving type for handle ctrsta472type
17:01:08.091 [main] TRACE - Resolving type for handle stcelltypebf95type
17:01:08.396 [main] DEBUG - Save core properties part
17:01:08.398 [main] DEBUG - Save content types part
17:01:08.555 [main] DEBUG - Save package relationships
17:01:08.563 [main] DEBUG - Save part 'docProps/core.xml'
17:01:08.585 [main] DEBUG - Save part 'xl/sharedStrings.xml'
17:01:08.585 [main] DEBUG - Save part 'xl/styles.xml'
17:01:08.596 [main] DEBUG - Save part 'xl/workbook.xml'
17:01:08.598 [main] DEBUG - Save part 'xl/worksheets/sheet1.xml'
18:14:15.525 [main] INFO  - Goto crm URL 
18:14:22.815 [main] TRACE - Loading type system org.apache.poi.schemas.ooxml.system.ooxml
18:14:22.819 [main] TRACE - Loading type system org.apache.xmlbeans.metadata.system.sXMLCONFIG
18:14:22.827 [main] TRACE - Loading type system org.apache.xmlbeans.metadata.system.sXMLLANG
18:14:22.827 [main] TRACE - Loading type system org.apache.xmlbeans.metadata.system.sXMLSCHEMA
18:14:22.827 [main] TRACE - Loading type system org.apache.xmlbeans.metadata.system.sXMLTOOLS
18:14:22.827 [main] TRACE - Reading unresolved handles for type system org.apache.xmlbeans.metadata.system.sXMLTOOLS
18:14:22.854 [main] TRACE - Finished loading type system org.apache.xmlbeans.metadata.system.sXMLTOOLS
18:14:22.859 [main] TRACE - Reading unresolved handles for type system org.apache.xmlbeans.metadata.system.sXMLSCHEMA
18:14:22.860 [main] TRACE - Finished loading type system org.apache.xmlbeans.metadata.system.sXMLSCHEMA
18:14:22.860 [main] TRACE - Reading unresolved handles for type system org.apache.xmlbeans.metadata.system.sXMLLANG
18:14:22.874 [main] TRACE - Finished loading type system org.apache.xmlbeans.metadata.system.sXMLLANG
18:14:22.877 [main] TRACE - Reading unresolved handles for type system org.apache.xmlbeans.metadata.system.sXMLCONFIG
18:14:22.879 [main] TRACE - Finished loading type system org.apache.xmlbeans.metadata.system.sXMLCONFIG
18:14:22.881 [main] TRACE - Reading unresolved handles for type system org.apache.poi.schemas.ooxml.system.ooxml
18:14:22.981 [main] TRACE - Finished loading type system org.apache.poi.schemas.ooxml.system.ooxml
18:14:22.981 [main] TRACE - Resolving type for handle ctworkbook83c3type
18:14:23.051 [main] TRACE - Resolving type for handle ctworkbookpr03a5type
18:14:23.066 [main] TRACE - Resolving type for handle ctbookviewsb864type
18:14:23.070 [main] TRACE - Resolving type for handle ctbookviewf677type
18:14:23.077 [main] TRACE - Resolving type for handle ctsheets49fdtype
18:14:23.077 [main] TRACE - Resolving type for handle propertiesee84doctype
18:14:23.088 [main] TRACE - Resolving type for handle ctproperties3f10type
18:14:23.094 [main] TRACE - Resolving type for handle properties288cdoctype
18:14:23.105 [main] TRACE - Resolving type for handle ctproperties2c18type
18:14:23.110 [main] TRACE - Resolving type for handle sstf81fdoctype
18:14:23.120 [main] TRACE - Resolving type for handle ctsst44f3type
18:14:23.127 [main] TRACE - Resolving type for handle stylesheet5d8bdoctype
18:14:23.127 [main] TRACE - Resolving type for handle ctstylesheet4257type
18:14:23.139 [main] TRACE - Resolving type for handle ctfont14d8type
18:14:23.151 [main] TRACE - Resolving type for handle ctfontsizeb3b9type
18:14:23.155 [main] TRACE - Resolving type for handle ctcolord2c2type
18:14:23.159 [main] TRACE - Resolving type for handle ctfontname2dc3type
18:14:23.159 [main] TRACE - Resolving type for handle stxstringf179type
18:14:23.168 [main] TRACE - Resolving type for handle ctfontfamily685ctype
18:14:23.168 [main] TRACE - Resolving type for handle stfontfamily9c6ctype
18:14:23.176 [main] TRACE - Resolving type for handle ctfontschemebf5dtype
18:14:23.176 [main] TRACE - Resolving type for handle stfontschemef36dtype
18:14:23.188 [main] TRACE - Resolving type for handle ctfill550ctype
18:14:23.188 [main] TRACE - Resolving type for handle ctpatternfill7452type
18:14:23.193 [main] TRACE - Resolving type for handle stpatterntype7939type
18:14:23.193 [main] TRACE - Resolving type for handle ctborderf935type
18:14:23.193 [main] TRACE - Resolving type for handle ctborderpre497type
18:14:23.210 [main] TRACE - Resolving type for handle ctxf97f7type
18:14:23.218 [main] TRACE - Resolving type for handle stnumfmtid76fbtype
18:14:23.218 [main] TRACE - Resolving type for handle stfontid9d63type
18:14:23.227 [main] TRACE - Resolving type for handle stfillida097type
18:14:23.227 [main] TRACE - Resolving type for handle stborderid1a80type
18:14:23.227 [main] TRACE - Resolving type for handle stcellstylexfid70c7type
18:14:23.243 [main] TRACE - Resolving type for handle ctsheet4dbetype
18:14:23.244 [main] TRACE - Resolving type for handle ctworksheet530dtype
18:14:23.260 [main] TRACE - Resolving type for handle ctsheetformatprdef7type
18:14:23.272 [main] TRACE - Resolving type for handle ctsheetviewsb918type
18:14:23.276 [main] TRACE - Resolving type for handle ctsheetview0f43type
18:14:23.287 [main] TRACE - Resolving type for handle ctsheetdimensiond310type
18:14:23.293 [main] TRACE - Resolving type for handle stref90a2type
18:14:23.293 [main] TRACE - Resolving type for handle ctsheetdata8408type
18:14:23.293 [main] TRACE - Resolving type for handle ctpagemargins5455type
18:14:23.303 [main] TRACE - Resolving type for handle ctcols627ctype
18:14:23.310 [main] TRACE - Resolving type for handle strelationshipid1e94type
18:14:23.310 [main] TRACE - Resolving type for handle ctrowdd39type
18:14:23.322 [main] TRACE - Resolving type for handle ctcell842btype
18:14:23.335 [main] TRACE - Resolving type for handle stcellrefe4e0type
18:14:23.344 [main] TRACE - Resolving type for handle ctrsta472type
18:14:23.344 [main] TRACE - Resolving type for handle stcelltypebf95type
18:14:23.653 [main] DEBUG - Save core properties part
18:14:23.653 [main] DEBUG - Save content types part
18:14:23.819 [main] DEBUG - Save package relationships
18:14:23.828 [main] DEBUG - Save part 'docProps/core.xml'
18:14:23.848 [main] DEBUG - Save part 'xl/sharedStrings.xml'
18:14:23.848 [main] DEBUG - Save part 'xl/styles.xml'
18:14:23.859 [main] DEBUG - Save part 'xl/workbook.xml'
18:14:23.859 [main] DEBUG - Save part 'xl/worksheets/sheet1.xml'
10:43:43.354 [main] INFO  - Goto crm URL 
10:43:50.344 [main] TRACE - Loading type system org.apache.poi.schemas.ooxml.system.ooxml
10:43:50.362 [main] TRACE - Loading type system org.apache.xmlbeans.metadata.system.sXMLCONFIG
10:43:50.362 [main] TRACE - Loading type system org.apache.xmlbeans.metadata.system.sXMLLANG
10:43:50.362 [main] TRACE - Loading type system org.apache.xmlbeans.metadata.system.sXMLSCHEMA
10:43:50.362 [main] TRACE - Loading type system org.apache.xmlbeans.metadata.system.sXMLTOOLS
10:43:50.362 [main] TRACE - Reading unresolved handles for type system org.apache.xmlbeans.metadata.system.sXMLTOOLS
10:43:50.388 [main] TRACE - Finished loading type system org.apache.xmlbeans.metadata.system.sXMLTOOLS
10:43:50.388 [main] TRACE - Reading unresolved handles for type system org.apache.xmlbeans.metadata.system.sXMLSCHEMA
10:43:50.395 [main] TRACE - Finished loading type system org.apache.xmlbeans.metadata.system.sXMLSCHEMA
10:43:50.395 [main] TRACE - Reading unresolved handles for type system org.apache.xmlbeans.metadata.system.sXMLLANG
10:43:50.404 [main] TRACE - Finished loading type system org.apache.xmlbeans.metadata.system.sXMLLANG
10:43:50.404 [main] TRACE - Reading unresolved handles for type system org.apache.xmlbeans.metadata.system.sXMLCONFIG
10:43:50.404 [main] TRACE - Finished loading type system org.apache.xmlbeans.metadata.system.sXMLCONFIG
10:43:50.410 [main] TRACE - Reading unresolved handles for type system org.apache.poi.schemas.ooxml.system.ooxml
10:43:50.510 [main] TRACE - Finished loading type system org.apache.poi.schemas.ooxml.system.ooxml
10:43:50.511 [main] TRACE - Resolving type for handle ctworkbook83c3type
10:43:50.595 [main] TRACE - Resolving type for handle ctworkbookpr03a5type
10:43:50.616 [main] TRACE - Resolving type for handle ctbookviewsb864type
10:43:50.618 [main] TRACE - Resolving type for handle ctbookviewf677type
10:43:50.635 [main] TRACE - Resolving type for handle ctsheets49fdtype
10:43:50.642 [main] TRACE - Resolving type for handle propertiesee84doctype
10:43:50.644 [main] TRACE - Resolving type for handle ctproperties3f10type
10:43:50.658 [main] TRACE - Resolving type for handle properties288cdoctype
10:43:50.661 [main] TRACE - Resolving type for handle ctproperties2c18type
10:43:50.670 [main] TRACE - Resolving type for handle sstf81fdoctype
10:43:50.674 [main] TRACE - Resolving type for handle ctsst44f3type
10:43:50.681 [main] TRACE - Resolving type for handle stylesheet5d8bdoctype
10:43:50.681 [main] TRACE - Resolving type for handle ctstylesheet4257type
10:43:50.693 [main] TRACE - Resolving type for handle ctfont14d8type
10:43:50.697 [main] TRACE - Resolving type for handle ctfontsizeb3b9type
10:43:50.710 [main] TRACE - Resolving type for handle ctcolord2c2type
10:43:50.710 [main] TRACE - Resolving type for handle ctfontname2dc3type
10:43:50.710 [main] TRACE - Resolving type for handle stxstringf179type
10:43:50.722 [main] TRACE - Resolving type for handle ctfontfamily685ctype
10:43:50.726 [main] TRACE - Resolving type for handle stfontfamily9c6ctype
10:43:50.731 [main] TRACE - Resolving type for handle ctfontschemebf5dtype
10:43:50.733 [main] TRACE - Resolving type for handle stfontschemef36dtype
10:43:50.742 [main] TRACE - Resolving type for handle ctfill550ctype
10:43:50.744 [main] TRACE - Resolving type for handle ctpatternfill7452type
10:43:50.744 [main] TRACE - Resolving type for handle stpatterntype7939type
10:43:50.754 [main] TRACE - Resolving type for handle ctborderf935type
10:43:50.757 [main] TRACE - Resolving type for handle ctborderpre497type
10:43:50.761 [main] TRACE - Resolving type for handle ctxf97f7type
10:43:50.772 [main] TRACE - Resolving type for handle stnumfmtid76fbtype
10:43:50.777 [main] TRACE - Resolving type for handle stfontid9d63type
10:43:50.779 [main] TRACE - Resolving type for handle stfillida097type
10:43:50.782 [main] TRACE - Resolving type for handle stborderid1a80type
10:43:50.785 [main] TRACE - Resolving type for handle stcellstylexfid70c7type
10:43:50.794 [main] TRACE - Resolving type for handle ctsheet4dbetype
10:43:50.801 [main] TRACE - Resolving type for handle ctworksheet530dtype
10:43:50.811 [main] TRACE - Resolving type for handle ctsheetformatprdef7type
10:43:50.813 [main] TRACE - Resolving type for handle ctsheetviewsb918type
10:43:50.826 [main] TRACE - Resolving type for handle ctsheetview0f43type
10:43:50.827 [main] TRACE - Resolving type for handle ctsheetdimensiond310type
10:43:50.827 [main] TRACE - Resolving type for handle stref90a2type
10:43:50.827 [main] TRACE - Resolving type for handle ctsheetdata8408type
10:43:50.827 [main] TRACE - Resolving type for handle ctpagemargins5455type
10:43:50.844 [main] TRACE - Resolving type for handle ctcols627ctype
10:43:50.844 [main] TRACE - Resolving type for handle strelationshipid1e94type
10:43:50.844 [main] TRACE - Resolving type for handle ctrowdd39type
10:43:50.866 [main] TRACE - Resolving type for handle ctcell842btype
10:43:50.882 [main] TRACE - Resolving type for handle stcellrefe4e0type
10:43:50.884 [main] TRACE - Resolving type for handle ctrsta472type
10:43:50.894 [main] TRACE - Resolving type for handle stcelltypebf95type
10:43:51.206 [main] DEBUG - Save core properties part
10:43:51.206 [main] DEBUG - Save content types part
10:43:51.376 [main] DEBUG - Save package relationships
10:43:51.385 [main] DEBUG - Save part 'docProps/core.xml'
10:43:51.399 [main] DEBUG - Save part 'xl/sharedStrings.xml'
10:43:51.399 [main] DEBUG - Save part 'xl/styles.xml'
10:43:51.412 [main] DEBUG - Save part 'xl/workbook.xml'
10:43:51.419 [main] DEBUG - Save part 'xl/worksheets/sheet1.xml'
17:30:58.549 [main] INFO  - Goto crm URL 
17:32:09.573 [main] INFO  - Goto crm URL 
17:32:36.794 [main] TRACE - Loading type system org.apache.poi.schemas.ooxml.system.ooxml
17:32:36.794 [main] TRACE - Loading type system org.apache.xmlbeans.metadata.system.sXMLCONFIG
17:32:36.794 [main] TRACE - Loading type system org.apache.xmlbeans.metadata.system.sXMLLANG
17:32:36.808 [main] TRACE - Loading type system org.apache.xmlbeans.metadata.system.sXMLSCHEMA
17:32:36.808 [main] TRACE - Loading type system org.apache.xmlbeans.metadata.system.sXMLTOOLS
17:32:36.811 [main] TRACE - Reading unresolved handles for type system org.apache.xmlbeans.metadata.system.sXMLTOOLS
17:32:36.828 [main] TRACE - Finished loading type system org.apache.xmlbeans.metadata.system.sXMLTOOLS
17:32:36.828 [main] TRACE - Reading unresolved handles for type system org.apache.xmlbeans.metadata.system.sXMLSCHEMA
17:32:36.844 [main] TRACE - Finished loading type system org.apache.xmlbeans.metadata.system.sXMLSCHEMA
17:32:36.844 [main] TRACE - Reading unresolved handles for type system org.apache.xmlbeans.metadata.system.sXMLLANG
17:32:36.844 [main] TRACE - Finished loading type system org.apache.xmlbeans.metadata.system.sXMLLANG
17:32:36.844 [main] TRACE - Reading unresolved handles for type system org.apache.xmlbeans.metadata.system.sXMLCONFIG
17:32:36.844 [main] TRACE - Finished loading type system org.apache.xmlbeans.metadata.system.sXMLCONFIG
17:32:36.844 [main] TRACE - Reading unresolved handles for type system org.apache.poi.schemas.ooxml.system.ooxml
17:32:36.949 [main] TRACE - Finished loading type system org.apache.poi.schemas.ooxml.system.ooxml
17:32:36.952 [main] TRACE - Resolving type for handle ctworkbook83c3type
17:32:37.028 [main] TRACE - Resolving type for handle ctworkbookpr03a5type
17:32:37.045 [main] TRACE - Resolving type for handle ctbookviewsb864type
17:32:37.049 [main] TRACE - Resolving type for handle ctbookviewf677type
17:32:37.061 [main] TRACE - Resolving type for handle ctsheets49fdtype
17:32:37.062 [main] TRACE - Resolving type for handle propertiesee84doctype
17:32:37.068 [main] TRACE - Resolving type for handle ctproperties3f10type
17:32:37.075 [main] TRACE - Resolving type for handle properties288cdoctype
17:32:37.079 [main] TRACE - Resolving type for handle ctproperties2c18type
17:32:37.083 [main] TRACE - Resolving type for handle sstf81fdoctype
17:32:37.086 [main] TRACE - Resolving type for handle ctsst44f3type
17:32:37.092 [main] TRACE - Resolving type for handle stylesheet5d8bdoctype
17:32:37.094 [main] TRACE - Resolving type for handle ctstylesheet4257type
17:32:37.096 [main] TRACE - Resolving type for handle ctfont14d8type
17:32:37.111 [main] TRACE - Resolving type for handle ctfontsizeb3b9type
17:32:37.116 [main] TRACE - Resolving type for handle ctcolord2c2type
17:32:37.121 [main] TRACE - Resolving type for handle ctfontname2dc3type
17:32:37.125 [main] TRACE - Resolving type for handle stxstringf179type
17:32:37.127 [main] TRACE - Resolving type for handle ctfontfamily685ctype
17:32:37.127 [main] TRACE - Resolving type for handle stfontfamily9c6ctype
17:32:37.134 [main] TRACE - Resolving type for handle ctfontschemebf5dtype
17:32:37.137 [main] TRACE - Resolving type for handle stfontschemef36dtype
17:32:37.142 [main] TRACE - Resolving type for handle ctfill550ctype
17:32:37.144 [main] TRACE - Resolving type for handle ctpatternfill7452type
17:32:37.148 [main] TRACE - Resolving type for handle stpatterntype7939type
17:32:37.152 [main] TRACE - Resolving type for handle ctborderf935type
17:32:37.155 [main] TRACE - Resolving type for handle ctborderpre497type
17:32:37.159 [main] TRACE - Resolving type for handle ctxf97f7type
17:32:37.165 [main] TRACE - Resolving type for handle stnumfmtid76fbtype
17:32:37.167 [main] TRACE - Resolving type for handle stfontid9d63type
17:32:37.168 [main] TRACE - Resolving type for handle stfillida097type
17:32:37.168 [main] TRACE - Resolving type for handle stborderid1a80type
17:32:37.168 [main] TRACE - Resolving type for handle stcellstylexfid70c7type
17:32:37.177 [main] TRACE - Resolving type for handle ctsheet4dbetype
17:32:37.182 [main] TRACE - Resolving type for handle ctworksheet530dtype
17:32:37.188 [main] TRACE - Resolving type for handle ctsheetformatprdef7type
17:32:37.195 [main] TRACE - Resolving type for handle ctsheetviewsb918type
17:32:37.198 [main] TRACE - Resolving type for handle ctsheetview0f43type
17:32:37.204 [main] TRACE - Resolving type for handle ctsheetdimensiond310type
17:32:37.206 [main] TRACE - Resolving type for handle stref90a2type
17:32:37.208 [main] TRACE - Resolving type for handle ctsheetdata8408type
17:32:37.211 [main] TRACE - Resolving type for handle ctpagemargins5455type
17:32:37.217 [main] TRACE - Resolving type for handle ctcols627ctype
17:32:37.219 [main] TRACE - Resolving type for handle strelationshipid1e94type
17:32:37.220 [main] TRACE - Resolving type for handle ctrowdd39type
17:32:37.227 [main] TRACE - Resolving type for handle ctcell842btype
17:32:37.236 [main] TRACE - Resolving type for handle stcellrefe4e0type
17:32:37.236 [main] TRACE - Resolving type for handle ctrsta472type
17:32:37.243 [main] TRACE - Resolving type for handle stcelltypebf95type
17:32:37.604 [main] DEBUG - Save core properties part
17:32:37.604 [main] DEBUG - Save content types part
17:32:37.714 [main] DEBUG - Save package relationships
17:32:37.714 [main] DEBUG - Save part 'docProps/core.xml'
17:32:37.732 [main] DEBUG - Save part 'xl/sharedStrings.xml'
17:32:37.732 [main] DEBUG - Save part 'xl/styles.xml'
17:32:37.743 [main] DEBUG - Save part 'xl/workbook.xml'
17:32:37.743 [main] DEBUG - Save part 'xl/worksheets/sheet1.xml'
17:35:11.980 [main] INFO  - Goto crm URL 
17:37:03.434 [main] INFO  - Goto crm URL 
17:40:08.966 [main] INFO  - Goto crm URL 
13:13:13.018 [main] INFO  - Goto crm URL 
13:13:58.892 [main] INFO  - Goto crm URL 
13:14:50.676 [main] INFO  - Goto crm URL 
13:15:46.085 [main] INFO  - Goto crm URL 
13:15:53.125 [main] TRACE - Loading type system org.apache.poi.schemas.ooxml.system.ooxml
13:15:53.128 [main] TRACE - Loading type system org.apache.xmlbeans.metadata.system.sXMLCONFIG
13:15:53.131 [main] TRACE - Loading type system org.apache.xmlbeans.metadata.system.sXMLLANG
13:15:53.132 [main] TRACE - Loading type system org.apache.xmlbeans.metadata.system.sXMLSCHEMA
13:15:53.134 [main] TRACE - Loading type system org.apache.xmlbeans.metadata.system.sXMLTOOLS
13:15:53.135 [main] TRACE - Reading unresolved handles for type system org.apache.xmlbeans.metadata.system.sXMLTOOLS
13:15:53.157 [main] TRACE - Finished loading type system org.apache.xmlbeans.metadata.system.sXMLTOOLS
13:15:53.157 [main] TRACE - Reading unresolved handles for type system org.apache.xmlbeans.metadata.system.sXMLSCHEMA
13:15:53.172 [main] TRACE - Finished loading type system org.apache.xmlbeans.metadata.system.sXMLSCHEMA
13:15:53.172 [main] TRACE - Reading unresolved handles for type system org.apache.xmlbeans.metadata.system.sXMLLANG
13:15:53.174 [main] TRACE - Finished loading type system org.apache.xmlbeans.metadata.system.sXMLLANG
13:15:53.178 [main] TRACE - Reading unresolved handles for type system org.apache.xmlbeans.metadata.system.sXMLCONFIG
13:15:53.178 [main] TRACE - Finished loading type system org.apache.xmlbeans.metadata.system.sXMLCONFIG
13:15:53.184 [main] TRACE - Reading unresolved handles for type system org.apache.poi.schemas.ooxml.system.ooxml
13:15:53.254 [main] TRACE - Finished loading type system org.apache.poi.schemas.ooxml.system.ooxml
13:15:53.256 [main] TRACE - Resolving type for handle ctworkbook83c3type
13:15:53.322 [main] TRACE - Resolving type for handle ctworkbookpr03a5type
13:15:53.338 [main] TRACE - Resolving type for handle ctbookviewsb864type
13:15:53.338 [main] TRACE - Resolving type for handle ctbookviewf677type
13:15:53.352 [main] TRACE - Resolving type for handle ctsheets49fdtype
13:15:53.352 [main] TRACE - Resolving type for handle propertiesee84doctype
13:15:53.364 [main] TRACE - Resolving type for handle ctproperties3f10type
13:15:53.374 [main] TRACE - Resolving type for handle properties288cdoctype
13:15:53.376 [main] TRACE - Resolving type for handle ctproperties2c18type
13:15:53.387 [main] TRACE - Resolving type for handle sstf81fdoctype
13:15:53.389 [main] TRACE - Resolving type for handle ctsst44f3type
13:15:53.398 [main] TRACE - Resolving type for handle stylesheet5d8bdoctype
13:15:53.401 [main] TRACE - Resolving type for handle ctstylesheet4257type
13:15:53.407 [main] TRACE - Resolving type for handle ctfont14d8type
13:15:53.419 [main] TRACE - Resolving type for handle ctfontsizeb3b9type
13:15:53.419 [main] TRACE - Resolving type for handle ctcolord2c2type
13:15:53.427 [main] TRACE - Resolving type for handle ctfontname2dc3type
13:15:53.431 [main] TRACE - Resolving type for handle stxstringf179type
13:15:53.435 [main] TRACE - Resolving type for handle ctfontfamily685ctype
13:15:53.437 [main] TRACE - Resolving type for handle stfontfamily9c6ctype
13:15:53.441 [main] TRACE - Resolving type for handle ctfontschemebf5dtype
13:15:53.443 [main] TRACE - Resolving type for handle stfontschemef36dtype
13:15:53.449 [main] TRACE - Resolving type for handle ctfill550ctype
13:15:53.451 [main] TRACE - Resolving type for handle ctpatternfill7452type
13:15:53.452 [main] TRACE - Resolving type for handle stpatterntype7939type
13:15:53.459 [main] TRACE - Resolving type for handle ctborderf935type
13:15:53.465 [main] TRACE - Resolving type for handle ctborderpre497type
13:15:53.467 [main] TRACE - Resolving type for handle ctxf97f7type
13:15:53.476 [main] TRACE - Resolving type for handle stnumfmtid76fbtype
13:15:53.477 [main] TRACE - Resolving type for handle stfontid9d63type
13:15:53.478 [main] TRACE - Resolving type for handle stfillida097type
13:15:53.480 [main] TRACE - Resolving type for handle stborderid1a80type
13:15:53.509 [main] TRACE - Resolving type for handle stcellstylexfid70c7type
13:15:53.515 [main] TRACE - Resolving type for handle ctsheet4dbetype
13:15:53.523 [main] TRACE - Resolving type for handle ctworksheet530dtype
13:15:53.532 [main] TRACE - Resolving type for handle ctsheetformatprdef7type
13:15:53.538 [main] TRACE - Resolving type for handle ctsheetviewsb918type
13:15:53.538 [main] TRACE - Resolving type for handle ctsheetview0f43type
13:15:53.550 [main] TRACE - Resolving type for handle ctsheetdimensiond310type
13:15:53.552 [main] TRACE - Resolving type for handle stref90a2type
13:15:53.555 [main] TRACE - Resolving type for handle ctsheetdata8408type
13:15:53.557 [main] TRACE - Resolving type for handle ctpagemargins5455type
13:15:53.565 [main] TRACE - Resolving type for handle ctcols627ctype
