19:06:41.333 [main] TRACE - Resolving type for handle ctfont14d8type
19:06:41.366 [main] TRACE - Resolving type for handle ctfontsizeb3b9type
19:06:41.372 [main] TRACE - Resolving type for handle ctcolord2c2type
19:06:41.383 [main] TRACE - Resolving type for handle ctfontname2dc3type
19:06:41.383 [main] TRACE - Resolving type for handle stxstringf179type
19:06:41.387 [main] TRACE - Resolving type for handle ctfontfamily685ctype
19:06:41.387 [main] TRACE - Resolving type for handle stfontfamily9c6ctype
19:06:41.403 [main] TRACE - Resolving type for handle ctfontschemebf5dtype
19:06:41.408 [main] TRACE - Resolving type for handle stfontschemef36dtype
19:06:41.434 [main] TRACE - Resolving type for handle ctfill550ctype
19:06:41.434 [main] TRACE - Resolving type for handle ctpatternfill7452type
19:06:41.449 [main] TRACE - Resolving type for handle stpatterntype7939type
19:06:41.454 [main] TRACE - Resolving type for handle ctborderf935type
19:06:41.459 [main] TRACE - Resolving type for handle ctborderpre497type
19:06:41.466 [main] TRACE - Resolving type for handle ctxf97f7type
19:06:41.470 [main] TRACE - Resolving type for handle stnumfmtid76fbtype
19:06:41.477 [main] TRACE - Resolving type for handle stfontid9d63type
19:06:41.479 [main] TRACE - Resolving type for handle stfillida097type
19:06:41.484 [main] TRACE - Resolving type for handle stborderid1a80type
19:06:41.484 [main] TRACE - Resolving type for handle stcellstylexfid70c7type
19:06:41.496 [main] TRACE - Resolving type for handle ctsheet4dbetype
19:06:41.503 [main] TRACE - Resolving type for handle ctworksheet530dtype
19:06:41.511 [main] TRACE - Resolving type for handle ctsheetformatprdef7type
19:06:41.519 [main] TRACE - Resolving type for handle ctsheetviewsb918type
19:06:41.519 [main] TRACE - Resolving type for handle ctsheetview0f43type
19:06:41.535 [main] TRACE - Resolving type for handle ctsheetdimensiond310type
19:06:41.535 [main] TRACE - Resolving type for handle stref90a2type
19:06:41.535 [main] TRACE - Resolving type for handle ctsheetdata8408type
19:06:41.543 [main] TRACE - Resolving type for handle ctpagemargins5455type
19:06:41.553 [main] TRACE - Resolving type for handle ctcols627ctype
19:06:41.557 [main] TRACE - Resolving type for handle strelationshipid1e94type
19:06:41.559 [main] TRACE - Resolving type for handle ctrowdd39type
19:06:41.567 [main] TRACE - Resolving type for handle ctcell842btype
19:06:41.578 [main] TRACE - Resolving type for handle stcellrefe4e0type
19:06:41.583 [main] TRACE - Resolving type for handle ctrsta472type
19:06:41.586 [main] TRACE - Resolving type for handle stcelltypebf95type
19:06:41.817 [main] DEBUG - Save core properties part
19:06:41.817 [main] DEBUG - Save content types part
19:06:41.999 [main] DEBUG - Save package relationships
19:06:42.000 [main] DEBUG - Save part 'docProps/core.xml'
19:06:42.022 [main] DEBUG - Save part 'xl/sharedStrings.xml'
19:06:42.022 [main] DEBUG - Save part 'xl/styles.xml'
19:06:42.032 [main] DEBUG - Save part 'xl/workbook.xml'
19:06:42.032 [main] DEBUG - Save part 'xl/worksheets/sheet1.xml'
19:07:49.299 [main] INFO  - Goto crm URL 
19:07:56.055 [main] TRACE - Loading type system org.apache.poi.schemas.ooxml.system.ooxml
19:07:56.067 [main] TRACE - Loading type system org.apache.xmlbeans.metadata.system.sXMLCONFIG
19:07:56.069 [main] TRACE - Loading type system org.apache.xmlbeans.metadata.system.sXMLLANG
19:07:56.069 [main] TRACE - Loading type system org.apache.xmlbeans.metadata.system.sXMLSCHEMA
19:07:56.071 [main] TRACE - Loading type system org.apache.xmlbeans.metadata.system.sXMLTOOLS
19:07:56.075 [main] TRACE - Reading unresolved handles for type system org.apache.xmlbeans.metadata.system.sXMLTOOLS
19:07:56.104 [main] TRACE - Finished loading type system org.apache.xmlbeans.metadata.system.sXMLTOOLS
19:07:56.108 [main] TRACE - Reading unresolved handles for type system org.apache.xmlbeans.metadata.system.sXMLSCHEMA
19:07:56.117 [main] TRACE - Finished loading type system org.apache.xmlbeans.metadata.system.sXMLSCHEMA
19:07:56.121 [main] TRACE - Reading unresolved handles for type system org.apache.xmlbeans.metadata.system.sXMLLANG
19:07:56.121 [main] TRACE - Finished loading type system org.apache.xmlbeans.metadata.system.sXMLLANG
19:07:56.124 [main] TRACE - Reading unresolved handles for type system org.apache.xmlbeans.metadata.system.sXMLCONFIG
19:07:56.124 [main] TRACE - Finished loading type system org.apache.xmlbeans.metadata.system.sXMLCONFIG
19:07:56.126 [main] TRACE - Reading unresolved handles for type system org.apache.poi.schemas.ooxml.system.ooxml
19:07:56.206 [main] TRACE - Finished loading type system org.apache.poi.schemas.ooxml.system.ooxml
19:07:56.206 [main] TRACE - Resolving type for handle ctworkbook83c3type
19:07:56.271 [main] TRACE - Resolving type for handle ctworkbookpr03a5type
19:07:56.283 [main] TRACE - Resolving type for handle ctbookviewsb864type
19:07:56.293 [main] TRACE - Resolving type for handle ctbookviewf677type
19:07:56.300 [main] TRACE - Resolving type for handle ctsheets49fdtype
19:07:56.311 [main] TRACE - Resolving type for handle propertiesee84doctype
19:07:56.311 [main] TRACE - Resolving type for handle ctproperties3f10type
19:07:56.319 [main] TRACE - Resolving type for handle properties288cdoctype
19:07:56.319 [main] TRACE - Resolving type for handle ctproperties2c18type
19:07:56.336 [main] TRACE - Resolving type for handle sstf81fdoctype
19:07:56.336 [main] TRACE - Resolving type for handle ctsst44f3type
19:07:56.344 [main] TRACE - Resolving type for handle stylesheet5d8bdoctype
19:07:56.350 [main] TRACE - Resolving type for handle ctstylesheet4257type
19:07:56.351 [main] TRACE - Resolving type for handle ctfont14d8type
19:07:56.366 [main] TRACE - Resolving type for handle ctfontsizeb3b9type
19:07:56.369 [main] TRACE - Resolving type for handle ctcolord2c2type
19:07:56.377 [main] TRACE - Resolving type for handle ctfontname2dc3type
19:07:56.379 [main] TRACE - Resolving type for handle stxstringf179type
19:07:56.384 [main] TRACE - Resolving type for handle ctfontfamily685ctype
19:07:56.384 [main] TRACE - Resolving type for handle stfontfamily9c6ctype
19:07:56.392 [main] TRACE - Resolving type for handle ctfontschemebf5dtype
19:07:56.392 [main] TRACE - Resolving type for handle stfontschemef36dtype
19:07:56.404 [main] TRACE - Resolving type for handle ctfill550ctype
19:07:56.406 [main] TRACE - Resolving type for handle ctpatternfill7452type
19:07:56.411 [main] TRACE - Resolving type for handle stpatterntype7939type
19:07:56.417 [main] TRACE - Resolving type for handle ctborderf935type
19:07:56.418 [main] TRACE - Resolving type for handle ctborderpre497type
19:07:56.424 [main] TRACE - Resolving type for handle ctxf97f7type
19:07:56.434 [main] TRACE - Resolving type for handle stnumfmtid76fbtype
19:07:56.434 [main] TRACE - Resolving type for handle stfontid9d63type
19:07:56.434 [main] TRACE - Resolving type for handle stfillida097type
19:07:56.441 [main] TRACE - Resolving type for handle stborderid1a80type
19:07:56.441 [main] TRACE - Resolving type for handle stcellstylexfid70c7type
19:07:56.451 [main] TRACE - Resolving type for handle ctsheet4dbetype
19:07:56.451 [main] TRACE - Resolving type for handle ctworksheet530dtype
19:07:56.467 [main] TRACE - Resolving type for handle ctsheetformatprdef7type
19:07:56.480 [main] TRACE - Resolving type for handle ctsheetviewsb918type
19:07:56.484 [main] TRACE - Resolving type for handle ctsheetview0f43type
19:07:56.484 [main] TRACE - Resolving type for handle ctsheetdimensiond310type
19:07:56.497 [main] TRACE - Resolving type for handle stref90a2type
19:07:56.500 [main] TRACE - Resolving type for handle ctsheetdata8408type
19:07:56.500 [main] TRACE - Resolving type for handle ctpagemargins5455type
19:07:56.505 [main] TRACE - Resolving type for handle ctcols627ctype
19:07:56.517 [main] TRACE - Resolving type for handle strelationshipid1e94type
19:07:56.517 [main] TRACE - Resolving type for handle ctrowdd39type
19:07:56.527 [main] TRACE - Resolving type for handle ctcell842btype
19:07:56.534 [main] TRACE - Resolving type for handle stcellrefe4e0type
19:07:56.550 [main] TRACE - Resolving type for handle ctrsta472type
19:07:56.553 [main] TRACE - Resolving type for handle stcelltypebf95type
19:07:56.830 [main] DEBUG - Save core properties part
19:07:56.831 [main] DEBUG - Save content types part
19:07:56.986 [main] DEBUG - Save package relationships
19:07:56.992 [main] DEBUG - Save part 'docProps/core.xml'
19:07:57.005 [main] DEBUG - Save part 'xl/sharedStrings.xml'
19:07:57.005 [main] DEBUG - Save part 'xl/styles.xml'
19:07:57.013 [main] DEBUG - Save part 'xl/workbook.xml'
19:07:57.018 [main] DEBUG - Save part 'xl/worksheets/sheet1.xml'
19:11:41.998 [main] INFO  - Goto crm URL 
19:11:48.776 [main] TRACE - Loading type system org.apache.poi.schemas.ooxml.system.ooxml
19:11:48.780 [main] TRACE - Loading type system org.apache.xmlbeans.metadata.system.sXMLCONFIG
19:11:48.780 [main] TRACE - Loading type system org.apache.xmlbeans.metadata.system.sXMLLANG
19:11:48.789 [main] TRACE - Loading type system org.apache.xmlbeans.metadata.system.sXMLSCHEMA
19:11:48.789 [main] TRACE - Loading type system org.apache.xmlbeans.metadata.system.sXMLTOOLS
19:11:48.793 [main] TRACE - Reading unresolved handles for type system org.apache.xmlbeans.metadata.system.sXMLTOOLS
19:11:48.815 [main] TRACE - Finished loading type system org.apache.xmlbeans.metadata.system.sXMLTOOLS
19:11:48.821 [main] TRACE - Reading unresolved handles for type system org.apache.xmlbeans.metadata.system.sXMLSCHEMA
19:11:48.826 [main] TRACE - Finished loading type system org.apache.xmlbeans.metadata.system.sXMLSCHEMA
19:11:48.826 [main] TRACE - Reading unresolved handles for type system org.apache.xmlbeans.metadata.system.sXMLLANG
19:11:48.826 [main] TRACE - Finished loading type system org.apache.xmlbeans.metadata.system.sXMLLANG
19:11:48.835 [main] TRACE - Reading unresolved handles for type system org.apache.xmlbeans.metadata.system.sXMLCONFIG
19:11:48.837 [main] TRACE - Finished loading type system org.apache.xmlbeans.metadata.system.sXMLCONFIG
19:11:48.841 [main] TRACE - Reading unresolved handles for type system org.apache.poi.schemas.ooxml.system.ooxml
19:11:48.942 [main] TRACE - Finished loading type system org.apache.poi.schemas.ooxml.system.ooxml
19:11:48.942 [main] TRACE - Resolving type for handle ctworkbook83c3type
19:11:49.013 [main] TRACE - Resolving type for handle ctworkbookpr03a5type
19:11:49.030 [main] TRACE - Resolving type for handle ctbookviewsb864type
19:11:49.032 [main] TRACE - Resolving type for handle ctbookviewf677type
19:11:49.047 [main] TRACE - Resolving type for handle ctsheets49fdtype
19:11:49.053 [main] TRACE - Resolving type for handle propertiesee84doctype
19:11:49.059 [main] TRACE - Resolving type for handle ctproperties3f10type
19:11:49.070 [main] TRACE - Resolving type for handle properties288cdoctype
19:11:49.072 [main] TRACE - Resolving type for handle ctproperties2c18type
19:11:49.078 [main] TRACE - Resolving type for handle sstf81fdoctype
19:11:49.086 [main] TRACE - Resolving type for handle ctsst44f3type
19:11:49.094 [main] TRACE - Resolving type for handle stylesheet5d8bdoctype
19:11:49.094 [main] TRACE - Resolving type for handle ctstylesheet4257type
19:11:49.102 [main] TRACE - Resolving type for handle ctfont14d8type
19:11:49.114 [main] TRACE - Resolving type for handle ctfontsizeb3b9type
19:11:49.125 [main] TRACE - Resolving type for handle ctcolord2c2type
19:11:49.126 [main] TRACE - Resolving type for handle ctfontname2dc3type
19:11:49.126 [main] TRACE - Resolving type for handle stxstringf179type
19:11:49.134 [main] TRACE - Resolving type for handle ctfontfamily685ctype
19:11:49.134 [main] TRACE - Resolving type for handle stfontfamily9c6ctype
19:11:49.143 [main] TRACE - Resolving type for handle ctfontschemebf5dtype
19:11:49.143 [main] TRACE - Resolving type for handle stfontschemef36dtype
19:11:49.151 [main] TRACE - Resolving type for handle ctfill550ctype
19:11:49.151 [main] TRACE - Resolving type for handle ctpatternfill7452type
19:11:49.158 [main] TRACE - Resolving type for handle stpatterntype7939type
19:11:49.166 [main] TRACE - Resolving type for handle ctborderf935type
19:11:49.166 [main] TRACE - Resolving type for handle ctborderpre497type
19:11:49.175 [main] TRACE - Resolving type for handle ctxf97f7type
19:11:49.185 [main] TRACE - Resolving type for handle stnumfmtid76fbtype
19:11:49.187 [main] TRACE - Resolving type for handle stfontid9d63type
19:11:49.192 [main] TRACE - Resolving type for handle stfillida097type
19:11:49.192 [main] TRACE - Resolving type for handle stborderid1a80type
19:11:49.192 [main] TRACE - Resolving type for handle stcellstylexfid70c7type
19:11:49.198 [main] TRACE - Resolving type for handle ctsheet4dbetype
19:11:49.208 [main] TRACE - Resolving type for handle ctworksheet530dtype
19:11:49.215 [main] TRACE - Resolving type for handle ctsheetformatprdef7type
19:11:49.225 [main] TRACE - Resolving type for handle ctsheetviewsb918type
19:11:49.231 [main] TRACE - Resolving type for handle ctsheetview0f43type
19:11:49.242 [main] TRACE - Resolving type for handle ctsheetdimensiond310type
19:11:49.244 [main] TRACE - Resolving type for handle stref90a2type
19:11:49.248 [main] TRACE - Resolving type for handle ctsheetdata8408type
19:11:49.252 [main] TRACE - Resolving type for handle ctpagemargins5455type
19:11:49.259 [main] TRACE - Resolving type for handle ctcols627ctype
19:11:49.264 [main] TRACE - Resolving type for handle strelationshipid1e94type
19:11:49.264 [main] TRACE - Resolving type for handle ctrowdd39type
19:11:49.275 [main] TRACE - Resolving type for handle ctcell842btype
19:11:49.288 [main] TRACE - Resolving type for handle stcellrefe4e0type
19:11:49.296 [main] TRACE - Resolving type for handle ctrsta472type
19:11:49.296 [main] TRACE - Resolving type for handle stcelltypebf95type
19:11:49.595 [main] DEBUG - Save core properties part
19:11:49.597 [main] DEBUG - Save content types part
19:11:49.744 [main] DEBUG - Save package relationships
19:11:49.744 [main] DEBUG - Save part 'docProps/core.xml'
19:11:49.771 [main] DEBUG - Save part 'xl/sharedStrings.xml'
19:11:49.774 [main] DEBUG - Save part 'xl/styles.xml'
19:11:49.775 [main] DEBUG - Save part 'xl/workbook.xml'
19:11:49.789 [main] DEBUG - Save part 'xl/worksheets/sheet1.xml'
19:24:15.080 [main] INFO  - Goto crm URL 
19:24:21.918 [main] TRACE - Loading type system org.apache.poi.schemas.ooxml.system.ooxml
19:24:21.922 [main] TRACE - Loading type system org.apache.xmlbeans.metadata.system.sXMLCONFIG
19:24:21.924 [main] TRACE - Loading type system org.apache.xmlbeans.metadata.system.sXMLLANG
19:24:21.926 [main] TRACE - Loading type system org.apache.xmlbeans.metadata.system.sXMLSCHEMA
19:24:21.926 [main] TRACE - Loading type system org.apache.xmlbeans.metadata.system.sXMLTOOLS
19:24:21.929 [main] TRACE - Reading unresolved handles for type system org.apache.xmlbeans.metadata.system.sXMLTOOLS
19:24:21.951 [main] TRACE - Finished loading type system org.apache.xmlbeans.metadata.system.sXMLTOOLS
19:24:21.951 [main] TRACE - Reading unresolved handles for type system org.apache.xmlbeans.metadata.system.sXMLSCHEMA
19:24:21.961 [main] TRACE - Finished loading type system org.apache.xmlbeans.metadata.system.sXMLSCHEMA
19:24:21.966 [main] TRACE - Reading unresolved handles for type system org.apache.xmlbeans.metadata.system.sXMLLANG
19:24:21.968 [main] TRACE - Finished loading type system org.apache.xmlbeans.metadata.system.sXMLLANG
19:24:21.968 [main] TRACE - Reading unresolved handles for type system org.apache.xmlbeans.metadata.system.sXMLCONFIG
19:24:21.968 [main] TRACE - Finished loading type system org.apache.xmlbeans.metadata.system.sXMLCONFIG
19:24:21.968 [main] TRACE - Reading unresolved handles for type system org.apache.poi.schemas.ooxml.system.ooxml
19:24:22.072 [main] TRACE - Finished loading type system org.apache.poi.schemas.ooxml.system.ooxml
19:24:22.073 [main] TRACE - Resolving type for handle ctworkbook83c3type
19:24:22.149 [main] TRACE - Resolving type for handle ctworkbookpr03a5type
19:24:22.163 [main] TRACE - Resolving type for handle ctbookviewsb864type
19:24:22.167 [main] TRACE - Resolving type for handle ctbookviewf677type
19:24:22.174 [main] TRACE - Resolving type for handle ctsheets49fdtype
19:24:22.180 [main] TRACE - Resolving type for handle propertiesee84doctype
19:24:22.181 [main] TRACE - Resolving type for handle ctproperties3f10type
19:24:22.187 [main] TRACE - Resolving type for handle properties288cdoctype
19:24:22.190 [main] TRACE - Resolving type for handle ctproperties2c18type
19:24:22.194 [main] TRACE - Resolving type for handle sstf81fdoctype
19:24:22.194 [main] TRACE - Resolving type for handle ctsst44f3type
19:24:22.202 [main] TRACE - Resolving type for handle stylesheet5d8bdoctype
19:24:22.204 [main] TRACE - Resolving type for handle ctstylesheet4257type
19:24:22.208 [main] TRACE - Resolving type for handle ctfont14d8type
19:24:22.214 [main] TRACE - Resolving type for handle ctfontsizeb3b9type
19:24:22.220 [main] TRACE - Resolving type for handle ctcolord2c2type
19:24:22.223 [main] TRACE - Resolving type for handle ctfontname2dc3type
19:24:22.226 [main] TRACE - Resolving type for handle stxstringf179type
19:24:22.229 [main] TRACE - Resolving type for handle ctfontfamily685ctype
19:24:22.231 [main] TRACE - Resolving type for handle stfontfamily9c6ctype
19:24:22.234 [main] TRACE - Resolving type for handle ctfontschemebf5dtype
19:24:22.238 [main] TRACE - Resolving type for handle stfontschemef36dtype
19:24:22.242 [main] TRACE - Resolving type for handle ctfill550ctype
19:24:22.244 [main] TRACE - Resolving type for handle ctpatternfill7452type
19:24:22.247 [main] TRACE - Resolving type for handle stpatterntype7939type
19:24:22.251 [main] TRACE - Resolving type for handle ctborderf935type
19:24:22.254 [main] TRACE - Resolving type for handle ctborderpre497type
19:24:22.258 [main] TRACE - Resolving type for handle ctxf97f7type
19:24:22.263 [main] TRACE - Resolving type for handle stnumfmtid76fbtype
19:24:22.264 [main] TRACE - Resolving type for handle stfontid9d63type
19:24:22.267 [main] TRACE - Resolving type for handle stfillida097type
19:24:22.268 [main] TRACE - Resolving type for handle stborderid1a80type
19:24:22.272 [main] TRACE - Resolving type for handle stcellstylexfid70c7type
19:24:22.272 [main] TRACE - Resolving type for handle ctsheet4dbetype
19:24:22.284 [main] TRACE - Resolving type for handle ctworksheet530dtype
19:24:22.290 [main] TRACE - Resolving type for handle ctsheetformatprdef7type
19:24:22.301 [main] TRACE - Resolving type for handle ctsheetviewsb918type
19:24:22.305 [main] TRACE - Resolving type for handle ctsheetview0f43type
19:24:22.313 [main] TRACE - Resolving type for handle ctsheetdimensiond310type
19:24:22.317 [main] TRACE - Resolving type for handle stref90a2type
19:24:22.319 [main] TRACE - Resolving type for handle ctsheetdata8408type
19:24:22.319 [main] TRACE - Resolving type for handle ctpagemargins5455type
19:24:22.328 [main] TRACE - Resolving type for handle ctcols627ctype
19:24:22.334 [main] TRACE - Resolving type for handle strelationshipid1e94type
19:24:22.334 [main] TRACE - Resolving type for handle ctrowdd39type
19:24:22.349 [main] TRACE - Resolving type for handle ctcell842btype
19:24:22.360 [main] TRACE - Resolving type for handle stcellrefe4e0type
19:24:22.368 [main] TRACE - Resolving type for handle ctrsta472type
19:24:22.375 [main] TRACE - Resolving type for handle stcelltypebf95type
19:24:22.645 [main] DEBUG - Save core properties part
19:24:22.645 [main] DEBUG - Save content types part
19:24:22.786 [main] DEBUG - Save package relationships
19:24:22.790 [main] DEBUG - Save part 'docProps/core.xml'
19:24:22.808 [main] DEBUG - Save part 'xl/sharedStrings.xml'
19:24:22.808 [main] DEBUG - Save part 'xl/styles.xml'
19:24:22.818 [main] DEBUG - Save part 'xl/workbook.xml'
19:24:22.822 [main] DEBUG - Save part 'xl/worksheets/sheet1.xml'
19:27:29.447 [main] INFO  - Goto crm URL 
19:27:36.295 [main] TRACE - Loading type system org.apache.poi.schemas.ooxml.system.ooxml
19:27:36.303 [main] TRACE - Loading type system org.apache.xmlbeans.metadata.system.sXMLCONFIG
19:27:36.305 [main] TRACE - Loading type system org.apache.xmlbeans.metadata.system.sXMLLANG
19:27:36.306 [main] TRACE - Loading type system org.apache.xmlbeans.metadata.system.sXMLSCHEMA
19:27:36.309 [main] TRACE - Loading type system org.apache.xmlbeans.metadata.system.sXMLTOOLS
19:27:36.309 [main] TRACE - Reading unresolved handles for type system org.apache.xmlbeans.metadata.system.sXMLTOOLS
19:27:36.333 [main] TRACE - Finished loading type system org.apache.xmlbeans.metadata.system.sXMLTOOLS
19:27:36.335 [main] TRACE - Reading unresolved handles for type system org.apache.xmlbeans.metadata.system.sXMLSCHEMA
19:27:36.343 [main] TRACE - Finished loading type system org.apache.xmlbeans.metadata.system.sXMLSCHEMA
19:27:36.345 [main] TRACE - Reading unresolved handles for type system org.apache.xmlbeans.metadata.system.sXMLLANG
19:27:36.345 [main] TRACE - Finished loading type system org.apache.xmlbeans.metadata.system.sXMLLANG
19:27:36.350 [main] TRACE - Reading unresolved handles for type system org.apache.xmlbeans.metadata.system.sXMLCONFIG
19:27:36.350 [main] TRACE - Finished loading type system org.apache.xmlbeans.metadata.system.sXMLCONFIG
19:27:36.353 [main] TRACE - Reading unresolved handles for type system org.apache.poi.schemas.ooxml.system.ooxml
19:27:36.440 [main] TRACE - Finished loading type system org.apache.poi.schemas.ooxml.system.ooxml
19:27:36.443 [main] TRACE - Resolving type for handle ctworkbook83c3type
19:27:36.509 [main] TRACE - Resolving type for handle ctworkbookpr03a5type
19:27:36.525 [main] TRACE - Resolving type for handle ctbookviewsb864type
19:27:36.536 [main] TRACE - Resolving type for handle ctbookviewf677type
19:27:36.542 [main] TRACE - Resolving type for handle ctsheets49fdtype
19:27:36.552 [main] TRACE - Resolving type for handle propertiesee84doctype
19:27:36.552 [main] TRACE - Resolving type for handle ctproperties3f10type
19:27:36.565 [main] TRACE - Resolving type for handle properties288cdoctype
19:27:36.567 [main] TRACE - Resolving type for handle ctproperties2c18type
19:27:36.581 [main] TRACE - Resolving type for handle sstf81fdoctype
19:27:36.581 [main] TRACE - Resolving type for handle ctsst44f3type
19:27:36.592 [main] TRACE - Resolving type for handle stylesheet5d8bdoctype
19:27:36.592 [main] TRACE - Resolving type for handle ctstylesheet4257type
19:27:36.592 [main] TRACE - Resolving type for handle ctfont14d8type
19:27:36.609 [main] TRACE - Resolving type for handle ctfontsizeb3b9type
19:27:36.609 [main] TRACE - Resolving type for handle ctcolord2c2type
19:27:36.625 [main] TRACE - Resolving type for handle ctfontname2dc3type
19:27:36.625 [main] TRACE - Resolving type for handle stxstringf179type
19:27:36.625 [main] TRACE - Resolving type for handle ctfontfamily685ctype
19:27:36.625 [main] TRACE - Resolving type for handle stfontfamily9c6ctype
19:27:36.641 [main] TRACE - Resolving type for handle ctfontschemebf5dtype
19:27:36.643 [main] TRACE - Resolving type for handle stfontschemef36dtype
19:27:36.643 [main] TRACE - Resolving type for handle ctfill550ctype
19:27:36.654 [main] TRACE - Resolving type for handle ctpatternfill7452type
19:27:36.659 [main] TRACE - Resolving type for handle stpatterntype7939type
19:27:36.663 [main] TRACE - Resolving type for handle ctborderf935type
19:27:36.663 [main] TRACE - Resolving type for handle ctborderpre497type
19:27:36.676 [main] TRACE - Resolving type for handle ctxf97f7type
19:27:36.676 [main] TRACE - Resolving type for handle stnumfmtid76fbtype
19:27:36.676 [main] TRACE - Resolving type for handle stfontid9d63type
19:27:36.688 [main] TRACE - Resolving type for handle stfillida097type
19:27:36.691 [main] TRACE - Resolving type for handle stborderid1a80type
19:27:36.696 [main] TRACE - Resolving type for handle stcellstylexfid70c7type
19:27:36.704 [main] TRACE - Resolving type for handle ctsheet4dbetype
19:27:36.711 [main] TRACE - Resolving type for handle ctworksheet530dtype
19:27:36.727 [main] TRACE - Resolving type for handle ctsheetformatprdef7type
19:27:36.742 [main] TRACE - Resolving type for handle ctsheetviewsb918type
19:27:36.746 [main] TRACE - Resolving type for handle ctsheetview0f43type
19:27:36.749 [main] TRACE - Resolving type for handle ctsheetdimensiond310type
19:27:36.756 [main] TRACE - Resolving type for handle stref90a2type
19:27:36.758 [main] TRACE - Resolving type for handle ctsheetdata8408type
19:27:36.758 [main] TRACE - Resolving type for handle ctpagemargins5455type
19:27:36.774 [main] TRACE - Resolving type for handle ctcols627ctype
19:27:36.775 [main] TRACE - Resolving type for handle strelationshipid1e94type
19:27:36.775 [main] TRACE - Resolving type for handle ctrowdd39type
19:27:36.792 [main] TRACE - Resolving type for handle ctcell842btype
19:27:36.809 [main] TRACE - Resolving type for handle stcellrefe4e0type
19:27:36.809 [main] TRACE - Resolving type for handle ctrsta472type
19:27:36.820 [main] TRACE - Resolving type for handle stcelltypebf95type
19:29:49.106 [main] INFO  - Goto crm URL 
19:29:55.989 [main] TRACE - Loading type system org.apache.poi.schemas.ooxml.system.ooxml
19:29:55.995 [main] TRACE - Loading type system org.apache.xmlbeans.metadata.system.sXMLCONFIG
19:29:55.995 [main] TRACE - Loading type system org.apache.xmlbeans.metadata.system.sXMLLANG
19:29:56.002 [main] TRACE - Loading type system org.apache.xmlbeans.metadata.system.sXMLSCHEMA
19:29:56.003 [main] TRACE - Loading type system org.apache.xmlbeans.metadata.system.sXMLTOOLS
19:29:56.003 [main] TRACE - Reading unresolved handles for type system org.apache.xmlbeans.metadata.system.sXMLTOOLS
19:29:56.029 [main] TRACE - Finished loading type system org.apache.xmlbeans.metadata.system.sXMLTOOLS
19:29:56.031 [main] TRACE - Reading unresolved handles for type system org.apache.xmlbeans.metadata.system.sXMLSCHEMA
19:29:56.039 [main] TRACE - Finished loading type system org.apache.xmlbeans.metadata.system.sXMLSCHEMA
19:29:56.043 [main] TRACE - Reading unresolved handles for type system org.apache.xmlbeans.metadata.system.sXMLLANG
19:29:56.043 [main] TRACE - Finished loading type system org.apache.xmlbeans.metadata.system.sXMLLANG
19:29:56.043 [main] TRACE - Reading unresolved handles for type system org.apache.xmlbeans.metadata.system.sXMLCONFIG
19:29:56.043 [main] TRACE - Finished loading type system org.apache.xmlbeans.metadata.system.sXMLCONFIG
19:29:56.053 [main] TRACE - Reading unresolved handles for type system org.apache.poi.schemas.ooxml.system.ooxml
19:29:56.142 [main] TRACE - Finished loading type system org.apache.poi.schemas.ooxml.system.ooxml
19:29:56.147 [main] TRACE - Resolving type for handle ctworkbook83c3type
19:29:56.220 [main] TRACE - Resolving type for handle ctworkbookpr03a5type
19:29:56.237 [main] TRACE - Resolving type for handle ctbookviewsb864type
19:29:56.237 [main] TRACE - Resolving type for handle ctbookviewf677type
19:29:56.246 [main] TRACE - Resolving type for handle ctsheets49fdtype
19:29:56.252 [main] TRACE - Resolving type for handle propertiesee84doctype
19:29:56.252 [main] TRACE - Resolving type for handle ctproperties3f10type
19:29:56.262 [main] TRACE - Resolving type for handle properties288cdoctype
19:29:56.265 [main] TRACE - Resolving type for handle ctproperties2c18type
19:29:56.269 [main] TRACE - Resolving type for handle sstf81fdoctype
19:29:56.273 [main] TRACE - Resolving type for handle ctsst44f3type
19:29:56.277 [main] TRACE - Resolving type for handle stylesheet5d8bdoctype
19:29:56.280 [main] TRACE - Resolving type for handle ctstylesheet4257type
19:29:56.286 [main] TRACE - Resolving type for handle ctfont14d8type
19:29:56.296 [main] TRACE - Resolving type for handle ctfontsizeb3b9type
19:29:56.301 [main] TRACE - Resolving type for handle ctcolord2c2type
19:29:56.303 [main] TRACE - Resolving type for handle ctfontname2dc3type
19:29:56.306 [main] TRACE - Resolving type for handle stxstringf179type
19:29:56.311 [main] TRACE - Resolving type for handle ctfontfamily685ctype
19:29:56.313 [main] TRACE - Resolving type for handle stfontfamily9c6ctype
19:29:56.317 [main] TRACE - Resolving type for handle ctfontschemebf5dtype
19:29:56.326 [main] TRACE - Resolving type for handle stfontschemef36dtype
19:29:56.336 [main] TRACE - Resolving type for handle ctfill550ctype
19:29:56.338 [main] TRACE - Resolving type for handle ctpatternfill7452type
19:29:56.345 [main] TRACE - Resolving type for handle stpatterntype7939type
19:29:56.350 [main] TRACE - Resolving type for handle ctborderf935type
19:29:56.354 [main] TRACE - Resolving type for handle ctborderpre497type
19:29:56.360 [main] TRACE - Resolving type for handle ctxf97f7type
19:29:56.366 [main] TRACE - Resolving type for handle stnumfmtid76fbtype
19:29:56.369 [main] TRACE - Resolving type for handle stfontid9d63type
19:29:56.371 [main] TRACE - Resolving type for handle stfillida097type
19:29:56.374 [main] TRACE - Resolving type for handle stborderid1a80type
19:29:56.376 [main] TRACE - Resolving type for handle stcellstylexfid70c7type
19:29:56.385 [main] TRACE - Resolving type for handle ctsheet4dbetype
19:29:56.385 [main] TRACE - Resolving type for handle ctworksheet530dtype
19:29:56.402 [main] TRACE - Resolving type for handle ctsheetformatprdef7type
19:29:56.407 [main] TRACE - Resolving type for handle ctsheetviewsb918type
19:29:56.415 [main] TRACE - Resolving type for handle ctsheetview0f43type
19:29:56.423 [main] TRACE - Resolving type for handle ctsheetdimensiond310type
19:29:56.426 [main] TRACE - Resolving type for handle stref90a2type
19:29:56.431 [main] TRACE - Resolving type for handle ctsheetdata8408type
19:29:56.432 [main] TRACE - Resolving type for handle ctpagemargins5455type
19:29:56.435 [main] TRACE - Resolving type for handle ctcols627ctype
19:29:56.447 [main] TRACE - Resolving type for handle strelationshipid1e94type
19:29:56.452 [main] TRACE - Resolving type for handle ctrowdd39type
19:29:56.462 [main] TRACE - Resolving type for handle ctcell842btype
19:29:56.472 [main] TRACE - Resolving type for handle stcellrefe4e0type
19:29:56.486 [main] TRACE - Resolving type for handle ctrsta472type
19:29:56.489 [main] TRACE - Resolving type for handle stcelltypebf95type
19:29:56.806 [main] DEBUG - Save core properties part
19:29:56.806 [main] DEBUG - Save content types part
19:29:57.002 [main] DEBUG - Save package relationships
19:29:57.003 [main] DEBUG - Save part 'docProps/core.xml'
19:29:57.030 [main] DEBUG - Save part 'xl/sharedStrings.xml'
19:29:57.030 [main] DEBUG - Save part 'xl/styles.xml'
19:29:57.037 [main] DEBUG - Save part 'xl/workbook.xml'
19:29:57.045 [main] DEBUG - Save part 'xl/worksheets/sheet1.xml'
19:31:15.362 [main] INFO  - Goto crm URL 
19:31:22.238 [main] TRACE - Loading type system org.apache.poi.schemas.ooxml.system.ooxml
19:31:22.252 [main] TRACE - Loading type system org.apache.xmlbeans.metadata.system.sXMLCONFIG
19:31:22.252 [main] TRACE - Loading type system org.apache.xmlbeans.metadata.system.sXMLLANG
19:31:22.252 [main] TRACE - Loading type system org.apache.xmlbeans.metadata.system.sXMLSCHEMA
19:31:22.252 [main] TRACE - Loading type system org.apache.xmlbeans.metadata.system.sXMLTOOLS
19:31:22.258 [main] TRACE - Reading unresolved handles for type system org.apache.xmlbeans.metadata.system.sXMLTOOLS
19:31:22.278 [main] TRACE - Finished loading type system org.apache.xmlbeans.metadata.system.sXMLTOOLS
19:31:22.284 [main] TRACE - Reading unresolved handles for type system org.apache.xmlbeans.metadata.system.sXMLSCHEMA
19:31:22.294 [main] TRACE - Finished loading type system org.apache.xmlbeans.metadata.system.sXMLSCHEMA
19:31:22.294 [main] TRACE - Reading unresolved handles for type system org.apache.xmlbeans.metadata.system.sXMLLANG
19:31:22.299 [main] TRACE - Finished loading type system org.apache.xmlbeans.metadata.system.sXMLLANG
19:31:22.302 [main] TRACE - Reading unresolved handles for type system org.apache.xmlbeans.metadata.system.sXMLCONFIG
19:31:22.302 [main] TRACE - Finished loading type system org.apache.xmlbeans.metadata.system.sXMLCONFIG
19:31:22.306 [main] TRACE - Reading unresolved handles for type system org.apache.poi.schemas.ooxml.system.ooxml
19:31:22.386 [main] TRACE - Finished loading type system org.apache.poi.schemas.ooxml.system.ooxml
19:31:22.394 [main] TRACE - Resolving type for handle ctworkbook83c3type
19:31:22.469 [main] TRACE - Resolving type for handle ctworkbookpr03a5type
19:31:22.485 [main] TRACE - Resolving type for handle ctbookviewsb864type
19:31:22.485 [main] TRACE - Resolving type for handle ctbookviewf677type
19:31:22.501 [main] TRACE - Resolving type for handle ctsheets49fdtype
19:31:22.508 [main] TRACE - Resolving type for handle propertiesee84doctype
19:31:22.512 [main] TRACE - Resolving type for handle ctproperties3f10type
19:31:22.518 [main] TRACE - Resolving type for handle properties288cdoctype
19:31:22.518 [main] TRACE - Resolving type for handle ctproperties2c18type
19:31:22.535 [main] TRACE - Resolving type for handle sstf81fdoctype
19:31:22.535 [main] TRACE - Resolving type for handle ctsst44f3type
19:31:22.546 [main] TRACE - Resolving type for handle stylesheet5d8bdoctype
19:31:22.549 [main] TRACE - Resolving type for handle ctstylesheet4257type
19:31:22.556 [main] TRACE - Resolving type for handle ctfont14d8type
19:31:22.569 [main] TRACE - Resolving type for handle ctfontsizeb3b9type
19:31:22.574 [main] TRACE - Resolving type for handle ctcolord2c2type
19:31:22.579 [main] TRACE - Resolving type for handle ctfontname2dc3type
19:31:22.581 [main] TRACE - Resolving type for handle stxstringf179type
19:31:22.585 [main] TRACE - Resolving type for handle ctfontfamily685ctype
19:31:22.589 [main] TRACE - Resolving type for handle stfontfamily9c6ctype
19:31:22.593 [main] TRACE - Resolving type for handle ctfontschemebf5dtype
19:31:22.598 [main] TRACE - Resolving type for handle stfontschemef36dtype
19:31:22.602 [main] TRACE - Resolving type for handle ctfill550ctype
19:31:22.602 [main] TRACE - Resolving type for handle ctpatternfill7452type
19:31:22.609 [main] TRACE - Resolving type for handle stpatterntype7939type
19:31:22.614 [main] TRACE - Resolving type for handle ctborderf935type
19:31:22.618 [main] TRACE - Resolving type for handle ctborderpre497type
19:31:22.620 [main] TRACE - Resolving type for handle ctxf97f7type
19:31:22.628 [main] TRACE - Resolving type for handle stnumfmtid76fbtype
19:31:22.631 [main] TRACE - Resolving type for handle stfontid9d63type
19:31:22.634 [main] TRACE - Resolving type for handle stfillida097type
19:31:22.636 [main] TRACE - Resolving type for handle stborderid1a80type
19:31:22.636 [main] TRACE - Resolving type for handle stcellstylexfid70c7type
19:31:22.645 [main] TRACE - Resolving type for handle ctsheet4dbetype
19:31:22.652 [main] TRACE - Resolving type for handle ctworksheet530dtype
19:31:22.661 [main] TRACE - Resolving type for handle ctsheetformatprdef7type
19:31:22.670 [main] TRACE - Resolving type for handle ctsheetviewsb918type
19:31:22.670 [main] TRACE - Resolving type for handle ctsheetview0f43type
19:31:22.684 [main] TRACE - Resolving type for handle ctsheetdimensiond310type
19:31:22.685 [main] TRACE - Resolving type for handle stref90a2type
19:31:22.688 [main] TRACE - Resolving type for handle ctsheetdata8408type
19:31:22.694 [main] TRACE - Resolving type for handle ctpagemargins5455type
19:31:22.702 [main] TRACE - Resolving type for handle ctcols627ctype
19:31:22.706 [main] TRACE - Resolving type for handle strelationshipid1e94type
19:31:22.706 [main] TRACE - Resolving type for handle ctrowdd39type
19:31:22.718 [main] TRACE - Resolving type for handle ctcell842btype
19:31:22.727 [main] TRACE - Resolving type for handle stcellrefe4e0type
19:31:22.734 [main] TRACE - Resolving type for handle ctrsta472type
19:31:22.736 [main] TRACE - Resolving type for handle stcelltypebf95type
19:31:23.036 [main] DEBUG - Save core properties part
19:31:23.036 [main] DEBUG - Save content types part
19:31:23.185 [main] DEBUG - Save package relationships
19:31:23.185 [main] DEBUG - Save part 'docProps/core.xml'
19:31:23.210 [main] DEBUG - Save part 'xl/sharedStrings.xml'
19:31:23.210 [main] DEBUG - Save part 'xl/styles.xml'
19:31:23.218 [main] DEBUG - Save part 'xl/workbook.xml'
19:31:23.224 [main] DEBUG - Save part 'xl/worksheets/sheet1.xml'
19:35:34.577 [main] INFO  - Goto crm URL 
19:35:41.299 [main] TRACE - Loading type system org.apache.poi.schemas.ooxml.system.ooxml
19:35:41.299 [main] TRACE - Loading type system org.apache.xmlbeans.metadata.system.sXMLCONFIG
19:35:41.299 [main] TRACE - Loading type system org.apache.xmlbeans.metadata.system.sXMLLANG
19:35:41.309 [main] TRACE - Loading type system org.apache.xmlbeans.metadata.system.sXMLSCHEMA
19:35:41.309 [main] TRACE - Loading type system org.apache.xmlbeans.metadata.system.sXMLTOOLS
19:35:41.313 [main] TRACE - Reading unresolved handles for type system org.apache.xmlbeans.metadata.system.sXMLTOOLS
19:35:41.335 [main] TRACE - Finished loading type system org.apache.xmlbeans.metadata.system.sXMLTOOLS
19:35:41.337 [main] TRACE - Reading unresolved handles for type system org.apache.xmlbeans.metadata.system.sXMLSCHEMA
19:35:41.343 [main] TRACE - Finished loading type system org.apache.xmlbeans.metadata.system.sXMLSCHEMA
19:35:41.349 [main] TRACE - Reading unresolved handles for type system org.apache.xmlbeans.metadata.system.sXMLLANG
19:35:41.349 [main] TRACE - Finished loading type system org.apache.xmlbeans.metadata.system.sXMLLANG
19:35:41.349 [main] TRACE - Reading unresolved handles for type system org.apache.xmlbeans.metadata.system.sXMLCONFIG
19:35:41.349 [main] TRACE - Finished loading type system org.apache.xmlbeans.metadata.system.sXMLCONFIG
19:35:41.358 [main] TRACE - Reading unresolved handles for type system org.apache.poi.schemas.ooxml.system.ooxml
19:35:41.445 [main] TRACE - Finished loading type system org.apache.poi.schemas.ooxml.system.ooxml
19:35:41.448 [main] TRACE - Resolving type for handle ctworkbook83c3type
19:35:41.515 [main] TRACE - Resolving type for handle ctworkbookpr03a5type
19:35:41.535 [main] TRACE - Resolving type for handle ctbookviewsb864type
19:35:41.535 [main] TRACE - Resolving type for handle ctbookviewf677type
19:35:41.554 [main] TRACE - Resolving type for handle ctsheets49fdtype
19:35:41.561 [main] TRACE - Resolving type for handle propertiesee84doctype
19:35:41.564 [main] TRACE - Resolving type for handle ctproperties3f10type
19:35:41.577 [main] TRACE - Resolving type for handle properties288cdoctype
19:35:41.581 [main] TRACE - Resolving type for handle ctproperties2c18type
19:35:41.592 [main] TRACE - Resolving type for handle sstf81fdoctype
19:35:41.593 [main] TRACE - Resolving type for handle ctsst44f3type
19:35:41.604 [main] TRACE - Resolving type for handle stylesheet5d8bdoctype
19:35:41.604 [main] TRACE - Resolving type for handle ctstylesheet4257type
19:35:41.614 [main] TRACE - Resolving type for handle ctfont14d8type
19:35:41.628 [main] TRACE - Resolving type for handle ctfontsizeb3b9type
19:35:41.635 [main] TRACE - Resolving type for handle ctcolord2c2type
19:35:41.640 [main] TRACE - Resolving type for handle ctfontname2dc3type
19:35:41.642 [main] TRACE - Resolving type for handle stxstringf179type
19:35:41.648 [main] TRACE - Resolving type for handle ctfontfamily685ctype
19:35:41.649 [main] TRACE - Resolving type for handle stfontfamily9c6ctype
19:35:41.649 [main] TRACE - Resolving type for handle ctfontschemebf5dtype
19:35:41.657 [main] TRACE - Resolving type for handle stfontschemef36dtype
19:35:41.664 [main] TRACE - Resolving type for handle ctfill550ctype
19:35:41.666 [main] TRACE - Resolving type for handle ctpatternfill7452type
19:35:41.667 [main] TRACE - Resolving type for handle stpatterntype7939type
19:35:41.667 [main] TRACE - Resolving type for handle ctborderf935type
19:35:41.667 [main] TRACE - Resolving type for handle ctborderpre497type
19:35:41.681 [main] TRACE - Resolving type for handle ctxf97f7type
19:35:41.681 [main] TRACE - Resolving type for handle stnumfmtid76fbtype
19:35:41.690 [main] TRACE - Resolving type for handle stfontid9d63type
19:35:41.692 [main] TRACE - Resolving type for handle stfillida097type
19:35:41.695 [main] TRACE - Resolving type for handle stborderid1a80type
19:35:41.699 [main] TRACE - Resolving type for handle stcellstylexfid70c7type
19:35:41.705 [main] TRACE - Resolving type for handle ctsheet4dbetype
19:35:41.713 [main] TRACE - Resolving type for handle ctworksheet530dtype
19:35:41.720 [main] TRACE - Resolving type for handle ctsheetformatprdef7type
19:35:41.728 [main] TRACE - Resolving type for handle ctsheetviewsb918type
19:35:41.732 [main] TRACE - Resolving type for handle ctsheetview0f43type
19:35:41.736 [main] TRACE - Resolving type for handle ctsheetdimensiond310type
19:35:41.736 [main] TRACE - Resolving type for handle stref90a2type
19:35:41.736 [main] TRACE - Resolving type for handle ctsheetdata8408type
19:35:41.747 [main] TRACE - Resolving type for handle ctpagemargins5455type
19:35:41.753 [main] TRACE - Resolving type for handle ctcols627ctype
19:35:41.764 [main] TRACE - Resolving type for handle strelationshipid1e94type
19:35:41.766 [main] TRACE - Resolving type for handle ctrowdd39type
19:35:41.772 [main] TRACE - Resolving type for handle ctcell842btype
19:35:41.787 [main] TRACE - Resolving type for handle stcellrefe4e0type
19:35:41.789 [main] TRACE - Resolving type for handle ctrsta472type
19:35:41.795 [main] TRACE - Resolving type for handle stcelltypebf95type
19:35:42.105 [main] DEBUG - Save core properties part
19:35:42.105 [main] DEBUG - Save content types part
19:35:42.255 [main] DEBUG - Save package relationships
19:35:42.265 [main] DEBUG - Save part 'docProps/core.xml'
19:35:42.278 [main] DEBUG - Save part 'xl/sharedStrings.xml'
19:35:42.279 [main] DEBUG - Save part 'xl/styles.xml'
19:35:42.287 [main] DEBUG - Save part 'xl/workbook.xml'
19:35:42.291 [main] DEBUG - Save part 'xl/worksheets/sheet1.xml'
10:40:10.823 [main] INFO  - Goto crm URL 
10:40:17.765 [main] TRACE - Loading type system org.apache.poi.schemas.ooxml.system.ooxml
10:40:17.771 [main] TRACE - Loading type system org.apache.xmlbeans.metadata.system.sXMLCONFIG
10:40:17.771 [main] TRACE - Loading type system org.apache.xmlbeans.metadata.system.sXMLLANG
10:40:17.771 [main] TRACE - Loading type system org.apache.xmlbeans.metadata.system.sXMLSCHEMA
10:40:17.771 [main] TRACE - Loading type system org.apache.xmlbeans.metadata.system.sXMLTOOLS
10:40:17.780 [main] TRACE - Reading unresolved handles for type system org.apache.xmlbeans.metadata.system.sXMLTOOLS
10:40:17.805 [main] TRACE - Finished loading type system org.apache.xmlbeans.metadata.system.sXMLTOOLS
10:40:17.805 [main] TRACE - Reading unresolved handles for type system org.apache.xmlbeans.metadata.system.sXMLSCHEMA
10:40:17.819 [main] TRACE - Finished loading type system org.apache.xmlbeans.metadata.system.sXMLSCHEMA
10:40:17.822 [main] TRACE - Reading unresolved handles for type system org.apache.xmlbeans.metadata.system.sXMLLANG
10:40:17.822 [main] TRACE - Finished loading type system org.apache.xmlbeans.metadata.system.sXMLLANG
10:40:17.826 [main] TRACE - Reading unresolved handles for type system org.apache.xmlbeans.metadata.system.sXMLCONFIG
10:40:17.829 [main] TRACE - Finished loading type system org.apache.xmlbeans.metadata.system.sXMLCONFIG
10:40:17.829 [main] TRACE - Reading unresolved handles for type system org.apache.poi.schemas.ooxml.system.ooxml
10:40:17.926 [main] TRACE - Finished loading type system org.apache.poi.schemas.ooxml.system.ooxml
10:40:17.933 [main] TRACE - Resolving type for handle ctworkbook83c3type
10:40:18.013 [main] TRACE - Resolving type for handle ctworkbookpr03a5type
10:40:18.034 [main] TRACE - Resolving type for handle ctbookviewsb864type
10:40:18.037 [main] TRACE - Resolving type for handle ctbookviewf677type
10:40:18.053 [main] TRACE - Resolving type for handle ctsheets49fdtype
10:40:18.059 [main] TRACE - Resolving type for handle propertiesee84doctype
10:40:18.063 [main] TRACE - Resolving type for handle ctproperties3f10type
10:40:18.070 [main] TRACE - Resolving type for handle properties288cdoctype
10:40:18.077 [main] TRACE - Resolving type for handle ctproperties2c18type
10:40:18.088 [main] TRACE - Resolving type for handle sstf81fdoctype
10:40:18.092 [main] TRACE - Resolving type for handle ctsst44f3type
10:40:18.101 [main] TRACE - Resolving type for handle stylesheet5d8bdoctype
10:40:18.103 [main] TRACE - Resolving type for handle ctstylesheet4257type
10:40:18.112 [main] TRACE - Resolving type for handle ctfont14d8type
10:40:18.119 [main] TRACE - Resolving type for handle ctfontsizeb3b9type
10:40:18.130 [main] TRACE - Resolving type for handle ctcolord2c2type
10:40:18.136 [main] TRACE - Resolving type for handle ctfontname2dc3type
10:40:18.136 [main] TRACE - Resolving type for handle stxstringf179type
10:40:18.141 [main] TRACE - Resolving type for handle ctfontfamily685ctype
10:40:18.141 [main] TRACE - Resolving type for handle stfontfamily9c6ctype
10:40:18.149 [main] TRACE - Resolving type for handle ctfontschemebf5dtype
10:40:18.153 [main] TRACE - Resolving type for handle stfontschemef36dtype
10:40:18.162 [main] TRACE - Resolving type for handle ctfill550ctype
10:40:18.165 [main] TRACE - Resolving type for handle ctpatternfill7452type
10:40:18.173 [main] TRACE - Resolving type for handle stpatterntype7939type
10:40:18.177 [main] TRACE - Resolving type for handle ctborderf935type
10:40:18.182 [main] TRACE - Resolving type for handle ctborderpre497type
10:40:18.189 [main] TRACE - Resolving type for handle ctxf97f7type
10:40:18.193 [main] TRACE - Resolving type for handle stnumfmtid76fbtype
10:40:18.197 [main] TRACE - Resolving type for handle stfontid9d63type
10:40:18.197 [main] TRACE - Resolving type for handle stfillida097type
10:40:18.203 [main] TRACE - Resolving type for handle stborderid1a80type
10:40:18.203 [main] TRACE - Resolving type for handle stcellstylexfid70c7type
10:40:18.213 [main] TRACE - Resolving type for handle ctsheet4dbetype
10:40:18.221 [main] TRACE - Resolving type for handle ctworksheet530dtype
10:40:18.230 [main] TRACE - Resolving type for handle ctsheetformatprdef7type
10:40:18.242 [main] TRACE - Resolving type for handle ctsheetviewsb918type
10:40:18.246 [main] TRACE - Resolving type for handle ctsheetview0f43type
10:40:18.255 [main] TRACE - Resolving type for handle ctsheetdimensiond310type
10:40:18.255 [main] TRACE - Resolving type for handle stref90a2type
10:40:18.263 [main] TRACE - Resolving type for handle ctsheetdata8408type
10:40:18.263 [main] TRACE - Resolving type for handle ctpagemargins5455type
10:40:18.272 [main] TRACE - Resolving type for handle ctcols627ctype
10:40:18.280 [main] TRACE - Resolving type for handle strelationshipid1e94type
10:40:18.284 [main] TRACE - Resolving type for handle ctrowdd39type
10:40:18.292 [main] TRACE - Resolving type for handle ctcell842btype
10:40:18.303 [main] TRACE - Resolving type for handle stcellrefe4e0type
10:40:18.312 [main] TRACE - Resolving type for handle ctrsta472type
10:40:18.322 [main] TRACE - Resolving type for handle stcelltypebf95type
10:40:18.587 [main] DEBUG - Save core properties part
10:40:18.587 [main] DEBUG - Save content types part
10:40:18.770 [main] DEBUG - Save package relationships
10:40:18.770 [main] DEBUG - Save part 'docProps/core.xml'
10:40:18.796 [main] DEBUG - Save part 'xl/sharedStrings.xml'
10:40:18.796 [main] DEBUG - Save part 'xl/styles.xml'
10:40:18.814 [main] DEBUG - Save part 'xl/workbook.xml'
10:40:18.816 [main] DEBUG - Save part 'xl/worksheets/sheet1.xml'
13:20:46.066 [main] INFO  - Goto crm URL 
13:20:52.648 [main] TRACE - Loading type system org.apache.poi.schemas.ooxml.system.ooxml
13:20:52.650 [main] TRACE - Loading type system org.apache.xmlbeans.metadata.system.sXMLCONFIG
13:20:52.650 [main] TRACE - Loading type system org.apache.xmlbeans.metadata.system.sXMLLANG
13:20:52.650 [main] TRACE - Loading type system org.apache.xmlbeans.metadata.system.sXMLSCHEMA
13:20:52.650 [main] TRACE - Loading type system org.apache.xmlbeans.metadata.system.sXMLTOOLS
13:20:52.650 [main] TRACE - Reading unresolved handles for type system org.apache.xmlbeans.metadata.system.sXMLTOOLS
13:20:52.681 [main] TRACE - Finished loading type system org.apache.xmlbeans.metadata.system.sXMLTOOLS
13:20:52.681 [main] TRACE - Reading unresolved handles for type system org.apache.xmlbeans.metadata.system.sXMLSCHEMA
13:20:52.698 [main] TRACE - Finished loading type system org.apache.xmlbeans.metadata.system.sXMLSCHEMA
13:20:52.698 [main] TRACE - Reading unresolved handles for type system org.apache.xmlbeans.metadata.system.sXMLLANG
13:20:52.698 [main] TRACE - Finished loading type system org.apache.xmlbeans.metadata.system.sXMLLANG
13:20:52.698 [main] TRACE - Reading unresolved handles for type system org.apache.xmlbeans.metadata.system.sXMLCONFIG
13:20:52.698 [main] TRACE - Finished loading type system org.apache.xmlbeans.metadata.system.sXMLCONFIG
13:20:52.698 [main] TRACE - Reading unresolved handles for type system org.apache.poi.schemas.ooxml.system.ooxml
13:20:52.781 [main] TRACE - Finished loading type system org.apache.poi.schemas.ooxml.system.ooxml
13:20:52.781 [main] TRACE - Resolving type for handle ctworkbook83c3type
